Starting a Gradle Daemon, 4 busy and 1 incompatible and 7 stopped Daemons could not be reused, use --status for details
Checking the license for package Android SDK Build-Tools 34 in D:\cmdline-tools\licenses
License for package Android SDK Build-Tools 34 accepted.
Preparing "Install Android SDK Build-Tools 34 v.34.0.0".
Warning: Package "Android SDK Build-Tools 34" (build-tools;34.0.0) should be installed in 
"D:\cmdline-tools\build-tools\34.0.0" but 
it already exists.
Installing in "D:\cmdline-tools\build-tools\34.0.0-16" instead.
"Install Android SDK Build-Tools 34 v.34.0.0" ready.
Installing Android SDK Build-Tools 34 in D:\cmdline-tools\build-tools\34.0.0-16
"Install Android SDK Build-Tools 34 v.34.0.0" complete.
"Install Android SDK Build-Tools 34 v.34.0.0" finished.
Checking the license for package Android SDK Platform 34 in D:\cmdline-tools\licenses
License for package Android SDK Platform 34 accepted.
Preparing "Install Android SDK Platform 34 (revision 3)".
"Install Android SDK Platform 34 (revision 3)" ready.
Installing Android SDK Platform 34 in D:\cmdline-tools\platforms\android-34
"Install Android SDK Platform 34 (revision 3)" complete.
"Install Android SDK Platform 34 (revision 3)" finished.

FAILURE: Build failed with an exception.

* What went wrong:
Could not determine the dependencies of task ':MaxSeries:extractDebugAnnotations'.
> Failed to find target with hash string 'android-34' in: D:\cmdline-tools

* Try:
> Run with --stacktrace option to get the stack trace.
> Run with --info or --debug option to get more log output.
> Run with --scan to get full insights.
> Get more help at https://help.gradle.org.

BUILD FAILED in 7m 8s
