#
# There is insufficient memory for the Java Runtime Environment to continue.
# Native memory allocation (malloc) failed to allocate 65552 bytes for Chunk::new
# Possible reasons:
#   The system is out of physical RAM or swap space
#   The process is running with CompressedOops enabled, and the Java Heap may be blocking the growth of the native heap
# Possible solutions:
#   Reduce memory load on the system
#   Increase physical memory or swap space
#   Check if swap backing store is full
#   Decrease Java heap size (-Xmx/-Xms)
#   Decrease number of Java threads
#   Decrease Java thread stack sizes (-Xss)
#   Set larger code cache with -XX:ReservedCodeCacheSize=
#   JVM is running with Unscaled Compressed Oops mode in which the Java heap is
#     placed in the first 4GB address space. The Java Heap base address is the
#     maximum limit for the native heap growth. Please use -XX:HeapBaseMinAddress
#     to set the Java Heap base and to place the Java Heap above 4GB virtual address.
# This output file may be truncated or incomplete.
#
#  Out of Memory Error (arena.cpp:166), pid=13100, tid=14840
#
# JRE version: Java(TM) SE Runtime Environment (21.0+35) (build 21+35-LTS-2513)
# Java VM: Java HotSpot(TM) 64-Bit Server VM (21+35-LTS-2513, mixed mode, sharing, tiered, compressed oops, compressed class ptrs, g1 gc, windows-amd64)
# No core dump will be written. Minidumps are not enabled by default on client versions of Windows
#

---------------  S U M M A R Y ------------

Command Line: --add-opens=java.base/java.lang=ALL-UNNAMED --add-opens=java.base/java.lang.invoke=ALL-UNNAMED --add-opens=java.base/java.util=ALL-UNNAMED --add-opens=java.prefs/java.util.prefs=ALL-UNNAMED --add-exports=jdk.compiler/com.sun.tools.javac.api=ALL-UNNAMED --add-exports=jdk.compiler/com.sun.tools.javac.util=ALL-UNNAMED --add-opens=java.base/java.util=ALL-UNNAMED --add-opens=java.prefs/java.util.prefs=ALL-UNNAMED --add-opens=java.base/java.nio.charset=ALL-UNNAMED --add-opens=java.base/java.net=ALL-UNNAMED --add-opens=java.base/java.util.concurrent.atomic=ALL-UNNAMED --add-opens=java.xml/javax.xml.namespace=ALL-UNNAMED -Xmx2048m -Dfile.encoding=UTF-8 -Duser.country=BR -Duser.language=pt -Duser.variant -javaagent:C:\Users\KYTHOURS\.gradle\wrapper\dists\gradle-8.12-bin\cetblhg4pflnnks72fxwobvgv\gradle-8.12\lib\agents\gradle-instrumentation-agent-8.12.jar org.gradle.launcher.daemon.bootstrap.GradleDaemon 8.12

Host: AMD Athlon 3000G with Radeon Vega Graphics     , 4 cores, 5G,  Windows 11 , 64 bit Build 22621 (10.0.22621.3958)
Time: Sun Jan 11 21:29:59 2026 Hora oficial do Brasil elapsed time: 50.917942 seconds (0d 0h 0m 50s)

---------------  T H R E A D  ---------------

Current thread (0x00000277769b7ad0):  JavaThread "C2 CompilerThread0" daemon [_thread_in_native, id=14840, stack(0x000000e9a0000000,0x000000e9a0100000) (1024K)]


Current CompileTask:
C2:  50918 16796 %     4       com.android.tools.r8.ir.regalloc.b::c @ 2415 (4461 bytes)

Stack: [0x000000e9a0000000,0x000000e9a0100000]
Native frames: (J=compiled Java code, j=interpreted, Vv=VM code, C=native code)
V  [jvm.dll+0x6c8d39]
V  [jvm.dll+0x854091]
V  [jvm.dll+0x85630e]
V  [jvm.dll+0x8569e3]
V  [jvm.dll+0x2809a6]
V  [jvm.dll+0xc3e6d]
V  [jvm.dll+0xc4383]
V  [jvm.dll+0xd153d]
V  [jvm.dll+0x5e424f]
V  [jvm.dll+0x5e2d3d]
V  [jvm.dll+0x5e23e0]
V  [jvm.dll+0x5e23a6]
V  [jvm.dll+0x5e23a6]
V  [jvm.dll+0x5e23f4]
V  [jvm.dll+0x5e23f4]
V  [jvm.dll+0x5e23a6]
V  [jvm.dll+0x5e23f4]
V  [jvm.dll+0x5e23f4]
V  [jvm.dll+0x5e23f4]
V  [jvm.dll+0x5e23f4]
V  [jvm.dll+0x5e23f4]
V  [jvm.dll+0x5e23f4]
V  [jvm.dll+0x5e23f4]
V  [jvm.dll+0x5e23f4]
V  [jvm.dll+0x5e23f4]
V  [jvm.dll+0x5e23f4]
V  [jvm.dll+0x5e23f4]
V  [jvm.dll+0x5e23a6]
V  [jvm.dll+0x5f4575]
V  [jvm.dll+0x25291f]
V  [jvm.dll+0x24b161]
V  [jvm.dll+0x248cd3]
V  [jvm.dll+0x1c9b91]
V  [jvm.dll+0x2583e9]
V  [jvm.dll+0x2569ca]
V  [jvm.dll+0x3eef66]
V  [jvm.dll+0x7fd2c8]
V  [jvm.dll+0x6c748d]
C  [ucrtbase.dll+0x29333]
C  [KERNEL32.DLL+0x1257d]
C  [ntdll.dll+0x5af08]


---------------  P R O C E S S  ---------------

Threads class SMR info:
_java_thread_list=0x000002777ee04fa0, length=66, elements={
0x00000277586c73e0, 0x00000277769aa6f0, 0x00000277769ab510, 0x00000277769aecc0,
0x00000277769b0730, 0x00000277769b61b0, 0x00000277769b6d40, 0x00000277769b7ad0,
0x00000277769c84f0, 0x0000027776976ca0, 0x0000027776cf9380, 0x000002777c49c640,
0x000002777c45f720, 0x000002777c615050, 0x000002777ba84790, 0x000002777c758fe0,
0x000002777c598e50, 0x000002777c8ba590, 0x000002777c8b7e30, 0x000002777c8b7110,
0x000002777c8b77a0, 0x000002777c8b8b50, 0x000002777c8b84c0, 0x000002777c8b91e0,
0x000002777c8b9f00, 0x000002777d56eed0, 0x000002777d56f560, 0x000002777d570280,
0x000002777d570fa0, 0x000002777d571630, 0x0000027741798d40, 0x000002774179bb30,
0x0000027741797990, 0x0000027741798020, 0x000002774179dc00, 0x000002774179ae10,
0x000002774179cee0, 0x0000027741797300, 0x000002774179e290, 0x000002774179d570,
0x000002774179e920, 0x0000027741799a60, 0x000002774179b4a0, 0x00000277420a4550,
0x00000277420a3830, 0x000002774209f000, 0x00000277420a1df0, 0x000002774209d5c0,
0x00000277420a4be0, 0x00000277420a2480, 0x000002774209f690, 0x00000277420a31a0,
0x000002774209e2e0, 0x000002774209e970, 0x00000277420a03b0, 0x000002774209fd20,
0x00000277420a0a40, 0x00000277420a10d0, 0x000002774163e2d0, 0x0000027741639410,
0x0000027748e2da70, 0x000002777ef15a30, 0x000002777ef12c40, 0x000002777ef13960,
0x000002777ef14d10, 0x000002777cf476f0
}

Java Threads: ( => current thread )
  0x00000277586c73e0 JavaThread "main"                              [_thread_blocked, id=11964, stack(0x000000e99f200000,0x000000e99f300000) (1024K)]
  0x00000277769aa6f0 JavaThread "Reference Handler"          daemon [_thread_blocked, id=4968, stack(0x000000e99fa00000,0x000000e99fb00000) (1024K)]
  0x00000277769ab510 JavaThread "Finalizer"                  daemon [_thread_blocked, id=3448, stack(0x000000e99fb00000,0x000000e99fc00000) (1024K)]
  0x00000277769aecc0 JavaThread "Signal Dispatcher"          daemon [_thread_blocked, id=4564, stack(0x000000e99fc00000,0x000000e99fd00000) (1024K)]
  0x00000277769b0730 JavaThread "Attach Listener"            daemon [_thread_blocked, id=12616, stack(0x000000e99fd00000,0x000000e99fe00000) (1024K)]
  0x00000277769b61b0 JavaThread "Service Thread"             daemon [_thread_blocked, id=16356, stack(0x000000e99fe00000,0x000000e99ff00000) (1024K)]
  0x00000277769b6d40 JavaThread "Monitor Deflation Thread"   daemon [_thread_blocked, id=11860, stack(0x000000e99ff00000,0x000000e9a0000000) (1024K)]
=>0x00000277769b7ad0 JavaThread "C2 CompilerThread0"         daemon [_thread_in_native, id=14840, stack(0x000000e9a0000000,0x000000e9a0100000) (1024K)]
  0x00000277769c84f0 JavaThread "C1 CompilerThread0"         daemon [_thread_blocked, id=16044, stack(0x000000e9a0100000,0x000000e9a0200000) (1024K)]
  0x0000027776976ca0 JavaThread "Common-Cleaner"             daemon [_thread_blocked, id=2284, stack(0x000000e9a0200000,0x000000e9a0300000) (1024K)]
  0x0000027776cf9380 JavaThread "Notification Thread"        daemon [_thread_blocked, id=12916, stack(0x000000e9a0300000,0x000000e9a0400000) (1024K)]
  0x000002777c49c640 JavaThread "Daemon health stats"               [_thread_blocked, id=10760, stack(0x000000e9a0700000,0x000000e9a0800000) (1024K)]
  0x000002777c45f720 JavaThread "Incoming local TCP Connector on port 49973"        [_thread_in_native, id=13852, stack(0x000000e9a0800000,0x000000e9a0900000) (1024K)]
  0x000002777c615050 JavaThread "Daemon periodic checks"            [_thread_blocked, id=6704, stack(0x000000e9a0900000,0x000000e9a0a00000) (1024K)]
  0x000002777ba84790 JavaThread "Daemon"                            [_thread_blocked, id=14168, stack(0x000000e9a0a00000,0x000000e9a0b00000) (1024K)]
  0x000002777c758fe0 JavaThread "Handler for socket connection from /127.0.0.1:49973 to /127.0.0.1:49974"        [_thread_in_native, id=9968, stack(0x000000e9a0b00000,0x000000e9a0c00000) (1024K)]
  0x000002777c598e50 JavaThread "Cancel handler"                    [_thread_blocked, id=4244, stack(0x000000e9a0c00000,0x000000e9a0d00000) (1024K)]
  0x000002777c8ba590 JavaThread "Daemon worker"                     [_thread_blocked, id=15328, stack(0x000000e9a0d00000,0x000000e9a0e00000) (1024K)]
  0x000002777c8b7e30 JavaThread "Asynchronous log dispatcher for DefaultDaemonConnection: socket connection from /127.0.0.1:49973 to /127.0.0.1:49974"        [_thread_blocked, id=13320, stack(0x000000e9a0e00000,0x000000e9a0f00000) (1024K)]
  0x000002777c8b7110 JavaThread "Stdin handler"                     [_thread_blocked, id=1872, stack(0x000000e9a0f00000,0x000000e9a1000000) (1024K)]
  0x000002777c8b77a0 JavaThread "Daemon client event forwarder"        [_thread_blocked, id=5336, stack(0x000000e9a1000000,0x000000e9a1100000) (1024K)]
  0x000002777c8b8b50 JavaThread "Cache worker for journal cache (C:\Users\KYTHOURS\.gradle\caches\journal-1)"        [_thread_blocked, id=5648, stack(0x000000e9a1100000,0x000000e9a1200000) (1024K)]
  0x000002777c8b84c0 JavaThread "File lock request listener"        [_thread_in_native, id=6180, stack(0x000000e9a1200000,0x000000e9a1300000) (1024K)]
  0x000002777c8b91e0 JavaThread "Cache worker for file hash cache (C:\Users\KYTHOURS\.gradle\caches\8.12\fileHashes)"        [_thread_blocked, id=3284, stack(0x000000e9a1300000,0x000000e9a1400000) (1024K)]
  0x000002777c8b9f00 JavaThread "Cache worker for file hash cache (D:\TestPlugins-master\.gradle\8.12\fileHashes)"        [_thread_blocked, id=1020, stack(0x000000e9a1500000,0x000000e9a1600000) (1024K)]
  0x000002777d56eed0 JavaThread "Cache worker for Build Output Cleanup Cache (D:\TestPlugins-master\.gradle\buildOutputCleanup)"        [_thread_blocked, id=5916, stack(0x000000e9a1600000,0x000000e9a1700000) (1024K)]
  0x000002777d56f560 JavaThread "File watcher server"        daemon [_thread_in_native, id=9148, stack(0x000000e9a1700000,0x000000e9a1800000) (1024K)]
  0x000002777d570280 JavaThread "File watcher consumer"      daemon [_thread_blocked, id=10104, stack(0x000000e9a1800000,0x000000e9a1900000) (1024K)]
  0x000002777d570fa0 JavaThread "Cache worker for checksums cache (D:\TestPlugins-master\.gradle\8.12\checksums)"        [_thread_blocked, id=13588, stack(0x000000e9a1900000,0x000000e9a1a00000) (1024K)]
  0x000002777d571630 JavaThread "Cache worker for file content cache (C:\Users\KYTHOURS\.gradle\caches\8.12\fileContent)"        [_thread_blocked, id=4216, stack(0x000000e9a1a00000,0x000000e9a1b00000) (1024K)]
  0x0000027741798d40 JavaThread "Cache worker for cache directory md-rule (C:\Users\KYTHOURS\.gradle\caches\8.12\md-rule)"        [_thread_blocked, id=14712, stack(0x000000e9a1b00000,0x000000e9a1c00000) (1024K)]
  0x000002774179bb30 JavaThread "Cache worker for cache directory md-supplier (C:\Users\KYTHOURS\.gradle\caches\8.12\md-supplier)"        [_thread_blocked, id=13988, stack(0x000000e9a1c00000,0x000000e9a1d00000) (1024K)]
  0x0000027741797990 JavaThread "Unconstrained build operations"        [_thread_blocked, id=3040, stack(0x000000e9a1d00000,0x000000e9a1e00000) (1024K)]
  0x0000027741798020 JavaThread "Unconstrained build operations Thread 2"        [_thread_blocked, id=6392, stack(0x000000e9a1e00000,0x000000e9a1f00000) (1024K)]
  0x000002774179dc00 JavaThread "Unconstrained build operations Thread 3"        [_thread_blocked, id=8648, stack(0x000000e9a1f00000,0x000000e9a2000000) (1024K)]
  0x000002774179ae10 JavaThread "Unconstrained build operations Thread 4"        [_thread_blocked, id=4388, stack(0x000000e9a2000000,0x000000e9a2100000) (1024K)]
  0x000002774179cee0 JavaThread "Unconstrained build operations Thread 5"        [_thread_blocked, id=6692, stack(0x000000e9a2100000,0x000000e9a2200000) (1024K)]
  0x0000027741797300 JavaThread "Unconstrained build operations Thread 6"        [_thread_blocked, id=14272, stack(0x000000e9a2200000,0x000000e9a2300000) (1024K)]
  0x000002774179e290 JavaThread "Unconstrained build operations Thread 7"        [_thread_blocked, id=3324, stack(0x000000e9a2300000,0x000000e9a2400000) (1024K)]
  0x000002774179d570 JavaThread "Unconstrained build operations Thread 8"        [_thread_blocked, id=11980, stack(0x000000e9a2400000,0x000000e9a2500000) (1024K)]
  0x000002774179e920 JavaThread "Unconstrained build operations Thread 9"        [_thread_blocked, id=8688, stack(0x000000e9a2500000,0x000000e9a2600000) (1024K)]
  0x0000027741799a60 JavaThread "Memory manager"                    [_thread_blocked, id=10976, stack(0x000000e9a2600000,0x000000e9a2700000) (1024K)]
  0x000002774179b4a0 JavaThread "build event listener"              [_thread_blocked, id=2220, stack(0x000000e9a2700000,0x000000e9a2800000) (1024K)]
  0x00000277420a4550 JavaThread "included builds"                   [_thread_blocked, id=16180, stack(0x000000e9a2800000,0x000000e9a2900000) (1024K)]
  0x00000277420a3830 JavaThread "Execution worker"                  [_thread_blocked, id=16036, stack(0x000000e9a2900000,0x000000e9a2a00000) (1024K)]
  0x000002774209f000 JavaThread "Execution worker Thread 2"         [_thread_blocked, id=12780, stack(0x000000e9a2a00000,0x000000e9a2b00000) (1024K)]
  0x00000277420a1df0 JavaThread "Execution worker Thread 3"         [_thread_blocked, id=524, stack(0x000000e9a2b00000,0x000000e9a2c00000) (1024K)]
  0x000002774209d5c0 JavaThread "Cache worker for execution history cache (D:\TestPlugins-master\.gradle\8.12\executionHistory)"        [_thread_blocked, id=4252, stack(0x000000e9a2c00000,0x000000e9a2d00000) (1024K)]
  0x00000277420a4be0 JavaThread "Unconstrained build operations Thread 10"        [_thread_blocked, id=4944, stack(0x000000e9a2d00000,0x000000e9a2e00000) (1024K)]
  0x00000277420a2480 JavaThread "Problems report writer"            [_thread_blocked, id=15464, stack(0x000000e9a2e00000,0x000000e9a2f00000) (1024K)]
  0x000002774209f690 JavaThread "Unconstrained build operations Thread 11"        [_thread_blocked, id=13076, stack(0x000000e9a2f00000,0x000000e9a3000000) (1024K)]
  0x00000277420a31a0 JavaThread "Unconstrained build operations Thread 12"        [_thread_blocked, id=6484, stack(0x000000e9a3000000,0x000000e9a3100000) (1024K)]
  0x000002774209e2e0 JavaThread "Unconstrained build operations Thread 13"        [_thread_blocked, id=13260, stack(0x000000e9a3100000,0x000000e9a3200000) (1024K)]
  0x000002774209e970 JavaThread "Unconstrained build operations Thread 14"        [_thread_blocked, id=4368, stack(0x000000e9a3200000,0x000000e9a3300000) (1024K)]
  0x00000277420a03b0 JavaThread "Unconstrained build operations Thread 15"        [_thread_blocked, id=3184, stack(0x000000e9a3300000,0x000000e9a3400000) (1024K)]
  0x000002774209fd20 JavaThread "Unconstrained build operations Thread 16"        [_thread_blocked, id=5016, stack(0x000000e9a3400000,0x000000e9a3500000) (1024K)]
  0x00000277420a0a40 JavaThread "Unconstrained build operations Thread 17"        [_thread_blocked, id=14352, stack(0x000000e9a3500000,0x000000e9a3600000) (1024K)]
  0x00000277420a10d0 JavaThread "Unconstrained build operations Thread 18"        [_thread_blocked, id=10376, stack(0x000000e9a3600000,0x000000e9a3700000) (1024K)]
  0x000002774163e2d0 JavaThread "Unconstrained build operations Thread 19"        [_thread_blocked, id=2852, stack(0x000000e9a3700000,0x000000e9a3800000) (1024K)]
  0x0000027741639410 JavaThread "WorkerExecutor Queue"              [_thread_blocked, id=2912, stack(0x000000e9a1400000,0x000000e9a1500000) (1024K)]
  0x0000027748e2da70 JavaThread "RMI Scheduler(0)"           daemon [_thread_blocked, id=10912, stack(0x000000e9a3800000,0x000000e9a3900000) (1024K)]
  0x000002777ef15a30 JavaThread "RMI GC Daemon"              daemon [_thread_blocked, id=14680, stack(0x000000e9a3a00000,0x000000e9a3b00000) (1024K)]
  0x000002777ef12c40 JavaThread "RMI TCP Accept-0"           daemon [_thread_in_native, id=256, stack(0x000000e9a3b00000,0x000000e9a3c00000) (1024K)]
  0x000002777ef13960 JavaThread "RMI Reaper"                        [_thread_blocked, id=9296, stack(0x000000e9a3c00000,0x000000e9a3d00000) (1024K)]
  0x000002777ef14d10 JavaThread "RMI TCP Connection(1)-127.0.0.1" daemon [_thread_in_native, id=1908, stack(0x000000e9a3d00000,0x000000e9a3e00000) (1024K)]
  0x000002777cf476f0 JavaThread "C2 CompilerThread1"         daemon [_thread_in_native, id=11876, stack(0x000000e9a3900000,0x000000e9a3a00000) (1024K)]
Total: 66

Other Threads:
  0x000002777698feb0 VMThread "VM Thread"                           [id=1840, stack(0x000000e99f900000,0x000000e99fa00000) (1024K)]
  0x0000027776975a10 WatcherThread "VM Periodic Task Thread"        [id=8524, stack(0x000000e99f800000,0x000000e99f900000) (1024K)]
  0x000002775878b060 WorkerThread "GC Thread#0"                     [id=7900, stack(0x000000e99f300000,0x000000e99f400000) (1024K)]
  0x0000027776dcf9f0 WorkerThread "GC Thread#1"                     [id=13692, stack(0x000000e9a0400000,0x000000e9a0500000) (1024K)]
  0x0000027776e87370 WorkerThread "GC Thread#2"                     [id=7316, stack(0x000000e9a0500000,0x000000e9a0600000) (1024K)]
  0x000002777ba9b4c0 WorkerThread "GC Thread#3"                     [id=11808, stack(0x000000e9a0600000,0x000000e9a0700000) (1024K)]
  0x000002775a918a50 ConcurrentGCThread "G1 Main Marker"            [id=11824, stack(0x000000e99f400000,0x000000e99f500000) (1024K)]
  0x000002775a919700 WorkerThread "G1 Conc#0"                       [id=11776, stack(0x000000e99f500000,0x000000e99f600000) (1024K)]
  0x00000277768520b0 ConcurrentGCThread "G1 Refine#0"               [id=11936, stack(0x000000e99f600000,0x000000e99f700000) (1024K)]
  0x000002775a965320 ConcurrentGCThread "G1 Service"                [id=15148, stack(0x000000e99f700000,0x000000e99f800000) (1024K)]
Total: 10

Threads with active compile tasks:
C2 CompilerThread0    50968 16796 %     4       com.android.tools.r8.ir.regalloc.b::c @ 2415 (4461 bytes)
C2 CompilerThread1    50968 16891       4       com.android.tools.r8.internal.Kl::a (595 bytes)
Total: 2

VM state: at safepoint (normal execution)

VM Mutex/Monitor currently owned by a thread:  ([mutex/lock_event])
[0x00007ff95d0e8548] Threads_lock - owner thread: 0x000002777698feb0
[0x00007ff95d0e8648] Heap_lock - owner thread: 0x00000277420a4550

Heap address: 0x0000000080000000, size: 2048 MB, Compressed Oops mode: 32-bit

CDS archive(s) mapped at: [0x0000027700000000-0x0000027700c90000-0x0000027700c90000), size 13172736, SharedBaseAddress: 0x0000027700000000, ArchiveRelocationMode: 1.
Compressed class space mapped at: 0x0000027701000000-0x0000027741000000, reserved size: 1073741824
Narrow klass base: 0x0000027700000000, Narrow klass shift: 0, Narrow klass range: 0x100000000

GC Precious Log:
 CardTable entry size: 512
 Card Set container configuration: InlinePtr #cards 5 size 8 Array Of Cards #cards 12 size 40 Howl #buckets 4 coarsen threshold 1843 Howl Bitmap #cards 512 size 80 coarsen threshold 460 Card regions per heap region 1 cards per card region 2048
 CPUs: 4 total, 4 available
 Memory: 6095M
 Large Page Support: Disabled
 NUMA Support: Disabled
 Compressed Oops: Enabled (32-bit)
 Heap Region Size: 1M
 Heap Min Capacity: 8M
 Heap Initial Capacity: 96M
 Heap Max Capacity: 2G
 Pre-touch: Disabled
 Parallel Workers: 4
 Concurrent Workers: 1
 Concurrent Refinement Workers: 4
 Periodic GC: Disabled

Heap:
 garbage-first heap   total 242688K, used 211267K [0x0000000080000000, 0x0000000100000000)
  region size 1024K, 91 young (93184K), 2 survivors (2048K)
 Metaspace       used 114694K, committed 116992K, reserved 1179648K
  class space    used 16042K, committed 17152K, reserved 1048576K

Heap Regions: E=young(eden), S=young(survivor), O=old, HS=humongous(starts), HC=humongous(continues), CS=collection set, F=free, TAMS=top-at-mark-start, PB=parsable bottom
|   0|0x0000000080000000, 0x0000000080100000, 0x0000000080100000|100%|HS|  |TAMS 0x0000000080000000| PB 0x0000000080000000| Complete 
|   1|0x0000000080100000, 0x0000000080200000, 0x0000000080200000|100%|HC|  |TAMS 0x0000000080100000| PB 0x0000000080100000| Complete 
|   2|0x0000000080200000, 0x0000000080300000, 0x0000000080300000|100%|HC|  |TAMS 0x0000000080200000| PB 0x0000000080200000| Complete 
|   3|0x0000000080300000, 0x0000000080400000, 0x0000000080400000|100%| O|  |TAMS 0x0000000080300000| PB 0x0000000080300000| Untracked 
|   4|0x0000000080400000, 0x0000000080500000, 0x0000000080500000|100%| O|  |TAMS 0x0000000080400000| PB 0x0000000080400000| Untracked 
|   5|0x0000000080500000, 0x0000000080600000, 0x0000000080600000|100%| O|  |TAMS 0x0000000080500000| PB 0x0000000080500000| Untracked 
|   6|0x0000000080600000, 0x0000000080700000, 0x0000000080700000|100%|HS|  |TAMS 0x0000000080600000| PB 0x0000000080600000| Complete 
|   7|0x0000000080700000, 0x0000000080800000, 0x0000000080800000|100%| O|  |TAMS 0x0000000080700000| PB 0x0000000080700000| Untracked 
|   8|0x0000000080800000, 0x0000000080900000, 0x0000000080900000|100%| O|  |TAMS 0x0000000080800000| PB 0x0000000080800000| Untracked 
|   9|0x0000000080900000, 0x0000000080a00000, 0x0000000080a00000|100%| O|  |TAMS 0x0000000080900000| PB 0x0000000080900000| Untracked 
|  10|0x0000000080a00000, 0x0000000080b00000, 0x0000000080b00000|100%| O|  |TAMS 0x0000000080a00000| PB 0x0000000080a00000| Untracked 
|  11|0x0000000080b00000, 0x0000000080c00000, 0x0000000080c00000|100%| O|  |TAMS 0x0000000080b00000| PB 0x0000000080b00000| Untracked 
|  12|0x0000000080c00000, 0x0000000080d00000, 0x0000000080d00000|100%| O|  |TAMS 0x0000000080c00000| PB 0x0000000080c00000| Untracked 
|  13|0x0000000080d00000, 0x0000000080e00000, 0x0000000080e00000|100%| O|  |TAMS 0x0000000080d00000| PB 0x0000000080d00000| Untracked 
|  14|0x0000000080e00000, 0x0000000080f00000, 0x0000000080f00000|100%| O|  |TAMS 0x0000000080e00000| PB 0x0000000080e00000| Untracked 
|  15|0x0000000080f00000, 0x0000000081000000, 0x0000000081000000|100%| O|  |TAMS 0x0000000080f00000| PB 0x0000000080f00000| Untracked 
|  16|0x0000000081000000, 0x0000000081100000, 0x0000000081100000|100%| O|  |TAMS 0x0000000081000000| PB 0x0000000081000000| Untracked 
|  17|0x0000000081100000, 0x0000000081200000, 0x0000000081200000|100%| O|  |TAMS 0x0000000081100000| PB 0x0000000081100000| Untracked 
|  18|0x0000000081200000, 0x0000000081300000, 0x0000000081300000|100%| O|  |TAMS 0x0000000081200000| PB 0x0000000081200000| Untracked 
|  19|0x0000000081300000, 0x0000000081400000, 0x0000000081400000|100%| O|  |TAMS 0x0000000081300000| PB 0x0000000081300000| Untracked 
|  20|0x0000000081400000, 0x0000000081500000, 0x0000000081500000|100%| O|  |TAMS 0x0000000081400000| PB 0x0000000081400000| Untracked 
|  21|0x0000000081500000, 0x0000000081600000, 0x0000000081600000|100%| O|  |TAMS 0x0000000081500000| PB 0x0000000081500000| Untracked 
|  22|0x0000000081600000, 0x0000000081700000, 0x0000000081700000|100%| O|  |TAMS 0x0000000081600000| PB 0x0000000081600000| Untracked 
|  23|0x0000000081700000, 0x0000000081800000, 0x0000000081800000|100%| O|  |TAMS 0x0000000081700000| PB 0x0000000081700000| Untracked 
|  24|0x0000000081800000, 0x0000000081900000, 0x0000000081900000|100%| O|  |TAMS 0x0000000081800000| PB 0x0000000081800000| Untracked 
|  25|0x0000000081900000, 0x0000000081a00000, 0x0000000081a00000|100%| O|  |TAMS 0x0000000081900000| PB 0x0000000081900000| Untracked 
|  26|0x0000000081a00000, 0x0000000081b00000, 0x0000000081b00000|100%| O|  |TAMS 0x0000000081a00000| PB 0x0000000081a00000| Untracked 
|  27|0x0000000081b00000, 0x0000000081c00000, 0x0000000081c00000|100%| O|  |TAMS 0x0000000081b00000| PB 0x0000000081b00000| Untracked 
|  28|0x0000000081c00000, 0x0000000081d00000, 0x0000000081d00000|100%| O|  |TAMS 0x0000000081c00000| PB 0x0000000081c00000| Untracked 
|  29|0x0000000081d00000, 0x0000000081e00000, 0x0000000081e00000|100%| O|  |TAMS 0x0000000081d00000| PB 0x0000000081d00000| Untracked 
|  30|0x0000000081e00000, 0x0000000081f00000, 0x0000000081f00000|100%| O|  |TAMS 0x0000000081e00000| PB 0x0000000081e00000| Untracked 
|  31|0x0000000081f00000, 0x0000000082000000, 0x0000000082000000|100%| O|  |TAMS 0x0000000081f00000| PB 0x0000000081f00000| Untracked 
|  32|0x0000000082000000, 0x0000000082100000, 0x0000000082100000|100%| O|Cm|TAMS 0x0000000082000000| PB 0x0000000082000000| Complete 
|  33|0x0000000082100000, 0x0000000082200000, 0x0000000082200000|100%| O|  |TAMS 0x0000000082100000| PB 0x0000000082100000| Untracked 
|  34|0x0000000082200000, 0x0000000082300000, 0x0000000082300000|100%| O|  |TAMS 0x0000000082200000| PB 0x0000000082200000| Untracked 
|  35|0x0000000082300000, 0x0000000082400000, 0x0000000082400000|100%| O|  |TAMS 0x0000000082300000| PB 0x0000000082300000| Untracked 
|  36|0x0000000082400000, 0x0000000082500000, 0x0000000082500000|100%| O|  |TAMS 0x0000000082400000| PB 0x0000000082400000| Untracked 
|  37|0x0000000082500000, 0x0000000082600000, 0x0000000082600000|100%| O|  |TAMS 0x0000000082500000| PB 0x0000000082500000| Untracked 
|  38|0x0000000082600000, 0x0000000082700000, 0x0000000082700000|100%| O|  |TAMS 0x0000000082600000| PB 0x0000000082600000| Untracked 
|  39|0x0000000082700000, 0x0000000082800000, 0x0000000082800000|100%| O|  |TAMS 0x0000000082700000| PB 0x0000000082700000| Untracked 
|  40|0x0000000082800000, 0x0000000082800000, 0x0000000082900000|  0%| F|  |TAMS 0x0000000082800000| PB 0x0000000082800000| Untracked 
|  41|0x0000000082900000, 0x0000000082a00000, 0x0000000082a00000|100%| O|  |TAMS 0x0000000082900000| PB 0x0000000082900000| Untracked 
|  42|0x0000000082a00000, 0x0000000082b00000, 0x0000000082b00000|100%| O|  |TAMS 0x0000000082a00000| PB 0x0000000082a00000| Untracked 
|  43|0x0000000082b00000, 0x0000000082c00000, 0x0000000082c00000|100%| O|  |TAMS 0x0000000082b00000| PB 0x0000000082b00000| Untracked 
|  44|0x0000000082c00000, 0x0000000082d00000, 0x0000000082d00000|100%|HS|  |TAMS 0x0000000082c00000| PB 0x0000000082c00000| Complete 
|  45|0x0000000082d00000, 0x0000000082e00000, 0x0000000082e00000|100%|HS|  |TAMS 0x0000000082d00000| PB 0x0000000082d00000| Complete 
|  46|0x0000000082e00000, 0x0000000082f00000, 0x0000000082f00000|100%|HC|  |TAMS 0x0000000082e00000| PB 0x0000000082e00000| Complete 
|  47|0x0000000082f00000, 0x0000000083000000, 0x0000000083000000|100%|HS|  |TAMS 0x0000000082f00000| PB 0x0000000082f00000| Complete 
|  48|0x0000000083000000, 0x0000000083100000, 0x0000000083100000|100%|HS|  |TAMS 0x0000000083000000| PB 0x0000000083000000| Complete 
|  49|0x0000000083100000, 0x0000000083200000, 0x0000000083200000|100%|HS|  |TAMS 0x0000000083100000| PB 0x0000000083100000| Complete 
|  50|0x0000000083200000, 0x0000000083300000, 0x0000000083300000|100%| O|  |TAMS 0x0000000083200000| PB 0x0000000083200000| Untracked 
|  51|0x0000000083300000, 0x0000000083400000, 0x0000000083400000|100%| O|  |TAMS 0x0000000083300000| PB 0x0000000083300000| Untracked 
|  52|0x0000000083400000, 0x0000000083500000, 0x0000000083500000|100%|HS|  |TAMS 0x0000000083400000| PB 0x0000000083400000| Complete 
|  53|0x0000000083500000, 0x0000000083600000, 0x0000000083600000|100%| O|  |TAMS 0x0000000083500000| PB 0x0000000083500000| Untracked 
|  54|0x0000000083600000, 0x0000000083700000, 0x0000000083700000|100%| O|  |TAMS 0x0000000083600000| PB 0x0000000083600000| Untracked 
|  55|0x0000000083700000, 0x0000000083800000, 0x0000000083800000|100%| O|  |TAMS 0x0000000083700000| PB 0x0000000083700000| Untracked 
|  56|0x0000000083800000, 0x0000000083900000, 0x0000000083900000|100%| O|  |TAMS 0x0000000083800000| PB 0x0000000083800000| Untracked 
|  57|0x0000000083900000, 0x0000000083a00000, 0x0000000083a00000|100%|HS|  |TAMS 0x0000000083900000| PB 0x0000000083900000| Complete 
|  58|0x0000000083a00000, 0x0000000083b00000, 0x0000000083b00000|100%|HC|  |TAMS 0x0000000083a00000| PB 0x0000000083a00000| Complete 
|  59|0x0000000083b00000, 0x0000000083c00000, 0x0000000083c00000|100%| O|  |TAMS 0x0000000083b00000| PB 0x0000000083b00000| Untracked 
|  60|0x0000000083c00000, 0x0000000083d00000, 0x0000000083d00000|100%| O|  |TAMS 0x0000000083c00000| PB 0x0000000083c00000| Untracked 
|  61|0x0000000083d00000, 0x0000000083e00000, 0x0000000083e00000|100%| O|  |TAMS 0x0000000083d00000| PB 0x0000000083d00000| Untracked 
|  62|0x0000000083e00000, 0x0000000083f00000, 0x0000000083f00000|100%| O|  |TAMS 0x0000000083e00000| PB 0x0000000083e00000| Untracked 
|  63|0x0000000083f00000, 0x0000000084000000, 0x0000000084000000|100%| O|  |TAMS 0x0000000083f00000| PB 0x0000000083f00000| Untracked 
|  64|0x0000000084000000, 0x0000000084000000, 0x0000000084100000|  0%| F|  |TAMS 0x0000000084000000| PB 0x0000000084000000| Untracked 
|  65|0x0000000084100000, 0x0000000084200000, 0x0000000084200000|100%| O|  |TAMS 0x0000000084100000| PB 0x0000000084100000| Untracked 
|  66|0x0000000084200000, 0x0000000084300000, 0x0000000084300000|100%| O|  |TAMS 0x0000000084200000| PB 0x0000000084200000| Untracked 
|  67|0x0000000084300000, 0x0000000084400000, 0x0000000084400000|100%| O|  |TAMS 0x0000000084300000| PB 0x0000000084300000| Untracked 
|  68|0x0000000084400000, 0x0000000084500000, 0x0000000084500000|100%| O|  |TAMS 0x0000000084400000| PB 0x0000000084400000| Untracked 
|  69|0x0000000084500000, 0x0000000084600000, 0x0000000084600000|100%| O|  |TAMS 0x0000000084500000| PB 0x0000000084500000| Untracked 
|  70|0x0000000084600000, 0x0000000084700000, 0x0000000084700000|100%| O|  |TAMS 0x0000000084600000| PB 0x0000000084600000| Untracked 
|  71|0x0000000084700000, 0x0000000084800000, 0x0000000084800000|100%| O|  |TAMS 0x0000000084700000| PB 0x0000000084700000| Untracked 
|  72|0x0000000084800000, 0x0000000084900000, 0x0000000084900000|100%| O|  |TAMS 0x0000000084800000| PB 0x0000000084800000| Untracked 
|  73|0x0000000084900000, 0x0000000084a00000, 0x0000000084a00000|100%| O|  |TAMS 0x0000000084900000| PB 0x0000000084900000| Untracked 
|  74|0x0000000084a00000, 0x0000000084b00000, 0x0000000084b00000|100%| O|  |TAMS 0x0000000084a00000| PB 0x0000000084a00000| Untracked 
|  75|0x0000000084b00000, 0x0000000084c00000, 0x0000000084c00000|100%| O|  |TAMS 0x0000000084b00000| PB 0x0000000084b00000| Untracked 
|  76|0x0000000084c00000, 0x0000000084d00000, 0x0000000084d00000|100%| O|  |TAMS 0x0000000084c00000| PB 0x0000000084c00000| Untracked 
|  77|0x0000000084d00000, 0x0000000084e00000, 0x0000000084e00000|100%| O|  |TAMS 0x0000000084d00000| PB 0x0000000084d00000| Untracked 
|  78|0x0000000084e00000, 0x0000000084f00000, 0x0000000084f00000|100%| O|  |TAMS 0x0000000084e00000| PB 0x0000000084e00000| Untracked 
|  79|0x0000000084f00000, 0x0000000085000000, 0x0000000085000000|100%| O|Cm|TAMS 0x0000000084f00000| PB 0x0000000084f00000| Complete 
|  80|0x0000000085000000, 0x0000000085100000, 0x0000000085100000|100%| O|  |TAMS 0x0000000085000000| PB 0x0000000085000000| Untracked 
|  81|0x0000000085100000, 0x0000000085200000, 0x0000000085200000|100%| O|  |TAMS 0x0000000085100000| PB 0x0000000085100000| Untracked 
|  82|0x0000000085200000, 0x0000000085300000, 0x0000000085300000|100%| O|  |TAMS 0x0000000085200000| PB 0x0000000085200000| Untracked 
|  83|0x0000000085300000, 0x0000000085400000, 0x0000000085400000|100%| O|  |TAMS 0x0000000085300000| PB 0x0000000085300000| Untracked 
|  84|0x0000000085400000, 0x0000000085500000, 0x0000000085500000|100%| O|  |TAMS 0x0000000085400000| PB 0x0000000085400000| Untracked 
|  85|0x0000000085500000, 0x0000000085600000, 0x0000000085600000|100%| O|  |TAMS 0x0000000085500000| PB 0x0000000085500000| Untracked 
|  86|0x0000000085600000, 0x0000000085700000, 0x0000000085700000|100%| O|  |TAMS 0x0000000085600000| PB 0x0000000085600000| Untracked 
|  87|0x0000000085700000, 0x0000000085800000, 0x0000000085800000|100%| O|  |TAMS 0x0000000085700000| PB 0x0000000085700000| Untracked 
|  88|0x0000000085800000, 0x0000000085900000, 0x0000000085900000|100%| O|  |TAMS 0x0000000085800000| PB 0x0000000085800000| Untracked 
|  89|0x0000000085900000, 0x0000000085a00000, 0x0000000085a00000|100%| O|  |TAMS 0x0000000085900000| PB 0x0000000085900000| Untracked 
|  90|0x0000000085a00000, 0x0000000085b00000, 0x0000000085b00000|100%| O|  |TAMS 0x0000000085a00000| PB 0x0000000085a00000| Untracked 
|  91|0x0000000085b00000, 0x0000000085c00000, 0x0000000085c00000|100%| O|  |TAMS 0x0000000085b00000| PB 0x0000000085b00000| Untracked 
|  92|0x0000000085c00000, 0x0000000085d00000, 0x0000000085d00000|100%| O|  |TAMS 0x0000000085c00000| PB 0x0000000085c00000| Untracked 
|  93|0x0000000085d00000, 0x0000000085e00000, 0x0000000085e00000|100%| O|  |TAMS 0x0000000085d00000| PB 0x0000000085d00000| Untracked 
|  94|0x0000000085e00000, 0x0000000085f00000, 0x0000000085f00000|100%|HS|  |TAMS 0x0000000085e00000| PB 0x0000000085e00000| Complete 
|  95|0x0000000085f00000, 0x0000000086000000, 0x0000000086000000|100%|HC|  |TAMS 0x0000000085f00000| PB 0x0000000085f00000| Complete 
|  96|0x0000000086000000, 0x0000000086100000, 0x0000000086100000|100%| O|  |TAMS 0x0000000086000000| PB 0x0000000086000000| Untracked 
|  97|0x0000000086100000, 0x0000000086200000, 0x0000000086200000|100%| O|  |TAMS 0x0000000086100000| PB 0x0000000086100000| Untracked 
|  98|0x0000000086200000, 0x0000000086300000, 0x0000000086300000|100%| O|  |TAMS 0x0000000086200000| PB 0x0000000086200000| Untracked 
|  99|0x0000000086300000, 0x0000000086400000, 0x0000000086400000|100%| O|  |TAMS 0x0000000086300000| PB 0x0000000086300000| Untracked 
| 100|0x0000000086400000, 0x0000000086400000, 0x0000000086500000|  0%| F|  |TAMS 0x0000000086400000| PB 0x0000000086400000| Untracked 
| 101|0x0000000086500000, 0x0000000086600000, 0x0000000086600000|100%| O|  |TAMS 0x0000000086500000| PB 0x0000000086500000| Untracked 
| 102|0x0000000086600000, 0x0000000086600000, 0x0000000086700000|  0%| F|  |TAMS 0x0000000086600000| PB 0x0000000086600000| Untracked 
| 103|0x0000000086700000, 0x0000000086800000, 0x0000000086800000|100%| O|  |TAMS 0x0000000086700000| PB 0x0000000086700000| Untracked 
| 104|0x0000000086800000, 0x0000000086900000, 0x0000000086900000|100%| O|  |TAMS 0x0000000086800000| PB 0x0000000086800000| Untracked 
| 105|0x0000000086900000, 0x0000000086a00000, 0x0000000086a00000|100%| O|  |TAMS 0x0000000086900000| PB 0x0000000086900000| Untracked 
| 106|0x0000000086a00000, 0x0000000086a56148, 0x0000000086b00000| 33%| O|  |TAMS 0x0000000086a00000| PB 0x0000000086a00000| Untracked 
| 107|0x0000000086b00000, 0x0000000086b00000, 0x0000000086c00000|  0%| F|  |TAMS 0x0000000086b00000| PB 0x0000000086b00000| Untracked 
| 108|0x0000000086c00000, 0x0000000086c00000, 0x0000000086d00000|  0%| F|  |TAMS 0x0000000086c00000| PB 0x0000000086c00000| Untracked 
| 109|0x0000000086d00000, 0x0000000086d00000, 0x0000000086e00000|  0%| F|  |TAMS 0x0000000086d00000| PB 0x0000000086d00000| Untracked 
| 110|0x0000000086e00000, 0x0000000086e00000, 0x0000000086f00000|  0%| F|  |TAMS 0x0000000086e00000| PB 0x0000000086e00000| Untracked 
| 111|0x0000000086f00000, 0x0000000086f00000, 0x0000000087000000|  0%| F|  |TAMS 0x0000000086f00000| PB 0x0000000086f00000| Untracked 
| 112|0x0000000087000000, 0x0000000087000000, 0x0000000087100000|  0%| F|  |TAMS 0x0000000087000000| PB 0x0000000087000000| Untracked 
| 113|0x0000000087100000, 0x0000000087100000, 0x0000000087200000|  0%| F|  |TAMS 0x0000000087100000| PB 0x0000000087100000| Untracked 
| 114|0x0000000087200000, 0x00000000872fab80, 0x0000000087300000| 97%| E|CS|TAMS 0x0000000087200000| PB 0x0000000087200000| Complete 
| 115|0x0000000087300000, 0x0000000087400000, 0x0000000087400000|100%|HS|  |TAMS 0x0000000087300000| PB 0x0000000087300000| Complete 
| 116|0x0000000087400000, 0x0000000087500000, 0x0000000087500000|100%|HC|  |TAMS 0x0000000087400000| PB 0x0000000087400000| Complete 
| 117|0x0000000087500000, 0x0000000087600000, 0x0000000087600000|100%|HC|  |TAMS 0x0000000087500000| PB 0x0000000087500000| Complete 
| 118|0x0000000087600000, 0x0000000087700000, 0x0000000087700000|100%|HC|  |TAMS 0x0000000087600000| PB 0x0000000087600000| Complete 
| 119|0x0000000087700000, 0x0000000087800000, 0x0000000087800000|100%|HC|  |TAMS 0x0000000087700000| PB 0x0000000087700000| Complete 
| 120|0x0000000087800000, 0x0000000087900000, 0x0000000087900000|100%|HC|  |TAMS 0x0000000087800000| PB 0x0000000087800000| Complete 
| 121|0x0000000087900000, 0x0000000087a00000, 0x0000000087a00000|100%|HC|  |TAMS 0x0000000087900000| PB 0x0000000087900000| Complete 
| 122|0x0000000087a00000, 0x0000000087b00000, 0x0000000087b00000|100%| O|  |TAMS 0x0000000087a00000| PB 0x0000000087a00000| Untracked 
| 123|0x0000000087b00000, 0x0000000087c00000, 0x0000000087c00000|100%| O|Cm|TAMS 0x0000000087b00000| PB 0x0000000087b00000| Complete 
| 124|0x0000000087c00000, 0x0000000087d00000, 0x0000000087d00000|100%| O|  |TAMS 0x0000000087c00000| PB 0x0000000087c00000| Untracked 
| 125|0x0000000087d00000, 0x0000000087e00000, 0x0000000087e00000|100%| E|CS|TAMS 0x0000000087d00000| PB 0x0000000087d00000| Complete 
| 126|0x0000000087e00000, 0x0000000087f00000, 0x0000000087f00000|100%| E|CS|TAMS 0x0000000087e00000| PB 0x0000000087e00000| Complete 
| 127|0x0000000087f00000, 0x0000000087f00000, 0x0000000088000000|  0%| F|  |TAMS 0x0000000087f00000| PB 0x0000000087f00000| Untracked 
| 128|0x0000000088000000, 0x0000000088000000, 0x0000000088100000|  0%| F|  |TAMS 0x0000000088000000| PB 0x0000000088000000| Untracked 
| 129|0x0000000088100000, 0x0000000088100000, 0x0000000088200000|  0%| F|  |TAMS 0x0000000088100000| PB 0x0000000088100000| Untracked 
| 130|0x0000000088200000, 0x0000000088300000, 0x0000000088300000|100%| E|CS|TAMS 0x0000000088200000| PB 0x0000000088200000| Complete 
| 131|0x0000000088300000, 0x0000000088300000, 0x0000000088400000|  0%| F|  |TAMS 0x0000000088300000| PB 0x0000000088300000| Untracked 
| 132|0x0000000088400000, 0x0000000088400000, 0x0000000088500000|  0%| F|  |TAMS 0x0000000088400000| PB 0x0000000088400000| Untracked 
| 133|0x0000000088500000, 0x0000000088500000, 0x0000000088600000|  0%| F|  |TAMS 0x0000000088500000| PB 0x0000000088500000| Untracked 
| 134|0x0000000088600000, 0x0000000088600000, 0x0000000088700000|  0%| F|  |TAMS 0x0000000088600000| PB 0x0000000088600000| Untracked 
| 135|0x0000000088700000, 0x0000000088700000, 0x0000000088800000|  0%| F|  |TAMS 0x0000000088700000| PB 0x0000000088700000| Untracked 
| 136|0x0000000088800000, 0x0000000088800000, 0x0000000088900000|  0%| F|  |TAMS 0x0000000088800000| PB 0x0000000088800000| Untracked 
| 137|0x0000000088900000, 0x0000000088900000, 0x0000000088a00000|  0%| F|  |TAMS 0x0000000088900000| PB 0x0000000088900000| Untracked 
| 138|0x0000000088a00000, 0x0000000088a00000, 0x0000000088b00000|  0%| F|  |TAMS 0x0000000088a00000| PB 0x0000000088a00000| Untracked 
| 139|0x0000000088b00000, 0x0000000088b00000, 0x0000000088c00000|  0%| F|  |TAMS 0x0000000088b00000| PB 0x0000000088b00000| Untracked 
| 140|0x0000000088c00000, 0x0000000088c00000, 0x0000000088d00000|  0%| F|  |TAMS 0x0000000088c00000| PB 0x0000000088c00000| Untracked 
| 141|0x0000000088d00000, 0x0000000088d00000, 0x0000000088e00000|  0%| F|  |TAMS 0x0000000088d00000| PB 0x0000000088d00000| Untracked 
| 142|0x0000000088e00000, 0x0000000088e00000, 0x0000000088f00000|  0%| F|  |TAMS 0x0000000088e00000| PB 0x0000000088e00000| Untracked 
| 143|0x0000000088f00000, 0x0000000088ff5520, 0x0000000089000000| 95%| S|  |TAMS 0x0000000088f00000| PB 0x0000000088f00000| Complete 
| 144|0x0000000089000000, 0x0000000089100000, 0x0000000089100000|100%| S|  |TAMS 0x0000000089000000| PB 0x0000000089000000| Complete 
| 145|0x0000000089100000, 0x0000000089200000, 0x0000000089200000|100%| S|  |TAMS 0x0000000089100000| PB 0x0000000089100000| Complete 
| 146|0x0000000089200000, 0x0000000089300000, 0x0000000089300000|100%| S|  |TAMS 0x0000000089200000| PB 0x0000000089200000| Complete 
| 147|0x0000000089300000, 0x0000000089400000, 0x0000000089400000|100%| E|CS|TAMS 0x0000000089300000| PB 0x0000000089300000| Complete 
| 148|0x0000000089400000, 0x0000000089500000, 0x0000000089500000|100%| E|CS|TAMS 0x0000000089400000| PB 0x0000000089400000| Complete 
| 149|0x0000000089500000, 0x0000000089600000, 0x0000000089600000|100%| E|CS|TAMS 0x0000000089500000| PB 0x0000000089500000| Complete 
| 150|0x0000000089600000, 0x0000000089700000, 0x0000000089700000|100%| E|CS|TAMS 0x0000000089600000| PB 0x0000000089600000| Complete 
| 151|0x0000000089700000, 0x0000000089800000, 0x0000000089800000|100%| E|CS|TAMS 0x0000000089700000| PB 0x0000000089700000| Complete 
| 152|0x0000000089800000, 0x0000000089900000, 0x0000000089900000|100%| E|CS|TAMS 0x0000000089800000| PB 0x0000000089800000| Complete 
| 153|0x0000000089900000, 0x0000000089a00000, 0x0000000089a00000|100%| E|CS|TAMS 0x0000000089900000| PB 0x0000000089900000| Complete 
| 154|0x0000000089a00000, 0x0000000089b00000, 0x0000000089b00000|100%| E|CS|TAMS 0x0000000089a00000| PB 0x0000000089a00000| Complete 
| 155|0x0000000089b00000, 0x0000000089c00000, 0x0000000089c00000|100%| E|CS|TAMS 0x0000000089b00000| PB 0x0000000089b00000| Complete 
| 156|0x0000000089c00000, 0x0000000089d00000, 0x0000000089d00000|100%| E|CS|TAMS 0x0000000089c00000| PB 0x0000000089c00000| Complete 
| 157|0x0000000089d00000, 0x0000000089e00000, 0x0000000089e00000|100%| E|CS|TAMS 0x0000000089d00000| PB 0x0000000089d00000| Complete 
| 158|0x0000000089e00000, 0x0000000089f00000, 0x0000000089f00000|100%| E|CS|TAMS 0x0000000089e00000| PB 0x0000000089e00000| Complete 
| 159|0x0000000089f00000, 0x000000008a000000, 0x000000008a000000|100%| E|CS|TAMS 0x0000000089f00000| PB 0x0000000089f00000| Complete 
| 160|0x000000008a000000, 0x000000008a100000, 0x000000008a100000|100%| E|CS|TAMS 0x000000008a000000| PB 0x000000008a000000| Complete 
| 161|0x000000008a100000, 0x000000008a200000, 0x000000008a200000|100%| E|CS|TAMS 0x000000008a100000| PB 0x000000008a100000| Complete 
| 162|0x000000008a200000, 0x000000008a300000, 0x000000008a300000|100%| E|CS|TAMS 0x000000008a200000| PB 0x000000008a200000| Complete 
| 163|0x000000008a300000, 0x000000008a400000, 0x000000008a400000|100%| E|CS|TAMS 0x000000008a300000| PB 0x000000008a300000| Complete 
| 164|0x000000008a400000, 0x000000008a500000, 0x000000008a500000|100%| E|CS|TAMS 0x000000008a400000| PB 0x000000008a400000| Complete 
| 165|0x000000008a500000, 0x000000008a600000, 0x000000008a600000|100%| E|CS|TAMS 0x000000008a500000| PB 0x000000008a500000| Complete 
| 166|0x000000008a600000, 0x000000008a700000, 0x000000008a700000|100%| E|CS|TAMS 0x000000008a600000| PB 0x000000008a600000| Complete 
| 167|0x000000008a700000, 0x000000008a800000, 0x000000008a800000|100%| E|CS|TAMS 0x000000008a700000| PB 0x000000008a700000| Complete 
| 168|0x000000008a800000, 0x000000008a900000, 0x000000008a900000|100%| E|CS|TAMS 0x000000008a800000| PB 0x000000008a800000| Complete 
| 169|0x000000008a900000, 0x000000008aa00000, 0x000000008aa00000|100%| E|CS|TAMS 0x000000008a900000| PB 0x000000008a900000| Complete 
| 170|0x000000008aa00000, 0x000000008ab00000, 0x000000008ab00000|100%| E|CS|TAMS 0x000000008aa00000| PB 0x000000008aa00000| Complete 
| 171|0x000000008ab00000, 0x000000008ac00000, 0x000000008ac00000|100%| E|CS|TAMS 0x000000008ab00000| PB 0x000000008ab00000| Complete 
| 172|0x000000008ac00000, 0x000000008ad00000, 0x000000008ad00000|100%| E|CS|TAMS 0x000000008ac00000| PB 0x000000008ac00000| Complete 
| 173|0x000000008ad00000, 0x000000008ae00000, 0x000000008ae00000|100%| E|CS|TAMS 0x000000008ad00000| PB 0x000000008ad00000| Complete 
| 174|0x000000008ae00000, 0x000000008af00000, 0x000000008af00000|100%| E|CS|TAMS 0x000000008ae00000| PB 0x000000008ae00000| Complete 
| 175|0x000000008af00000, 0x000000008b000000, 0x000000008b000000|100%| E|CS|TAMS 0x000000008af00000| PB 0x000000008af00000| Complete 
| 176|0x000000008b000000, 0x000000008b100000, 0x000000008b100000|100%| E|CS|TAMS 0x000000008b000000| PB 0x000000008b000000| Complete 
| 177|0x000000008b100000, 0x000000008b200000, 0x000000008b200000|100%| E|CS|TAMS 0x000000008b100000| PB 0x000000008b100000| Complete 
| 178|0x000000008b200000, 0x000000008b300000, 0x000000008b300000|100%| E|CS|TAMS 0x000000008b200000| PB 0x000000008b200000| Complete 
| 179|0x000000008b300000, 0x000000008b400000, 0x000000008b400000|100%| E|CS|TAMS 0x000000008b300000| PB 0x000000008b300000| Complete 
| 180|0x000000008b400000, 0x000000008b500000, 0x000000008b500000|100%| E|CS|TAMS 0x000000008b400000| PB 0x000000008b400000| Complete 
| 181|0x000000008b500000, 0x000000008b600000, 0x000000008b600000|100%| E|CS|TAMS 0x000000008b500000| PB 0x000000008b500000| Complete 
| 182|0x000000008b600000, 0x000000008b700000, 0x000000008b700000|100%| E|CS|TAMS 0x000000008b600000| PB 0x000000008b600000| Complete 
| 183|0x000000008b700000, 0x000000008b800000, 0x000000008b800000|100%| E|CS|TAMS 0x000000008b700000| PB 0x000000008b700000| Complete 
| 184|0x000000008b800000, 0x000000008b900000, 0x000000008b900000|100%| E|CS|TAMS 0x000000008b800000| PB 0x000000008b800000| Complete 
| 185|0x000000008b900000, 0x000000008ba00000, 0x000000008ba00000|100%| E|CS|TAMS 0x000000008b900000| PB 0x000000008b900000| Complete 
| 186|0x000000008ba00000, 0x000000008bb00000, 0x000000008bb00000|100%| E|CS|TAMS 0x000000008ba00000| PB 0x000000008ba00000| Complete 
| 187|0x000000008bb00000, 0x000000008bc00000, 0x000000008bc00000|100%| E|CS|TAMS 0x000000008bb00000| PB 0x000000008bb00000| Complete 
| 188|0x000000008bc00000, 0x000000008bd00000, 0x000000008bd00000|100%| E|CS|TAMS 0x000000008bc00000| PB 0x000000008bc00000| Complete 
| 189|0x000000008bd00000, 0x000000008be00000, 0x000000008be00000|100%| E|CS|TAMS 0x000000008bd00000| PB 0x000000008bd00000| Complete 
| 190|0x000000008be00000, 0x000000008bf00000, 0x000000008bf00000|100%| E|CS|TAMS 0x000000008be00000| PB 0x000000008be00000| Complete 
| 191|0x000000008bf00000, 0x000000008c000000, 0x000000008c000000|100%| E|CS|TAMS 0x000000008bf00000| PB 0x000000008bf00000| Complete 
| 192|0x000000008c000000, 0x000000008c100000, 0x000000008c100000|100%| E|CS|TAMS 0x000000008c000000| PB 0x000000008c000000| Complete 
| 193|0x000000008c100000, 0x000000008c200000, 0x000000008c200000|100%| E|CS|TAMS 0x000000008c100000| PB 0x000000008c100000| Complete 
| 194|0x000000008c200000, 0x000000008c300000, 0x000000008c300000|100%| E|CS|TAMS 0x000000008c200000| PB 0x000000008c200000| Complete 
| 195|0x000000008c300000, 0x000000008c400000, 0x000000008c400000|100%| E|CS|TAMS 0x000000008c300000| PB 0x000000008c300000| Complete 
| 196|0x000000008c400000, 0x000000008c500000, 0x000000008c500000|100%| E|CS|TAMS 0x000000008c400000| PB 0x000000008c400000| Complete 
| 197|0x000000008c500000, 0x000000008c600000, 0x000000008c600000|100%| E|CS|TAMS 0x000000008c500000| PB 0x000000008c500000| Complete 
| 198|0x000000008c600000, 0x000000008c700000, 0x000000008c700000|100%| E|CS|TAMS 0x000000008c600000| PB 0x000000008c600000| Complete 
| 199|0x000000008c700000, 0x000000008c800000, 0x000000008c800000|100%| E|CS|TAMS 0x000000008c700000| PB 0x000000008c700000| Complete 
| 200|0x000000008c800000, 0x000000008c900000, 0x000000008c900000|100%| E|CS|TAMS 0x000000008c800000| PB 0x000000008c800000| Complete 
| 201|0x000000008c900000, 0x000000008ca00000, 0x000000008ca00000|100%| E|CS|TAMS 0x000000008c900000| PB 0x000000008c900000| Complete 
| 202|0x000000008ca00000, 0x000000008cb00000, 0x000000008cb00000|100%| E|CS|TAMS 0x000000008ca00000| PB 0x000000008ca00000| Complete 
| 203|0x000000008cb00000, 0x000000008cc00000, 0x000000008cc00000|100%| E|CS|TAMS 0x000000008cb00000| PB 0x000000008cb00000| Complete 
| 204|0x000000008cc00000, 0x000000008cd00000, 0x000000008cd00000|100%| E|CS|TAMS 0x000000008cc00000| PB 0x000000008cc00000| Complete 
| 205|0x000000008cd00000, 0x000000008ce00000, 0x000000008ce00000|100%| E|CS|TAMS 0x000000008cd00000| PB 0x000000008cd00000| Complete 
| 206|0x000000008ce00000, 0x000000008cf00000, 0x000000008cf00000|100%| E|CS|TAMS 0x000000008ce00000| PB 0x000000008ce00000| Complete 
| 207|0x000000008cf00000, 0x000000008d000000, 0x000000008d000000|100%| E|CS|TAMS 0x000000008cf00000| PB 0x000000008cf00000| Complete 
| 208|0x000000008d000000, 0x000000008d100000, 0x000000008d100000|100%| E|CS|TAMS 0x000000008d000000| PB 0x000000008d000000| Complete 
| 209|0x000000008d100000, 0x000000008d200000, 0x000000008d200000|100%| E|CS|TAMS 0x000000008d100000| PB 0x000000008d100000| Complete 
| 210|0x000000008d200000, 0x000000008d300000, 0x000000008d300000|100%| E|CS|TAMS 0x000000008d200000| PB 0x000000008d200000| Complete 
| 211|0x000000008d300000, 0x000000008d400000, 0x000000008d400000|100%| E|CS|TAMS 0x000000008d300000| PB 0x000000008d300000| Complete 
| 212|0x000000008d400000, 0x000000008d500000, 0x000000008d500000|100%| E|CS|TAMS 0x000000008d400000| PB 0x000000008d400000| Complete 
| 213|0x000000008d500000, 0x000000008d600000, 0x000000008d600000|100%| E|CS|TAMS 0x000000008d500000| PB 0x000000008d500000| Complete 
| 214|0x000000008d600000, 0x000000008d700000, 0x000000008d700000|100%| E|CS|TAMS 0x000000008d600000| PB 0x000000008d600000| Complete 
| 215|0x000000008d700000, 0x000000008d800000, 0x000000008d800000|100%| E|CS|TAMS 0x000000008d700000| PB 0x000000008d700000| Complete 
| 216|0x000000008d800000, 0x000000008d900000, 0x000000008d900000|100%| E|CS|TAMS 0x000000008d800000| PB 0x000000008d800000| Complete 
| 217|0x000000008d900000, 0x000000008da00000, 0x000000008da00000|100%| E|CS|TAMS 0x000000008d900000| PB 0x000000008d900000| Complete 
| 218|0x000000008da00000, 0x000000008db00000, 0x000000008db00000|100%| E|CS|TAMS 0x000000008da00000| PB 0x000000008da00000| Complete 
| 219|0x000000008db00000, 0x000000008dc00000, 0x000000008dc00000|100%| E|CS|TAMS 0x000000008db00000| PB 0x000000008db00000| Complete 
| 220|0x000000008dc00000, 0x000000008dd00000, 0x000000008dd00000|100%| E|CS|TAMS 0x000000008dc00000| PB 0x000000008dc00000| Complete 
| 221|0x000000008dd00000, 0x000000008de00000, 0x000000008de00000|100%| E|CS|TAMS 0x000000008dd00000| PB 0x000000008dd00000| Complete 
| 222|0x000000008de00000, 0x000000008df00000, 0x000000008df00000|100%| E|CS|TAMS 0x000000008de00000| PB 0x000000008de00000| Complete 
| 223|0x000000008df00000, 0x000000008e000000, 0x000000008e000000|100%| E|CS|TAMS 0x000000008df00000| PB 0x000000008df00000| Complete 
| 224|0x000000008e000000, 0x000000008e100000, 0x000000008e100000|100%| E|CS|TAMS 0x000000008e000000| PB 0x000000008e000000| Complete 
| 225|0x000000008e100000, 0x000000008e200000, 0x000000008e200000|100%| E|CS|TAMS 0x000000008e100000| PB 0x000000008e100000| Complete 
| 226|0x000000008e200000, 0x000000008e300000, 0x000000008e300000|100%| E|CS|TAMS 0x000000008e200000| PB 0x000000008e200000| Complete 
| 227|0x000000008e300000, 0x000000008e400000, 0x000000008e400000|100%| E|CS|TAMS 0x000000008e300000| PB 0x000000008e300000| Complete 
| 228|0x000000008e400000, 0x000000008e500000, 0x000000008e500000|100%| E|CS|TAMS 0x000000008e400000| PB 0x000000008e400000| Complete 
| 229|0x000000008e500000, 0x000000008e600000, 0x000000008e600000|100%| E|CS|TAMS 0x000000008e500000| PB 0x000000008e500000| Complete 
| 230|0x000000008e600000, 0x000000008e700000, 0x000000008e700000|100%| E|CS|TAMS 0x000000008e600000| PB 0x000000008e600000| Complete 
| 231|0x000000008e700000, 0x000000008e800000, 0x000000008e800000|100%| E|CS|TAMS 0x000000008e700000| PB 0x000000008e700000| Complete 
| 232|0x000000008e800000, 0x000000008e900000, 0x000000008e900000|100%| E|CS|TAMS 0x000000008e800000| PB 0x000000008e800000| Complete 
|2044|0x00000000ffc00000, 0x00000000ffd00000, 0x00000000ffd00000|100%| E|CS|TAMS 0x00000000ffc00000| PB 0x00000000ffc00000| Complete 
|2045|0x00000000ffd00000, 0x00000000ffe00000, 0x00000000ffe00000|100%| E|CS|TAMS 0x00000000ffd00000| PB 0x00000000ffd00000| Complete 
|2046|0x00000000ffe00000, 0x00000000fff00000, 0x00000000fff00000|100%| E|CS|TAMS 0x00000000ffe00000| PB 0x00000000ffe00000| Complete 
|2047|0x00000000fff00000, 0x0000000100000000, 0x0000000100000000|100%| O|  |TAMS 0x00000000fff00000| PB 0x00000000fff00000| Untracked 

Card table byte_map: [0x0000027772100000,0x0000027772500000] _byte_map_base: 0x0000027771d00000

Marking Bits: (CMBitMap*) 0x000002775878b570
 Bits: [0x0000027772500000, 0x0000027774500000)

Polling page: 0x0000027758800000

Metaspace:

Usage:
  Non-class:     96.34 MB used.
      Class:     15.67 MB used.
       Both:    112.01 MB used.

Virtual space:
  Non-class space:      128.00 MB reserved,      97.50 MB ( 76%) committed,  2 nodes.
      Class space:        1.00 GB reserved,      16.75 MB (  2%) committed,  1 nodes.
             Both:        1.12 GB reserved,     114.25 MB ( 10%) committed. 

Chunk freelists:
   Non-Class:  14.38 MB
       Class:  15.25 MB
        Both:  29.62 MB

MaxMetaspaceSize: unlimited
CompressedClassSpaceSize: 1.00 GB
Initial GC threshold: 21.00 MB
Current GC threshold: 190.44 MB
CDS: on
 - commit_granule_bytes: 65536.
 - commit_granule_words: 8192.
 - virtual_space_node_default_size: 8388608.
 - enlarge_chunks_in_place: 1.
 - use_allocation_guard: 0.


Internal statistics:

num_allocs_failed_limit: 6.
num_arena_births: 4308.
num_arena_deaths: 0.
num_vsnodes_births: 3.
num_vsnodes_deaths: 0.
num_space_committed: 1828.
num_space_uncommitted: 0.
num_chunks_returned_to_freelist: 6.
num_chunks_taken_from_freelist: 9514.
num_chunk_merges: 6.
num_chunk_splits: 6250.
num_chunks_enlarged: 4037.
num_inconsistent_stats: 0.

CodeHeap 'non-profiled nmethods': size=120000Kb used=7817Kb max_used=7869Kb free=112183Kb
 bounds [0x000002776a7d0000, 0x000002776afa0000, 0x0000027771d00000]
CodeHeap 'profiled nmethods': size=120000Kb used=30294Kb max_used=30686Kb free=89705Kb
 bounds [0x0000027762d00000, 0x0000027764b00000, 0x000002776a230000]
CodeHeap 'non-nmethods': size=5760Kb used=2197Kb max_used=2245Kb free=3562Kb
 bounds [0x000002776a230000, 0x000002776a4a0000, 0x000002776a7d0000]
 total_blobs=15203 nmethods=14305 adapters=800
 compilation: enabled
              stopped_count=0, restarted_count=0
 full_count=0

Compilation events (20 events):
Event: 50.710 Thread 0x00000277769c84f0 nmethod 16881 0x0000027762f9bd90 code [0x0000027762f9bf40, 0x0000027762f9c078]
Event: 50.719 Thread 0x00000277769c84f0 16884   !   2       com.android.tools.r8.graph.z0::P0 (108 bytes)
Event: 50.720 Thread 0x00000277769c84f0 nmethod 16884 0x0000027763692210 code [0x0000027763692400, 0x00000277636928c0]
Event: 50.723 Thread 0x000002777cf476f0 nmethod 16876 0x000002776aa1c090 code [0x000002776aa1c2c0, 0x000002776aa1cab0]
Event: 50.723 Thread 0x000002777cf476f0 16879       4       com.android.tools.r8.ir.optimize.s::a (179 bytes)
Event: 50.738 Thread 0x00000277769c84f0 16885       2       com.android.tools.r8.utils.I1::b (7 bytes)
Event: 50.738 Thread 0x00000277769c84f0 nmethod 16885 0x0000027763017d10 code [0x0000027763017ec0, 0x0000027763018040]
Event: 50.738 Thread 0x00000277769c84f0 16886       2       com.android.tools.r8.utils.I1$$Lambda/0x00000277020a55a8::<init> (10 bytes)
Event: 50.739 Thread 0x00000277769c84f0 nmethod 16886 0x00000277631ba910 code [0x00000277631baaa0, 0x00000277631babf8]
Event: 50.740 Thread 0x00000277769c84f0 16888       2       java.util.TimSort::sort (229 bytes)
Event: 50.741 Thread 0x00000277769c84f0 nmethod 16888 0x0000027762dbdd10 code [0x0000027762dbdf40, 0x0000027762dbe440]
Event: 50.750 Thread 0x00000277769c84f0 16889       2       com.android.tools.r8.graph.Z0::a (8 bytes)
Event: 50.751 Thread 0x00000277769c84f0 nmethod 16889 0x0000027763b7ae10 code [0x0000027763b7afc0, 0x0000027763b7b0f0]
Event: 50.756 Thread 0x000002777cf476f0 nmethod 16879 0x000002776ab9b690 code [0x000002776ab9b8e0, 0x000002776ab9c378]
Event: 50.756 Thread 0x000002777cf476f0 16875       4       com.android.tools.r8.ir.regalloc.n$$Lambda/0x000002770204fb48::test (12 bytes)
Event: 50.776 Thread 0x000002777cf476f0 nmethod 16875 0x000002776aea7310 code [0x000002776aea7560, 0x000002776aea7dd0]
Event: 50.776 Thread 0x000002777cf476f0 16890       4       com.android.tools.r8.utils.u0::a (57 bytes)
Event: 50.778 Thread 0x000002777cf476f0 nmethod 16890 0x000002776ae44890 code [0x000002776ae44a20, 0x000002776ae44b08]
Event: 50.778 Thread 0x000002777cf476f0 16891       4       com.android.tools.r8.internal.Kl::a (595 bytes)
Event: 50.836 Thread 0x00000277769c84f0 16896       2       com.android.tools.r8.internal.bS::g (165 bytes)

GC Heap History (20 events):
Event: 30.718 GC heap before
{Heap before GC invocations=34 (full 0):
 garbage-first heap   total 159744K, used 144201K [0x0000000080000000, 0x0000000100000000)
  region size 1024K, 62 young (63488K), 5 survivors (5120K)
 Metaspace       used 86905K, committed 89088K, reserved 1179648K
  class space    used 12240K, committed 13312K, reserved 1048576K
}
Event: 30.735 GC heap after
{Heap after GC invocations=35 (full 0):
 garbage-first heap   total 159744K, used 91762K [0x0000000080000000, 0x0000000100000000)
  region size 1024K, 8 young (8192K), 8 survivors (8192K)
 Metaspace       used 86905K, committed 89088K, reserved 1179648K
  class space    used 12240K, committed 13312K, reserved 1048576K
}
Event: 32.007 GC heap before
{Heap before GC invocations=36 (full 0):
 garbage-first heap   total 160768K, used 141938K [0x0000000080000000, 0x0000000100000000)
  region size 1024K, 57 young (58368K), 8 survivors (8192K)
 Metaspace       used 91435K, committed 93632K, reserved 1179648K
  class space    used 12897K, committed 13952K, reserved 1048576K
}
Event: 32.023 GC heap after
{Heap after GC invocations=37 (full 0):
 garbage-first heap   total 160768K, used 94865K [0x0000000080000000, 0x0000000100000000)
  region size 1024K, 3 young (3072K), 3 survivors (3072K)
 Metaspace       used 91435K, committed 93632K, reserved 1179648K
  class space    used 12897K, committed 13952K, reserved 1048576K
}
Event: 33.675 GC heap before
{Heap before GC invocations=37 (full 0):
 garbage-first heap   total 160768K, used 147089K [0x0000000080000000, 0x0000000100000000)
  region size 1024K, 55 young (56320K), 3 survivors (3072K)
 Metaspace       used 95650K, committed 97856K, reserved 1179648K
  class space    used 13522K, committed 14592K, reserved 1048576K
}
Event: 33.689 GC heap after
{Heap after GC invocations=38 (full 0):
 garbage-first heap   total 160768K, used 98828K [0x0000000080000000, 0x0000000100000000)
  region size 1024K, 7 young (7168K), 7 survivors (7168K)
 Metaspace       used 95650K, committed 97856K, reserved 1179648K
  class space    used 13522K, committed 14592K, reserved 1048576K
}
Event: 35.078 GC heap before
{Heap before GC invocations=38 (full 0):
 garbage-first heap   total 160768K, used 142860K [0x0000000080000000, 0x0000000100000000)
  region size 1024K, 51 young (52224K), 7 survivors (7168K)
 Metaspace       used 98730K, committed 101056K, reserved 1179648K
  class space    used 13894K, committed 15040K, reserved 1048576K
}
Event: 35.094 GC heap after
{Heap after GC invocations=39 (full 0):
 garbage-first heap   total 160768K, used 103719K [0x0000000080000000, 0x0000000100000000)
  region size 1024K, 5 young (5120K), 5 survivors (5120K)
 Metaspace       used 98730K, committed 101056K, reserved 1179648K
  class space    used 13894K, committed 15040K, reserved 1048576K
}
Event: 45.059 GC heap before
{Heap before GC invocations=40 (full 0):
 garbage-first heap   total 178176K, used 145703K [0x0000000080000000, 0x0000000100000000)
  region size 1024K, 45 young (46080K), 5 survivors (5120K)
 Metaspace       used 102820K, committed 105088K, reserved 1179648K
  class space    used 14482K, committed 15616K, reserved 1048576K
}
Event: 45.070 GC heap after
{Heap after GC invocations=41 (full 0):
 garbage-first heap   total 178176K, used 108639K [0x0000000080000000, 0x0000000100000000)
  region size 1024K, 3 young (3072K), 3 survivors (3072K)
 Metaspace       used 102820K, committed 105088K, reserved 1179648K
  class space    used 14482K, committed 15616K, reserved 1048576K
}
Event: 46.131 GC heap before
{Heap before GC invocations=41 (full 0):
 garbage-first heap   total 178176K, used 162911K [0x0000000080000000, 0x0000000100000000)
  region size 1024K, 57 young (58368K), 3 survivors (3072K)
 Metaspace       used 108247K, committed 110656K, reserved 1179648K
  class space    used 15207K, committed 16384K, reserved 1048576K
}
Event: 46.143 GC heap after
{Heap after GC invocations=42 (full 0):
 garbage-first heap   total 178176K, used 110106K [0x0000000080000000, 0x0000000100000000)
  region size 1024K, 6 young (6144K), 6 survivors (6144K)
 Metaspace       used 108247K, committed 110656K, reserved 1179648K
  class space    used 15207K, committed 16384K, reserved 1048576K
}
Event: 46.864 GC heap before
{Heap before GC invocations=42 (full 0):
 garbage-first heap   total 178176K, used 138778K [0x0000000080000000, 0x0000000100000000)
  region size 1024K, 35 young (35840K), 6 survivors (6144K)
 Metaspace       used 111458K, committed 113792K, reserved 1179648K
  class space    used 15728K, committed 16896K, reserved 1048576K
}
Event: 46.873 GC heap after
{Heap after GC invocations=43 (full 0):
 garbage-first heap   total 178176K, used 111571K [0x0000000080000000, 0x0000000100000000)
  region size 1024K, 5 young (5120K), 5 survivors (5120K)
 Metaspace       used 111458K, committed 113792K, reserved 1179648K
  class space    used 15728K, committed 16896K, reserved 1048576K
}
Event: 47.978 GC heap before
{Heap before GC invocations=44 (full 0):
 garbage-first heap   total 229376K, used 178131K [0x0000000080000000, 0x0000000100000000)
  region size 1024K, 52 young (53248K), 5 survivors (5120K)
 Metaspace       used 113441K, committed 115776K, reserved 1179648K
  class space    used 16003K, committed 17152K, reserved 1048576K
}
Event: 47.986 GC heap after
{Heap after GC invocations=45 (full 0):
 garbage-first heap   total 229376K, used 118606K [0x0000000080000000, 0x0000000100000000)
  region size 1024K, 2 young (2048K), 2 survivors (2048K)
 Metaspace       used 113441K, committed 115776K, reserved 1179648K
  class space    used 16003K, committed 17152K, reserved 1048576K
}
Event: 49.343 GC heap before
{Heap before GC invocations=45 (full 0):
 garbage-first heap   total 229376K, used 211790K [0x0000000080000000, 0x0000000100000000)
  region size 1024K, 93 young (95232K), 2 survivors (2048K)
 Metaspace       used 114506K, committed 116864K, reserved 1179648K
  class space    used 16040K, committed 17152K, reserved 1048576K
}
Event: 49.357 GC heap after
{Heap after GC invocations=46 (full 0):
 garbage-first heap   total 229376K, used 119128K [0x0000000080000000, 0x0000000100000000)
  region size 1024K, 3 young (3072K), 3 survivors (3072K)
 Metaspace       used 114506K, committed 116864K, reserved 1179648K
  class space    used 16040K, committed 17152K, reserved 1048576K
}
Event: 50.044 GC heap before
{Heap before GC invocations=46 (full 0):
 garbage-first heap   total 229376K, used 213336K [0x0000000080000000, 0x0000000100000000)
  region size 1024K, 95 young (97280K), 3 survivors (3072K)
 Metaspace       used 114649K, committed 116992K, reserved 1179648K
  class space    used 16041K, committed 17152K, reserved 1048576K
}
Event: 50.056 GC heap after
{Heap after GC invocations=47 (full 0):
 garbage-first heap   total 229376K, used 120131K [0x0000000080000000, 0x0000000100000000)
  region size 1024K, 4 young (4096K), 4 survivors (4096K)
 Metaspace       used 114649K, committed 116992K, reserved 1179648K
  class space    used 16041K, committed 17152K, reserved 1048576K
}

Dll operation events (17 events):
Event: 0.066 Loaded shared library C:\Program Files\Java\jdk-21\bin\java.dll
Event: 0.112 Loaded shared library C:\Program Files\Java\jdk-21\bin\jsvml.dll
Event: 0.170 Loaded shared library C:\Program Files\Java\jdk-21\bin\zip.dll
Event: 0.186 Loaded shared library C:\Program Files\Java\jdk-21\bin\instrument.dll
Event: 0.224 Loaded shared library C:\Program Files\Java\jdk-21\bin\net.dll
Event: 0.226 Loaded shared library C:\Program Files\Java\jdk-21\bin\nio.dll
Event: 0.230 Loaded shared library C:\Program Files\Java\jdk-21\bin\zip.dll
Event: 0.614 Loaded shared library C:\Program Files\Java\jdk-21\bin\jimage.dll
Event: 0.898 Loaded shared library C:\Program Files\Java\jdk-21\bin\verify.dll
Event: 1.127 Loaded shared library C:\Users\KYTHOURS\.gradle\native\1def1411415f61bf3af743bc5b6707747c0891f09f0c88961ee8f79bc544acac\windows-amd64\native-platform.dll
Event: 1.290 Loaded shared library C:\Users\KYTHOURS\.gradle\native\0.2.5\x86_64-windows-gnu\gradle-fileevents.dll
Event: 4.445 Loaded shared library C:\Program Files\Java\jdk-21\bin\management.dll
Event: 4.448 Loaded shared library C:\Program Files\Java\jdk-21\bin\management_ext.dll
Event: 4.707 Loaded shared library C:\Program Files\Java\jdk-21\bin\extnet.dll
Event: 4.916 Loaded shared library C:\Program Files\Java\jdk-21\bin\sunmscapi.dll
Event: 6.157 Loaded shared library C:\Users\KYTHOURS\AppData\Local\Temp\native-platform1833089077754272456dir\gradle-fileevents.dll
Event: 35.847 Loaded shared library C:\Program Files\Java\jdk-21\bin\rmi.dll

Deoptimization events (20 events):
Event: 49.908 Thread 0x00000277420a4550 DEOPT PACKING pc=0x000002776af59164 sp=0x000000e9a28f87e0
Event: 49.908 Thread 0x00000277420a4550 DEOPT UNPACKING pc=0x000002776a2846a2 sp=0x000000e9a28f87b8 mode 2
Event: 49.951 Thread 0x00000277420a4550 Uncommon trap: trap_request=0xffffffd6 fr.pc=0x000002776af6e318 relative=0x00000000000011f8
Event: 49.951 Thread 0x00000277420a4550 Uncommon trap: reason=array_check action=maybe_recompile pc=0x000002776af6e318 method=java.util.TimSort.reverseRange([Ljava/lang/Object;II)V @ 27 c2
Event: 49.951 Thread 0x00000277420a4550 DEOPT PACKING pc=0x000002776af6e318 sp=0x000000e9a28f7920
Event: 49.951 Thread 0x00000277420a4550 DEOPT UNPACKING pc=0x000002776a2846a2 sp=0x000000e9a28f77b8 mode 2
Event: 50.228 Thread 0x00000277420a4550 Uncommon trap: trap_request=0xffffffc6 fr.pc=0x000002776af4a004 relative=0x0000000000003de4
Event: 50.228 Thread 0x00000277420a4550 Uncommon trap: reason=bimorphic_or_optimized_type_check action=maybe_recompile pc=0x000002776af4a004 method=com.android.tools.r8.ir.regalloc.b.a(Lcom/android/tools/r8/internal/f20;Lcom/android/tools/r8/internal/J4;ILjava/util/ArrayList;Lcom/android/tools/
Event: 50.228 Thread 0x00000277420a4550 DEOPT PACKING pc=0x000002776af4a004 sp=0x000000e9a28f7ff0
Event: 50.228 Thread 0x00000277420a4550 DEOPT UNPACKING pc=0x000002776a2846a2 sp=0x000000e9a28f8068 mode 2
Event: 50.391 Thread 0x00000277420a4550 DEOPT PACKING pc=0x000002776483bb15 sp=0x000000e9a28f7a10
Event: 50.391 Thread 0x00000277420a4550 DEOPT UNPACKING pc=0x000002776a284e42 sp=0x000000e9a28f7290 mode 0
Event: 50.670 Thread 0x00000277420a4550 Uncommon trap: trap_request=0xffffffde fr.pc=0x000002776af72d44 relative=0x0000000000002a84
Event: 50.670 Thread 0x00000277420a4550 Uncommon trap: reason=class_check action=maybe_recompile pc=0x000002776af72d44 method=com.android.tools.r8.ir.optimize.E.a(Ljava/util/Queue;Lcom/android/tools/r8/internal/Nl;Lcom/android/tools/r8/internal/J4;Lcom/android/tools/r8/ir/optimize/a;Lcom/androi
Event: 50.670 Thread 0x00000277420a4550 DEOPT PACKING pc=0x000002776af72d44 sp=0x000000e9a28f8960
Event: 50.670 Thread 0x00000277420a4550 DEOPT UNPACKING pc=0x000002776a2846a2 sp=0x000000e9a28f8950 mode 2
Event: 50.695 Thread 0x00000277420a4550 Uncommon trap: trap_request=0xffffffd6 fr.pc=0x000002776af6e318 relative=0x00000000000011f8
Event: 50.695 Thread 0x00000277420a4550 Uncommon trap: reason=array_check action=maybe_recompile pc=0x000002776af6e318 method=java.util.TimSort.reverseRange([Ljava/lang/Object;II)V @ 27 c2
Event: 50.695 Thread 0x00000277420a4550 DEOPT PACKING pc=0x000002776af6e318 sp=0x000000e9a28f7900
Event: 50.695 Thread 0x00000277420a4550 DEOPT UNPACKING pc=0x000002776a2846a2 sp=0x000000e9a28f7798 mode 2

Classes loaded (20 events):
Event: 45.423 Loading class java/util/concurrent/ConcurrentLinkedQueue$Itr
Event: 45.423 Loading class java/util/concurrent/ConcurrentLinkedQueue$Itr done
Event: 46.685 Loading class java/util/PriorityQueue
Event: 46.686 Loading class java/util/PriorityQueue done
Event: 46.704 Loading class java/util/IdentityHashMap$ValueIterator
Event: 46.704 Loading class java/util/IdentityHashMap$ValueIterator done
Event: 46.815 Loading class java/util/SortedSet$1
Event: 46.815 Loading class java/util/SortedSet$1 done
Event: 46.818 Loading class java/util/stream/SliceOps
Event: 46.819 Loading class java/util/stream/SliceOps done
Event: 46.819 Loading class java/util/stream/SliceOps$1
Event: 46.819 Loading class java/util/stream/SliceOps$1 done
Event: 46.819 Loading class java/util/stream/SliceOps$1$1
Event: 46.819 Loading class java/util/stream/SliceOps$1$1 done
Event: 46.819 Loading class java/util/stream/SortedOps$RefSortingSink
Event: 46.820 Loading class java/util/stream/SortedOps$RefSortingSink done
Event: 46.978 Loading class java/util/AbstractList$SubList
Event: 46.979 Loading class java/util/AbstractList$SubList done
Event: 46.979 Loading class java/util/AbstractList$SubList$1
Event: 46.979 Loading class java/util/AbstractList$SubList$1 done

Classes unloaded (0 events):
No events

Classes redefined (0 events):
No events

Internal exceptions (20 events):
Event: 43.446 Thread 0x000002777ef14d10 Exception <a 'java/lang/NoSuchMethodError'{0x000000008a4a1198}: 'void java.lang.invoke.DelegatingMethodHandle$Holder.reinvoke_L(java.lang.Object, java.lang.Object, int, java.lang.Object)'> (0x000000008a4a1198) 
thrown [s\open\src\hotspot\share\interpreter\linkResolver.cpp, line 773]
Event: 43.455 Thread 0x000002777ef14d10 Exception <a 'java/lang/NoSuchMethodError'{0x000000008a4bf830}: 'void java.lang.invoke.DelegatingMethodHandle$Holder.reinvoke_L(java.lang.Object, java.lang.Object, int, int, java.lang.Object, java.lang.Object)'> (0x000000008a4bf830) 
thrown [s\open\src\hotspot\share\interpreter\linkResolver.cpp, line 773]
Event: 44.324 Thread 0x00000277420a4550 Implicit null exception at 0x000002776a995709 to 0x000002776a996668
Event: 45.074 Thread 0x0000027748e2e100 Implicit null exception at 0x000002776ab3e00b to 0x000002776ab3e0cc
Event: 45.074 Thread 0x0000027748e2e100 Implicit null exception at 0x000002776ac57a6b to 0x000002776ac5816c
Event: 45.154 Thread 0x00000277420a4550 Exception <a 'java/lang/NoSuchMethodError'{0x000000008a970278}: 'java.lang.Object java.lang.invoke.DirectMethodHandle$Holder.invokeStaticInit(java.lang.Object, java.lang.Object, java.lang.Object, java.lang.Object, java.lang.Object, java.lang.Object, java.lang.Object, java.lang.Object, java.lang.Object, java.lang.Object, java.lang.Object, java.lang.Object, java.lang.Object, java.lang.Object, java.lang.Object, java.lang.Object, java.lang.Object, java.lang.Object, java.lang.Object, java.lang.Object, int, java
Event: 45.220 Thread 0x00000277420a4550 Exception <a 'java/lang/IncompatibleClassChangeError'{0x000000008a778f08}: Found class java.lang.Object, but interface was expected> (0x000000008a778f08) 
thrown [s\open\src\hotspot\share\interpreter\linkResolver.cpp, line 840]
Event: 45.674 Thread 0x00000277420a4550 Exception <a 'java/lang/IncompatibleClassChangeError'{0x000000008956baa8}: Found class java.lang.Object, but interface was expected> (0x000000008956baa8) 
thrown [s\open\src\hotspot\share\interpreter\linkResolver.cpp, line 840]
Event: 45.675 Thread 0x00000277420a4550 Exception <a 'java/lang/NoSuchMethodError'{0x0000000089576680}: 'void java.lang.invoke.DirectMethodHandle$Holder.invokeInterface(java.lang.Object, java.lang.Object, java.lang.Object, int)'> (0x0000000089576680) 
thrown [s\open\src\hotspot\share\interpreter\linkResolver.cpp, line 773]
Event: 46.057 Thread 0x00000277420a4550 Exception <a 'java/lang/NoSuchMethodError'{0x0000000087981ac0}: 'java.lang.Object java.lang.invoke.DirectMethodHandle$Holder.invokeStatic(java.lang.Object, int, java.lang.Object, java.lang.Object)'> (0x0000000087981ac0) 
thrown [s\open\src\hotspot\share\interpreter\linkResolver.cpp, line 773]
Event: 46.059 Thread 0x00000277420a4550 Exception <a 'java/lang/NoSuchMethodError'{0x0000000087994838}: 'java.lang.Object java.lang.invoke.DirectMethodHandle$Holder.invokeStatic(java.lang.Object, java.lang.Object, int, java.lang.Object, java.lang.Object)'> (0x0000000087994838) 
thrown [s\open\src\hotspot\share\interpreter\linkResolver.cpp, line 773]
Event: 46.287 Thread 0x00000277420a4550 Exception <a 'java/lang/IncompatibleClassChangeError'{0x000000008a5de9f0}: Found class java.lang.Object, but interface was expected> (0x000000008a5de9f0) 
thrown [s\open\src\hotspot\share\interpreter\linkResolver.cpp, line 840]
Event: 46.287 Thread 0x00000277420a4550 Exception <a 'java/lang/IncompatibleClassChangeError'{0x000000008a5e3240}: Found class java.lang.Object, but interface was expected> (0x000000008a5e3240) 
thrown [s\open\src\hotspot\share\interpreter\linkResolver.cpp, line 840]
Event: 46.465 Thread 0x00000277420a4550 Exception <a 'java/lang/NoSuchMethodError'{0x0000000089d09ac0}: 'void java.lang.invoke.DirectMethodHandle$Holder.invokeSpecial(java.lang.Object, java.lang.Object, int, java.lang.Object)'> (0x0000000089d09ac0) 
thrown [s\open\src\hotspot\share\interpreter\linkResolver.cpp, line 773]
Event: 46.721 Thread 0x00000277420a4550 Exception <a 'java/lang/NoSuchMethodError'{0x00000000896d2258}: 'int java.lang.invoke.DirectMethodHandle$Holder.invokeSpecial(java.lang.Object, java.lang.Object, java.lang.Object, int, java.lang.Object)'> (0x00000000896d2258) 
thrown [s\open\src\hotspot\share\interpreter\linkResolver.cpp, line 773]
Event: 46.846 Thread 0x00000277420a4550 Exception <a 'java/lang/NoSuchMethodError'{0x00000000891a64c8}: 'long java.lang.invoke.DirectMethodHandle$Holder.invokeStatic(java.lang.Object, java.lang.Object)'> (0x00000000891a64c8) 
thrown [s\open\src\hotspot\share\interpreter\linkResolver.cpp, line 773]
Event: 47.238 Thread 0x00000277420a4550 Exception <a 'java/lang/NoSuchMethodError'{0x000000008d81c8b8}: 'void java.lang.invoke.DirectMethodHandle$Holder.invokeSpecial(java.lang.Object, java.lang.Object, java.lang.Object, java.lang.Object, java.lang.Object, java.lang.Object, java.lang.Object, java.lang.Object, java.lang.Object, java.lang.Object)'> (0x000000008d81c8b8) 
thrown [s\open\src\hotspot\share\interpreter\linkResolver.cpp, line 773]
Event: 47.430 Thread 0x00000277420a4550 Exception <a 'java/lang/NoSuchMethodError'{0x000000008cf10830}: 'int java.lang.invoke.DirectMethodHandle$Holder.invokeStatic(java.lang.Object, java.lang.Object, int, java.lang.Object)'> (0x000000008cf10830) 
thrown [s\open\src\hotspot\share\interpreter\linkResolver.cpp, line 773]
Event: 47.470 Thread 0x00000277420a4550 Exception <a 'java/lang/NoSuchMethodError'{0x000000008cd40700}: 'java.lang.Object java.lang.invoke.DirectMethodHandle$Holder.invokeInterface(java.lang.Object, java.lang.Object, int)'> (0x000000008cd40700) 
thrown [s\open\src\hotspot\share\interpreter\linkResolver.cpp, line 773]
Event: 47.952 Thread 0x00000277420a4550 Exception <a 'java/lang/IncompatibleClassChangeError'{0x000000008b4885f0}: Found class java.lang.Object, but interface was expected> (0x000000008b4885f0) 
thrown [s\open\src\hotspot\share\interpreter\linkResolver.cpp, line 840]

ZGC Phase Switch (0 events):
No events

VM Operations (20 events):
Event: 48.357 Executing VM operation: ICBufferFull
Event: 48.358 Executing VM operation: ICBufferFull done
Event: 48.487 Executing VM operation: HandshakeAllThreads (Deoptimize)
Event: 48.487 Executing VM operation: HandshakeAllThreads (Deoptimize) done
Event: 48.768 Executing VM operation: ICBufferFull
Event: 48.768 Executing VM operation: ICBufferFull done
Event: 49.087 Executing VM operation: ICBufferFull
Event: 49.087 Executing VM operation: ICBufferFull done
Event: 49.342 Executing VM operation: G1CollectForAllocation (G1 Evacuation Pause)
Event: 49.357 Executing VM operation: G1CollectForAllocation (G1 Evacuation Pause) done
Event: 49.924 Executing VM operation: ICBufferFull
Event: 49.925 Executing VM operation: ICBufferFull done
Event: 50.044 Executing VM operation: G1CollectForAllocation (G1 Evacuation Pause)
Event: 50.056 Executing VM operation: G1CollectForAllocation (G1 Evacuation Pause) done
Event: 50.203 Executing VM operation: HandshakeAllThreads (Deoptimize)
Event: 50.203 Executing VM operation: HandshakeAllThreads (Deoptimize) done
Event: 50.332 Executing VM operation: G1PauseRemark
Event: 50.359 Executing VM operation: G1PauseRemark done
Event: 50.479 Executing VM operation: G1PauseCleanup
Event: 50.480 Executing VM operation: G1PauseCleanup done

Events (20 events):
Event: 50.350 Thread 0x000002777698feb0 flushing nmethod 0x000002776aa5e610
Event: 50.350 Thread 0x000002777698feb0 flushing nmethod 0x000002776aa41c10
Event: 50.351 Thread 0x000002777698feb0 flushing nmethod 0x000002776aa21310
Event: 50.351 Thread 0x000002777698feb0 flushing nmethod 0x000002776aa1d910
Event: 50.351 Thread 0x000002777698feb0 flushing nmethod 0x000002776aa1c090
Event: 50.351 Thread 0x000002777698feb0 flushing nmethod 0x000002776a9ad090
Event: 50.351 Thread 0x000002777698feb0 flushing nmethod 0x000002776a995410
Event: 50.351 Thread 0x000002777698feb0 flushing nmethod 0x000002776a9c3f10
Event: 50.351 Thread 0x000002777698feb0 flushing nmethod 0x000002776a994690
Event: 50.351 Thread 0x000002777698feb0 flushing nmethod 0x000002776a9b4390
Event: 50.351 Thread 0x000002777698feb0 flushing nmethod 0x000002776a9aa310
Event: 50.351 Thread 0x000002777698feb0 flushing nmethod 0x000002776a96a290
Event: 50.351 Thread 0x000002777698feb0 flushing nmethod 0x000002776a925f10
Event: 50.351 Thread 0x000002777698feb0 flushing nmethod 0x000002776a92ad90
Event: 50.351 Thread 0x000002777698feb0 flushing nmethod 0x000002776a874390
Event: 50.351 Thread 0x000002777698feb0 flushing nmethod 0x000002776a88bb90
Event: 50.351 Thread 0x000002777698feb0 flushing nmethod 0x000002776a821990
Event: 50.351 Thread 0x000002777698feb0 flushing nmethod 0x000002776a820a10
Event: 50.351 Thread 0x000002777698feb0 flushing nmethod 0x000002776a7f2090
Event: 50.351 Thread 0x000002777698feb0 flushing nmethod 0x000002776a7eb190


Dynamic libraries:
0x00007ff77d6b0000 - 0x00007ff77d6c0000 	C:\Program Files\Java\jdk-21\bin\java.exe
0x00007ff9f2530000 - 0x00007ff9f2747000 	C:\WINDOWS\SYSTEM32\ntdll.dll
0x00007ff9f0900000 - 0x00007ff9f09c4000 	C:\WINDOWS\System32\KERNEL32.DLL
0x00007ff9efc20000 - 0x00007ff9effd7000 	C:\WINDOWS\System32\KERNELBASE.dll
0x00007ff9f0140000 - 0x00007ff9f0251000 	C:\WINDOWS\System32\ucrtbase.dll
0x00007ff9c2d30000 - 0x00007ff9c2d4b000 	C:\Program Files\Java\jdk-21\bin\VCRUNTIME140.dll
0x00007ff9d0bb0000 - 0x00007ff9d0bc9000 	C:\Program Files\Java\jdk-21\bin\jli.dll
0x00007ff9f1000000 - 0x00007ff9f10b2000 	C:\WINDOWS\System32\ADVAPI32.dll
0x00007ff9f0500000 - 0x00007ff9f05a7000 	C:\WINDOWS\System32\msvcrt.dll
0x00007ff9f14e0000 - 0x00007ff9f1588000 	C:\WINDOWS\System32\sechost.dll
0x00007ff9efa50000 - 0x00007ff9efa78000 	C:\WINDOWS\System32\bcrypt.dll
0x00007ff9f0ec0000 - 0x00007ff9f0fd4000 	C:\WINDOWS\System32\RPCRT4.dll
0x00007ff9f15f0000 - 0x00007ff9f179f000 	C:\WINDOWS\System32\USER32.dll
0x00007ff9d4da0000 - 0x00007ff9d5033000 	C:\WINDOWS\WinSxS\amd64_microsoft.windows.common-controls_6595b64144ccf1df_6.0.22621.3672_none_2713b9d173822955\COMCTL32.dll
0x00007ff9f0110000 - 0x00007ff9f0136000 	C:\WINDOWS\System32\win32u.dll
0x00007ff9f18c0000 - 0x00007ff9f18e9000 	C:\WINDOWS\System32\GDI32.dll
0x00007ff9efa80000 - 0x00007ff9efb98000 	C:\WINDOWS\System32\gdi32full.dll
0x00007ff9ef9b0000 - 0x00007ff9efa4a000 	C:\WINDOWS\System32\msvcp_win.dll
0x00007ff9e6c70000 - 0x00007ff9e6c7a000 	C:\WINDOWS\SYSTEM32\VERSION.dll
0x00007ff9f2370000 - 0x00007ff9f23a1000 	C:\WINDOWS\System32\IMM32.DLL
0x00007ff9db520000 - 0x00007ff9db52c000 	C:\Program Files\Java\jdk-21\bin\vcruntime140_1.dll
0x00007ff9b4100000 - 0x00007ff9b418e000 	C:\Program Files\Java\jdk-21\bin\msvcp140.dll
0x00007ff95c4b0000 - 0x00007ff95d1c3000 	C:\Program Files\Java\jdk-21\bin\server\jvm.dll
0x00007ff9f06b0000 - 0x00007ff9f0721000 	C:\WINDOWS\System32\WS2_32.dll
0x00007ff9ef710000 - 0x00007ff9ef75d000 	C:\WINDOWS\SYSTEM32\POWRPROF.dll
0x00007ff9e4fd0000 - 0x00007ff9e5004000 	C:\WINDOWS\SYSTEM32\WINMM.dll
0x00007ff9ef6f0000 - 0x00007ff9ef703000 	C:\WINDOWS\SYSTEM32\UMPDC.dll
0x00007ff9ee850000 - 0x00007ff9ee868000 	C:\WINDOWS\SYSTEM32\kernel.appcore.dll
0x00007ff9c5730000 - 0x00007ff9c573a000 	C:\Program Files\Java\jdk-21\bin\jimage.dll
0x00007ff9e8580000 - 0x00007ff9e87b2000 	C:\WINDOWS\SYSTEM32\DBGHELP.DLL
0x00007ff9f1150000 - 0x00007ff9f14de000 	C:\WINDOWS\System32\combase.dll
0x00007ff9f23b0000 - 0x00007ff9f2487000 	C:\WINDOWS\System32\OLEAUT32.dll
0x00007ff9dec60000 - 0x00007ff9dec92000 	C:\WINDOWS\SYSTEM32\dbgcore.DLL
0x00007ff9efba0000 - 0x00007ff9efc1b000 	C:\WINDOWS\System32\bcryptPrimitives.dll
0x00007ff9bad80000 - 0x00007ff9bad8f000 	C:\Program Files\Java\jdk-21\bin\instrument.dll
0x00007ff9c12b0000 - 0x00007ff9c12cf000 	C:\Program Files\Java\jdk-21\bin\java.dll
0x00007ff9f19a0000 - 0x00007ff9f2209000 	C:\WINDOWS\System32\SHELL32.dll
0x00007ff9ed760000 - 0x00007ff9ee05f000 	C:\WINDOWS\SYSTEM32\windows.storage.dll
0x00007ff9ed620000 - 0x00007ff9ed75f000 	C:\WINDOWS\SYSTEM32\wintypes.dll
0x00007ff9f05b0000 - 0x00007ff9f06a9000 	C:\WINDOWS\System32\SHCORE.dll
0x00007ff9f0e50000 - 0x00007ff9f0eae000 	C:\WINDOWS\System32\shlwapi.dll
0x00007ff9ef770000 - 0x00007ff9ef797000 	C:\WINDOWS\SYSTEM32\profapi.dll
0x00007ff9ae780000 - 0x00007ff9ae857000 	C:\Program Files\Java\jdk-21\bin\jsvml.dll
0x00007ff9bad90000 - 0x00007ff9bada8000 	C:\Program Files\Java\jdk-21\bin\zip.dll
0x00007ff9c3310000 - 0x00007ff9c3320000 	C:\Program Files\Java\jdk-21\bin\net.dll
0x00007ff9ec1e0000 - 0x00007ff9ec316000 	C:\WINDOWS\SYSTEM32\WINHTTP.dll
0x00007ff9eecb0000 - 0x00007ff9eed19000 	C:\WINDOWS\system32\mswsock.dll
0x00007ff9bafb0000 - 0x00007ff9bafc6000 	C:\Program Files\Java\jdk-21\bin\nio.dll
0x00007ff9c3a10000 - 0x00007ff9c3a20000 	C:\Program Files\Java\jdk-21\bin\verify.dll
0x00007ff9db660000 - 0x00007ff9db687000 	C:\Users\KYTHOURS\.gradle\native\1def1411415f61bf3af743bc5b6707747c0891f09f0c88961ee8f79bc544acac\windows-amd64\native-platform.dll
0x00000000658b0000 - 0x0000000065923000 	C:\Users\KYTHOURS\.gradle\native\0.2.5\x86_64-windows-gnu\gradle-fileevents.dll
0x00007ff9c2e80000 - 0x00007ff9c2e8a000 	C:\Program Files\Java\jdk-21\bin\management.dll
0x00007ff9be7d0000 - 0x00007ff9be7db000 	C:\Program Files\Java\jdk-21\bin\management_ext.dll
0x00007ff9f0eb0000 - 0x00007ff9f0eb8000 	C:\WINDOWS\System32\PSAPI.DLL
0x00007ff9ef000000 - 0x00007ff9ef01b000 	C:\WINDOWS\SYSTEM32\CRYPTSP.dll
0x00007ff9ee7b0000 - 0x00007ff9ee7e5000 	C:\WINDOWS\system32\rsaenh.dll
0x00007ff9eed50000 - 0x00007ff9eed78000 	C:\WINDOWS\SYSTEM32\USERENV.dll
0x00007ff9eefe0000 - 0x00007ff9eefec000 	C:\WINDOWS\SYSTEM32\CRYPTBASE.dll
0x00007ff9ee2c0000 - 0x00007ff9ee2ed000 	C:\WINDOWS\SYSTEM32\IPHLPAPI.DLL
0x00007ff9f0fe0000 - 0x00007ff9f0fe9000 	C:\WINDOWS\System32\NSI.dll
0x00007ff9baf30000 - 0x00007ff9baf37000 	C:\Program Files\Java\jdk-21\bin\extnet.dll
0x00007ff9babd0000 - 0x00007ff9babde000 	C:\Program Files\Java\jdk-21\bin\sunmscapi.dll
0x00007ff9ef840000 - 0x00007ff9ef9a6000 	C:\WINDOWS\System32\CRYPT32.dll
0x00007ff9ef110000 - 0x00007ff9ef13d000 	C:\WINDOWS\SYSTEM32\ncrypt.dll
0x00007ff9ef0d0000 - 0x00007ff9ef107000 	C:\WINDOWS\SYSTEM32\NTASN1.dll
0x00007ff9c57d0000 - 0x00007ff9c57d8000 	C:\WINDOWS\system32\wshunix.dll
0x0000000065830000 - 0x00000000658a3000 	C:\Users\KYTHOURS\AppData\Local\Temp\native-platform1833089077754272456dir\gradle-fileevents.dll
0x00007ff9bae30000 - 0x00007ff9bae37000 	C:\Program Files\Java\jdk-21\bin\rmi.dll

dbghelp: loaded successfully - version: 4.0.5 - missing functions: none
symbol engine: initialized successfully - sym options: 0x614 - pdb path: .;C:\Program Files\Java\jdk-21\bin;C:\WINDOWS\SYSTEM32;C:\WINDOWS\WinSxS\amd64_microsoft.windows.common-controls_6595b64144ccf1df_6.0.22621.3672_none_2713b9d173822955;C:\Program Files\Java\jdk-21\bin\server;C:\Users\KYTHOURS\.gradle\native\1def1411415f61bf3af743bc5b6707747c0891f09f0c88961ee8f79bc544acac\windows-amd64;C:\Users\KYTHOURS\.gradle\native\0.2.5\x86_64-windows-gnu;C:\Users\KYTHOURS\AppData\Local\Temp\native-platform1833089077754272456dir

VM Arguments:
jvm_args: --add-opens=java.base/java.lang=ALL-UNNAMED --add-opens=java.base/java.lang.invoke=ALL-UNNAMED --add-opens=java.base/java.util=ALL-UNNAMED --add-opens=java.prefs/java.util.prefs=ALL-UNNAMED --add-exports=jdk.compiler/com.sun.tools.javac.api=ALL-UNNAMED --add-exports=jdk.compiler/com.sun.tools.javac.util=ALL-UNNAMED --add-opens=java.base/java.util=ALL-UNNAMED --add-opens=java.prefs/java.util.prefs=ALL-UNNAMED --add-opens=java.base/java.nio.charset=ALL-UNNAMED --add-opens=java.base/java.net=ALL-UNNAMED --add-opens=java.base/java.util.concurrent.atomic=ALL-UNNAMED --add-opens=java.xml/javax.xml.namespace=ALL-UNNAMED -Xmx2048m -Dfile.encoding=UTF-8 -Duser.country=BR -Duser.language=pt -Duser.variant -javaagent:C:\Users\KYTHOURS\.gradle\wrapper\dists\gradle-8.12-bin\cetblhg4pflnnks72fxwobvgv\gradle-8.12\lib\agents\gradle-instrumentation-agent-8.12.jar 
java_command: org.gradle.launcher.daemon.bootstrap.GradleDaemon 8.12
java_class_path (initial): C:\Users\KYTHOURS\.gradle\wrapper\dists\gradle-8.12-bin\cetblhg4pflnnks72fxwobvgv\gradle-8.12\lib\gradle-daemon-main-8.12.jar
Launcher Type: SUN_STANDARD

[Global flags]
     intx CICompilerCount                          = 3                                         {product} {ergonomic}
     uint ConcGCThreads                            = 1                                         {product} {ergonomic}
     uint G1ConcRefinementThreads                  = 4                                         {product} {ergonomic}
   size_t G1HeapRegionSize                         = 1048576                                   {product} {ergonomic}
    uintx GCDrainStackTargetSize                   = 64                                        {product} {ergonomic}
   size_t InitialHeapSize                          = 100663296                                 {product} {ergonomic}
   size_t MarkStackSize                            = 4194304                                   {product} {ergonomic}
   size_t MaxHeapSize                              = 2147483648                                {product} {command line}
   size_t MaxNewSize                               = 1287651328                                {product} {ergonomic}
   size_t MinHeapDeltaBytes                        = 1048576                                   {product} {ergonomic}
   size_t MinHeapSize                              = 8388608                                   {product} {ergonomic}
    uintx NonNMethodCodeHeapSize                   = 5832780                                {pd product} {ergonomic}
    uintx NonProfiledCodeHeapSize                  = 122912730                              {pd product} {ergonomic}
    uintx ProfiledCodeHeapSize                     = 122912730                              {pd product} {ergonomic}
    uintx ReservedCodeCacheSize                    = 251658240                              {pd product} {ergonomic}
     bool SegmentedCodeCache                       = true                                      {product} {ergonomic}
   size_t SoftMaxHeapSize                          = 2147483648                             {manageable} {ergonomic}
     bool UseCompressedOops                        = true                           {product lp64_product} {ergonomic}
     bool UseG1GC                                  = true                                      {product} {ergonomic}
     bool UseLargePagesIndividualAllocation        = false                                  {pd product} {ergonomic}

Logging:
Log output configuration:
 #0: stdout all=warning uptime,level,tags foldmultilines=false
 #1: stderr all=off uptime,level,tags foldmultilines=false

Environment Variables:
PATH=C:\Program Files\Common Files\Oracle\Java\javapath;C:\Program Files (x86)\Common Files\Oracle\Java\javapath;C:\WINDOWS\system32;C:\WINDOWS;C:\WINDOWS\System32\Wbem;C:\WINDOWS\System32\WindowsPowerShell\v1.0\;C:\WINDOWS\System32\OpenSSH\;C:\Program Files\dotnet\;C:\Program Files\eSpeak NG\;C:\Program Files\Git\cmd;d:\cursor\resources\app\bin;D:\node\;C:\Program Files\GitHub CLI\;C:\Users\KYTHOURS\scoop\shims;C:\Users\KYTHOURS\.local\bin;C:\Users\KYTHOURS\AppData\Local\Programs\Python\Python312\Scripts\;C:\Users\KYTHOURS\AppData\Local\Programs\Python\Python312\;C:\Users\KYTHOURS\AppData\Local\Microsoft\WindowsApps;C:\Program Files\JetBrains\PyCharm 2024.1\bin;C:\Users\KYTHOURS\AppData\Local\Programs\Fiddler;D:\cursor\resources\app\bin;C:\Users\KYTHOURS\AppData\Local\Programs\Windsurf\bin;C:\Users\KYTHOURS\AppData\Local\Programs\Microsoft VS Code\bin;C:\Users\KYTHOURS\AppData\Local\Programs\Kiro\bin;D:\npm-global;C:\Users\KYTHOURS\AppData\Local\Programs\Antigravity\bin;C:\Users\KYTHOURS\.bun\bin;C:\Users\KYTHOURS\AppData\Roaming\npm;C:\Users\KYTHOURS\AppData\Local\Microsoft\WinGet\Links;c:\Users\KYTHOURS\.antigravity\extensions\vscjava.vscode-java-debug-0.58.5-universal\bundled\scripts\noConfigScripts;c:\Users\KYTHOURS\.antigravity\extensions\ms-python.debugpy-2025.18.0-win32-x64\bundled\scripts\noConfigScripts
USERNAME=KYTHOURS
LANG=en_US.UTF-8
OS=Windows_NT
PROCESSOR_IDENTIFIER=AMD64 Family 23 Model 24 Stepping 1, AuthenticAMD
TMP=C:\Users\KYTHOURS\AppData\Local\Temp
TEMP=C:\Users\KYTHOURS\AppData\Local\Temp




---------------  S Y S T E M  ---------------

OS:
 Windows 11 , 64 bit Build 22621 (10.0.22621.3958)
OS uptime: 0 days 11:25 hours
Hyper-V role detected

CPU: total 4 (initial active 4) (4 cores per cpu, 2 threads per core) family 23 model 24 stepping 1 microcode 0x0, cx8, cmov, fxsr, ht, mmx, 3dnowpref, sse, sse2, sse3, ssse3, sse4a, sse4.1, sse4.2, popcnt, lzcnt, tsc, tscinvbit, avx, avx2, aes, clmul, bmi1, bmi2, adx, sha, fma, vzeroupper, clflush, clflushopt, hv, rdtscp, f16c
Processor Information for all 4 processors :
  Max Mhz: 3500, Current Mhz: 3500, Mhz Limit: 3500

Memory: 4k page, system-wide physical 6095M (348M free)
TotalPageFile size 20176M (AvailPageFile size 0M)
current process WorkingSet (physical memory assigned to process): 552M, peak: 556M
current process commit charge ("private bytes"): 587M, peak: 594M

vm_info: Java HotSpot(TM) 64-Bit Server VM (21+35-LTS-2513) for windows-amd64 JRE (21+35-LTS-2513), built on 2023-08-09T20:25:10Z by "mach5one" with MS VC++ 17.1 (VS2022)

END.
