#
# There is insufficient memory for the Java Runtime Environment to continue.
# Native memory allocation (mmap) failed to map 65536 bytes for Failed to commit metaspace.
# Possible reasons:
#   The system is out of physical RAM or swap space
#   The process is running with CompressedOops enabled, and the Java Heap may be blocking the growth of the native heap
# Possible solutions:
#   Reduce memory load on the system
#   Increase physical memory or swap space
#   Check if swap backing store is full
#   Decrease Java heap size (-Xmx/-Xms)
#   Decrease number of Java threads
#   Decrease Java thread stack sizes (-Xss)
#   Set larger code cache with -XX:ReservedCodeCacheSize=
#   JVM is running with Unscaled Compressed Oops mode in which the Java heap is
#     placed in the first 4GB address space. The Java Heap base address is the
#     maximum limit for the native heap growth. Please use -XX:HeapBaseMinAddress
#     to set the Java Heap base and to place the Java Heap above 4GB virtual address.
# This output file may be truncated or incomplete.
#
#  Out of Memory Error (virtualSpaceNode.cpp:112), pid=6120, tid=3184
#
# JRE version: Java(TM) SE Runtime Environment (21.0+35) (build 21+35-LTS-2513)
# Java VM: Java HotSpot(TM) 64-Bit Server VM (21+35-LTS-2513, mixed mode, sharing, tiered, compressed oops, compressed class ptrs, g1 gc, windows-amd64)
# No core dump will be written. Minidumps are not enabled by default on client versions of Windows
#

---------------  S U M M A R Y ------------

Command Line: --add-opens=java.base/java.lang=ALL-UNNAMED --add-opens=java.base/java.lang.invoke=ALL-UNNAMED --add-opens=java.base/java.util=ALL-UNNAMED --add-opens=java.prefs/java.util.prefs=ALL-UNNAMED --add-exports=jdk.compiler/com.sun.tools.javac.api=ALL-UNNAMED --add-exports=jdk.compiler/com.sun.tools.javac.util=ALL-UNNAMED --add-opens=java.base/java.util=ALL-UNNAMED --add-opens=java.prefs/java.util.prefs=ALL-UNNAMED --add-opens=java.base/java.nio.charset=ALL-UNNAMED --add-opens=java.base/java.net=ALL-UNNAMED --add-opens=java.base/java.util.concurrent.atomic=ALL-UNNAMED --add-opens=java.xml/javax.xml.namespace=ALL-UNNAMED -Xmx2048m -Dfile.encoding=UTF-8 -Duser.country=BR -Duser.language=pt -Duser.variant -javaagent:C:\Users\KYTHOURS\.gradle\wrapper\dists\gradle-8.12-bin\cetblhg4pflnnks72fxwobvgv\gradle-8.12\lib\agents\gradle-instrumentation-agent-8.12.jar org.gradle.launcher.daemon.bootstrap.GradleDaemon 8.12

Host: AMD Athlon 3000G with Radeon Vega Graphics     , 4 cores, 5G,  Windows 11 , 64 bit Build 22621 (10.0.22621.3958)
Time: Sun Jan 11 21:06:56 2026 Hora oficial do Brasil elapsed time: 93.315773 seconds (0d 0h 1m 33s)

---------------  T H R E A D  ---------------

Current thread (0x000001cb9c943aa0):  JavaThread "C1 CompilerThread0" daemon [_thread_in_vm, id=3184, stack(0x000000569ab00000,0x000000569ac00000) (1024K)]


Current CompileTask:
C1:  93315 13409       3       kotlin.reflect.jvm.internal.impl.metadata.jvm.JvmProtoBuf$JvmFieldSignature$1::parsePartialFrom (11 bytes)

Stack: [0x000000569ab00000,0x000000569ac00000]
Native frames: (J=compiled Java code, j=interpreted, Vv=VM code, C=native code)
V  [jvm.dll+0x6c8d39]
V  [jvm.dll+0x854091]
V  [jvm.dll+0x85630e]
V  [jvm.dll+0x8569e3]
V  [jvm.dll+0x2809a6]
V  [jvm.dll+0x84fdce]
V  [jvm.dll+0x66c755]
V  [jvm.dll+0x1e666c]
V  [jvm.dll+0x1e643e]
V  [jvm.dll+0x66f06c]
V  [jvm.dll+0x66ee82]
V  [jvm.dll+0x66d12e]
V  [jvm.dll+0x67e3aa]
V  [jvm.dll+0x677642]
V  [jvm.dll+0x1f4260]
V  [jvm.dll+0x1f4448]
V  [jvm.dll+0x166816]
V  [jvm.dll+0x166666]
V  [jvm.dll+0x15e185]
V  [jvm.dll+0x1603fd]
V  [jvm.dll+0x15ea25]
V  [jvm.dll+0x1587de]
V  [jvm.dll+0x168326]
V  [jvm.dll+0x153b90]
V  [jvm.dll+0x153f13]
V  [jvm.dll+0x1541d4]
V  [jvm.dll+0x153616]
V  [jvm.dll+0x15537d]
V  [jvm.dll+0x2583e9]
V  [jvm.dll+0x2569ca]
V  [jvm.dll+0x3eef66]
V  [jvm.dll+0x7fd2c8]
V  [jvm.dll+0x6c748d]
C  [ucrtbase.dll+0x29333]
C  [KERNEL32.DLL+0x1257d]
C  [ntdll.dll+0x5af08]


---------------  P R O C E S S  ---------------

Threads class SMR info:
_java_thread_list=0x000001cbe77716b0, length=60, elements={
0x000001cbfe587bd0, 0x000001cb9c938330, 0x000001cb9c938d90, 0x000001cb9c9397f0,
0x000001cb9c93a250, 0x000001cb9c93acb0, 0x000001cb9c93b710, 0x000001cb9c9404b0,
0x000001cb9c943aa0, 0x000001cb9c904470, 0x000001cb9ccc18a0, 0x000001cbe39388c0,
0x000001cbe306a760, 0x000001cbe2612a80, 0x000001cb9cb74280, 0x000001cbe2e74ef0,
0x000001cbe31e0630, 0x000001cbe31e2070, 0x000001cbe31debf0, 0x000001cbe31df280,
0x000001cbe31df910, 0x000001cbe31e0cc0, 0x000001cbe31dffa0, 0x000001cbe31e1350,
0x000001cbe31e19e0, 0x000001cbe3ecf7b0, 0x000001cbe3ecc9c0, 0x000001cbe3ecd6e0,
0x000001cbe3ecfe40, 0x000001cbe3ed1f10, 0x000001cbe3ece400, 0x000001cbe3ecea90,
0x000001cbe3ed1880, 0x000001cbe3ecf120, 0x000001cbe3ecb610, 0x000001cbe3ed2c30,
0x000001cbe3ecbca0, 0x000001cbe5a9cab0, 0x000001cbe5a9d7d0, 0x000001cbe5a9c420,
0x000001cbe5a9d140, 0x000001cbe5a9e4f0, 0x000001cbe5a9b070, 0x000001cbe2c0afe0,
0x000001cbe569ef60, 0x000001cbe569e8d0, 0x000001cbe56a23e0, 0x000001cbe56a1d50,
0x000001cbe569e240, 0x000001cbe56a2a70, 0x000001cbe569f5f0, 0x000001cbe569fc80,
0x000001cbe569c800, 0x000001cbe56a0310, 0x000001cbe56a1030, 0x000001cbe56a09a0,
0x000001cbe56a16c0, 0x000001cbe56a3e20, 0x000001cbe569ce90, 0x000001cbe569d520
}

Java Threads: ( => current thread )
  0x000001cbfe587bd0 JavaThread "main"                              [_thread_blocked, id=11904, stack(0x0000005699c00000,0x0000005699d00000) (1024K)]
  0x000001cb9c938330 JavaThread "Reference Handler"          daemon [_thread_blocked, id=5360, stack(0x000000569a400000,0x000000569a500000) (1024K)]
  0x000001cb9c938d90 JavaThread "Finalizer"                  daemon [_thread_blocked, id=10960, stack(0x000000569a500000,0x000000569a600000) (1024K)]
  0x000001cb9c9397f0 JavaThread "Signal Dispatcher"          daemon [_thread_blocked, id=5916, stack(0x000000569a600000,0x000000569a700000) (1024K)]
  0x000001cb9c93a250 JavaThread "Attach Listener"            daemon [_thread_blocked, id=7520, stack(0x000000569a700000,0x000000569a800000) (1024K)]
  0x000001cb9c93acb0 JavaThread "Service Thread"             daemon [_thread_blocked, id=5696, stack(0x000000569a800000,0x000000569a900000) (1024K)]
  0x000001cb9c93b710 JavaThread "Monitor Deflation Thread"   daemon [_thread_blocked, id=8696, stack(0x000000569a900000,0x000000569aa00000) (1024K)]
  0x000001cb9c9404b0 JavaThread "C2 CompilerThread0"         daemon [_thread_in_native, id=3472, stack(0x000000569aa00000,0x000000569ab00000) (1024K)]
=>0x000001cb9c943aa0 JavaThread "C1 CompilerThread0"         daemon [_thread_in_vm, id=3184, stack(0x000000569ab00000,0x000000569ac00000) (1024K)]
  0x000001cb9c904470 JavaThread "Common-Cleaner"             daemon [_thread_blocked, id=7760, stack(0x000000569ac00000,0x000000569ad00000) (1024K)]
  0x000001cb9ccc18a0 JavaThread "Notification Thread"        daemon [_thread_blocked, id=3748, stack(0x000000569ad00000,0x000000569ae00000) (1024K)]
  0x000001cbe39388c0 JavaThread "Daemon health stats"               [_thread_blocked, id=12336, stack(0x000000569b100000,0x000000569b200000) (1024K)]
  0x000001cbe306a760 JavaThread "Incoming local TCP Connector on port 64906"        [_thread_in_native, id=8464, stack(0x000000569b200000,0x000000569b300000) (1024K)]
  0x000001cbe2612a80 JavaThread "Daemon periodic checks"            [_thread_blocked, id=14140, stack(0x000000569b300000,0x000000569b400000) (1024K)]
  0x000001cb9cb74280 JavaThread "Daemon"                            [_thread_blocked, id=13876, stack(0x000000569b400000,0x000000569b500000) (1024K)]
  0x000001cbe2e74ef0 JavaThread "Handler for socket connection from /127.0.0.1:64906 to /127.0.0.1:64915"        [_thread_in_native, id=4440, stack(0x000000569b500000,0x000000569b600000) (1024K)]
  0x000001cbe31e0630 JavaThread "Cancel handler"                    [_thread_blocked, id=7896, stack(0x000000569b600000,0x000000569b700000) (1024K)]
  0x000001cbe31e2070 JavaThread "Daemon worker"                     [_thread_blocked, id=7780, stack(0x000000569b700000,0x000000569b800000) (1024K)]
  0x000001cbe31debf0 JavaThread "Asynchronous log dispatcher for DefaultDaemonConnection: socket connection from /127.0.0.1:64906 to /127.0.0.1:64915"        [_thread_blocked, id=5504, stack(0x000000569b800000,0x000000569b900000) (1024K)]
  0x000001cbe31df280 JavaThread "Stdin handler"                     [_thread_blocked, id=7888, stack(0x000000569b900000,0x000000569ba00000) (1024K)]
  0x000001cbe31df910 JavaThread "Daemon client event forwarder"        [_thread_blocked, id=5416, stack(0x000000569ba00000,0x000000569bb00000) (1024K)]
  0x000001cbe31e0cc0 JavaThread "Cache worker for journal cache (C:\Users\KYTHOURS\.gradle\caches\journal-1)"        [_thread_blocked, id=14808, stack(0x000000569bb00000,0x000000569bc00000) (1024K)]
  0x000001cbe31dffa0 JavaThread "File lock request listener"        [_thread_in_native, id=3480, stack(0x000000569bc00000,0x000000569bd00000) (1024K)]
  0x000001cbe31e1350 JavaThread "File lock release action executor"        [_thread_blocked, id=14920, stack(0x000000569bd00000,0x000000569be00000) (1024K)]
  0x000001cbe31e19e0 JavaThread "Cache worker for file hash cache (C:\Users\KYTHOURS\.gradle\caches\8.12\fileHashes)"        [_thread_blocked, id=13996, stack(0x000000569be00000,0x000000569bf00000) (1024K)]
  0x000001cbe3ecf7b0 JavaThread "Cache worker for file hash cache (D:\TestPlugins-master\.gradle\8.12\fileHashes)"        [_thread_blocked, id=5732, stack(0x000000569bf00000,0x000000569c000000) (1024K)]
  0x000001cbe3ecc9c0 JavaThread "Cache worker for Build Output Cleanup Cache (D:\TestPlugins-master\.gradle\buildOutputCleanup)"        [_thread_blocked, id=15168, stack(0x000000569c000000,0x000000569c100000) (1024K)]
  0x000001cbe3ecd6e0 JavaThread "File watcher server"        daemon [_thread_in_native, id=5476, stack(0x000000569c100000,0x000000569c200000) (1024K)]
  0x000001cbe3ecfe40 JavaThread "File watcher consumer"      daemon [_thread_blocked, id=1648, stack(0x000000569c200000,0x000000569c300000) (1024K)]
  0x000001cbe3ed1f10 JavaThread "Cache worker for checksums cache (D:\TestPlugins-master\.gradle\8.12\checksums)"        [_thread_blocked, id=2380, stack(0x000000569c300000,0x000000569c400000) (1024K)]
  0x000001cbe3ece400 JavaThread "Cache worker for file content cache (C:\Users\KYTHOURS\.gradle\caches\8.12\fileContent)"        [_thread_blocked, id=15584, stack(0x000000569c400000,0x000000569c500000) (1024K)]
  0x000001cbe3ecea90 JavaThread "Cache worker for cache directory md-rule (C:\Users\KYTHOURS\.gradle\caches\8.12\md-rule)"        [_thread_blocked, id=9996, stack(0x000000569c500000,0x000000569c600000) (1024K)]
  0x000001cbe3ed1880 JavaThread "Cache worker for cache directory md-supplier (C:\Users\KYTHOURS\.gradle\caches\8.12\md-supplier)"        [_thread_blocked, id=8752, stack(0x000000569c600000,0x000000569c700000) (1024K)]
  0x000001cbe3ecf120 JavaThread "Unconstrained build operations"        [_thread_blocked, id=11536, stack(0x000000569c700000,0x000000569c800000) (1024K)]
  0x000001cbe3ecb610 JavaThread "Unconstrained build operations Thread 2"        [_thread_blocked, id=4044, stack(0x000000569c800000,0x000000569c900000) (1024K)]
  0x000001cbe3ed2c30 JavaThread "Unconstrained build operations Thread 3"        [_thread_blocked, id=11632, stack(0x000000569c900000,0x000000569ca00000) (1024K)]
  0x000001cbe3ecbca0 JavaThread "Unconstrained build operations Thread 4"        [_thread_blocked, id=3248, stack(0x000000569ca00000,0x000000569cb00000) (1024K)]
  0x000001cbe5a9cab0 JavaThread "Unconstrained build operations Thread 5"        [_thread_blocked, id=10316, stack(0x000000569cb00000,0x000000569cc00000) (1024K)]
  0x000001cbe5a9d7d0 JavaThread "Unconstrained build operations Thread 6"        [_thread_blocked, id=13760, stack(0x000000569cc00000,0x000000569cd00000) (1024K)]
  0x000001cbe5a9c420 JavaThread "Unconstrained build operations Thread 7"        [_thread_blocked, id=13168, stack(0x000000569cd00000,0x000000569ce00000) (1024K)]
  0x000001cbe5a9d140 JavaThread "Unconstrained build operations Thread 8"        [_thread_blocked, id=13940, stack(0x000000569ce00000,0x000000569cf00000) (1024K)]
  0x000001cbe5a9e4f0 JavaThread "Unconstrained build operations Thread 9"        [_thread_blocked, id=13176, stack(0x000000569cf00000,0x000000569d000000) (1024K)]
  0x000001cbe5a9b070 JavaThread "Memory manager"                    [_thread_blocked, id=13128, stack(0x000000569d000000,0x000000569d100000) (1024K)]
  0x000001cbe2c0afe0 JavaThread "build event listener"              [_thread_blocked, id=1504, stack(0x0000005699900000,0x0000005699a00000) (1024K)]
  0x000001cbe569ef60 JavaThread "included builds"                   [_thread_blocked, id=4372, stack(0x0000005699a00000,0x0000005699b00000) (1024K)]
  0x000001cbe569e8d0 JavaThread "Execution worker"                  [_thread_in_vm, id=8912, stack(0x0000005699b00000,0x0000005699c00000) (1024K)]
  0x000001cbe56a23e0 JavaThread "Execution worker Thread 2"         [_thread_blocked, id=15576, stack(0x000000569d100000,0x000000569d200000) (1024K)]
  0x000001cbe56a1d50 JavaThread "Execution worker Thread 3"         [_thread_blocked, id=14828, stack(0x000000569d200000,0x000000569d300000) (1024K)]
  0x000001cbe569e240 JavaThread "Cache worker for execution history cache (D:\TestPlugins-master\.gradle\8.12\executionHistory)"        [_thread_blocked, id=14492, stack(0x000000569d300000,0x000000569d400000) (1024K)]
  0x000001cbe56a2a70 JavaThread "Unconstrained build operations Thread 10"        [_thread_blocked, id=5160, stack(0x000000569d400000,0x000000569d500000) (1024K)]
  0x000001cbe569f5f0 JavaThread "Problems report writer"            [_thread_blocked, id=11744, stack(0x000000569d500000,0x000000569d600000) (1024K)]
  0x000001cbe569fc80 JavaThread "Unconstrained build operations Thread 11"        [_thread_blocked, id=14788, stack(0x000000569d600000,0x000000569d700000) (1024K)]
  0x000001cbe569c800 JavaThread "Unconstrained build operations Thread 12"        [_thread_blocked, id=12756, stack(0x000000569d700000,0x000000569d800000) (1024K)]
  0x000001cbe56a0310 JavaThread "Unconstrained build operations Thread 13"        [_thread_blocked, id=14720, stack(0x000000569d800000,0x000000569d900000) (1024K)]
  0x000001cbe56a1030 JavaThread "Unconstrained build operations Thread 14"        [_thread_blocked, id=6960, stack(0x000000569d900000,0x000000569da00000) (1024K)]
  0x000001cbe56a09a0 JavaThread "Unconstrained build operations Thread 15"        [_thread_blocked, id=13580, stack(0x000000569da00000,0x000000569db00000) (1024K)]
  0x000001cbe56a16c0 JavaThread "Unconstrained build operations Thread 16"        [_thread_blocked, id=5456, stack(0x000000569db00000,0x000000569dc00000) (1024K)]
  0x000001cbe56a3e20 JavaThread "Unconstrained build operations Thread 17"        [_thread_blocked, id=6084, stack(0x000000569dc00000,0x000000569dd00000) (1024K)]
  0x000001cbe569ce90 JavaThread "Unconstrained build operations Thread 18"        [_thread_blocked, id=10752, stack(0x000000569dd00000,0x000000569de00000) (1024K)]
  0x000001cbe569d520 JavaThread "Unconstrained build operations Thread 19"        [_thread_blocked, id=6024, stack(0x000000569de00000,0x000000569df00000) (1024K)]
Total: 60

Other Threads:
  0x000001cb9c91ab40 VMThread "VM Thread"                           [id=13156, stack(0x000000569a300000,0x000000569a400000) (1024K)]
  0x000001cb9c9013f0 WatcherThread "VM Periodic Task Thread"        [id=15012, stack(0x000000569a200000,0x000000569a300000) (1024K)]
  0x000001cb80895280 WorkerThread "GC Thread#0"                     [id=12372, stack(0x0000005699d00000,0x0000005699e00000) (1024K)]
  0x000001cb9ccfe690 WorkerThread "GC Thread#1"                     [id=11236, stack(0x000000569ae00000,0x000000569af00000) (1024K)]
  0x000001cb9cecc260 WorkerThread "GC Thread#2"                     [id=7360, stack(0x000000569af00000,0x000000569b000000) (1024K)]
  0x000001cbe2953660 WorkerThread "GC Thread#3"                     [id=12520, stack(0x000000569b000000,0x000000569b100000) (1024K)]
  0x000001cb808a6910 ConcurrentGCThread "G1 Main Marker"            [id=10976, stack(0x0000005699e00000,0x0000005699f00000) (1024K)]
  0x000001cb808a72b0 WorkerThread "G1 Conc#0"                       [id=2536, stack(0x0000005699f00000,0x000000569a000000) (1024K)]
  0x000001cb808fea80 ConcurrentGCThread "G1 Refine#0"               [id=9208, stack(0x000000569a000000,0x000000569a100000) (1024K)]
  0x000001cb9c7d3750 ConcurrentGCThread "G1 Service"                [id=15456, stack(0x000000569a100000,0x000000569a200000) (1024K)]
Total: 10

Threads with active compile tasks:
C2 CompilerThread0    93374 13343       4       java.util.regex.Pattern::split (325 bytes)
C1 CompilerThread0    93374 13409       3       kotlin.reflect.jvm.internal.impl.metadata.jvm.JvmProtoBuf$JvmFieldSignature$1::parsePartialFrom (11 bytes)
Total: 2

VM state: not at safepoint (normal execution)

VM Mutex/Monitor currently owned by a thread:  ([mutex/lock_event])
[0x00007ff95d0e64c8] Metaspace_lock - owner thread: 0x000001cb9c943aa0

Heap address: 0x0000000080000000, size: 2048 MB, Compressed Oops mode: 32-bit

CDS archive(s) mapped at: [0x000001cb9d000000-0x000001cb9dc90000-0x000001cb9dc90000), size 13172736, SharedBaseAddress: 0x000001cb9d000000, ArchiveRelocationMode: 1.
Compressed class space mapped at: 0x000001cb9e000000-0x000001cbde000000, reserved size: 1073741824
Narrow klass base: 0x000001cb9d000000, Narrow klass shift: 0, Narrow klass range: 0x100000000

GC Precious Log:
 CardTable entry size: 512
 Card Set container configuration: InlinePtr #cards 5 size 8 Array Of Cards #cards 12 size 40 Howl #buckets 4 coarsen threshold 1843 Howl Bitmap #cards 512 size 80 coarsen threshold 460 Card regions per heap region 1 cards per card region 2048
 CPUs: 4 total, 4 available
 Memory: 6095M
 Large Page Support: Disabled
 NUMA Support: Disabled
 Compressed Oops: Enabled (32-bit)
 Heap Region Size: 1M
 Heap Min Capacity: 8M
 Heap Initial Capacity: 96M
 Heap Max Capacity: 2G
 Pre-touch: Disabled
 Parallel Workers: 4
 Concurrent Workers: 1
 Concurrent Refinement Workers: 4
 Periodic GC: Disabled

Heap:
 garbage-first heap   total 158720K, used 103705K [0x0000000080000000, 0x0000000100000000)
  region size 1024K, 13 young (13312K), 7 survivors (7168K)
 Metaspace       used 97248K, committed 99520K, reserved 1179648K
  class space    used 13716K, committed 14848K, reserved 1048576K

Heap Regions: E=young(eden), S=young(survivor), O=old, HS=humongous(starts), HC=humongous(continues), CS=collection set, F=free, TAMS=top-at-mark-start, PB=parsable bottom
|   0|0x0000000080000000, 0x0000000080100000, 0x0000000080100000|100%|HS|  |TAMS 0x0000000080000000| PB 0x0000000080000000| Complete 
|   1|0x0000000080100000, 0x0000000080200000, 0x0000000080200000|100%|HC|  |TAMS 0x0000000080100000| PB 0x0000000080100000| Complete 
|   2|0x0000000080200000, 0x0000000080300000, 0x0000000080300000|100%|HC|  |TAMS 0x0000000080200000| PB 0x0000000080200000| Complete 
|   3|0x0000000080300000, 0x0000000080400000, 0x0000000080400000|100%| O|  |TAMS 0x0000000080300000| PB 0x0000000080300000| Untracked 
|   4|0x0000000080400000, 0x0000000080500000, 0x0000000080500000|100%| O|  |TAMS 0x0000000080400000| PB 0x0000000080400000| Untracked 
|   5|0x0000000080500000, 0x0000000080600000, 0x0000000080600000|100%| O|  |TAMS 0x0000000080500000| PB 0x0000000080500000| Untracked 
|   6|0x0000000080600000, 0x0000000080700000, 0x0000000080700000|100%|HS|  |TAMS 0x0000000080600000| PB 0x0000000080600000| Complete 
|   7|0x0000000080700000, 0x0000000080800000, 0x0000000080800000|100%| O|  |TAMS 0x0000000080700000| PB 0x0000000080700000| Untracked 
|   8|0x0000000080800000, 0x0000000080900000, 0x0000000080900000|100%| O|  |TAMS 0x0000000080800000| PB 0x0000000080800000| Untracked 
|   9|0x0000000080900000, 0x0000000080a00000, 0x0000000080a00000|100%| O|  |TAMS 0x0000000080900000| PB 0x0000000080900000| Untracked 
|  10|0x0000000080a00000, 0x0000000080b00000, 0x0000000080b00000|100%| O|  |TAMS 0x0000000080a00000| PB 0x0000000080a00000| Untracked 
|  11|0x0000000080b00000, 0x0000000080c00000, 0x0000000080c00000|100%| O|  |TAMS 0x0000000080b00000| PB 0x0000000080b00000| Untracked 
|  12|0x0000000080c00000, 0x0000000080d00000, 0x0000000080d00000|100%| O|  |TAMS 0x0000000080c00000| PB 0x0000000080c00000| Untracked 
|  13|0x0000000080d00000, 0x0000000080e00000, 0x0000000080e00000|100%| O|  |TAMS 0x0000000080d00000| PB 0x0000000080d00000| Untracked 
|  14|0x0000000080e00000, 0x0000000080f00000, 0x0000000080f00000|100%| O|  |TAMS 0x0000000080e00000| PB 0x0000000080e00000| Untracked 
|  15|0x0000000080f00000, 0x0000000081000000, 0x0000000081000000|100%| O|  |TAMS 0x0000000080f00000| PB 0x0000000080f00000| Untracked 
|  16|0x0000000081000000, 0x0000000081100000, 0x0000000081100000|100%| O|  |TAMS 0x0000000081000000| PB 0x0000000081000000| Untracked 
|  17|0x0000000081100000, 0x0000000081200000, 0x0000000081200000|100%| O|  |TAMS 0x0000000081100000| PB 0x0000000081100000| Untracked 
|  18|0x0000000081200000, 0x0000000081300000, 0x0000000081300000|100%| O|  |TAMS 0x0000000081200000| PB 0x0000000081200000| Untracked 
|  19|0x0000000081300000, 0x0000000081400000, 0x0000000081400000|100%| O|  |TAMS 0x0000000081300000| PB 0x0000000081300000| Untracked 
|  20|0x0000000081400000, 0x0000000081500000, 0x0000000081500000|100%| O|  |TAMS 0x0000000081400000| PB 0x0000000081400000| Untracked 
|  21|0x0000000081500000, 0x0000000081600000, 0x0000000081600000|100%| O|  |TAMS 0x0000000081500000| PB 0x0000000081500000| Untracked 
|  22|0x0000000081600000, 0x0000000081700000, 0x0000000081700000|100%| O|  |TAMS 0x0000000081600000| PB 0x0000000081600000| Untracked 
|  23|0x0000000081700000, 0x0000000081800000, 0x0000000081800000|100%| O|  |TAMS 0x0000000081700000| PB 0x0000000081700000| Untracked 
|  24|0x0000000081800000, 0x0000000081900000, 0x0000000081900000|100%| O|  |TAMS 0x0000000081800000| PB 0x0000000081800000| Untracked 
|  25|0x0000000081900000, 0x0000000081a00000, 0x0000000081a00000|100%| O|  |TAMS 0x0000000081900000| PB 0x0000000081900000| Untracked 
|  26|0x0000000081a00000, 0x0000000081b00000, 0x0000000081b00000|100%| O|  |TAMS 0x0000000081a00000| PB 0x0000000081a00000| Untracked 
|  27|0x0000000081b00000, 0x0000000081c00000, 0x0000000081c00000|100%| O|  |TAMS 0x0000000081b00000| PB 0x0000000081b00000| Untracked 
|  28|0x0000000081c00000, 0x0000000081d00000, 0x0000000081d00000|100%| O|  |TAMS 0x0000000081c00000| PB 0x0000000081c00000| Untracked 
|  29|0x0000000081d00000, 0x0000000081e00000, 0x0000000081e00000|100%| O|  |TAMS 0x0000000081d00000| PB 0x0000000081d00000| Untracked 
|  30|0x0000000081e00000, 0x0000000081f00000, 0x0000000081f00000|100%| O|  |TAMS 0x0000000081e00000| PB 0x0000000081e00000| Untracked 
|  31|0x0000000081f00000, 0x0000000082000000, 0x0000000082000000|100%| O|  |TAMS 0x0000000081f00000| PB 0x0000000081f00000| Untracked 
|  32|0x0000000082000000, 0x0000000082000000, 0x0000000082100000|  0%| F|  |TAMS 0x0000000082000000| PB 0x0000000082000000| Untracked 
|  33|0x0000000082100000, 0x0000000082200000, 0x0000000082200000|100%| O|  |TAMS 0x0000000082100000| PB 0x0000000082100000| Untracked 
|  34|0x0000000082200000, 0x0000000082300000, 0x0000000082300000|100%| O|  |TAMS 0x0000000082200000| PB 0x0000000082200000| Untracked 
|  35|0x0000000082300000, 0x0000000082400000, 0x0000000082400000|100%| O|  |TAMS 0x0000000082300000| PB 0x0000000082300000| Untracked 
|  36|0x0000000082400000, 0x0000000082500000, 0x0000000082500000|100%| O|  |TAMS 0x0000000082400000| PB 0x0000000082400000| Untracked 
|  37|0x0000000082500000, 0x0000000082600000, 0x0000000082600000|100%| O|  |TAMS 0x0000000082500000| PB 0x0000000082500000| Untracked 
|  38|0x0000000082600000, 0x0000000082700000, 0x0000000082700000|100%| O|  |TAMS 0x0000000082600000| PB 0x0000000082600000| Untracked 
|  39|0x0000000082700000, 0x0000000082800000, 0x0000000082800000|100%| O|  |TAMS 0x0000000082700000| PB 0x0000000082700000| Untracked 
|  40|0x0000000082800000, 0x0000000082900000, 0x0000000082900000|100%| O|  |TAMS 0x0000000082800000| PB 0x0000000082800000| Untracked 
|  41|0x0000000082900000, 0x0000000082a00000, 0x0000000082a00000|100%| O|  |TAMS 0x0000000082900000| PB 0x0000000082900000| Untracked 
|  42|0x0000000082a00000, 0x0000000082b00000, 0x0000000082b00000|100%| O|  |TAMS 0x0000000082a00000| PB 0x0000000082a00000| Untracked 
|  43|0x0000000082b00000, 0x0000000082c00000, 0x0000000082c00000|100%| O|  |TAMS 0x0000000082b00000| PB 0x0000000082b00000| Untracked 
|  44|0x0000000082c00000, 0x0000000082d00000, 0x0000000082d00000|100%| O|  |TAMS 0x0000000082c00000| PB 0x0000000082c00000| Untracked 
|  45|0x0000000082d00000, 0x0000000082e00000, 0x0000000082e00000|100%| O|  |TAMS 0x0000000082d00000| PB 0x0000000082d00000| Untracked 
|  46|0x0000000082e00000, 0x0000000082f00000, 0x0000000082f00000|100%|HS|  |TAMS 0x0000000082e00000| PB 0x0000000082e00000| Complete 
|  47|0x0000000082f00000, 0x0000000083000000, 0x0000000083000000|100%|HS|  |TAMS 0x0000000082f00000| PB 0x0000000082f00000| Complete 
|  48|0x0000000083000000, 0x0000000083100000, 0x0000000083100000|100%|HC|  |TAMS 0x0000000083000000| PB 0x0000000083000000| Complete 
|  49|0x0000000083100000, 0x0000000083200000, 0x0000000083200000|100%|HS|  |TAMS 0x0000000083100000| PB 0x0000000083100000| Complete 
|  50|0x0000000083200000, 0x0000000083300000, 0x0000000083300000|100%|HS|  |TAMS 0x0000000083200000| PB 0x0000000083200000| Complete 
|  51|0x0000000083300000, 0x0000000083400000, 0x0000000083400000|100%| O|  |TAMS 0x0000000083300000| PB 0x0000000083300000| Untracked 
|  52|0x0000000083400000, 0x0000000083500000, 0x0000000083500000|100%|HS|  |TAMS 0x0000000083400000| PB 0x0000000083400000| Complete 
|  53|0x0000000083500000, 0x0000000083600000, 0x0000000083600000|100%|HS|  |TAMS 0x0000000083500000| PB 0x0000000083500000| Complete 
|  54|0x0000000083600000, 0x0000000083700000, 0x0000000083700000|100%|HS|  |TAMS 0x0000000083600000| PB 0x0000000083600000| Complete 
|  55|0x0000000083700000, 0x0000000083800000, 0x0000000083800000|100%|HC|  |TAMS 0x0000000083700000| PB 0x0000000083700000| Complete 
|  56|0x0000000083800000, 0x0000000083900000, 0x0000000083900000|100%| O|  |TAMS 0x0000000083800000| PB 0x0000000083800000| Untracked 
|  57|0x0000000083900000, 0x0000000083a00000, 0x0000000083a00000|100%| O|  |TAMS 0x0000000083900000| PB 0x0000000083900000| Untracked 
|  58|0x0000000083a00000, 0x0000000083b00000, 0x0000000083b00000|100%| O|  |TAMS 0x0000000083a00000| PB 0x0000000083a00000| Untracked 
|  59|0x0000000083b00000, 0x0000000083c00000, 0x0000000083c00000|100%| O|  |TAMS 0x0000000083b00000| PB 0x0000000083b00000| Untracked 
|  60|0x0000000083c00000, 0x0000000083d00000, 0x0000000083d00000|100%| O|  |TAMS 0x0000000083c00000| PB 0x0000000083c00000| Untracked 
|  61|0x0000000083d00000, 0x0000000083e00000, 0x0000000083e00000|100%| O|  |TAMS 0x0000000083d00000| PB 0x0000000083d00000| Untracked 
|  62|0x0000000083e00000, 0x0000000083f00000, 0x0000000083f00000|100%| O|  |TAMS 0x0000000083e00000| PB 0x0000000083e00000| Untracked 
|  63|0x0000000083f00000, 0x0000000084000000, 0x0000000084000000|100%| O|  |TAMS 0x0000000083f00000| PB 0x0000000083f00000| Untracked 
|  64|0x0000000084000000, 0x0000000084100000, 0x0000000084100000|100%| O|  |TAMS 0x0000000084000000| PB 0x0000000084000000| Untracked 
|  65|0x0000000084100000, 0x0000000084200000, 0x0000000084200000|100%| O|  |TAMS 0x0000000084100000| PB 0x0000000084100000| Untracked 
|  66|0x0000000084200000, 0x0000000084300000, 0x0000000084300000|100%| O|  |TAMS 0x0000000084200000| PB 0x0000000084200000| Untracked 
|  67|0x0000000084300000, 0x0000000084400000, 0x0000000084400000|100%| O|  |TAMS 0x0000000084300000| PB 0x0000000084300000| Untracked 
|  68|0x0000000084400000, 0x0000000084500000, 0x0000000084500000|100%| O|  |TAMS 0x0000000084400000| PB 0x0000000084400000| Untracked 
|  69|0x0000000084500000, 0x0000000084600000, 0x0000000084600000|100%| O|  |TAMS 0x0000000084500000| PB 0x0000000084500000| Untracked 
|  70|0x0000000084600000, 0x0000000084700000, 0x0000000084700000|100%| O|  |TAMS 0x0000000084600000| PB 0x0000000084600000| Untracked 
|  71|0x0000000084700000, 0x0000000084800000, 0x0000000084800000|100%| O|  |TAMS 0x0000000084700000| PB 0x0000000084700000| Untracked 
|  72|0x0000000084800000, 0x0000000084900000, 0x0000000084900000|100%| O|  |TAMS 0x0000000084800000| PB 0x0000000084800000| Untracked 
|  73|0x0000000084900000, 0x0000000084a00000, 0x0000000084a00000|100%| O|  |TAMS 0x0000000084900000| PB 0x0000000084900000| Untracked 
|  74|0x0000000084a00000, 0x0000000084b00000, 0x0000000084b00000|100%| O|  |TAMS 0x0000000084a00000| PB 0x0000000084a00000| Untracked 
|  75|0x0000000084b00000, 0x0000000084c00000, 0x0000000084c00000|100%| O|  |TAMS 0x0000000084b00000| PB 0x0000000084b00000| Untracked 
|  76|0x0000000084c00000, 0x0000000084d00000, 0x0000000084d00000|100%| O|  |TAMS 0x0000000084c00000| PB 0x0000000084c00000| Untracked 
|  77|0x0000000084d00000, 0x0000000084d00000, 0x0000000084e00000|  0%| F|  |TAMS 0x0000000084d00000| PB 0x0000000084d00000| Untracked 
|  78|0x0000000084e00000, 0x0000000084e00000, 0x0000000084f00000|  0%| F|  |TAMS 0x0000000084e00000| PB 0x0000000084e00000| Untracked 
|  79|0x0000000084f00000, 0x0000000085000000, 0x0000000085000000|100%| O|  |TAMS 0x0000000084f00000| PB 0x0000000084f00000| Untracked 
|  80|0x0000000085000000, 0x0000000085100000, 0x0000000085100000|100%| O|  |TAMS 0x0000000085000000| PB 0x0000000085000000| Untracked 
|  81|0x0000000085100000, 0x0000000085200000, 0x0000000085200000|100%| O|  |TAMS 0x0000000085100000| PB 0x0000000085100000| Untracked 
|  82|0x0000000085200000, 0x0000000085300000, 0x0000000085300000|100%| O|  |TAMS 0x0000000085200000| PB 0x0000000085200000| Untracked 
|  83|0x0000000085300000, 0x0000000085400000, 0x0000000085400000|100%| O|  |TAMS 0x0000000085300000| PB 0x0000000085300000| Untracked 
|  84|0x0000000085400000, 0x0000000085500000, 0x0000000085500000|100%| O|  |TAMS 0x0000000085400000| PB 0x0000000085400000| Untracked 
|  85|0x0000000085500000, 0x0000000085600000, 0x0000000085600000|100%| O|  |TAMS 0x0000000085500000| PB 0x0000000085500000| Untracked 
|  86|0x0000000085600000, 0x0000000085700000, 0x0000000085700000|100%| O|  |TAMS 0x0000000085600000| PB 0x0000000085600000| Untracked 
|  87|0x0000000085700000, 0x0000000085800000, 0x0000000085800000|100%| O|  |TAMS 0x0000000085700000| PB 0x0000000085700000| Untracked 
|  88|0x0000000085800000, 0x0000000085900000, 0x0000000085900000|100%| O|  |TAMS 0x0000000085800000| PB 0x0000000085800000| Untracked 
|  89|0x0000000085900000, 0x0000000085946700, 0x0000000085a00000| 27%| O|  |TAMS 0x0000000085900000| PB 0x0000000085900000| Untracked 
|  90|0x0000000085a00000, 0x0000000085a00000, 0x0000000085b00000|  0%| F|  |TAMS 0x0000000085a00000| PB 0x0000000085a00000| Untracked 
|  91|0x0000000085b00000, 0x0000000085b00000, 0x0000000085c00000|  0%| F|  |TAMS 0x0000000085b00000| PB 0x0000000085b00000| Untracked 
|  92|0x0000000085c00000, 0x0000000085d00000, 0x0000000085d00000|100%| S|CS|TAMS 0x0000000085c00000| PB 0x0000000085c00000| Complete 
|  93|0x0000000085d00000, 0x0000000085e00000, 0x0000000085e00000|100%| S|CS|TAMS 0x0000000085d00000| PB 0x0000000085d00000| Complete 
|  94|0x0000000085e00000, 0x0000000085f00000, 0x0000000085f00000|100%| S|CS|TAMS 0x0000000085e00000| PB 0x0000000085e00000| Complete 
|  95|0x0000000085f00000, 0x0000000086000000, 0x0000000086000000|100%| S|CS|TAMS 0x0000000085f00000| PB 0x0000000085f00000| Complete 
|  96|0x0000000086000000, 0x0000000086100000, 0x0000000086100000|100%| S|CS|TAMS 0x0000000086000000| PB 0x0000000086000000| Complete 
|  97|0x0000000086100000, 0x0000000086200000, 0x0000000086200000|100%| S|CS|TAMS 0x0000000086100000| PB 0x0000000086100000| Complete 
|  98|0x0000000086200000, 0x0000000086300000, 0x0000000086300000|100%| S|CS|TAMS 0x0000000086200000| PB 0x0000000086200000| Complete 
|  99|0x0000000086300000, 0x0000000086300000, 0x0000000086400000|  0%| F|  |TAMS 0x0000000086300000| PB 0x0000000086300000| Untracked 
| 100|0x0000000086400000, 0x0000000086400000, 0x0000000086500000|  0%| F|  |TAMS 0x0000000086400000| PB 0x0000000086400000| Untracked 
| 101|0x0000000086500000, 0x0000000086500000, 0x0000000086600000|  0%| F|  |TAMS 0x0000000086500000| PB 0x0000000086500000| Untracked 
| 102|0x0000000086600000, 0x0000000086600000, 0x0000000086700000|  0%| F|  |TAMS 0x0000000086600000| PB 0x0000000086600000| Untracked 
| 103|0x0000000086700000, 0x0000000086700000, 0x0000000086800000|  0%| F|  |TAMS 0x0000000086700000| PB 0x0000000086700000| Untracked 
| 104|0x0000000086800000, 0x0000000086800000, 0x0000000086900000|  0%| F|  |TAMS 0x0000000086800000| PB 0x0000000086800000| Untracked 
| 105|0x0000000086900000, 0x0000000086900000, 0x0000000086a00000|  0%| F|  |TAMS 0x0000000086900000| PB 0x0000000086900000| Untracked 
| 106|0x0000000086a00000, 0x0000000086a00000, 0x0000000086b00000|  0%| F|  |TAMS 0x0000000086a00000| PB 0x0000000086a00000| Untracked 
| 107|0x0000000086b00000, 0x0000000086b00000, 0x0000000086c00000|  0%| F|  |TAMS 0x0000000086b00000| PB 0x0000000086b00000| Untracked 
| 108|0x0000000086c00000, 0x0000000086c00000, 0x0000000086d00000|  0%| F|  |TAMS 0x0000000086c00000| PB 0x0000000086c00000| Untracked 
| 109|0x0000000086d00000, 0x0000000086d00000, 0x0000000086e00000|  0%| F|  |TAMS 0x0000000086d00000| PB 0x0000000086d00000| Untracked 
| 110|0x0000000086e00000, 0x0000000086e00000, 0x0000000086f00000|  0%| F|  |TAMS 0x0000000086e00000| PB 0x0000000086e00000| Untracked 
| 111|0x0000000086f00000, 0x0000000086f00000, 0x0000000087000000|  0%| F|  |TAMS 0x0000000086f00000| PB 0x0000000086f00000| Untracked 
| 112|0x0000000087000000, 0x0000000087000000, 0x0000000087100000|  0%| F|  |TAMS 0x0000000087000000| PB 0x0000000087000000| Untracked 
| 113|0x0000000087100000, 0x0000000087100000, 0x0000000087200000|  0%| F|  |TAMS 0x0000000087100000| PB 0x0000000087100000| Untracked 
| 114|0x0000000087200000, 0x0000000087200000, 0x0000000087300000|  0%| F|  |TAMS 0x0000000087200000| PB 0x0000000087200000| Untracked 
| 115|0x0000000087300000, 0x0000000087300000, 0x0000000087400000|  0%| F|  |TAMS 0x0000000087300000| PB 0x0000000087300000| Untracked 
| 116|0x0000000087400000, 0x0000000087400000, 0x0000000087500000|  0%| F|  |TAMS 0x0000000087400000| PB 0x0000000087400000| Untracked 
| 117|0x0000000087500000, 0x0000000087500000, 0x0000000087600000|  0%| F|  |TAMS 0x0000000087500000| PB 0x0000000087500000| Untracked 
| 118|0x0000000087600000, 0x0000000087600000, 0x0000000087700000|  0%| F|  |TAMS 0x0000000087600000| PB 0x0000000087600000| Untracked 
| 119|0x0000000087700000, 0x0000000087700000, 0x0000000087800000|  0%| F|  |TAMS 0x0000000087700000| PB 0x0000000087700000| Untracked 
| 120|0x0000000087800000, 0x0000000087800000, 0x0000000087900000|  0%| F|  |TAMS 0x0000000087800000| PB 0x0000000087800000| Untracked 
| 121|0x0000000087900000, 0x0000000087900000, 0x0000000087a00000|  0%| F|  |TAMS 0x0000000087900000| PB 0x0000000087900000| Untracked 
| 122|0x0000000087a00000, 0x0000000087a00000, 0x0000000087b00000|  0%| F|  |TAMS 0x0000000087a00000| PB 0x0000000087a00000| Untracked 
| 123|0x0000000087b00000, 0x0000000087b00000, 0x0000000087c00000|  0%| F|  |TAMS 0x0000000087b00000| PB 0x0000000087b00000| Untracked 
| 124|0x0000000087c00000, 0x0000000087c00000, 0x0000000087d00000|  0%| F|  |TAMS 0x0000000087c00000| PB 0x0000000087c00000| Untracked 
| 125|0x0000000087d00000, 0x0000000087d00000, 0x0000000087e00000|  0%| F|  |TAMS 0x0000000087d00000| PB 0x0000000087d00000| Untracked 
| 126|0x0000000087e00000, 0x0000000087e00000, 0x0000000087f00000|  0%| F|  |TAMS 0x0000000087e00000| PB 0x0000000087e00000| Untracked 
| 127|0x0000000087f00000, 0x0000000087f00000, 0x0000000088000000|  0%| F|  |TAMS 0x0000000087f00000| PB 0x0000000087f00000| Untracked 
| 128|0x0000000088000000, 0x0000000088000000, 0x0000000088100000|  0%| F|  |TAMS 0x0000000088000000| PB 0x0000000088000000| Untracked 
| 129|0x0000000088100000, 0x0000000088100000, 0x0000000088200000|  0%| F|  |TAMS 0x0000000088100000| PB 0x0000000088100000| Untracked 
| 130|0x0000000088200000, 0x0000000088200000, 0x0000000088300000|  0%| F|  |TAMS 0x0000000088200000| PB 0x0000000088200000| Untracked 
| 131|0x0000000088300000, 0x0000000088300000, 0x0000000088400000|  0%| F|  |TAMS 0x0000000088300000| PB 0x0000000088300000| Untracked 
| 132|0x0000000088400000, 0x0000000088400000, 0x0000000088500000|  0%| F|  |TAMS 0x0000000088400000| PB 0x0000000088400000| Untracked 
| 133|0x0000000088500000, 0x0000000088500000, 0x0000000088600000|  0%| F|  |TAMS 0x0000000088500000| PB 0x0000000088500000| Untracked 
| 134|0x0000000088600000, 0x0000000088600000, 0x0000000088700000|  0%| F|  |TAMS 0x0000000088600000| PB 0x0000000088600000| Untracked 
| 135|0x0000000088700000, 0x0000000088700000, 0x0000000088800000|  0%| F|  |TAMS 0x0000000088700000| PB 0x0000000088700000| Untracked 
| 136|0x0000000088800000, 0x0000000088800000, 0x0000000088900000|  0%| F|  |TAMS 0x0000000088800000| PB 0x0000000088800000| Untracked 
| 137|0x0000000088900000, 0x0000000088900000, 0x0000000088a00000|  0%| F|  |TAMS 0x0000000088900000| PB 0x0000000088900000| Untracked 
| 138|0x0000000088a00000, 0x0000000088a00000, 0x0000000088b00000|  0%| F|  |TAMS 0x0000000088a00000| PB 0x0000000088a00000| Untracked 
| 139|0x0000000088b00000, 0x0000000088b00000, 0x0000000088c00000|  0%| F|  |TAMS 0x0000000088b00000| PB 0x0000000088b00000| Untracked 
| 140|0x0000000088c00000, 0x0000000088c00000, 0x0000000088d00000|  0%| F|  |TAMS 0x0000000088c00000| PB 0x0000000088c00000| Untracked 
| 141|0x0000000088d00000, 0x0000000088d00000, 0x0000000088e00000|  0%| F|  |TAMS 0x0000000088d00000| PB 0x0000000088d00000| Untracked 
| 142|0x0000000088e00000, 0x0000000088e00000, 0x0000000088f00000|  0%| F|  |TAMS 0x0000000088e00000| PB 0x0000000088e00000| Untracked 
| 143|0x0000000088f00000, 0x0000000088f00000, 0x0000000089000000|  0%| F|  |TAMS 0x0000000088f00000| PB 0x0000000088f00000| Untracked 
| 144|0x0000000089000000, 0x0000000089000000, 0x0000000089100000|  0%| F|  |TAMS 0x0000000089000000| PB 0x0000000089000000| Untracked 
| 145|0x0000000089100000, 0x0000000089100000, 0x0000000089200000|  0%| F|  |TAMS 0x0000000089100000| PB 0x0000000089100000| Untracked 
| 146|0x0000000089200000, 0x00000000892a98c0, 0x0000000089300000| 66%| E|  |TAMS 0x0000000089200000| PB 0x0000000089200000| Complete 
| 147|0x0000000089300000, 0x0000000089400000, 0x0000000089400000|100%| E|CS|TAMS 0x0000000089300000| PB 0x0000000089300000| Complete 
| 148|0x0000000089400000, 0x0000000089500000, 0x0000000089500000|100%| E|CS|TAMS 0x0000000089400000| PB 0x0000000089400000| Complete 
| 149|0x0000000089500000, 0x0000000089600000, 0x0000000089600000|100%| E|CS|TAMS 0x0000000089500000| PB 0x0000000089500000| Complete 
| 150|0x0000000089600000, 0x0000000089700000, 0x0000000089700000|100%| E|CS|TAMS 0x0000000089600000| PB 0x0000000089600000| Complete 
|2044|0x00000000ffc00000, 0x00000000ffd00000, 0x00000000ffd00000|100%| E|CS|TAMS 0x00000000ffc00000| PB 0x00000000ffc00000| Complete 
|2045|0x00000000ffd00000, 0x00000000ffe00000, 0x00000000ffe00000|100%| O|  |TAMS 0x00000000ffd00000| PB 0x00000000ffd00000| Untracked 
|2046|0x00000000ffe00000, 0x00000000fff00000, 0x00000000fff00000|100%| O|  |TAMS 0x00000000ffe00000| PB 0x00000000ffe00000| Untracked 
|2047|0x00000000fff00000, 0x0000000100000000, 0x0000000100000000|100%| O|  |TAMS 0x00000000fff00000| PB 0x00000000fff00000| Untracked 

Card table byte_map: [0x000001cb98090000,0x000001cb98490000] _byte_map_base: 0x000001cb97c90000

Marking Bits: (CMBitMap*) 0x000001cb80895820
 Bits: [0x000001cb98490000, 0x000001cb9a490000)

Polling page: 0x000001cb80000000

Metaspace:

Usage:
  Non-class:     81.57 MB used.
      Class:     13.40 MB used.
       Both:     94.97 MB used.

Virtual space:
  Non-class space:      128.00 MB reserved,      82.69 MB ( 65%) committed,  2 nodes.
      Class space:        1.00 GB reserved,      14.50 MB (  1%) committed,  1 nodes.
             Both:        1.12 GB reserved,      97.19 MB (  8%) committed. 

Chunk freelists:
   Non-Class:  13.30 MB
       Class:  1.44 MB
        Both:  14.73 MB

MaxMetaspaceSize: unlimited
CompressedClassSpaceSize: 1.00 GB
Initial GC threshold: 21.00 MB
Current GC threshold: 149.62 MB
CDS: on
 - commit_granule_bytes: 65536.
 - commit_granule_words: 8192.
 - virtual_space_node_default_size: 8388608.
 - enlarge_chunks_in_place: 1.
 - use_allocation_guard: 0.


Internal statistics:

num_allocs_failed_limit: 6.
num_arena_births: 4104.
num_arena_deaths: 0.
num_vsnodes_births: 3.
num_vsnodes_deaths: 0.
num_space_committed: 1555.
num_space_uncommitted: 0.
num_chunks_returned_to_freelist: 6.
num_chunks_taken_from_freelist: 8664.
num_chunk_merges: 3.
num_chunk_splits: 5605.
num_chunks_enlarged: 3497.
num_inconsistent_stats: 0.

CodeHeap 'non-profiled nmethods': size=120000Kb used=6890Kb max_used=6890Kb free=113109Kb
 bounds [0x000001cb90760000, 0x000001cb90e20000, 0x000001cb97c90000]
CodeHeap 'profiled nmethods': size=120000Kb used=22746Kb max_used=22746Kb free=97253Kb
 bounds [0x000001cb88c90000, 0x000001cb8a2d0000, 0x000001cb901c0000]
CodeHeap 'non-nmethods': size=5760Kb used=2112Kb max_used=2139Kb free=3647Kb
 bounds [0x000001cb901c0000, 0x000001cb90430000, 0x000001cb90760000]
 total_blobs=12509 nmethods=11671 adapters=741
 compilation: enabled
              stopped_count=0, restarted_count=0
 full_count=0

Compilation events (20 events):
Event: 93.275 Thread 0x000001cb9c943aa0 nmethod 13399 0x000001cb90e14490 code [0x000001cb90e14620, 0x000001cb90e146e8]
Event: 93.275 Thread 0x000001cb9c943aa0 13400       1       kotlin.reflect.jvm.internal.impl.serialization.deserialization.DeserializationComponents::getAnnotationAndConstantLoader (5 bytes)
Event: 93.275 Thread 0x000001cb9c943aa0 nmethod 13400 0x000001cb90e14790 code [0x000001cb90e14920, 0x000001cb90e149e8]
Event: 93.275 Thread 0x000001cb9c943aa0 13401       1       kotlin.reflect.jvm.internal.impl.util.EmptyArrayMap$iterator$1::hasNext (2 bytes)
Event: 93.275 Thread 0x000001cb9c943aa0 nmethod 13401 0x000001cb90e14a90 code [0x000001cb90e14c20, 0x000001cb90e14ce8]
Event: 93.275 Thread 0x000001cb9c943aa0 13402       1       kotlin.reflect.jvm.internal.impl.metadata.ProtoBuf$Type::getArgumentList (5 bytes)
Event: 93.275 Thread 0x000001cb9c943aa0 nmethod 13402 0x000001cb90e14d90 code [0x000001cb90e14f20, 0x000001cb90e14fe8]
Event: 93.275 Thread 0x000001cb9c943aa0 13403       1       kotlin.reflect.jvm.internal.impl.metadata.ProtoBuf$Type::getNullable (5 bytes)
Event: 93.275 Thread 0x000001cb9c943aa0 nmethod 13403 0x000001cb90e15090 code [0x000001cb90e15220, 0x000001cb90e152f0]
Event: 93.275 Thread 0x000001cb9c943aa0 13406       3       kotlin.reflect.jvm.internal.impl.metadata.ProtoBuf$Property::hasReturnType (18 bytes)
Event: 93.275 Thread 0x000001cb9c943aa0 nmethod 13406 0x000001cb8a2ba310 code [0x000001cb8a2ba4a0, 0x000001cb8a2ba610]
Event: 93.276 Thread 0x000001cb9c943aa0 13405       1       kotlin.reflect.jvm.internal.impl.serialization.deserialization.descriptors.DeserializedClassDescriptor$DeserializedClassMemberScope::getClassDescriptor (5 bytes)
Event: 93.276 Thread 0x000001cb9c943aa0 nmethod 13405 0x000001cb90e15390 code [0x000001cb90e15520, 0x000001cb90e155e8]
Event: 93.276 Thread 0x000001cb9c943aa0 13407   !   3       kotlin.reflect.jvm.internal.impl.metadata.ProtoBuf$Property::<init> (1283 bytes)
Event: 93.286 Thread 0x000001cb9c943aa0 nmethod 13407 0x000001cb8a2ba690 code [0x000001cb8a2bb180, 0x000001cb8a2c31d0]
Event: 93.286 Thread 0x000001cb9c943aa0 13410       3       kotlin.reflect.jvm.internal.impl.descriptors.impl.DeclarationDescriptorImpl::getName (13 bytes)
Event: 93.286 Thread 0x000001cb9c943aa0 nmethod 13410 0x000001cb8a2c6390 code [0x000001cb8a2c6540, 0x000001cb8a2c66c8]
Event: 93.286 Thread 0x000001cb9c943aa0 13408       3       kotlin.reflect.jvm.internal.impl.metadata.jvm.JvmProtoBuf$JvmFieldSignature$1::parsePartialFrom (7 bytes)
Event: 93.287 Thread 0x000001cb9c943aa0 nmethod 13408 0x000001cb8a2c6790 code [0x000001cb8a2c6940, 0x000001cb8a2c6a80]
Event: 93.287 Thread 0x000001cb9c943aa0 13409       3       kotlin.reflect.jvm.internal.impl.metadata.jvm.JvmProtoBuf$JvmFieldSignature$1::parsePartialFrom (11 bytes)

GC Heap History (20 events):
Event: 67.918 GC heap before
{Heap before GC invocations=30 (full 0):
 garbage-first heap   total 128000K, used 113123K [0x0000000080000000, 0x0000000100000000)
  region size 1024K, 40 young (40960K), 3 survivors (3072K)
 Metaspace       used 73252K, committed 75200K, reserved 1114112K
  class space    used 10188K, committed 11136K, reserved 1048576K
}
Event: 67.930 GC heap after
{Heap after GC invocations=31 (full 0):
 garbage-first heap   total 128000K, used 76146K [0x0000000080000000, 0x0000000100000000)
  region size 1024K, 3 young (3072K), 3 survivors (3072K)
 Metaspace       used 73252K, committed 75200K, reserved 1114112K
  class space    used 10188K, committed 11136K, reserved 1048576K
}
Event: 69.865 GC heap before
{Heap before GC invocations=31 (full 0):
 garbage-first heap   total 128000K, used 115058K [0x0000000080000000, 0x0000000100000000)
  region size 1024K, 41 young (41984K), 3 survivors (3072K)
 Metaspace       used 75811K, committed 77824K, reserved 1179648K
  class space    used 10585K, committed 11584K, reserved 1048576K
}
Event: 69.877 GC heap after
{Heap after GC invocations=32 (full 0):
 garbage-first heap   total 128000K, used 79014K [0x0000000080000000, 0x0000000100000000)
  region size 1024K, 6 young (6144K), 6 survivors (6144K)
 Metaspace       used 75811K, committed 77824K, reserved 1179648K
  class space    used 10585K, committed 11584K, reserved 1048576K
}
Event: 70.561 GC heap before
{Heap before GC invocations=33 (full 0):
 garbage-first heap   total 138240K, used 111782K [0x0000000080000000, 0x0000000100000000)
  region size 1024K, 39 young (39936K), 6 survivors (6144K)
 Metaspace       used 76127K, committed 78144K, reserved 1179648K
  class space    used 10622K, committed 11584K, reserved 1048576K
}
Event: 70.573 GC heap after
{Heap after GC invocations=34 (full 0):
 garbage-first heap   total 138240K, used 83393K [0x0000000080000000, 0x0000000100000000)
  region size 1024K, 5 young (5120K), 5 survivors (5120K)
 Metaspace       used 76127K, committed 78144K, reserved 1179648K
  class space    used 10622K, committed 11584K, reserved 1048576K
}
Event: 71.749 GC heap before
{Heap before GC invocations=34 (full 0):
 garbage-first heap   total 138240K, used 124353K [0x0000000080000000, 0x0000000100000000)
  region size 1024K, 44 young (45056K), 5 survivors (5120K)
 Metaspace       used 78939K, committed 81024K, reserved 1179648K
  class space    used 10996K, committed 12032K, reserved 1048576K
}
Event: 71.758 GC heap after
{Heap after GC invocations=35 (full 0):
 garbage-first heap   total 138240K, used 83121K [0x0000000080000000, 0x0000000100000000)
  region size 1024K, 2 young (2048K), 2 survivors (2048K)
 Metaspace       used 78939K, committed 81024K, reserved 1179648K
  class space    used 10996K, committed 12032K, reserved 1048576K
}
Event: 72.758 GC heap before
{Heap before GC invocations=35 (full 0):
 garbage-first heap   total 138240K, used 125105K [0x0000000080000000, 0x0000000100000000)
  region size 1024K, 43 young (44032K), 2 survivors (2048K)
 Metaspace       used 82050K, committed 84160K, reserved 1179648K
  class space    used 11581K, committed 12608K, reserved 1048576K
}
Event: 72.765 GC heap after
{Heap after GC invocations=36 (full 0):
 garbage-first heap   total 138240K, used 84353K [0x0000000080000000, 0x0000000100000000)
  region size 1024K, 3 young (3072K), 3 survivors (3072K)
 Metaspace       used 82050K, committed 84160K, reserved 1179648K
  class space    used 11581K, committed 12608K, reserved 1048576K
}
Event: 74.659 GC heap before
{Heap before GC invocations=37 (full 0):
 garbage-first heap   total 150528K, used 126337K [0x0000000080000000, 0x0000000100000000)
  region size 1024K, 44 young (45056K), 3 survivors (3072K)
 Metaspace       used 84708K, committed 86848K, reserved 1179648K
  class space    used 11945K, committed 12992K, reserved 1048576K
}
Event: 74.667 GC heap after
{Heap after GC invocations=38 (full 0):
 garbage-first heap   total 150528K, used 86401K [0x0000000080000000, 0x0000000100000000)
  region size 1024K, 5 young (5120K), 5 survivors (5120K)
 Metaspace       used 84708K, committed 86848K, reserved 1179648K
  class space    used 11945K, committed 12992K, reserved 1048576K
}
Event: 78.431 GC heap before
{Heap before GC invocations=38 (full 0):
 garbage-first heap   total 150528K, used 136577K [0x0000000080000000, 0x0000000100000000)
  region size 1024K, 54 young (55296K), 5 survivors (5120K)
 Metaspace       used 86278K, committed 88448K, reserved 1179648K
  class space    used 12154K, committed 13248K, reserved 1048576K
}
Event: 78.446 GC heap after
{Heap after GC invocations=39 (full 0):
 garbage-first heap   total 150528K, used 88689K [0x0000000080000000, 0x0000000100000000)
  region size 1024K, 7 young (7168K), 7 survivors (7168K)
 Metaspace       used 86278K, committed 88448K, reserved 1179648K
  class space    used 12154K, committed 13248K, reserved 1048576K
}
Event: 82.925 GC heap before
{Heap before GC invocations=39 (full 0):
 garbage-first heap   total 150528K, used 134769K [0x0000000080000000, 0x0000000100000000)
  region size 1024K, 52 young (53248K), 7 survivors (7168K)
 Metaspace       used 89485K, committed 91648K, reserved 1179648K
  class space    used 12645K, committed 13760K, reserved 1048576K
}
Event: 82.946 GC heap after
{Heap after GC invocations=40 (full 0):
 garbage-first heap   total 150528K, used 92160K [0x0000000080000000, 0x0000000100000000)
  region size 1024K, 7 young (7168K), 7 survivors (7168K)
 Metaspace       used 89485K, committed 91648K, reserved 1179648K
  class space    used 12645K, committed 13760K, reserved 1048576K
}
Event: 87.364 GC heap before
{Heap before GC invocations=41 (full 0):
 garbage-first heap   total 158720K, used 132096K [0x0000000080000000, 0x0000000100000000)
  region size 1024K, 48 young (49152K), 7 survivors (7168K)
 Metaspace       used 93907K, committed 96128K, reserved 1179648K
  class space    used 13332K, committed 14400K, reserved 1048576K
}
Event: 87.387 GC heap after
{Heap after GC invocations=42 (full 0):
 garbage-first heap   total 158720K, used 94854K [0x0000000080000000, 0x0000000100000000)
  region size 1024K, 4 young (4096K), 4 survivors (4096K)
 Metaspace       used 93907K, committed 96128K, reserved 1179648K
  class space    used 13332K, committed 14400K, reserved 1048576K
}
Event: 92.783 GC heap before
{Heap before GC invocations=42 (full 0):
 garbage-first heap   total 158720K, used 144006K [0x0000000080000000, 0x0000000100000000)
  region size 1024K, 53 young (54272K), 4 survivors (4096K)
 Metaspace       used 96761K, committed 99072K, reserved 1179648K
  class space    used 13655K, committed 14848K, reserved 1048576K
}
Event: 92.801 GC heap after
{Heap after GC invocations=43 (full 0):
 garbage-first heap   total 158720K, used 98585K [0x0000000080000000, 0x0000000100000000)
  region size 1024K, 7 young (7168K), 7 survivors (7168K)
 Metaspace       used 96761K, committed 99072K, reserved 1179648K
  class space    used 13655K, committed 14848K, reserved 1048576K
}

Dll operation events (16 events):
Event: 0.024 Loaded shared library C:\Program Files\Java\jdk-21\bin\java.dll
Event: 0.185 Loaded shared library C:\Program Files\Java\jdk-21\bin\jsvml.dll
Event: 0.603 Loaded shared library C:\Program Files\Java\jdk-21\bin\zip.dll
Event: 0.694 Loaded shared library C:\Program Files\Java\jdk-21\bin\instrument.dll
Event: 0.705 Loaded shared library C:\Program Files\Java\jdk-21\bin\net.dll
Event: 0.712 Loaded shared library C:\Program Files\Java\jdk-21\bin\nio.dll
Event: 0.718 Loaded shared library C:\Program Files\Java\jdk-21\bin\zip.dll
Event: 2.902 Loaded shared library C:\Program Files\Java\jdk-21\bin\jimage.dll
Event: 3.636 Loaded shared library C:\Program Files\Java\jdk-21\bin\verify.dll
Event: 4.398 Loaded shared library C:\Users\KYTHOURS\.gradle\native\1def1411415f61bf3af743bc5b6707747c0891f09f0c88961ee8f79bc544acac\windows-amd64\native-platform.dll
Event: 4.494 Loaded shared library C:\Users\KYTHOURS\.gradle\native\0.2.5\x86_64-windows-gnu\gradle-fileevents.dll
Event: 11.059 Loaded shared library C:\Program Files\Java\jdk-21\bin\management.dll
Event: 11.094 Loaded shared library C:\Program Files\Java\jdk-21\bin\management_ext.dll
Event: 12.242 Loaded shared library C:\Program Files\Java\jdk-21\bin\extnet.dll
Event: 13.571 Loaded shared library C:\Program Files\Java\jdk-21\bin\sunmscapi.dll
Event: 18.278 Loaded shared library C:\Users\KYTHOURS\AppData\Local\Temp\native-platform8644712545004187569dir\gradle-fileevents.dll

Deoptimization events (20 events):
Event: 92.107 Thread 0x000001cbe569e8d0 Uncommon trap: trap_request=0xffffff45 fr.pc=0x000001cb9095089c relative=0x00000000000001bc
Event: 92.107 Thread 0x000001cbe569e8d0 Uncommon trap: reason=unstable_if action=reinterpret pc=0x000001cb9095089c method=java.nio.file.FileTreeWalker.getAttributes(Ljava/nio/file/Path;Z)Ljava/nio/file/attribute/BasicFileAttributes; @ 35 c2
Event: 92.107 Thread 0x000001cbe569e8d0 DEOPT PACKING pc=0x000001cb9095089c sp=0x0000005699bf9900
Event: 92.107 Thread 0x000001cbe569e8d0 DEOPT UNPACKING pc=0x000001cb902146a2 sp=0x0000005699bf98a8 mode 2
Event: 92.481 Thread 0x000001cbe569e8d0 Uncommon trap: trap_request=0xffffffc6 fr.pc=0x000001cb90cd73dc relative=0x000000000000091c
Event: 92.481 Thread 0x000001cbe569e8d0 Uncommon trap: reason=bimorphic_or_optimized_type_check action=maybe_recompile pc=0x000001cb90cd73dc method=com.google.common.collect.AbstractMapBasedMultimap$WrappedCollection.refreshIfEmpty()V @ 59 c2
Event: 92.481 Thread 0x000001cbe569e8d0 DEOPT PACKING pc=0x000001cb90cd73dc sp=0x0000005699bfac40
Event: 92.481 Thread 0x000001cbe569e8d0 DEOPT UNPACKING pc=0x000001cb902146a2 sp=0x0000005699bfabf8 mode 2
Event: 92.686 Thread 0x000001cbe569e8d0 Uncommon trap: trap_request=0xffffff45 fr.pc=0x000001cb90b23ed4 relative=0x0000000000002174
Event: 92.686 Thread 0x000001cbe569e8d0 Uncommon trap: reason=unstable_if action=reinterpret pc=0x000001cb90b23ed4 method=java.lang.reflect.AccessibleObject.verifyAccess(Ljava/lang/Class;Ljava/lang/Class;Ljava/lang/Class;I)Z @ 2 c2
Event: 92.686 Thread 0x000001cbe569e8d0 DEOPT PACKING pc=0x000001cb90b23ed4 sp=0x0000005699bf9720
Event: 92.686 Thread 0x000001cbe569e8d0 DEOPT UNPACKING pc=0x000001cb902146a2 sp=0x0000005699bf9750 mode 2
Event: 92.872 Thread 0x000001cbe569e8d0 Uncommon trap: trap_request=0xffffff45 fr.pc=0x000001cb90d7ff4c relative=0x000000000000040c
Event: 92.872 Thread 0x000001cbe569e8d0 Uncommon trap: reason=unstable_if action=reinterpret pc=0x000001cb90d7ff4c method=java.lang.reflect.Method.isCallerSensitive()Z @ 14 c2
Event: 92.872 Thread 0x000001cbe569e8d0 DEOPT PACKING pc=0x000001cb90d7ff4c sp=0x0000005699bf8d50
Event: 92.872 Thread 0x000001cbe569e8d0 DEOPT UNPACKING pc=0x000001cb902146a2 sp=0x0000005699bf8cb8 mode 2
Event: 92.872 Thread 0x000001cbe569e8d0 Uncommon trap: trap_request=0xffffff45 fr.pc=0x000001cb90b203b8 relative=0x0000000000000578
Event: 92.872 Thread 0x000001cbe569e8d0 Uncommon trap: reason=unstable_if action=reinterpret pc=0x000001cb90b203b8 method=java.lang.reflect.Method.isCallerSensitive()Z @ 29 c2
Event: 92.872 Thread 0x000001cbe569e8d0 DEOPT PACKING pc=0x000001cb90b203b8 sp=0x0000005699bf8c60
Event: 92.872 Thread 0x000001cbe569e8d0 DEOPT UNPACKING pc=0x000001cb902146a2 sp=0x0000005699bf8c30 mode 2

Classes loaded (20 events):
Event: 86.654 Loading class java/util/HashMap$UnsafeHolder
Event: 86.655 Loading class java/util/HashMap$UnsafeHolder done
Event: 86.912 Loading class java/util/stream/ReferencePipeline$4
Event: 86.914 Loading class java/util/stream/ReferencePipeline$4 done
Event: 86.915 Loading class java/util/stream/ReduceOps$6
Event: 86.915 Loading class java/util/stream/ReduceOps$6 done
Event: 86.915 Loading class java/util/stream/ReduceOps$5ReducingSink
Event: 86.916 Loading class java/util/stream/ReduceOps$5ReducingSink done
Event: 86.916 Loading class java/util/stream/ReferencePipeline$4$1
Event: 86.916 Loading class java/util/stream/ReferencePipeline$4$1 done
Event: 87.975 Loading class java/io/SequenceInputStream
Event: 87.975 Loading class java/io/SequenceInputStream done
Event: 87.992 Loading class java/util/function/IntUnaryOperator
Event: 87.992 Loading class java/util/function/IntUnaryOperator done
Event: 89.023 Loading class java/io/CharArrayReader
Event: 89.025 Loading class java/io/CharArrayReader done
Event: 91.586 Loading class java/util/LinkedList$LLSpliterator
Event: 91.592 Loading class java/util/LinkedList$LLSpliterator done
Event: 92.097 Loading class java/nio/file/FileTreeWalker$1
Event: 92.098 Loading class java/nio/file/FileTreeWalker$1 done

Classes unloaded (0 events):
No events

Classes redefined (0 events):
No events

Internal exceptions (20 events):
Event: 84.635 Thread 0x000001cbe31e2070 Exception <a 'sun/nio/fs/WindowsException'{0x0000000088af45f0}> (0x0000000088af45f0) 
thrown [s\open\src\hotspot\share\prims\jni.cpp, line 520]
Event: 84.635 Thread 0x000001cbe31e2070 Exception <a 'sun/nio/fs/WindowsException'{0x0000000088af5eb8}> (0x0000000088af5eb8) 
thrown [s\open\src\hotspot\share\prims\jni.cpp, line 520]
Event: 84.635 Thread 0x000001cbe31e2070 Exception <a 'sun/nio/fs/WindowsException'{0x0000000088af7780}> (0x0000000088af7780) 
thrown [s\open\src\hotspot\share\prims\jni.cpp, line 520]
Event: 86.233 Thread 0x000001cbe31e2070 Exception <a 'java/lang/IncompatibleClassChangeError'{0x00000000882f9fe0}: Found class java.lang.Object, but interface was expected> (0x00000000882f9fe0) 
thrown [s\open\src\hotspot\share\interpreter\linkResolver.cpp, line 840]
Event: 86.304 Thread 0x000001cbe569ef60 Exception <a 'java/lang/NoSuchMethodError'{0x00000000880b4b18}: 'java.lang.Object java.lang.invoke.DirectMethodHandle$Holder.newInvokeSpecial(java.lang.Object, java.lang.Object, int, java.lang.Object, java.lang.Object)'> (0x00000000880b4b18) 
thrown [s\open\src\hotspot\share\interpreter\linkResolver.cpp, line 773]
Event: 86.518 Thread 0x000001cbe56a1d50 Exception <a 'java/lang/NoSuchMethodError'{0x0000000087ddac78}: 'java.lang.Object java.lang.invoke.DirectMethodHandle$Holder.invokeVirtual(java.lang.Object, java.lang.Object, java.lang.Object, java.lang.Object, java.lang.Object, java.lang.Object, java.lang.Object, java.lang.Object, java.lang.Object, java.lang.Object, java.lang.Object, java.lang.Object, java.lang.Object, java.lang.Object, java.lang.Object, java.lang.Object, java.lang.Object, java.lang.Object, java.lang.Object)'> (0x0000000087ddac78) 
thrown
Event: 86.584 Thread 0x000001cbe56a1d50 Exception <a 'java/lang/NoSuchMethodError'{0x0000000087cfd100}: 'void java.lang.invoke.DirectMethodHandle$Holder.invokeSpecial(java.lang.Object, java.lang.Object, java.lang.Object, java.lang.Object, int, java.lang.Object, java.lang.Object)'> (0x0000000087cfd100) 
thrown [s\open\src\hotspot\share\interpreter\linkResolver.cpp, line 773]
Event: 86.622 Thread 0x000001cbe2c0afe0 Exception <a 'java/lang/NoSuchMethodError'{0x0000000087a3ff10}: static Ljava/lang/Object;.<clinit>()V> (0x0000000087a3ff10) 
thrown [s\open\src\hotspot\share\prims\jni.cpp, line 1106]
Event: 86.623 Thread 0x000001cbe2c0afe0 Exception <a 'java/lang/NoSuchMethodError'{0x0000000087a442e8}: 'long java.lang.invoke.DirectMethodHandle$Holder.invokeSpecial(java.lang.Object, java.lang.Object)'> (0x0000000087a442e8) 
thrown [s\open\src\hotspot\share\interpreter\linkResolver.cpp, line 773]
Event: 86.623 Thread 0x000001cbe2c0afe0 Exception <a 'java/lang/NoSuchMethodError'{0x0000000087a477b0}: 'long java.lang.invoke.Invokers$Holder.invokeExact_MT(java.lang.Object, java.lang.Object)'> (0x0000000087a477b0) 
thrown [s\open\src\hotspot\share\interpreter\linkResolver.cpp, line 773]
Event: 86.632 Thread 0x000001cbe2c0afe0 Exception <a 'java/lang/NoSuchMethodError'{0x0000000087a8a208}: static Lorg/jetbrains/kotlin/gradle/plugin/statistics/MetricContainer;.<clinit>()V> (0x0000000087a8a208) 
thrown [s\open\src\hotspot\share\prims\jni.cpp, line 1106]
Event: 86.794 Thread 0x000001cbe56a1d50 Exception <a 'java/lang/IncompatibleClassChangeError'{0x0000000087829890}: Found class java.lang.Object, but interface was expected> (0x0000000087829890) 
thrown [s\open\src\hotspot\share\interpreter\linkResolver.cpp, line 840]
Event: 86.843 Thread 0x000001cbe56a1d50 Exception <a 'java/lang/NoSuchMethodError'{0x000000008776c968}: 'int java.lang.invoke.DirectMethodHandle$Holder.invokeStaticInit(java.lang.Object, java.lang.Object, java.lang.Object, java.lang.Object, java.lang.Object)'> (0x000000008776c968) 
thrown [s\open\src\hotspot\share\interpreter\linkResolver.cpp, line 773]
Event: 86.906 Thread 0x000001cbe569e8d0 Exception <a 'sun/nio/fs/WindowsException'{0x000000008767f6a8}> (0x000000008767f6a8) 
thrown [s\open\src\hotspot\share\prims\jni.cpp, line 520]
Event: 87.157 Thread 0x000001cbe56a1d50 Implicit null exception at 0x000001cb90d84e55 to 0x000001cb90d855b4
Event: 87.233 Thread 0x000001cbe569e8d0 Exception <a 'java/lang/NoSuchMethodError'{0x00000000872cd750}: 'int java.lang.invoke.DirectMethodHandle$Holder.invokeSpecial(java.lang.Object, java.lang.Object, java.lang.Object, java.lang.Object, java.lang.Object)'> (0x00000000872cd750) 
thrown [s\open\src\hotspot\share\interpreter\linkResolver.cpp, line 773]
Event: 87.422 Thread 0x000001cb9c938d90 Implicit null exception at 0x000001cb90cb78c8 to 0x000001cb90cb7f9c
Event: 87.992 Thread 0x000001cbe569e8d0 Exception <a 'java/lang/NoSuchMethodError'{0x00000000890ba710}: 'int java.lang.invoke.DirectMethodHandle$Holder.invokeSpecial(java.lang.Object, java.lang.Object, int)'> (0x00000000890ba710) 
thrown [s\open\src\hotspot\share\interpreter\linkResolver.cpp, line 773]
Event: 90.645 Thread 0x000001cbe569e8d0 Exception <a 'java/lang/NoSuchMethodError'{0x00000000876dcbf8}: static Ljava/lang/Object;.<clinit>()V> (0x00000000876dcbf8) 
thrown [s\open\src\hotspot\share\prims\jni.cpp, line 1106]
Event: 92.873 Thread 0x000001cbe569e8d0 Exception <a 'java/lang/NoSuchMethodError'{0x00000000896763c0}: method resolution failed> (0x00000000896763c0) 
thrown [s\open\src\hotspot\share\prims\methodHandles.cpp, line 1144]

ZGC Phase Switch (0 events):
No events

VM Operations (20 events):
Event: 87.201 Executing VM operation: ICBufferFull
Event: 87.201 Executing VM operation: ICBufferFull done
Event: 87.230 Executing VM operation: HandshakeAllThreads (Deoptimize)
Event: 87.231 Executing VM operation: HandshakeAllThreads (Deoptimize) done
Event: 87.364 Executing VM operation: G1CollectForAllocation (G1 Evacuation Pause)
Event: 87.387 Executing VM operation: G1CollectForAllocation (G1 Evacuation Pause) done
Event: 87.645 Executing VM operation: HandshakeAllThreads (Deoptimize)
Event: 87.645 Executing VM operation: HandshakeAllThreads (Deoptimize) done
Event: 88.523 Executing VM operation: ICBufferFull
Event: 88.523 Executing VM operation: ICBufferFull done
Event: 89.525 Executing VM operation: Cleanup
Event: 89.525 Executing VM operation: Cleanup done
Event: 90.530 Executing VM operation: Cleanup
Event: 90.530 Executing VM operation: Cleanup done
Event: 91.545 Executing VM operation: Cleanup
Event: 91.546 Executing VM operation: Cleanup done
Event: 92.555 Executing VM operation: Cleanup
Event: 92.556 Executing VM operation: Cleanup done
Event: 92.783 Executing VM operation: G1CollectForAllocation (G1 Evacuation Pause)
Event: 92.801 Executing VM operation: G1CollectForAllocation (G1 Evacuation Pause) done

Events (20 events):
Event: 83.148 Thread 0x000001cb9c91ab40 flushing nmethod 0x000001cb90834990
Event: 83.148 Thread 0x000001cb9c91ab40 flushing nmethod 0x000001cb907b0590
Event: 83.148 Thread 0x000001cb9c91ab40 flushing nmethod 0x000001cb907b5290
Event: 83.148 Thread 0x000001cb9c91ab40 flushing nmethod 0x000001cb9076f910
Event: 86.294 Thread 0x000001cbe569ef60 Thread added: 0x000001cbe569ef60
Event: 86.311 Thread 0x000001cbe569e8d0 Thread added: 0x000001cbe569e8d0
Event: 86.311 Thread 0x000001cbe56a23e0 Thread added: 0x000001cbe56a23e0
Event: 86.312 Thread 0x000001cbe56a1d50 Thread added: 0x000001cbe56a1d50
Event: 86.405 Thread 0x000001cbe569e240 Thread added: 0x000001cbe569e240
Event: 87.157 Thread 0x000001cbe56a2a70 Thread added: 0x000001cbe56a2a70
Event: 89.179 Thread 0x000001cbe569f5f0 Thread added: 0x000001cbe569f5f0
Event: 89.382 Thread 0x000001cbe569fc80 Thread added: 0x000001cbe569fc80
Event: 89.387 Thread 0x000001cbe569c800 Thread added: 0x000001cbe569c800
Event: 89.387 Thread 0x000001cbe56a0310 Thread added: 0x000001cbe56a0310
Event: 90.581 Thread 0x000001cbe56a1030 Thread added: 0x000001cbe56a1030
Event: 90.581 Thread 0x000001cbe56a09a0 Thread added: 0x000001cbe56a09a0
Event: 90.582 Thread 0x000001cbe56a16c0 Thread added: 0x000001cbe56a16c0
Event: 90.777 Thread 0x000001cbe56a3e20 Thread added: 0x000001cbe56a3e20
Event: 90.778 Thread 0x000001cbe569ce90 Thread added: 0x000001cbe569ce90
Event: 90.779 Thread 0x000001cbe569d520 Thread added: 0x000001cbe569d520


Dynamic libraries:
0x00007ff77d6b0000 - 0x00007ff77d6c0000 	C:\Program Files\Java\jdk-21\bin\java.exe
0x00007ff9f2530000 - 0x00007ff9f2747000 	C:\WINDOWS\SYSTEM32\ntdll.dll
0x00007ff9f0900000 - 0x00007ff9f09c4000 	C:\WINDOWS\System32\KERNEL32.DLL
0x00007ff9efc20000 - 0x00007ff9effd7000 	C:\WINDOWS\System32\KERNELBASE.dll
0x00007ff9f0140000 - 0x00007ff9f0251000 	C:\WINDOWS\System32\ucrtbase.dll
0x00007ff9d0bb0000 - 0x00007ff9d0bc9000 	C:\Program Files\Java\jdk-21\bin\jli.dll
0x00007ff9c2d30000 - 0x00007ff9c2d4b000 	C:\Program Files\Java\jdk-21\bin\VCRUNTIME140.dll
0x00007ff9f1000000 - 0x00007ff9f10b2000 	C:\WINDOWS\System32\ADVAPI32.dll
0x00007ff9f0500000 - 0x00007ff9f05a7000 	C:\WINDOWS\System32\msvcrt.dll
0x00007ff9f14e0000 - 0x00007ff9f1588000 	C:\WINDOWS\System32\sechost.dll
0x00007ff9efa50000 - 0x00007ff9efa78000 	C:\WINDOWS\System32\bcrypt.dll
0x00007ff9f0ec0000 - 0x00007ff9f0fd4000 	C:\WINDOWS\System32\RPCRT4.dll
0x00007ff9f15f0000 - 0x00007ff9f179f000 	C:\WINDOWS\System32\USER32.dll
0x00007ff9f0110000 - 0x00007ff9f0136000 	C:\WINDOWS\System32\win32u.dll
0x00007ff9f18c0000 - 0x00007ff9f18e9000 	C:\WINDOWS\System32\GDI32.dll
0x00007ff9efa80000 - 0x00007ff9efb98000 	C:\WINDOWS\System32\gdi32full.dll
0x00007ff9ef9b0000 - 0x00007ff9efa4a000 	C:\WINDOWS\System32\msvcp_win.dll
0x00007ff9d4da0000 - 0x00007ff9d5033000 	C:\WINDOWS\WinSxS\amd64_microsoft.windows.common-controls_6595b64144ccf1df_6.0.22621.3672_none_2713b9d173822955\COMCTL32.dll
0x00007ff9e6c70000 - 0x00007ff9e6c7a000 	C:\WINDOWS\SYSTEM32\VERSION.dll
0x00007ff9f2370000 - 0x00007ff9f23a1000 	C:\WINDOWS\System32\IMM32.DLL
0x00007ff9db520000 - 0x00007ff9db52c000 	C:\Program Files\Java\jdk-21\bin\vcruntime140_1.dll
0x00007ff9b4100000 - 0x00007ff9b418e000 	C:\Program Files\Java\jdk-21\bin\msvcp140.dll
0x00007ff95c4b0000 - 0x00007ff95d1c3000 	C:\Program Files\Java\jdk-21\bin\server\jvm.dll
0x00007ff9f06b0000 - 0x00007ff9f0721000 	C:\WINDOWS\System32\WS2_32.dll
0x00007ff9ef710000 - 0x00007ff9ef75d000 	C:\WINDOWS\SYSTEM32\POWRPROF.dll
0x00007ff9e4fd0000 - 0x00007ff9e5004000 	C:\WINDOWS\SYSTEM32\WINMM.dll
0x00007ff9ef6f0000 - 0x00007ff9ef703000 	C:\WINDOWS\SYSTEM32\UMPDC.dll
0x00007ff9ee850000 - 0x00007ff9ee868000 	C:\WINDOWS\SYSTEM32\kernel.appcore.dll
0x00007ff9c5730000 - 0x00007ff9c573a000 	C:\Program Files\Java\jdk-21\bin\jimage.dll
0x00007ff9e8580000 - 0x00007ff9e87b2000 	C:\WINDOWS\SYSTEM32\DBGHELP.DLL
0x00007ff9f1150000 - 0x00007ff9f14de000 	C:\WINDOWS\System32\combase.dll
0x00007ff9f23b0000 - 0x00007ff9f2487000 	C:\WINDOWS\System32\OLEAUT32.dll
0x00007ff9dec60000 - 0x00007ff9dec92000 	C:\WINDOWS\SYSTEM32\dbgcore.DLL
0x00007ff9efba0000 - 0x00007ff9efc1b000 	C:\WINDOWS\System32\bcryptPrimitives.dll
0x00007ff9bad80000 - 0x00007ff9bad8f000 	C:\Program Files\Java\jdk-21\bin\instrument.dll
0x00007ff9c12b0000 - 0x00007ff9c12cf000 	C:\Program Files\Java\jdk-21\bin\java.dll
0x00007ff9f19a0000 - 0x00007ff9f2209000 	C:\WINDOWS\System32\SHELL32.dll
0x00007ff9ed760000 - 0x00007ff9ee05f000 	C:\WINDOWS\SYSTEM32\windows.storage.dll
0x00007ff9ed620000 - 0x00007ff9ed75f000 	C:\WINDOWS\SYSTEM32\wintypes.dll
0x00007ff9f05b0000 - 0x00007ff9f06a9000 	C:\WINDOWS\System32\SHCORE.dll
0x00007ff9f0e50000 - 0x00007ff9f0eae000 	C:\WINDOWS\System32\shlwapi.dll
0x00007ff9ef770000 - 0x00007ff9ef797000 	C:\WINDOWS\SYSTEM32\profapi.dll
0x00007ff9ae780000 - 0x00007ff9ae857000 	C:\Program Files\Java\jdk-21\bin\jsvml.dll
0x00007ff9bad90000 - 0x00007ff9bada8000 	C:\Program Files\Java\jdk-21\bin\zip.dll
0x00007ff9c3310000 - 0x00007ff9c3320000 	C:\Program Files\Java\jdk-21\bin\net.dll
0x00007ff9ec1e0000 - 0x00007ff9ec316000 	C:\WINDOWS\SYSTEM32\WINHTTP.dll
0x00007ff9eecb0000 - 0x00007ff9eed19000 	C:\WINDOWS\system32\mswsock.dll
0x00007ff9bafb0000 - 0x00007ff9bafc6000 	C:\Program Files\Java\jdk-21\bin\nio.dll
0x00007ff9c3a10000 - 0x00007ff9c3a20000 	C:\Program Files\Java\jdk-21\bin\verify.dll
0x00007ff9db660000 - 0x00007ff9db687000 	C:\Users\KYTHOURS\.gradle\native\1def1411415f61bf3af743bc5b6707747c0891f09f0c88961ee8f79bc544acac\windows-amd64\native-platform.dll
0x00000000658b0000 - 0x0000000065923000 	C:\Users\KYTHOURS\.gradle\native\0.2.5\x86_64-windows-gnu\gradle-fileevents.dll
0x00007ff9c2e80000 - 0x00007ff9c2e8a000 	C:\Program Files\Java\jdk-21\bin\management.dll
0x00007ff9be7d0000 - 0x00007ff9be7db000 	C:\Program Files\Java\jdk-21\bin\management_ext.dll
0x00007ff9f0eb0000 - 0x00007ff9f0eb8000 	C:\WINDOWS\System32\PSAPI.DLL
0x00007ff9ef000000 - 0x00007ff9ef01b000 	C:\WINDOWS\SYSTEM32\CRYPTSP.dll
0x00007ff9ee7b0000 - 0x00007ff9ee7e5000 	C:\WINDOWS\system32\rsaenh.dll
0x00007ff9eed50000 - 0x00007ff9eed78000 	C:\WINDOWS\SYSTEM32\USERENV.dll
0x00007ff9eefe0000 - 0x00007ff9eefec000 	C:\WINDOWS\SYSTEM32\CRYPTBASE.dll
0x00007ff9ee2c0000 - 0x00007ff9ee2ed000 	C:\WINDOWS\SYSTEM32\IPHLPAPI.DLL
0x00007ff9f0fe0000 - 0x00007ff9f0fe9000 	C:\WINDOWS\System32\NSI.dll
0x00007ff9baf30000 - 0x00007ff9baf37000 	C:\Program Files\Java\jdk-21\bin\extnet.dll
0x00007ff9babd0000 - 0x00007ff9babde000 	C:\Program Files\Java\jdk-21\bin\sunmscapi.dll
0x00007ff9ef840000 - 0x00007ff9ef9a6000 	C:\WINDOWS\System32\CRYPT32.dll
0x00007ff9ef110000 - 0x00007ff9ef13d000 	C:\WINDOWS\SYSTEM32\ncrypt.dll
0x00007ff9ef0d0000 - 0x00007ff9ef107000 	C:\WINDOWS\SYSTEM32\NTASN1.dll
0x00007ff9c57d0000 - 0x00007ff9c57d8000 	C:\WINDOWS\system32\wshunix.dll
0x00000000657b0000 - 0x0000000065823000 	C:\Users\KYTHOURS\AppData\Local\Temp\native-platform8644712545004187569dir\gradle-fileevents.dll

dbghelp: loaded successfully - version: 4.0.5 - missing functions: none
symbol engine: initialized successfully - sym options: 0x614 - pdb path: .;C:\Program Files\Java\jdk-21\bin;C:\WINDOWS\SYSTEM32;C:\WINDOWS\WinSxS\amd64_microsoft.windows.common-controls_6595b64144ccf1df_6.0.22621.3672_none_2713b9d173822955;C:\Program Files\Java\jdk-21\bin\server;C:\Users\KYTHOURS\.gradle\native\1def1411415f61bf3af743bc5b6707747c0891f09f0c88961ee8f79bc544acac\windows-amd64;C:\Users\KYTHOURS\.gradle\native\0.2.5\x86_64-windows-gnu;C:\Users\KYTHOURS\AppData\Local\Temp\native-platform8644712545004187569dir

VM Arguments:
jvm_args: --add-opens=java.base/java.lang=ALL-UNNAMED --add-opens=java.base/java.lang.invoke=ALL-UNNAMED --add-opens=java.base/java.util=ALL-UNNAMED --add-opens=java.prefs/java.util.prefs=ALL-UNNAMED --add-exports=jdk.compiler/com.sun.tools.javac.api=ALL-UNNAMED --add-exports=jdk.compiler/com.sun.tools.javac.util=ALL-UNNAMED --add-opens=java.base/java.util=ALL-UNNAMED --add-opens=java.prefs/java.util.prefs=ALL-UNNAMED --add-opens=java.base/java.nio.charset=ALL-UNNAMED --add-opens=java.base/java.net=ALL-UNNAMED --add-opens=java.base/java.util.concurrent.atomic=ALL-UNNAMED --add-opens=java.xml/javax.xml.namespace=ALL-UNNAMED -Xmx2048m -Dfile.encoding=UTF-8 -Duser.country=BR -Duser.language=pt -Duser.variant -javaagent:C:\Users\KYTHOURS\.gradle\wrapper\dists\gradle-8.12-bin\cetblhg4pflnnks72fxwobvgv\gradle-8.12\lib\agents\gradle-instrumentation-agent-8.12.jar 
java_command: org.gradle.launcher.daemon.bootstrap.GradleDaemon 8.12
java_class_path (initial): C:\Users\KYTHOURS\.gradle\wrapper\dists\gradle-8.12-bin\cetblhg4pflnnks72fxwobvgv\gradle-8.12\lib\gradle-daemon-main-8.12.jar
Launcher Type: SUN_STANDARD

[Global flags]
     intx CICompilerCount                          = 3                                         {product} {ergonomic}
     uint ConcGCThreads                            = 1                                         {product} {ergonomic}
     uint G1ConcRefinementThreads                  = 4                                         {product} {ergonomic}
   size_t G1HeapRegionSize                         = 1048576                                   {product} {ergonomic}
    uintx GCDrainStackTargetSize                   = 64                                        {product} {ergonomic}
   size_t InitialHeapSize                          = 100663296                                 {product} {ergonomic}
   size_t MarkStackSize                            = 4194304                                   {product} {ergonomic}
   size_t MaxHeapSize                              = 2147483648                                {product} {command line}
   size_t MaxNewSize                               = 1287651328                                {product} {ergonomic}
   size_t MinHeapDeltaBytes                        = 1048576                                   {product} {ergonomic}
   size_t MinHeapSize                              = 8388608                                   {product} {ergonomic}
    uintx NonNMethodCodeHeapSize                   = 5832780                                {pd product} {ergonomic}
    uintx NonProfiledCodeHeapSize                  = 122912730                              {pd product} {ergonomic}
    uintx ProfiledCodeHeapSize                     = 122912730                              {pd product} {ergonomic}
    uintx ReservedCodeCacheSize                    = 251658240                              {pd product} {ergonomic}
     bool SegmentedCodeCache                       = true                                      {product} {ergonomic}
   size_t SoftMaxHeapSize                          = 2147483648                             {manageable} {ergonomic}
     bool UseCompressedOops                        = true                           {product lp64_product} {ergonomic}
     bool UseG1GC                                  = true                                      {product} {ergonomic}
     bool UseLargePagesIndividualAllocation        = false                                  {pd product} {ergonomic}

Logging:
Log output configuration:
 #0: stdout all=warning uptime,level,tags foldmultilines=false
 #1: stderr all=off uptime,level,tags foldmultilines=false

Environment Variables:
PATH=C:\Program Files\Common Files\Oracle\Java\javapath;C:\Program Files (x86)\Common Files\Oracle\Java\javapath;C:\WINDOWS\system32;C:\WINDOWS;C:\WINDOWS\System32\Wbem;C:\WINDOWS\System32\WindowsPowerShell\v1.0\;C:\WINDOWS\System32\OpenSSH\;C:\Program Files\dotnet\;C:\Program Files\eSpeak NG\;C:\Program Files\Git\cmd;d:\cursor\resources\app\bin;D:\node\;C:\Program Files\GitHub CLI\;C:\Users\KYTHOURS\scoop\shims;C:\Users\KYTHOURS\.local\bin;C:\Users\KYTHOURS\AppData\Local\Programs\Python\Python312\Scripts\;C:\Users\KYTHOURS\AppData\Local\Programs\Python\Python312\;C:\Users\KYTHOURS\AppData\Local\Microsoft\WindowsApps;C:\Program Files\JetBrains\PyCharm 2024.1\bin;C:\Users\KYTHOURS\AppData\Local\Programs\Fiddler;D:\cursor\resources\app\bin;C:\Users\KYTHOURS\AppData\Local\Programs\Windsurf\bin;C:\Users\KYTHOURS\AppData\Local\Programs\Microsoft VS Code\bin;C:\Users\KYTHOURS\AppData\Local\Programs\Kiro\bin;D:\npm-global;C:\Users\KYTHOURS\AppData\Local\Programs\Antigravity\bin;C:\Users\KYTHOURS\.bun\bin;C:\Users\KYTHOURS\AppData\Roaming\npm;C:\Users\KYTHOURS\AppData\Local\Microsoft\WinGet\Links;
USERNAME=KYTHOURS
LANG=en_US.UTF-8
OS=Windows_NT
PROCESSOR_IDENTIFIER=AMD64 Family 23 Model 24 Stepping 1, AuthenticAMD
TMP=C:\Users\KYTHOURS\AppData\Local\Temp
TEMP=C:\Users\KYTHOURS\AppData\Local\Temp




---------------  S Y S T E M  ---------------

OS:
 Windows 11 , 64 bit Build 22621 (10.0.22621.3958)
OS uptime: 0 days 11:02 hours
Hyper-V role detected

CPU: total 4 (initial active 4) (4 cores per cpu, 2 threads per core) family 23 model 24 stepping 1 microcode 0x0, cx8, cmov, fxsr, ht, mmx, 3dnowpref, sse, sse2, sse3, ssse3, sse4a, sse4.1, sse4.2, popcnt, lzcnt, tsc, tscinvbit, avx, avx2, aes, clmul, bmi1, bmi2, adx, sha, fma, vzeroupper, clflush, clflushopt, hv, rdtscp, f16c
Processor Information for all 4 processors :
  Max Mhz: 3500, Current Mhz: 3500, Mhz Limit: 3500

Memory: 4k page, system-wide physical 6095M (101M free)
TotalPageFile size 20176M (AvailPageFile size 82M)
current process WorkingSet (physical memory assigned to process): 376M, peak: 401M
current process commit charge ("private bytes"): 449M, peak: 451M

vm_info: Java HotSpot(TM) 64-Bit Server VM (21+35-LTS-2513) for windows-amd64 JRE (21+35-LTS-2513), built on 2023-08-09T20:25:10Z by "mach5one" with MS VC++ 17.1 (VS2022)

END.
