#
# There is insufficient memory for the Java Runtime Environment to continue.
# Native memory allocation (malloc) failed to allocate 32744 bytes for Chunk::new
# Possible reasons:
#   The system is out of physical RAM or swap space
#   The process is running with CompressedOops enabled, and the Java Heap may be blocking the growth of the native heap
# Possible solutions:
#   Reduce memory load on the system
#   Increase physical memory or swap space
#   Check if swap backing store is full
#   Decrease Java heap size (-Xmx/-Xms)
#   Decrease number of Java threads
#   Decrease Java thread stack sizes (-Xss)
#   Set larger code cache with -XX:ReservedCodeCacheSize=
#   JVM is running with Unscaled Compressed Oops mode in which the Java heap is
#     placed in the first 4GB address space. The Java Heap base address is the
#     maximum limit for the native heap growth. Please use -XX:HeapBaseMinAddress
#     to set the Java Heap base and to place the Java Heap above 4GB virtual address.
# This output file may be truncated or incomplete.
#
#  Out of Memory Error (arena.cpp:166), pid=13304, tid=15948
#
# JRE version: Java(TM) SE Runtime Environment (21.0+35) (build 21+35-LTS-2513)
# Java VM: Java HotSpot(TM) 64-Bit Server VM (21+35-LTS-2513, mixed mode, sharing, tiered, compressed oops, compressed class ptrs, g1 gc, windows-amd64)
# No core dump will be written. Minidumps are not enabled by default on client versions of Windows
#

---------------  S U M M A R Y ------------

Command Line: --add-opens=java.base/java.lang=ALL-UNNAMED --add-opens=java.base/java.lang.invoke=ALL-UNNAMED --add-opens=java.base/java.util=ALL-UNNAMED --add-opens=java.prefs/java.util.prefs=ALL-UNNAMED --add-exports=jdk.compiler/com.sun.tools.javac.api=ALL-UNNAMED --add-exports=jdk.compiler/com.sun.tools.javac.util=ALL-UNNAMED --add-opens=java.base/java.util=ALL-UNNAMED --add-opens=java.prefs/java.util.prefs=ALL-UNNAMED --add-opens=java.base/java.nio.charset=ALL-UNNAMED --add-opens=java.base/java.net=ALL-UNNAMED --add-opens=java.base/java.util.concurrent.atomic=ALL-UNNAMED --add-opens=java.xml/javax.xml.namespace=ALL-UNNAMED -Xmx2048m -Dfile.encoding=UTF-8 -Duser.country=BR -Duser.language=pt -Duser.variant -javaagent:C:\Users\KYTHOURS\.gradle\wrapper\dists\gradle-8.12-bin\cetblhg4pflnnks72fxwobvgv\gradle-8.12\lib\agents\gradle-instrumentation-agent-8.12.jar org.gradle.launcher.daemon.bootstrap.GradleDaemon 8.12

Host: AMD Athlon 3000G with Radeon Vega Graphics     , 4 cores, 5G,  Windows 11 , 64 bit Build 22621 (10.0.22621.3958)
Time: Sun Jan 11 12:44:26 2026 Hora oficial do Brasil elapsed time: 208.116020 seconds (0d 0h 3m 28s)

---------------  T H R E A D  ---------------

Current thread (0x00000213f7e9e3b0):  JavaThread "C2 CompilerThread0" daemon [_thread_in_native, id=15948, stack(0x000000ee86500000,0x000000ee86600000) (1024K)]


Current CompileTask:
C2: 208116 19027   !   4       org.gradle.internal.snapshot.FileSystemLeafSnapshot::accept (36 bytes)

Stack: [0x000000ee86500000,0x000000ee86600000]
Native frames: (J=compiled Java code, j=interpreted, Vv=VM code, C=native code)
V  [jvm.dll+0x6c8d39]
V  [jvm.dll+0x854091]
V  [jvm.dll+0x85630e]
V  [jvm.dll+0x8569e3]
V  [jvm.dll+0x2809a6]
V  [jvm.dll+0xc3e6d]
V  [jvm.dll+0xc4383]
V  [jvm.dll+0xc3f95]
V  [jvm.dll+0x6a5917]
V  [jvm.dll+0x6a42d8]
V  [jvm.dll+0x66a0db]
V  [jvm.dll+0x2ff4d7]
V  [jvm.dll+0x2ff4a8]
V  [jvm.dll+0x2ff4a8]
V  [jvm.dll+0x301830]
V  [jvm.dll+0x2ff71a]
V  [jvm.dll+0x301830]
V  [jvm.dll+0x2ff71a]
V  [jvm.dll+0x301830]
V  [jvm.dll+0x2ff71a]
V  [jvm.dll+0x2ff4a8]
V  [jvm.dll+0x301830]
V  [jvm.dll+0x2ff71a]
V  [jvm.dll+0x301830]
V  [jvm.dll+0x2ff71a]
V  [jvm.dll+0x301830]
V  [jvm.dll+0x2ff71a]
V  [jvm.dll+0x301830]
V  [jvm.dll+0x2ff71a]
V  [jvm.dll+0x3030e0]
V  [jvm.dll+0x2fe82b]
V  [jvm.dll+0x2fee9a]
V  [jvm.dll+0x24ae2f]
V  [jvm.dll+0x248cd3]
V  [jvm.dll+0x1c9b91]
V  [jvm.dll+0x2583e9]
V  [jvm.dll+0x2569ca]
V  [jvm.dll+0x3eef66]
V  [jvm.dll+0x7fd2c8]
V  [jvm.dll+0x6c748d]
C  [ucrtbase.dll+0x29333]
C  [KERNEL32.DLL+0x1257d]
C  [ntdll.dll+0x5af08]


---------------  P R O C E S S  ---------------

Threads class SMR info:
_java_thread_list=0x00000213e2ee1e40, length=47, elements={
0x00000213e8ba6d90, 0x00000213f7e96640, 0x00000213f7e99260, 0x00000213f7e9b700,
0x00000213f7e9c160, 0x00000213f7e9cbc0, 0x00000213f7e9d620, 0x00000213f7e9e3b0,
0x00000213f7ec7760, 0x00000213fc1afab0, 0x00000213fc306720, 0x00000213fd119430,
0x00000213fce252c0, 0x00000213fcb00820, 0x00000213fc23df80, 0x00000213f7f0d280,
0x00000213fcb9f160, 0x00000213fca10780, 0x00000213fca12ee0, 0x00000213fca12850,
0x00000213fca10e10, 0x00000213fca0fa60, 0x00000213fca100f0, 0x00000213fca11b30,
0x00000213fda0d540, 0x00000213fda0e8f0, 0x00000213fda0c190, 0x00000213fda0ceb0,
0x00000213fda0c820, 0x00000213fda0dbd0, 0x00000213fda0e260, 0x00000213fda0ef80,
0x00000213d0bf04d0, 0x00000213d0bf1f10, 0x00000213d0bf25a0, 0x00000213d0bf32c0,
0x00000213d0bf4670, 0x00000213d0bf5a20, 0x00000213d0befe40, 0x00000213d0bf60b0,
0x00000213d0bf7460, 0x00000213d0bf0b60, 0x00000213fe64d3b0, 0x00000213fe6477d0,
0x00000213fe647e60, 0x00000213e1065c10, 0x00000213e04ee2e0
}

Java Threads: ( => current thread )
  0x00000213e8ba6d90 JavaThread "main"                              [_thread_blocked, id=14452, stack(0x000000ee85700000,0x000000ee85800000) (1024K)]
  0x00000213f7e96640 JavaThread "Reference Handler"          daemon [_thread_blocked, id=10784, stack(0x000000ee85f00000,0x000000ee86000000) (1024K)]
  0x00000213f7e99260 JavaThread "Finalizer"                  daemon [_thread_blocked, id=8320, stack(0x000000ee86000000,0x000000ee86100000) (1024K)]
  0x00000213f7e9b700 JavaThread "Signal Dispatcher"          daemon [_thread_blocked, id=15960, stack(0x000000ee86100000,0x000000ee86200000) (1024K)]
  0x00000213f7e9c160 JavaThread "Attach Listener"            daemon [_thread_blocked, id=14376, stack(0x000000ee86200000,0x000000ee86300000) (1024K)]
  0x00000213f7e9cbc0 JavaThread "Service Thread"             daemon [_thread_blocked, id=11816, stack(0x000000ee86300000,0x000000ee86400000) (1024K)]
  0x00000213f7e9d620 JavaThread "Monitor Deflation Thread"   daemon [_thread_blocked, id=6856, stack(0x000000ee86400000,0x000000ee86500000) (1024K)]
=>0x00000213f7e9e3b0 JavaThread "C2 CompilerThread0"         daemon [_thread_in_native, id=15948, stack(0x000000ee86500000,0x000000ee86600000) (1024K)]
  0x00000213f7ec7760 JavaThread "C1 CompilerThread0"         daemon [_thread_in_native, id=12052, stack(0x000000ee86600000,0x000000ee86700000) (1024K)]
  0x00000213fc1afab0 JavaThread "Common-Cleaner"             daemon [_thread_blocked, id=7816, stack(0x000000ee86700000,0x000000ee86800000) (1024K)]
  0x00000213fc306720 JavaThread "Notification Thread"        daemon [_thread_blocked, id=9068, stack(0x000000ee86800000,0x000000ee86900000) (1024K)]
  0x00000213fd119430 JavaThread "Daemon health stats"               [_thread_blocked, id=448, stack(0x000000ee86c00000,0x000000ee86d00000) (1024K)]
  0x00000213fce252c0 JavaThread "Incoming local TCP Connector on port 50709"        [_thread_in_native, id=14348, stack(0x000000ee86d00000,0x000000ee86e00000) (1024K)]
  0x00000213fcb00820 JavaThread "Daemon periodic checks"            [_thread_blocked, id=8064, stack(0x000000ee86e00000,0x000000ee86f00000) (1024K)]
  0x00000213fc23df80 JavaThread "Daemon"                            [_thread_blocked, id=14332, stack(0x000000ee86f00000,0x000000ee87000000) (1024K)]
  0x00000213f7f0d280 JavaThread "Handler for socket connection from /127.0.0.1:50709 to /127.0.0.1:50711"        [_thread_in_native, id=9972, stack(0x000000ee87000000,0x000000ee87100000) (1024K)]
  0x00000213fcb9f160 JavaThread "Cancel handler"                    [_thread_blocked, id=14272, stack(0x000000ee87100000,0x000000ee87200000) (1024K)]
  0x00000213fca10780 JavaThread "Daemon worker"                     [_thread_in_Java, id=13056, stack(0x000000ee87200000,0x000000ee87300000) (1024K)]
  0x00000213fca12ee0 JavaThread "Asynchronous log dispatcher for DefaultDaemonConnection: socket connection from /127.0.0.1:50709 to /127.0.0.1:50711"        [_thread_blocked, id=14360, stack(0x000000ee87300000,0x000000ee87400000) (1024K)]
  0x00000213fca12850 JavaThread "Stdin handler"                     [_thread_blocked, id=15476, stack(0x000000ee87400000,0x000000ee87500000) (1024K)]
  0x00000213fca10e10 JavaThread "Daemon client event forwarder"        [_thread_in_Java, id=14516, stack(0x000000ee87500000,0x000000ee87600000) (1024K)]
  0x00000213fca0fa60 JavaThread "Cache worker for journal cache (C:\Users\KYTHOURS\.gradle\caches\journal-1)"        [_thread_blocked, id=13736, stack(0x000000ee87600000,0x000000ee87700000) (1024K)]
  0x00000213fca100f0 JavaThread "File lock request listener"        [_thread_in_native, id=10716, stack(0x000000ee87700000,0x000000ee87800000) (1024K)]
  0x00000213fca11b30 JavaThread "Cache worker for file hash cache (C:\Users\KYTHOURS\.gradle\caches\8.12\fileHashes)"        [_thread_blocked, id=14856, stack(0x000000ee87800000,0x000000ee87900000) (1024K)]
  0x00000213fda0d540 JavaThread "Cache worker for file hash cache (D:\TestPlugins-master\.gradle\8.12\fileHashes)"        [_thread_blocked, id=16164, stack(0x000000ee87a00000,0x000000ee87b00000) (1024K)]
  0x00000213fda0e8f0 JavaThread "Cache worker for Build Output Cleanup Cache (D:\TestPlugins-master\.gradle\buildOutputCleanup)"        [_thread_blocked, id=16156, stack(0x000000ee87b00000,0x000000ee87c00000) (1024K)]
  0x00000213fda0c190 JavaThread "File watcher server"        daemon [_thread_in_native, id=13636, stack(0x000000ee87c00000,0x000000ee87d00000) (1024K)]
  0x00000213fda0ceb0 JavaThread "File watcher consumer"      daemon [_thread_blocked, id=14372, stack(0x000000ee87d00000,0x000000ee87e00000) (1024K)]
  0x00000213fda0c820 JavaThread "jar transforms"                    [_thread_blocked, id=16232, stack(0x000000ee87e00000,0x000000ee87f00000) (1024K)]
  0x00000213fda0dbd0 JavaThread "jar transforms Thread 2"           [_thread_blocked, id=14560, stack(0x000000ee87f00000,0x000000ee88000000) (1024K)]
  0x00000213fda0e260 JavaThread "jar transforms Thread 3"           [_thread_blocked, id=1912, stack(0x000000ee88000000,0x000000ee88100000) (1024K)]
  0x00000213fda0ef80 JavaThread "jar transforms Thread 4"           [_thread_blocked, id=8844, stack(0x000000ee88100000,0x000000ee88200000) (1024K)]
  0x00000213d0bf04d0 JavaThread "Cache worker for checksums cache (D:\TestPlugins-master\.gradle\8.12\checksums)"        [_thread_blocked, id=8920, stack(0x000000ee88200000,0x000000ee88300000) (1024K)]
  0x00000213d0bf1f10 JavaThread "Cache worker for file content cache (C:\Users\KYTHOURS\.gradle\caches\8.12\fileContent)"        [_thread_blocked, id=9992, stack(0x000000ee88300000,0x000000ee88400000) (1024K)]
  0x00000213d0bf25a0 JavaThread "Cache worker for cache directory md-rule (C:\Users\KYTHOURS\.gradle\caches\8.12\md-rule)"        [_thread_blocked, id=2792, stack(0x000000ee88400000,0x000000ee88500000) (1024K)]
  0x00000213d0bf32c0 JavaThread "Cache worker for cache directory md-supplier (C:\Users\KYTHOURS\.gradle\caches\8.12\md-supplier)"        [_thread_blocked, id=13580, stack(0x000000ee88500000,0x000000ee88600000) (1024K)]
  0x00000213d0bf4670 JavaThread "Unconstrained build operations"        [_thread_blocked, id=15288, stack(0x000000ee88600000,0x000000ee88700000) (1024K)]
  0x00000213d0bf5a20 JavaThread "Unconstrained build operations Thread 2"        [_thread_blocked, id=4600, stack(0x000000ee88700000,0x000000ee88800000) (1024K)]
  0x00000213d0befe40 JavaThread "Unconstrained build operations Thread 3"        [_thread_blocked, id=7456, stack(0x000000ee88800000,0x000000ee88900000) (1024K)]
  0x00000213d0bf60b0 JavaThread "Unconstrained build operations Thread 4"        [_thread_blocked, id=13468, stack(0x000000ee88900000,0x000000ee88a00000) (1024K)]
  0x00000213d0bf7460 JavaThread "Unconstrained build operations Thread 5"        [_thread_blocked, id=9212, stack(0x000000ee88a00000,0x000000ee88b00000) (1024K)]
  0x00000213d0bf0b60 JavaThread "Unconstrained build operations Thread 6"        [_thread_blocked, id=12020, stack(0x000000ee88b00000,0x000000ee88c00000) (1024K)]
  0x00000213fe64d3b0 JavaThread "Unconstrained build operations Thread 7"        [_thread_blocked, id=11964, stack(0x000000ee88c00000,0x000000ee88d00000) (1024K)]
  0x00000213fe6477d0 JavaThread "Unconstrained build operations Thread 8"        [_thread_blocked, id=14168, stack(0x000000ee88d00000,0x000000ee88e00000) (1024K)]
  0x00000213fe647e60 JavaThread "Unconstrained build operations Thread 9"        [_thread_blocked, id=16160, stack(0x000000ee88e00000,0x000000ee88f00000) (1024K)]
  0x00000213e1065c10 JavaThread "Memory manager"                    [_thread_blocked, id=6452, stack(0x000000ee85500000,0x000000ee85600000) (1024K)]
  0x00000213e04ee2e0 JavaThread "build event listener"              [_thread_blocked, id=16100, stack(0x000000ee85600000,0x000000ee85700000) (1024K)]
Total: 47

Other Threads:
  0x00000213f7e79cb0 VMThread "VM Thread"                           [id=16168, stack(0x000000ee85e00000,0x000000ee85f00000) (1024K)]
  0x00000213f7e613b0 WatcherThread "VM Periodic Task Thread"        [id=16348, stack(0x000000ee85d00000,0x000000ee85e00000) (1024K)]
  0x00000213e8e83cc0 WorkerThread "GC Thread#0"                     [id=1652, stack(0x000000ee85800000,0x000000ee85900000) (1024K)]
  0x00000213fc33ae60 WorkerThread "GC Thread#1"                     [id=9812, stack(0x000000ee86900000,0x000000ee86a00000) (1024K)]
  0x00000213f7f17a10 WorkerThread "GC Thread#2"                     [id=1824, stack(0x000000ee86a00000,0x000000ee86b00000) (1024K)]
  0x00000213fce89f90 WorkerThread "GC Thread#3"                     [id=14544, stack(0x000000ee86b00000,0x000000ee86c00000) (1024K)]
  0x00000213e8e94b40 ConcurrentGCThread "G1 Main Marker"            [id=11988, stack(0x000000ee85900000,0x000000ee85a00000) (1024K)]
  0x00000213e8e95690 WorkerThread "G1 Conc#0"                       [id=3012, stack(0x000000ee85a00000,0x000000ee85b00000) (1024K)]
  0x00000213e8eee630 ConcurrentGCThread "G1 Refine#0"               [id=11316, stack(0x000000ee85b00000,0x000000ee85c00000) (1024K)]
  0x00000213f7d321a0 ConcurrentGCThread "G1 Service"                [id=4744, stack(0x000000ee85c00000,0x000000ee85d00000) (1024K)]
Total: 10

Threads with active compile tasks:
C2 CompilerThread0   208197 19027   !   4       org.gradle.internal.snapshot.FileSystemLeafSnapshot::accept (36 bytes)
Total: 1

VM state: not at safepoint (normal execution)

VM Mutex/Monitor currently owned by a thread: None

Heap address: 0x0000000080000000, size: 2048 MB, Compressed Oops mode: 32-bit

CDS archive(s) mapped at: [0x000002138f000000-0x000002138fc90000-0x000002138fc90000), size 13172736, SharedBaseAddress: 0x000002138f000000, ArchiveRelocationMode: 1.
Compressed class space mapped at: 0x0000021390000000-0x00000213d0000000, reserved size: 1073741824
Narrow klass base: 0x000002138f000000, Narrow klass shift: 0, Narrow klass range: 0x100000000

GC Precious Log:
 CardTable entry size: 512
 Card Set container configuration: InlinePtr #cards 5 size 8 Array Of Cards #cards 12 size 40 Howl #buckets 4 coarsen threshold 1843 Howl Bitmap #cards 512 size 80 coarsen threshold 460 Card regions per heap region 1 cards per card region 2048
 CPUs: 4 total, 4 available
 Memory: 6095M
 Large Page Support: Disabled
 NUMA Support: Disabled
 Compressed Oops: Enabled (32-bit)
 Heap Region Size: 1M
 Heap Min Capacity: 8M
 Heap Initial Capacity: 96M
 Heap Max Capacity: 2G
 Pre-touch: Disabled
 Parallel Workers: 4
 Concurrent Workers: 1
 Concurrent Refinement Workers: 4
 Periodic GC: Disabled

Heap:
 garbage-first heap   total 275456K, used 206150K [0x0000000080000000, 0x0000000100000000)
  region size 1024K, 55 young (56320K), 9 survivors (9216K)
 Metaspace       used 152645K, committed 155456K, reserved 1245184K
  class space    used 19902K, committed 21312K, reserved 1048576K

Heap Regions: E=young(eden), S=young(survivor), O=old, HS=humongous(starts), HC=humongous(continues), CS=collection set, F=free, TAMS=top-at-mark-start, PB=parsable bottom
|   0|0x0000000080000000, 0x0000000080100000, 0x0000000080100000|100%|HS|  |TAMS 0x0000000080000000| PB 0x0000000080000000| Complete 
|   1|0x0000000080100000, 0x0000000080200000, 0x0000000080200000|100%|HC|  |TAMS 0x0000000080100000| PB 0x0000000080100000| Complete 
|   2|0x0000000080200000, 0x0000000080300000, 0x0000000080300000|100%|HC|  |TAMS 0x0000000080200000| PB 0x0000000080200000| Complete 
|   3|0x0000000080300000, 0x0000000080400000, 0x0000000080400000|100%| O|  |TAMS 0x0000000080300000| PB 0x0000000080300000| Untracked 
|   4|0x0000000080400000, 0x0000000080500000, 0x0000000080500000|100%| O|  |TAMS 0x0000000080400000| PB 0x0000000080400000| Untracked 
|   5|0x0000000080500000, 0x0000000080600000, 0x0000000080600000|100%| O|  |TAMS 0x0000000080500000| PB 0x0000000080500000| Untracked 
|   6|0x0000000080600000, 0x0000000080700000, 0x0000000080700000|100%| O|  |TAMS 0x0000000080600000| PB 0x0000000080600000| Untracked 
|   7|0x0000000080700000, 0x0000000080800000, 0x0000000080800000|100%|HS|  |TAMS 0x0000000080700000| PB 0x0000000080700000| Complete 
|   8|0x0000000080800000, 0x0000000080900000, 0x0000000080900000|100%| O|  |TAMS 0x0000000080800000| PB 0x0000000080800000| Untracked 
|   9|0x0000000080900000, 0x0000000080a00000, 0x0000000080a00000|100%| O|  |TAMS 0x0000000080900000| PB 0x0000000080900000| Untracked 
|  10|0x0000000080a00000, 0x0000000080b00000, 0x0000000080b00000|100%| O|  |TAMS 0x0000000080a00000| PB 0x0000000080a00000| Untracked 
|  11|0x0000000080b00000, 0x0000000080c00000, 0x0000000080c00000|100%| O|  |TAMS 0x0000000080b00000| PB 0x0000000080b00000| Untracked 
|  12|0x0000000080c00000, 0x0000000080d00000, 0x0000000080d00000|100%| O|  |TAMS 0x0000000080c00000| PB 0x0000000080c00000| Untracked 
|  13|0x0000000080d00000, 0x0000000080e00000, 0x0000000080e00000|100%| O|  |TAMS 0x0000000080d00000| PB 0x0000000080d00000| Untracked 
|  14|0x0000000080e00000, 0x0000000080f00000, 0x0000000080f00000|100%| O|  |TAMS 0x0000000080e00000| PB 0x0000000080e00000| Untracked 
|  15|0x0000000080f00000, 0x0000000081000000, 0x0000000081000000|100%| O|  |TAMS 0x0000000080f00000| PB 0x0000000080f00000| Untracked 
|  16|0x0000000081000000, 0x0000000081100000, 0x0000000081100000|100%| O|  |TAMS 0x0000000081000000| PB 0x0000000081000000| Untracked 
|  17|0x0000000081100000, 0x0000000081200000, 0x0000000081200000|100%| O|  |TAMS 0x0000000081100000| PB 0x0000000081100000| Untracked 
|  18|0x0000000081200000, 0x0000000081300000, 0x0000000081300000|100%| O|  |TAMS 0x0000000081200000| PB 0x0000000081200000| Untracked 
|  19|0x0000000081300000, 0x0000000081400000, 0x0000000081400000|100%| O|  |TAMS 0x0000000081300000| PB 0x0000000081300000| Untracked 
|  20|0x0000000081400000, 0x0000000081500000, 0x0000000081500000|100%| O|  |TAMS 0x0000000081400000| PB 0x0000000081400000| Untracked 
|  21|0x0000000081500000, 0x0000000081600000, 0x0000000081600000|100%| O|  |TAMS 0x0000000081500000| PB 0x0000000081500000| Untracked 
|  22|0x0000000081600000, 0x0000000081700000, 0x0000000081700000|100%| O|  |TAMS 0x0000000081600000| PB 0x0000000081600000| Untracked 
|  23|0x0000000081700000, 0x0000000081800000, 0x0000000081800000|100%| O|  |TAMS 0x0000000081700000| PB 0x0000000081700000| Untracked 
|  24|0x0000000081800000, 0x0000000081900000, 0x0000000081900000|100%| O|  |TAMS 0x0000000081800000| PB 0x0000000081800000| Untracked 
|  25|0x0000000081900000, 0x0000000081a00000, 0x0000000081a00000|100%| O|  |TAMS 0x0000000081900000| PB 0x0000000081900000| Untracked 
|  26|0x0000000081a00000, 0x0000000081b00000, 0x0000000081b00000|100%| O|  |TAMS 0x0000000081a00000| PB 0x0000000081a00000| Untracked 
|  27|0x0000000081b00000, 0x0000000081c00000, 0x0000000081c00000|100%| O|  |TAMS 0x0000000081b00000| PB 0x0000000081b00000| Untracked 
|  28|0x0000000081c00000, 0x0000000081d00000, 0x0000000081d00000|100%| O|  |TAMS 0x0000000081c00000| PB 0x0000000081c00000| Untracked 
|  29|0x0000000081d00000, 0x0000000081e00000, 0x0000000081e00000|100%| O|  |TAMS 0x0000000081d00000| PB 0x0000000081d00000| Untracked 
|  30|0x0000000081e00000, 0x0000000081f00000, 0x0000000081f00000|100%| O|  |TAMS 0x0000000081e00000| PB 0x0000000081e00000| Untracked 
|  31|0x0000000081f00000, 0x0000000082000000, 0x0000000082000000|100%| O|  |TAMS 0x0000000081f00000| PB 0x0000000081f00000| Untracked 
|  32|0x0000000082000000, 0x0000000082100000, 0x0000000082100000|100%| O|  |TAMS 0x0000000082000000| PB 0x0000000082000000| Untracked 
|  33|0x0000000082100000, 0x0000000082200000, 0x0000000082200000|100%| O|  |TAMS 0x0000000082100000| PB 0x0000000082100000| Untracked 
|  34|0x0000000082200000, 0x0000000082300000, 0x0000000082300000|100%| O|  |TAMS 0x0000000082200000| PB 0x0000000082200000| Untracked 
|  35|0x0000000082300000, 0x0000000082400000, 0x0000000082400000|100%| O|  |TAMS 0x0000000082300000| PB 0x0000000082300000| Untracked 
|  36|0x0000000082400000, 0x0000000082500000, 0x0000000082500000|100%| O|  |TAMS 0x0000000082400000| PB 0x0000000082400000| Untracked 
|  37|0x0000000082500000, 0x0000000082600000, 0x0000000082600000|100%|HS|  |TAMS 0x0000000082500000| PB 0x0000000082500000| Complete 
|  38|0x0000000082600000, 0x0000000082700000, 0x0000000082700000|100%| O|  |TAMS 0x0000000082600000| PB 0x0000000082600000| Untracked 
|  39|0x0000000082700000, 0x0000000082800000, 0x0000000082800000|100%| O|  |TAMS 0x0000000082700000| PB 0x0000000082700000| Untracked 
|  40|0x0000000082800000, 0x0000000082900000, 0x0000000082900000|100%| O|  |TAMS 0x0000000082800000| PB 0x0000000082800000| Untracked 
|  41|0x0000000082900000, 0x0000000082a00000, 0x0000000082a00000|100%| O|  |TAMS 0x0000000082900000| PB 0x0000000082900000| Untracked 
|  42|0x0000000082a00000, 0x0000000082a00000, 0x0000000082b00000|  0%| F|  |TAMS 0x0000000082a00000| PB 0x0000000082a00000| Untracked 
|  43|0x0000000082b00000, 0x0000000082c00000, 0x0000000082c00000|100%| O|  |TAMS 0x0000000082b00000| PB 0x0000000082b00000| Untracked 
|  44|0x0000000082c00000, 0x0000000082d00000, 0x0000000082d00000|100%| O|  |TAMS 0x0000000082c00000| PB 0x0000000082c00000| Untracked 
|  45|0x0000000082d00000, 0x0000000082e00000, 0x0000000082e00000|100%| O|  |TAMS 0x0000000082d00000| PB 0x0000000082d00000| Untracked 
|  46|0x0000000082e00000, 0x0000000082f00000, 0x0000000082f00000|100%| O|  |TAMS 0x0000000082e00000| PB 0x0000000082e00000| Untracked 
|  47|0x0000000082f00000, 0x0000000083000000, 0x0000000083000000|100%| O|  |TAMS 0x0000000082f00000| PB 0x0000000082f00000| Untracked 
|  48|0x0000000083000000, 0x0000000083000000, 0x0000000083100000|  0%| F|  |TAMS 0x0000000083000000| PB 0x0000000083000000| Untracked 
|  49|0x0000000083100000, 0x0000000083100000, 0x0000000083200000|  0%| F|  |TAMS 0x0000000083100000| PB 0x0000000083100000| Untracked 
|  50|0x0000000083200000, 0x0000000083300000, 0x0000000083300000|100%| O|  |TAMS 0x0000000083200000| PB 0x0000000083200000| Untracked 
|  51|0x0000000083300000, 0x0000000083400000, 0x0000000083400000|100%| O|  |TAMS 0x0000000083300000| PB 0x0000000083300000| Untracked 
|  52|0x0000000083400000, 0x0000000083500000, 0x0000000083500000|100%| O|  |TAMS 0x0000000083400000| PB 0x0000000083400000| Untracked 
|  53|0x0000000083500000, 0x0000000083600000, 0x0000000083600000|100%| O|  |TAMS 0x0000000083500000| PB 0x0000000083500000| Untracked 
|  54|0x0000000083600000, 0x0000000083700000, 0x0000000083700000|100%| O|  |TAMS 0x0000000083600000| PB 0x0000000083600000| Untracked 
|  55|0x0000000083700000, 0x0000000083800000, 0x0000000083800000|100%| O|  |TAMS 0x0000000083700000| PB 0x0000000083700000| Untracked 
|  56|0x0000000083800000, 0x0000000083900000, 0x0000000083900000|100%| O|  |TAMS 0x0000000083800000| PB 0x0000000083800000| Untracked 
|  57|0x0000000083900000, 0x0000000083a00000, 0x0000000083a00000|100%| O|  |TAMS 0x0000000083900000| PB 0x0000000083900000| Untracked 
|  58|0x0000000083a00000, 0x0000000083b00000, 0x0000000083b00000|100%| O|  |TAMS 0x0000000083a00000| PB 0x0000000083a00000| Untracked 
|  59|0x0000000083b00000, 0x0000000083c00000, 0x0000000083c00000|100%| O|  |TAMS 0x0000000083b00000| PB 0x0000000083b00000| Untracked 
|  60|0x0000000083c00000, 0x0000000083d00000, 0x0000000083d00000|100%| O|  |TAMS 0x0000000083c00000| PB 0x0000000083c00000| Untracked 
|  61|0x0000000083d00000, 0x0000000083e00000, 0x0000000083e00000|100%| O|  |TAMS 0x0000000083d00000| PB 0x0000000083d00000| Untracked 
|  62|0x0000000083e00000, 0x0000000083f00000, 0x0000000083f00000|100%| O|  |TAMS 0x0000000083e00000| PB 0x0000000083e00000| Untracked 
|  63|0x0000000083f00000, 0x0000000084000000, 0x0000000084000000|100%| O|  |TAMS 0x0000000083f00000| PB 0x0000000083f00000| Untracked 
|  64|0x0000000084000000, 0x0000000084100000, 0x0000000084100000|100%| O|  |TAMS 0x0000000084000000| PB 0x0000000084000000| Untracked 
|  65|0x0000000084100000, 0x0000000084200000, 0x0000000084200000|100%| O|  |TAMS 0x0000000084100000| PB 0x0000000084100000| Untracked 
|  66|0x0000000084200000, 0x0000000084300000, 0x0000000084300000|100%| O|  |TAMS 0x0000000084200000| PB 0x0000000084200000| Untracked 
|  67|0x0000000084300000, 0x0000000084400000, 0x0000000084400000|100%| O|  |TAMS 0x0000000084300000| PB 0x0000000084300000| Untracked 
|  68|0x0000000084400000, 0x0000000084500000, 0x0000000084500000|100%| O|  |TAMS 0x0000000084400000| PB 0x0000000084400000| Untracked 
|  69|0x0000000084500000, 0x0000000084600000, 0x0000000084600000|100%| O|  |TAMS 0x0000000084500000| PB 0x0000000084500000| Untracked 
|  70|0x0000000084600000, 0x0000000084700000, 0x0000000084700000|100%| O|  |TAMS 0x0000000084600000| PB 0x0000000084600000| Untracked 
|  71|0x0000000084700000, 0x0000000084800000, 0x0000000084800000|100%|HS|  |TAMS 0x0000000084700000| PB 0x0000000084700000| Complete 
|  72|0x0000000084800000, 0x0000000084900000, 0x0000000084900000|100%|HC|  |TAMS 0x0000000084800000| PB 0x0000000084800000| Complete 
|  73|0x0000000084900000, 0x0000000084a00000, 0x0000000084a00000|100%|HC|  |TAMS 0x0000000084900000| PB 0x0000000084900000| Complete 
|  74|0x0000000084a00000, 0x0000000084b00000, 0x0000000084b00000|100%|HC|  |TAMS 0x0000000084a00000| PB 0x0000000084a00000| Complete 
|  75|0x0000000084b00000, 0x0000000084c00000, 0x0000000084c00000|100%|HC|  |TAMS 0x0000000084b00000| PB 0x0000000084b00000| Complete 
|  76|0x0000000084c00000, 0x0000000084d00000, 0x0000000084d00000|100%|HC|  |TAMS 0x0000000084c00000| PB 0x0000000084c00000| Complete 
|  77|0x0000000084d00000, 0x0000000084e00000, 0x0000000084e00000|100%| O|  |TAMS 0x0000000084d00000| PB 0x0000000084d00000| Untracked 
|  78|0x0000000084e00000, 0x0000000084f00000, 0x0000000084f00000|100%| O|  |TAMS 0x0000000084e00000| PB 0x0000000084e00000| Untracked 
|  79|0x0000000084f00000, 0x0000000085000000, 0x0000000085000000|100%| O|  |TAMS 0x0000000084f00000| PB 0x0000000084f00000| Untracked 
|  80|0x0000000085000000, 0x0000000085100000, 0x0000000085100000|100%|HS|  |TAMS 0x0000000085000000| PB 0x0000000085000000| Complete 
|  81|0x0000000085100000, 0x0000000085200000, 0x0000000085200000|100%|HS|  |TAMS 0x0000000085100000| PB 0x0000000085100000| Complete 
|  82|0x0000000085200000, 0x0000000085300000, 0x0000000085300000|100%|HC|  |TAMS 0x0000000085200000| PB 0x0000000085200000| Complete 
|  83|0x0000000085300000, 0x0000000085400000, 0x0000000085400000|100%|HS|  |TAMS 0x0000000085300000| PB 0x0000000085300000| Complete 
|  84|0x0000000085400000, 0x0000000085500000, 0x0000000085500000|100%|HS|  |TAMS 0x0000000085400000| PB 0x0000000085400000| Complete 
|  85|0x0000000085500000, 0x0000000085600000, 0x0000000085600000|100%| O|  |TAMS 0x0000000085500000| PB 0x0000000085500000| Untracked 
|  86|0x0000000085600000, 0x0000000085700000, 0x0000000085700000|100%| O|  |TAMS 0x0000000085600000| PB 0x0000000085600000| Untracked 
|  87|0x0000000085700000, 0x0000000085800000, 0x0000000085800000|100%| O|  |TAMS 0x0000000085700000| PB 0x0000000085700000| Untracked 
|  88|0x0000000085800000, 0x0000000085900000, 0x0000000085900000|100%| O|  |TAMS 0x0000000085800000| PB 0x0000000085800000| Untracked 
|  89|0x0000000085900000, 0x0000000085a00000, 0x0000000085a00000|100%| O|  |TAMS 0x0000000085900000| PB 0x0000000085900000| Untracked 
|  90|0x0000000085a00000, 0x0000000085b00000, 0x0000000085b00000|100%| O|  |TAMS 0x0000000085a00000| PB 0x0000000085a00000| Untracked 
|  91|0x0000000085b00000, 0x0000000085c00000, 0x0000000085c00000|100%| O|  |TAMS 0x0000000085b00000| PB 0x0000000085b00000| Untracked 
|  92|0x0000000085c00000, 0x0000000085d00000, 0x0000000085d00000|100%| O|  |TAMS 0x0000000085c00000| PB 0x0000000085c00000| Untracked 
|  93|0x0000000085d00000, 0x0000000085e00000, 0x0000000085e00000|100%| O|  |TAMS 0x0000000085d00000| PB 0x0000000085d00000| Untracked 
|  94|0x0000000085e00000, 0x0000000085f00000, 0x0000000085f00000|100%| O|  |TAMS 0x0000000085e00000| PB 0x0000000085e00000| Untracked 
|  95|0x0000000085f00000, 0x0000000086000000, 0x0000000086000000|100%| O|  |TAMS 0x0000000085f00000| PB 0x0000000085f00000| Untracked 
|  96|0x0000000086000000, 0x0000000086100000, 0x0000000086100000|100%| O|  |TAMS 0x0000000086000000| PB 0x0000000086000000| Untracked 
|  97|0x0000000086100000, 0x0000000086200000, 0x0000000086200000|100%| O|  |TAMS 0x0000000086100000| PB 0x0000000086100000| Untracked 
|  98|0x0000000086200000, 0x0000000086300000, 0x0000000086300000|100%| O|  |TAMS 0x0000000086200000| PB 0x0000000086200000| Untracked 
|  99|0x0000000086300000, 0x0000000086400000, 0x0000000086400000|100%| O|  |TAMS 0x0000000086300000| PB 0x0000000086300000| Untracked 
| 100|0x0000000086400000, 0x0000000086500000, 0x0000000086500000|100%| O|  |TAMS 0x0000000086400000| PB 0x0000000086400000| Untracked 
| 101|0x0000000086500000, 0x0000000086600000, 0x0000000086600000|100%| O|  |TAMS 0x0000000086500000| PB 0x0000000086500000| Untracked 
| 102|0x0000000086600000, 0x0000000086700000, 0x0000000086700000|100%| O|  |TAMS 0x0000000086600000| PB 0x0000000086600000| Untracked 
| 103|0x0000000086700000, 0x0000000086800000, 0x0000000086800000|100%| O|  |TAMS 0x0000000086700000| PB 0x0000000086700000| Untracked 
| 104|0x0000000086800000, 0x0000000086900000, 0x0000000086900000|100%| O|  |TAMS 0x0000000086800000| PB 0x0000000086800000| Untracked 
| 105|0x0000000086900000, 0x0000000086a00000, 0x0000000086a00000|100%| O|  |TAMS 0x0000000086900000| PB 0x0000000086900000| Untracked 
| 106|0x0000000086a00000, 0x0000000086b00000, 0x0000000086b00000|100%| O|  |TAMS 0x0000000086a00000| PB 0x0000000086a00000| Untracked 
| 107|0x0000000086b00000, 0x0000000086c00000, 0x0000000086c00000|100%| O|  |TAMS 0x0000000086b00000| PB 0x0000000086b00000| Untracked 
| 108|0x0000000086c00000, 0x0000000086d00000, 0x0000000086d00000|100%| O|  |TAMS 0x0000000086c00000| PB 0x0000000086c00000| Untracked 
| 109|0x0000000086d00000, 0x0000000086e00000, 0x0000000086e00000|100%| O|  |TAMS 0x0000000086d00000| PB 0x0000000086d00000| Untracked 
| 110|0x0000000086e00000, 0x0000000086f00000, 0x0000000086f00000|100%| O|  |TAMS 0x0000000086e00000| PB 0x0000000086e00000| Untracked 
| 111|0x0000000086f00000, 0x0000000087000000, 0x0000000087000000|100%| O|  |TAMS 0x0000000086f00000| PB 0x0000000086f00000| Untracked 
| 112|0x0000000087000000, 0x0000000087100000, 0x0000000087100000|100%| O|  |TAMS 0x0000000087000000| PB 0x0000000087000000| Untracked 
| 113|0x0000000087100000, 0x0000000087200000, 0x0000000087200000|100%| O|  |TAMS 0x0000000087100000| PB 0x0000000087100000| Untracked 
| 114|0x0000000087200000, 0x0000000087300000, 0x0000000087300000|100%| O|  |TAMS 0x0000000087200000| PB 0x0000000087200000| Untracked 
| 115|0x0000000087300000, 0x0000000087400000, 0x0000000087400000|100%|HS|  |TAMS 0x0000000087300000| PB 0x0000000087300000| Complete 
| 116|0x0000000087400000, 0x0000000087500000, 0x0000000087500000|100%|HS|  |TAMS 0x0000000087400000| PB 0x0000000087400000| Complete 
| 117|0x0000000087500000, 0x0000000087600000, 0x0000000087600000|100%| O|  |TAMS 0x0000000087500000| PB 0x0000000087500000| Untracked 
| 118|0x0000000087600000, 0x0000000087700000, 0x0000000087700000|100%| O|  |TAMS 0x0000000087600000| PB 0x0000000087600000| Untracked 
| 119|0x0000000087700000, 0x0000000087700000, 0x0000000087800000|  0%| F|  |TAMS 0x0000000087700000| PB 0x0000000087700000| Untracked 
| 120|0x0000000087800000, 0x0000000087900000, 0x0000000087900000|100%| O|  |TAMS 0x0000000087800000| PB 0x0000000087800000| Untracked 
| 121|0x0000000087900000, 0x0000000087a00000, 0x0000000087a00000|100%| O|  |TAMS 0x0000000087900000| PB 0x0000000087900000| Untracked 
| 122|0x0000000087a00000, 0x0000000087b00000, 0x0000000087b00000|100%| O|  |TAMS 0x0000000087a00000| PB 0x0000000087a00000| Untracked 
| 123|0x0000000087b00000, 0x0000000087c00000, 0x0000000087c00000|100%| O|  |TAMS 0x0000000087b00000| PB 0x0000000087b00000| Untracked 
| 124|0x0000000087c00000, 0x0000000087d00000, 0x0000000087d00000|100%| O|  |TAMS 0x0000000087c00000| PB 0x0000000087c00000| Untracked 
| 125|0x0000000087d00000, 0x0000000087e00000, 0x0000000087e00000|100%| O|  |TAMS 0x0000000087d00000| PB 0x0000000087d00000| Untracked 
| 126|0x0000000087e00000, 0x0000000087f00000, 0x0000000087f00000|100%| O|  |TAMS 0x0000000087e00000| PB 0x0000000087e00000| Untracked 
| 127|0x0000000087f00000, 0x0000000088000000, 0x0000000088000000|100%| O|  |TAMS 0x0000000087f00000| PB 0x0000000087f00000| Untracked 
| 128|0x0000000088000000, 0x0000000088100000, 0x0000000088100000|100%| O|  |TAMS 0x0000000088000000| PB 0x0000000088000000| Untracked 
| 129|0x0000000088100000, 0x0000000088200000, 0x0000000088200000|100%| O|  |TAMS 0x0000000088100000| PB 0x0000000088100000| Untracked 
| 130|0x0000000088200000, 0x0000000088200000, 0x0000000088300000|  0%| F|  |TAMS 0x0000000088200000| PB 0x0000000088200000| Untracked 
| 131|0x0000000088300000, 0x0000000088400000, 0x0000000088400000|100%| O|  |TAMS 0x0000000088300000| PB 0x0000000088300000| Untracked 
| 132|0x0000000088400000, 0x0000000088500000, 0x0000000088500000|100%|HS|  |TAMS 0x0000000088400000| PB 0x0000000088400000| Complete 
| 133|0x0000000088500000, 0x0000000088600000, 0x0000000088600000|100%|HC|  |TAMS 0x0000000088500000| PB 0x0000000088500000| Complete 
| 134|0x0000000088600000, 0x0000000088700000, 0x0000000088700000|100%| O|  |TAMS 0x0000000088600000| PB 0x0000000088600000| Untracked 
| 135|0x0000000088700000, 0x0000000088800000, 0x0000000088800000|100%| O|  |TAMS 0x0000000088700000| PB 0x0000000088700000| Untracked 
| 136|0x0000000088800000, 0x0000000088900000, 0x0000000088900000|100%| O|  |TAMS 0x0000000088800000| PB 0x0000000088800000| Untracked 
| 137|0x0000000088900000, 0x0000000088a00000, 0x0000000088a00000|100%| O|  |TAMS 0x0000000088900000| PB 0x0000000088900000| Untracked 
| 138|0x0000000088a00000, 0x0000000088b00000, 0x0000000088b00000|100%| O|  |TAMS 0x0000000088a00000| PB 0x0000000088a00000| Untracked 
| 139|0x0000000088b00000, 0x0000000088c00000, 0x0000000088c00000|100%| O|  |TAMS 0x0000000088b00000| PB 0x0000000088b00000| Untracked 
| 140|0x0000000088c00000, 0x0000000088d00000, 0x0000000088d00000|100%| O|  |TAMS 0x0000000088c00000| PB 0x0000000088c00000| Untracked 
| 141|0x0000000088d00000, 0x0000000088e00000, 0x0000000088e00000|100%| O|  |TAMS 0x0000000088d00000| PB 0x0000000088d00000| Untracked 
| 142|0x0000000088e00000, 0x0000000088f00000, 0x0000000088f00000|100%| O|  |TAMS 0x0000000088e00000| PB 0x0000000088e00000| Untracked 
| 143|0x0000000088f00000, 0x0000000089000000, 0x0000000089000000|100%| O|  |TAMS 0x0000000088f00000| PB 0x0000000088f00000| Untracked 
| 144|0x0000000089000000, 0x0000000089051b80, 0x0000000089100000| 31%| O|  |TAMS 0x0000000089000000| PB 0x0000000089000000| Untracked 
| 145|0x0000000089100000, 0x0000000089100000, 0x0000000089200000|  0%| F|  |TAMS 0x0000000089100000| PB 0x0000000089100000| Untracked 
| 146|0x0000000089200000, 0x0000000089200000, 0x0000000089300000|  0%| F|  |TAMS 0x0000000089200000| PB 0x0000000089200000| Untracked 
| 147|0x0000000089300000, 0x0000000089300000, 0x0000000089400000|  0%| F|  |TAMS 0x0000000089300000| PB 0x0000000089300000| Untracked 
| 148|0x0000000089400000, 0x0000000089400000, 0x0000000089500000|  0%| F|  |TAMS 0x0000000089400000| PB 0x0000000089400000| Untracked 
| 149|0x0000000089500000, 0x0000000089500000, 0x0000000089600000|  0%| F|  |TAMS 0x0000000089500000| PB 0x0000000089500000| Untracked 
| 150|0x0000000089600000, 0x0000000089600000, 0x0000000089700000|  0%| F|  |TAMS 0x0000000089600000| PB 0x0000000089600000| Untracked 
| 151|0x0000000089700000, 0x0000000089700000, 0x0000000089800000|  0%| F|  |TAMS 0x0000000089700000| PB 0x0000000089700000| Untracked 
| 152|0x0000000089800000, 0x0000000089800000, 0x0000000089900000|  0%| F|  |TAMS 0x0000000089800000| PB 0x0000000089800000| Untracked 
| 153|0x0000000089900000, 0x0000000089900000, 0x0000000089a00000|  0%| F|  |TAMS 0x0000000089900000| PB 0x0000000089900000| Untracked 
| 154|0x0000000089a00000, 0x0000000089a00000, 0x0000000089b00000|  0%| F|  |TAMS 0x0000000089a00000| PB 0x0000000089a00000| Untracked 
| 155|0x0000000089b00000, 0x0000000089b00000, 0x0000000089c00000|  0%| F|  |TAMS 0x0000000089b00000| PB 0x0000000089b00000| Untracked 
| 156|0x0000000089c00000, 0x0000000089c00000, 0x0000000089d00000|  0%| F|  |TAMS 0x0000000089c00000| PB 0x0000000089c00000| Untracked 
| 157|0x0000000089d00000, 0x0000000089d00000, 0x0000000089e00000|  0%| F|  |TAMS 0x0000000089d00000| PB 0x0000000089d00000| Untracked 
| 158|0x0000000089e00000, 0x0000000089e00000, 0x0000000089f00000|  0%| F|  |TAMS 0x0000000089e00000| PB 0x0000000089e00000| Untracked 
| 159|0x0000000089f00000, 0x0000000089f00000, 0x000000008a000000|  0%| F|  |TAMS 0x0000000089f00000| PB 0x0000000089f00000| Untracked 
| 160|0x000000008a000000, 0x000000008a000000, 0x000000008a100000|  0%| F|  |TAMS 0x000000008a000000| PB 0x000000008a000000| Untracked 
| 161|0x000000008a100000, 0x000000008a200000, 0x000000008a200000|100%| S|CS|TAMS 0x000000008a100000| PB 0x000000008a100000| Complete 
| 162|0x000000008a200000, 0x000000008a300000, 0x000000008a300000|100%| S|CS|TAMS 0x000000008a200000| PB 0x000000008a200000| Complete 
| 163|0x000000008a300000, 0x000000008a300000, 0x000000008a400000|  0%| F|  |TAMS 0x000000008a300000| PB 0x000000008a300000| Untracked 
| 164|0x000000008a400000, 0x000000008a400000, 0x000000008a500000|  0%| F|  |TAMS 0x000000008a400000| PB 0x000000008a400000| Untracked 
| 165|0x000000008a500000, 0x000000008a500000, 0x000000008a600000|  0%| F|  |TAMS 0x000000008a500000| PB 0x000000008a500000| Untracked 
| 166|0x000000008a600000, 0x000000008a600000, 0x000000008a700000|  0%| F|  |TAMS 0x000000008a600000| PB 0x000000008a600000| Untracked 
| 167|0x000000008a700000, 0x000000008a700000, 0x000000008a800000|  0%| F|  |TAMS 0x000000008a700000| PB 0x000000008a700000| Untracked 
| 168|0x000000008a800000, 0x000000008a800000, 0x000000008a900000|  0%| F|  |TAMS 0x000000008a800000| PB 0x000000008a800000| Untracked 
| 169|0x000000008a900000, 0x000000008a900000, 0x000000008aa00000|  0%| F|  |TAMS 0x000000008a900000| PB 0x000000008a900000| Untracked 
| 170|0x000000008aa00000, 0x000000008aa00000, 0x000000008ab00000|  0%| F|  |TAMS 0x000000008aa00000| PB 0x000000008aa00000| Untracked 
| 171|0x000000008ab00000, 0x000000008ab00000, 0x000000008ac00000|  0%| F|  |TAMS 0x000000008ab00000| PB 0x000000008ab00000| Untracked 
| 172|0x000000008ac00000, 0x000000008ac00000, 0x000000008ad00000|  0%| F|  |TAMS 0x000000008ac00000| PB 0x000000008ac00000| Untracked 
| 173|0x000000008ad00000, 0x000000008ad00000, 0x000000008ae00000|  0%| F|  |TAMS 0x000000008ad00000| PB 0x000000008ad00000| Untracked 
| 174|0x000000008ae00000, 0x000000008af00000, 0x000000008af00000|100%| S|CS|TAMS 0x000000008ae00000| PB 0x000000008ae00000| Complete 
| 175|0x000000008af00000, 0x000000008b000000, 0x000000008b000000|100%| S|CS|TAMS 0x000000008af00000| PB 0x000000008af00000| Complete 
| 176|0x000000008b000000, 0x000000008b100000, 0x000000008b100000|100%| S|CS|TAMS 0x000000008b000000| PB 0x000000008b000000| Complete 
| 177|0x000000008b100000, 0x000000008b200000, 0x000000008b200000|100%| S|CS|TAMS 0x000000008b100000| PB 0x000000008b100000| Complete 
| 178|0x000000008b200000, 0x000000008b300000, 0x000000008b300000|100%| S|CS|TAMS 0x000000008b200000| PB 0x000000008b200000| Complete 
| 179|0x000000008b300000, 0x000000008b400000, 0x000000008b400000|100%| S|CS|TAMS 0x000000008b300000| PB 0x000000008b300000| Complete 
| 180|0x000000008b400000, 0x000000008b500000, 0x000000008b500000|100%| S|CS|TAMS 0x000000008b400000| PB 0x000000008b400000| Complete 
| 181|0x000000008b500000, 0x000000008b500000, 0x000000008b600000|  0%| F|  |TAMS 0x000000008b500000| PB 0x000000008b500000| Untracked 
| 182|0x000000008b600000, 0x000000008b600000, 0x000000008b700000|  0%| F|  |TAMS 0x000000008b600000| PB 0x000000008b600000| Untracked 
| 183|0x000000008b700000, 0x000000008b700000, 0x000000008b800000|  0%| F|  |TAMS 0x000000008b700000| PB 0x000000008b700000| Untracked 
| 184|0x000000008b800000, 0x000000008b800000, 0x000000008b900000|  0%| F|  |TAMS 0x000000008b800000| PB 0x000000008b800000| Untracked 
| 185|0x000000008b900000, 0x000000008b900000, 0x000000008ba00000|  0%| F|  |TAMS 0x000000008b900000| PB 0x000000008b900000| Untracked 
| 186|0x000000008ba00000, 0x000000008ba00000, 0x000000008bb00000|  0%| F|  |TAMS 0x000000008ba00000| PB 0x000000008ba00000| Untracked 
| 187|0x000000008bb00000, 0x000000008bb00000, 0x000000008bc00000|  0%| F|  |TAMS 0x000000008bb00000| PB 0x000000008bb00000| Untracked 
| 188|0x000000008bc00000, 0x000000008bc00000, 0x000000008bd00000|  0%| F|  |TAMS 0x000000008bc00000| PB 0x000000008bc00000| Untracked 
| 189|0x000000008bd00000, 0x000000008bd00000, 0x000000008be00000|  0%| F|  |TAMS 0x000000008bd00000| PB 0x000000008bd00000| Untracked 
| 190|0x000000008be00000, 0x000000008be00000, 0x000000008bf00000|  0%| F|  |TAMS 0x000000008be00000| PB 0x000000008be00000| Untracked 
| 191|0x000000008bf00000, 0x000000008bf00000, 0x000000008c000000|  0%| F|  |TAMS 0x000000008bf00000| PB 0x000000008bf00000| Untracked 
| 192|0x000000008c000000, 0x000000008c000000, 0x000000008c100000|  0%| F|  |TAMS 0x000000008c000000| PB 0x000000008c000000| Untracked 
| 193|0x000000008c100000, 0x000000008c100000, 0x000000008c200000|  0%| F|  |TAMS 0x000000008c100000| PB 0x000000008c100000| Untracked 
| 194|0x000000008c200000, 0x000000008c200000, 0x000000008c300000|  0%| F|  |TAMS 0x000000008c200000| PB 0x000000008c200000| Untracked 
| 195|0x000000008c300000, 0x000000008c300000, 0x000000008c400000|  0%| F|  |TAMS 0x000000008c300000| PB 0x000000008c300000| Untracked 
| 196|0x000000008c400000, 0x000000008c400000, 0x000000008c500000|  0%| F|  |TAMS 0x000000008c400000| PB 0x000000008c400000| Untracked 
| 197|0x000000008c500000, 0x000000008c500000, 0x000000008c600000|  0%| F|  |TAMS 0x000000008c500000| PB 0x000000008c500000| Untracked 
| 198|0x000000008c600000, 0x000000008c600000, 0x000000008c700000|  0%| F|  |TAMS 0x000000008c600000| PB 0x000000008c600000| Untracked 
| 199|0x000000008c700000, 0x000000008c700000, 0x000000008c800000|  0%| F|  |TAMS 0x000000008c700000| PB 0x000000008c700000| Untracked 
| 200|0x000000008c800000, 0x000000008c800000, 0x000000008c900000|  0%| F|  |TAMS 0x000000008c800000| PB 0x000000008c800000| Untracked 
| 201|0x000000008c900000, 0x000000008c900000, 0x000000008ca00000|  0%| F|  |TAMS 0x000000008c900000| PB 0x000000008c900000| Untracked 
| 202|0x000000008ca00000, 0x000000008ca00000, 0x000000008cb00000|  0%| F|  |TAMS 0x000000008ca00000| PB 0x000000008ca00000| Untracked 
| 203|0x000000008cb00000, 0x000000008cb00000, 0x000000008cc00000|  0%| F|  |TAMS 0x000000008cb00000| PB 0x000000008cb00000| Untracked 
| 204|0x000000008cc00000, 0x000000008cc00000, 0x000000008cd00000|  0%| F|  |TAMS 0x000000008cc00000| PB 0x000000008cc00000| Untracked 
| 205|0x000000008cd00000, 0x000000008cd00000, 0x000000008ce00000|  0%| F|  |TAMS 0x000000008cd00000| PB 0x000000008cd00000| Untracked 
| 206|0x000000008ce00000, 0x000000008ce00000, 0x000000008cf00000|  0%| F|  |TAMS 0x000000008ce00000| PB 0x000000008ce00000| Untracked 
| 207|0x000000008cf00000, 0x000000008cf00000, 0x000000008d000000|  0%| F|  |TAMS 0x000000008cf00000| PB 0x000000008cf00000| Untracked 
| 208|0x000000008d000000, 0x000000008d000000, 0x000000008d100000|  0%| F|  |TAMS 0x000000008d000000| PB 0x000000008d000000| Untracked 
| 209|0x000000008d100000, 0x000000008d100000, 0x000000008d200000|  0%| F|  |TAMS 0x000000008d100000| PB 0x000000008d100000| Untracked 
| 210|0x000000008d200000, 0x000000008d200000, 0x000000008d300000|  0%| F|  |TAMS 0x000000008d200000| PB 0x000000008d200000| Untracked 
| 211|0x000000008d300000, 0x000000008d300000, 0x000000008d400000|  0%| F|  |TAMS 0x000000008d300000| PB 0x000000008d300000| Untracked 
| 212|0x000000008d400000, 0x000000008d400000, 0x000000008d500000|  0%| F|  |TAMS 0x000000008d400000| PB 0x000000008d400000| Untracked 
| 213|0x000000008d500000, 0x000000008d500000, 0x000000008d600000|  0%| F|  |TAMS 0x000000008d500000| PB 0x000000008d500000| Untracked 
| 214|0x000000008d600000, 0x000000008d60f578, 0x000000008d700000|  5%| E|  |TAMS 0x000000008d600000| PB 0x000000008d600000| Complete 
| 215|0x000000008d700000, 0x000000008d800000, 0x000000008d800000|100%| E|CS|TAMS 0x000000008d700000| PB 0x000000008d700000| Complete 
| 216|0x000000008d800000, 0x000000008d900000, 0x000000008d900000|100%| E|CS|TAMS 0x000000008d800000| PB 0x000000008d800000| Complete 
| 217|0x000000008d900000, 0x000000008da00000, 0x000000008da00000|100%| E|CS|TAMS 0x000000008d900000| PB 0x000000008d900000| Complete 
| 218|0x000000008da00000, 0x000000008db00000, 0x000000008db00000|100%| E|CS|TAMS 0x000000008da00000| PB 0x000000008da00000| Complete 
| 219|0x000000008db00000, 0x000000008dc00000, 0x000000008dc00000|100%| E|CS|TAMS 0x000000008db00000| PB 0x000000008db00000| Complete 
| 220|0x000000008dc00000, 0x000000008dd00000, 0x000000008dd00000|100%| E|CS|TAMS 0x000000008dc00000| PB 0x000000008dc00000| Complete 
| 221|0x000000008dd00000, 0x000000008de00000, 0x000000008de00000|100%| E|CS|TAMS 0x000000008dd00000| PB 0x000000008dd00000| Complete 
| 222|0x000000008de00000, 0x000000008df00000, 0x000000008df00000|100%| E|CS|TAMS 0x000000008de00000| PB 0x000000008de00000| Complete 
| 223|0x000000008df00000, 0x000000008e000000, 0x000000008e000000|100%| E|CS|TAMS 0x000000008df00000| PB 0x000000008df00000| Complete 
| 224|0x000000008e000000, 0x000000008e100000, 0x000000008e100000|100%| E|CS|TAMS 0x000000008e000000| PB 0x000000008e000000| Complete 
| 225|0x000000008e100000, 0x000000008e200000, 0x000000008e200000|100%| E|CS|TAMS 0x000000008e100000| PB 0x000000008e100000| Complete 
| 226|0x000000008e200000, 0x000000008e300000, 0x000000008e300000|100%| E|CS|TAMS 0x000000008e200000| PB 0x000000008e200000| Complete 
| 227|0x000000008e300000, 0x000000008e400000, 0x000000008e400000|100%| E|CS|TAMS 0x000000008e300000| PB 0x000000008e300000| Complete 
| 228|0x000000008e400000, 0x000000008e500000, 0x000000008e500000|100%| E|CS|TAMS 0x000000008e400000| PB 0x000000008e400000| Complete 
| 229|0x000000008e500000, 0x000000008e600000, 0x000000008e600000|100%| E|CS|TAMS 0x000000008e500000| PB 0x000000008e500000| Complete 
| 230|0x000000008e600000, 0x000000008e700000, 0x000000008e700000|100%| E|CS|TAMS 0x000000008e600000| PB 0x000000008e600000| Complete 
| 231|0x000000008e700000, 0x000000008e800000, 0x000000008e800000|100%| E|CS|TAMS 0x000000008e700000| PB 0x000000008e700000| Complete 
| 232|0x000000008e800000, 0x000000008e900000, 0x000000008e900000|100%| E|CS|TAMS 0x000000008e800000| PB 0x000000008e800000| Complete 
| 233|0x000000008e900000, 0x000000008ea00000, 0x000000008ea00000|100%| E|CS|TAMS 0x000000008e900000| PB 0x000000008e900000| Complete 
| 234|0x000000008ea00000, 0x000000008eb00000, 0x000000008eb00000|100%| E|CS|TAMS 0x000000008ea00000| PB 0x000000008ea00000| Complete 
| 235|0x000000008eb00000, 0x000000008ec00000, 0x000000008ec00000|100%| E|CS|TAMS 0x000000008eb00000| PB 0x000000008eb00000| Complete 
| 236|0x000000008ec00000, 0x000000008ed00000, 0x000000008ed00000|100%| E|CS|TAMS 0x000000008ec00000| PB 0x000000008ec00000| Complete 
| 237|0x000000008ed00000, 0x000000008ee00000, 0x000000008ee00000|100%| E|CS|TAMS 0x000000008ed00000| PB 0x000000008ed00000| Complete 
| 238|0x000000008ee00000, 0x000000008ef00000, 0x000000008ef00000|100%| E|CS|TAMS 0x000000008ee00000| PB 0x000000008ee00000| Complete 
| 239|0x000000008ef00000, 0x000000008f000000, 0x000000008f000000|100%| E|CS|TAMS 0x000000008ef00000| PB 0x000000008ef00000| Complete 
| 240|0x000000008f000000, 0x000000008f100000, 0x000000008f100000|100%| E|CS|TAMS 0x000000008f000000| PB 0x000000008f000000| Complete 
| 241|0x000000008f100000, 0x000000008f200000, 0x000000008f200000|100%| E|CS|TAMS 0x000000008f100000| PB 0x000000008f100000| Complete 
| 242|0x000000008f200000, 0x000000008f300000, 0x000000008f300000|100%| E|CS|TAMS 0x000000008f200000| PB 0x000000008f200000| Complete 
| 243|0x000000008f300000, 0x000000008f400000, 0x000000008f400000|100%| E|CS|TAMS 0x000000008f300000| PB 0x000000008f300000| Complete 
| 244|0x000000008f400000, 0x000000008f500000, 0x000000008f500000|100%| E|CS|TAMS 0x000000008f400000| PB 0x000000008f400000| Complete 
| 245|0x000000008f500000, 0x000000008f600000, 0x000000008f600000|100%| E|CS|TAMS 0x000000008f500000| PB 0x000000008f500000| Complete 
| 246|0x000000008f600000, 0x000000008f700000, 0x000000008f700000|100%| E|CS|TAMS 0x000000008f600000| PB 0x000000008f600000| Complete 
| 247|0x000000008f700000, 0x000000008f800000, 0x000000008f800000|100%| E|CS|TAMS 0x000000008f700000| PB 0x000000008f700000| Complete 
| 248|0x000000008f800000, 0x000000008f900000, 0x000000008f900000|100%| E|CS|TAMS 0x000000008f800000| PB 0x000000008f800000| Complete 
| 249|0x000000008f900000, 0x000000008fa00000, 0x000000008fa00000|100%| E|CS|TAMS 0x000000008f900000| PB 0x000000008f900000| Complete 
| 250|0x000000008fa00000, 0x000000008fb00000, 0x000000008fb00000|100%| E|CS|TAMS 0x000000008fa00000| PB 0x000000008fa00000| Complete 
| 251|0x000000008fb00000, 0x000000008fc00000, 0x000000008fc00000|100%| E|CS|TAMS 0x000000008fb00000| PB 0x000000008fb00000| Complete 
| 252|0x000000008fc00000, 0x000000008fd00000, 0x000000008fd00000|100%| E|CS|TAMS 0x000000008fc00000| PB 0x000000008fc00000| Complete 
| 253|0x000000008fd00000, 0x000000008fe00000, 0x000000008fe00000|100%| E|CS|TAMS 0x000000008fd00000| PB 0x000000008fd00000| Complete 
| 254|0x000000008fe00000, 0x000000008ff00000, 0x000000008ff00000|100%| E|CS|TAMS 0x000000008fe00000| PB 0x000000008fe00000| Complete 
| 255|0x000000008ff00000, 0x0000000090000000, 0x0000000090000000|100%| E|CS|TAMS 0x000000008ff00000| PB 0x000000008ff00000| Complete 
| 256|0x0000000090000000, 0x0000000090100000, 0x0000000090100000|100%| E|CS|TAMS 0x0000000090000000| PB 0x0000000090000000| Complete 
|2036|0x00000000ff400000, 0x00000000ff500000, 0x00000000ff500000|100%| E|CS|TAMS 0x00000000ff400000| PB 0x00000000ff400000| Complete 
|2037|0x00000000ff500000, 0x00000000ff600000, 0x00000000ff600000|100%| O|  |TAMS 0x00000000ff500000| PB 0x00000000ff500000| Untracked 
|2038|0x00000000ff600000, 0x00000000ff700000, 0x00000000ff700000|100%| E|CS|TAMS 0x00000000ff600000| PB 0x00000000ff600000| Complete 
|2039|0x00000000ff700000, 0x00000000ff800000, 0x00000000ff800000|100%| E|CS|TAMS 0x00000000ff700000| PB 0x00000000ff700000| Complete 
|2040|0x00000000ff800000, 0x00000000ff900000, 0x00000000ff900000|100%| E|CS|TAMS 0x00000000ff800000| PB 0x00000000ff800000| Complete 
|2041|0x00000000ff900000, 0x00000000ffa00000, 0x00000000ffa00000|100%| O|  |TAMS 0x00000000ff900000| PB 0x00000000ff900000| Untracked 
|2042|0x00000000ffa00000, 0x00000000ffb00000, 0x00000000ffb00000|100%| O|  |TAMS 0x00000000ffa00000| PB 0x00000000ffa00000| Untracked 
|2043|0x00000000ffb00000, 0x00000000ffc00000, 0x00000000ffc00000|100%| O|  |TAMS 0x00000000ffb00000| PB 0x00000000ffb00000| Untracked 
|2044|0x00000000ffc00000, 0x00000000ffd00000, 0x00000000ffd00000|100%| O|  |TAMS 0x00000000ffc00000| PB 0x00000000ffc00000| Untracked 
|2045|0x00000000ffd00000, 0x00000000ffe00000, 0x00000000ffe00000|100%| O|  |TAMS 0x00000000ffd00000| PB 0x00000000ffd00000| Untracked 
|2046|0x00000000ffe00000, 0x00000000fff00000, 0x00000000fff00000|100%| O|  |TAMS 0x00000000ffe00000| PB 0x00000000ffe00000| Untracked 
|2047|0x00000000fff00000, 0x0000000100000000, 0x0000000100000000|100%| O|  |TAMS 0x00000000fff00000| PB 0x00000000fff00000| Untracked 

Card table byte_map: [0x00000213f3490000,0x00000213f3890000] _byte_map_base: 0x00000213f3090000

Marking Bits: (CMBitMap*) 0x00000213e8e84260
 Bits: [0x00000213f3890000, 0x00000213f5890000)

Polling page: 0x00000213e8ef0000

Metaspace:

Usage:
  Non-class:    129.63 MB used.
      Class:     19.44 MB used.
       Both:    149.07 MB used.

Virtual space:
  Non-class space:      192.00 MB reserved,     131.00 MB ( 68%) committed,  3 nodes.
      Class space:        1.00 GB reserved,      20.81 MB (  2%) committed,  1 nodes.
             Both:        1.19 GB reserved,     151.81 MB ( 12%) committed. 

Chunk freelists:
   Non-Class:  12.94 MB
       Class:  11.22 MB
        Both:  24.17 MB

MaxMetaspaceSize: unlimited
CompressedClassSpaceSize: 1.00 GB
Initial GC threshold: 21.00 MB
Current GC threshold: 235.88 MB
CDS: on
 - commit_granule_bytes: 65536.
 - commit_granule_words: 8192.
 - virtual_space_node_default_size: 8388608.
 - enlarge_chunks_in_place: 1.
 - use_allocation_guard: 0.


Internal statistics:

num_allocs_failed_limit: 9.
num_arena_births: 5112.
num_arena_deaths: 0.
num_vsnodes_births: 4.
num_vsnodes_deaths: 0.
num_space_committed: 2427.
num_space_uncommitted: 0.
num_chunks_returned_to_freelist: 9.
num_chunks_taken_from_freelist: 11724.
num_chunk_merges: 9.
num_chunk_splits: 8113.
num_chunks_enlarged: 5558.
num_inconsistent_stats: 0.

CodeHeap 'non-profiled nmethods': size=120000Kb used=9485Kb max_used=9485Kb free=110514Kb
 bounds [0x0000021387ad0000, 0x0000021388420000, 0x000002138f000000]
CodeHeap 'profiled nmethods': size=120000Kb used=36764Kb max_used=36764Kb free=83235Kb
 bounds [0x0000021380000000, 0x00000213823f0000, 0x0000021387530000]
CodeHeap 'non-nmethods': size=5760Kb used=3160Kb max_used=3206Kb free=2600Kb
 bounds [0x0000021387530000, 0x0000021387860000, 0x0000021387ad0000]
 total_blobs=17655 nmethods=16472 adapters=1084
 compilation: enabled
              stopped_count=0, restarted_count=0
 full_count=0

Compilation events (20 events):
Event: 208.089 Thread 0x00000213f7ec7760 19091       3       org.gradle.api.internal.artifacts.configurations.DefaultConfiguration$ConfigurationResolutionAccess::getHost (12 bytes)
Event: 208.090 Thread 0x00000213f7ec7760 nmethod 19091 0x00000213823ba290 code [0x00000213823ba440, 0x00000213823ba6c8]
Event: 208.091 Thread 0x00000213f7ec7760 19092       3       com.android.build.api.variant.impl.LibraryVariantBuilderImpl_Decorated::getName (40 bytes)
Event: 208.092 Thread 0x00000213f7ec7760 nmethod 19092 0x00000213823ba810 code [0x00000213823baa20, 0x00000213823bafe8]
Event: 208.092 Thread 0x00000213f7ec7760 19093       3       com.android.build.api.component.impl.ComponentBuilderImpl::getName (10 bytes)
Event: 208.092 Thread 0x00000213f7ec7760 nmethod 19093 0x00000213823bb210 code [0x00000213823bb3c0, 0x00000213823bb598]
Event: 208.092 Thread 0x00000213f7ec7760 19094       1       com.android.build.api.artifact.impl.ScopedArtifactsImpl$ScopedArtifactsContainer::getInitialScopedContent (5 bytes)
Event: 208.092 Thread 0x00000213f7ec7760 nmethod 19094 0x0000021388412290 code [0x0000021388412420, 0x00000213884124e8]
Event: 208.092 Thread 0x00000213f7ec7760 19095       3       com.android.build.api.variant.impl.LibraryVariantImpl_Decorated::getName (40 bytes)
Event: 208.093 Thread 0x00000213f7ec7760 nmethod 19095 0x00000213823bb690 code [0x00000213823bb8a0, 0x00000213823bbe78]
Event: 208.093 Thread 0x00000213f7ec7760 19096       3       com.android.build.gradle.internal.tasks.factory.TaskConfigurationActions::postRegisterHook (152 bytes)
Event: 208.094 Thread 0x00000213f7ec7760 nmethod 19096 0x00000213823bc090 code [0x00000213823bc380, 0x00000213823bd2e8]
Event: 208.096 Thread 0x00000213f7ec7760 19097       3       com.android.build.gradle.internal.dependency.AndroidAttributes::<init> (27 bytes)
Event: 208.097 Thread 0x00000213f7ec7760 nmethod 19097 0x00000213823bd790 code [0x00000213823bda60, 0x00000213823be868]
Event: 208.097 Thread 0x00000213f7ec7760 19098       3       com.android.build.gradle.internal.dependency.AndroidAttributes::<init> (27 bytes)
Event: 208.098 Thread 0x00000213f7ec7760 nmethod 19098 0x00000213823bed90 code [0x00000213823bf040, 0x00000213823bfba8]
Event: 208.098 Thread 0x00000213f7ec7760 19099       3       com.android.utils.StringHelper::appendCapitalized (69 bytes)
Event: 208.100 Thread 0x00000213f7ec7760 nmethod 19099 0x00000213823bff90 code [0x00000213823c0360, 0x00000213823c1910]
Event: 208.103 Thread 0x00000213f7ec7760 19100       3       com.android.build.gradle.internal.tasks.factory.TaskFactoryUtils::registerTask (78 bytes)
Event: 208.104 Thread 0x00000213f7ec7760 nmethod 19100 0x00000213823c2210 code [0x00000213823c2520, 0x00000213823c35b0]

GC Heap History (20 events):
Event: 174.214 GC heap before
{Heap before GC invocations=47 (full 0):
 garbage-first heap   total 211968K, used 151032K [0x0000000080000000, 0x0000000100000000)
  region size 1024K, 31 young (31744K), 7 survivors (7168K)
 Metaspace       used 123739K, committed 126208K, reserved 1179648K
  class space    used 15904K, committed 17152K, reserved 1048576K
}
Event: 174.228 GC heap after
{Heap after GC invocations=48 (full 0):
 garbage-first heap   total 211968K, used 132367K [0x0000000080000000, 0x0000000100000000)
  region size 1024K, 8 young (8192K), 8 survivors (8192K)
 Metaspace       used 123739K, committed 126208K, reserved 1179648K
  class space    used 15904K, committed 17152K, reserved 1048576K
}
Event: 176.694 GC heap before
{Heap before GC invocations=49 (full 0):
 garbage-first heap   total 232448K, used 192783K [0x0000000080000000, 0x0000000100000000)
  region size 1024K, 65 young (66560K), 8 survivors (8192K)
 Metaspace       used 128302K, committed 130816K, reserved 1179648K
  class space    used 16441K, committed 17664K, reserved 1048576K
}
Event: 176.704 GC heap after
{Heap after GC invocations=50 (full 0):
 garbage-first heap   total 232448K, used 138838K [0x0000000080000000, 0x0000000100000000)
  region size 1024K, 9 young (9216K), 9 survivors (9216K)
 Metaspace       used 128302K, committed 130816K, reserved 1179648K
  class space    used 16441K, committed 17664K, reserved 1048576K
}
Event: 178.932 GC heap before
{Heap before GC invocations=50 (full 0):
 garbage-first heap   total 232448K, used 214614K [0x0000000080000000, 0x0000000100000000)
  region size 1024K, 77 young (78848K), 9 survivors (9216K)
 Metaspace       used 132740K, committed 135424K, reserved 1179648K
  class space    used 17109K, committed 18432K, reserved 1048576K
}
Event: 178.948 GC heap after
{Heap after GC invocations=51 (full 0):
 garbage-first heap   total 232448K, used 142445K [0x0000000080000000, 0x0000000100000000)
  region size 1024K, 10 young (10240K), 10 survivors (10240K)
 Metaspace       used 132740K, committed 135424K, reserved 1179648K
  class space    used 17109K, committed 18432K, reserved 1048576K
}
Event: 179.976 GC heap before
{Heap before GC invocations=51 (full 0):
 garbage-first heap   total 232448K, used 170093K [0x0000000080000000, 0x0000000100000000)
  region size 1024K, 38 young (38912K), 10 survivors (10240K)
 Metaspace       used 134575K, committed 137216K, reserved 1179648K
  class space    used 17348K, committed 18688K, reserved 1048576K
}
Event: 179.990 GC heap after
{Heap after GC invocations=52 (full 0):
 garbage-first heap   total 232448K, used 144034K [0x0000000080000000, 0x0000000100000000)
  region size 1024K, 2 young (2048K), 2 survivors (2048K)
 Metaspace       used 134575K, committed 137216K, reserved 1179648K
  class space    used 17348K, committed 18688K, reserved 1048576K
}
Event: 184.697 GC heap before
{Heap before GC invocations=53 (full 0):
 garbage-first heap   total 250880K, used 214690K [0x0000000080000000, 0x0000000100000000)
  region size 1024K, 70 young (71680K), 2 survivors (2048K)
 Metaspace       used 140247K, committed 142848K, reserved 1179648K
  class space    used 18088K, committed 19392K, reserved 1048576K
}
Event: 184.705 GC heap after
{Heap after GC invocations=54 (full 0):
 garbage-first heap   total 250880K, used 148927K [0x0000000080000000, 0x0000000100000000)
  region size 1024K, 5 young (5120K), 5 survivors (5120K)
 Metaspace       used 140247K, committed 142848K, reserved 1179648K
  class space    used 18088K, committed 19392K, reserved 1048576K
}
Event: 195.916 GC heap before
{Heap before GC invocations=54 (full 0):
 garbage-first heap   total 250880K, used 230847K [0x0000000080000000, 0x0000000100000000)
  region size 1024K, 84 young (86016K), 5 survivors (5120K)
 Metaspace       used 142191K, committed 144896K, reserved 1179648K
  class space    used 18370K, committed 19712K, reserved 1048576K
}
Event: 195.940 GC heap after
{Heap after GC invocations=55 (full 0):
 garbage-first heap   total 250880K, used 147456K [0x0000000080000000, 0x0000000100000000)
  region size 1024K, 11 young (11264K), 11 survivors (11264K)
 Metaspace       used 142191K, committed 144896K, reserved 1179648K
  class space    used 18370K, committed 19712K, reserved 1048576K
}
Event: 196.036 GC heap before
{Heap before GC invocations=55 (full 0):
 garbage-first heap   total 250880K, used 152576K [0x0000000080000000, 0x0000000100000000)
  region size 1024K, 17 young (17408K), 11 survivors (11264K)
 Metaspace       used 142220K, committed 144896K, reserved 1179648K
  class space    used 18370K, committed 19712K, reserved 1048576K
}
Event: 196.051 GC heap after
{Heap after GC invocations=56 (full 0):
 garbage-first heap   total 250880K, used 149752K [0x0000000080000000, 0x0000000100000000)
  region size 1024K, 2 young (2048K), 2 survivors (2048K)
 Metaspace       used 142220K, committed 144896K, reserved 1179648K
  class space    used 18370K, committed 19712K, reserved 1048576K
}
Event: 198.349 GC heap before
{Heap before GC invocations=57 (full 0):
 garbage-first heap   total 275456K, used 216312K [0x0000000080000000, 0x0000000100000000)
  region size 1024K, 66 young (67584K), 2 survivors (2048K)
 Metaspace       used 142314K, committed 145024K, reserved 1179648K
  class space    used 18370K, committed 19712K, reserved 1048576K
}
Event: 198.360 GC heap after
{Heap after GC invocations=58 (full 0):
 garbage-first heap   total 275456K, used 154906K [0x0000000080000000, 0x0000000100000000)
  region size 1024K, 7 young (7168K), 7 survivors (7168K)
 Metaspace       used 142314K, committed 145024K, reserved 1179648K
  class space    used 18370K, committed 19712K, reserved 1048576K
}
Event: 201.130 GC heap before
{Heap before GC invocations=58 (full 0):
 garbage-first heap   total 275456K, used 236826K [0x0000000080000000, 0x0000000100000000)
  region size 1024K, 87 young (89088K), 7 survivors (7168K)
 Metaspace       used 146415K, committed 149184K, reserved 1179648K
  class space    used 18972K, committed 20288K, reserved 1048576K
}
Event: 201.145 GC heap after
{Heap after GC invocations=59 (full 0):
 garbage-first heap   total 275456K, used 159637K [0x0000000080000000, 0x0000000100000000)
  region size 1024K, 11 young (11264K), 11 survivors (11264K)
 Metaspace       used 146415K, committed 149184K, reserved 1179648K
  class space    used 18972K, committed 20288K, reserved 1048576K
}
Event: 206.433 GC heap before
{Heap before GC invocations=59 (full 0):
 garbage-first heap   total 275456K, used 241557K [0x0000000080000000, 0x0000000100000000)
  region size 1024K, 91 young (93184K), 11 survivors (11264K)
 Metaspace       used 151365K, committed 154176K, reserved 1245184K
  class space    used 19730K, committed 21120K, reserved 1048576K
}
Event: 206.458 GC heap after
{Heap after GC invocations=60 (full 0):
 garbage-first heap   total 275456K, used 160070K [0x0000000080000000, 0x0000000100000000)
  region size 1024K, 9 young (9216K), 9 survivors (9216K)
 Metaspace       used 151365K, committed 154176K, reserved 1245184K
  class space    used 19730K, committed 21120K, reserved 1048576K
}

Dll operation events (16 events):
Event: 0.048 Loaded shared library C:\Program Files\Java\jdk-21\bin\java.dll
Event: 0.132 Loaded shared library C:\Program Files\Java\jdk-21\bin\jsvml.dll
Event: 0.349 Loaded shared library C:\Program Files\Java\jdk-21\bin\zip.dll
Event: 0.359 Loaded shared library C:\Program Files\Java\jdk-21\bin\instrument.dll
Event: 0.377 Loaded shared library C:\Program Files\Java\jdk-21\bin\net.dll
Event: 0.385 Loaded shared library C:\Program Files\Java\jdk-21\bin\nio.dll
Event: 0.391 Loaded shared library C:\Program Files\Java\jdk-21\bin\zip.dll
Event: 15.729 Loaded shared library C:\Program Files\Java\jdk-21\bin\jimage.dll
Event: 21.821 Loaded shared library C:\Program Files\Java\jdk-21\bin\verify.dll
Event: 22.849 Loaded shared library C:\Users\KYTHOURS\.gradle\native\1def1411415f61bf3af743bc5b6707747c0891f09f0c88961ee8f79bc544acac\windows-amd64\native-platform.dll
Event: 23.118 Loaded shared library C:\Users\KYTHOURS\.gradle\native\0.2.5\x86_64-windows-gnu\gradle-fileevents.dll
Event: 32.141 Loaded shared library C:\Program Files\Java\jdk-21\bin\management.dll
Event: 32.158 Loaded shared library C:\Program Files\Java\jdk-21\bin\management_ext.dll
Event: 33.172 Loaded shared library C:\Program Files\Java\jdk-21\bin\extnet.dll
Event: 36.356 Loaded shared library C:\Program Files\Java\jdk-21\bin\sunmscapi.dll
Event: 43.565 Loaded shared library C:\Users\KYTHOURS\AppData\Local\Temp\native-platform3518372806558075440dir\gradle-fileevents.dll

Deoptimization events (20 events):
Event: 206.914 Thread 0x00000213fca10780 Uncommon trap: trap_request=0xffffff45 fr.pc=0x0000021387ec7508 relative=0x0000000000002408
Event: 206.914 Thread 0x00000213fca10780 Uncommon trap: reason=unstable_if action=reinterpret pc=0x0000021387ec7508 method=com.google.common.collect.MapMakerInternalMap$Segment.getEntry(Ljava/lang/Object;I)Lcom/google/common/collect/MapMakerInternalMap$InternalEntry; @ 40 c2
Event: 206.914 Thread 0x00000213fca10780 DEOPT PACKING pc=0x0000021387ec7508 sp=0x000000ee872f7cd0
Event: 206.914 Thread 0x00000213fca10780 DEOPT UNPACKING pc=0x00000213875846a2 sp=0x000000ee872f7be8 mode 2
Event: 207.954 Thread 0x00000213fca10780 Uncommon trap: trap_request=0xffffffde fr.pc=0x0000021388346108 relative=0x0000000000001148
Event: 207.954 Thread 0x00000213fca10780 Uncommon trap: reason=class_check action=maybe_recompile pc=0x0000021388346108 method=org.gradle.tooling.internal.provider.runner.ClientBuildEventGenerator.finished(Lorg/gradle/internal/operations/BuildOperationDescriptor;Lorg/gradle/internal/operations/O
Event: 207.954 Thread 0x00000213fca10780 DEOPT PACKING pc=0x0000021388346108 sp=0x000000ee872fa4e0
Event: 207.954 Thread 0x00000213fca10780 DEOPT UNPACKING pc=0x00000213875846a2 sp=0x000000ee872fa4c0 mode 2
Event: 207.954 Thread 0x00000213fca10e10 Uncommon trap: trap_request=0xffffff45 fr.pc=0x0000021388397154 relative=0x0000000000000174
Event: 207.954 Thread 0x00000213fca10e10 Uncommon trap: reason=unstable_if action=reinterpret pc=0x0000021388397154 method=java.io.ObjectOutputStream$ReplaceTable.lookup(Ljava/lang/Object;)Ljava/lang/Object; @ 10 c2
Event: 207.954 Thread 0x00000213fca10e10 DEOPT PACKING pc=0x0000021388397154 sp=0x000000ee875fea00
Event: 207.954 Thread 0x00000213fca10e10 DEOPT UNPACKING pc=0x00000213875846a2 sp=0x000000ee875fe940 mode 2
Event: 207.955 Thread 0x00000213fca10e10 Uncommon trap: trap_request=0xffffff45 fr.pc=0x00000213882a2d64 relative=0x0000000000000124
Event: 207.955 Thread 0x00000213fca10e10 Uncommon trap: reason=unstable_if action=reinterpret pc=0x00000213882a2d64 method=java.io.ObjectOutputStream$ReplaceTable.lookup(Ljava/lang/Object;)Ljava/lang/Object; @ 10 c2
Event: 207.955 Thread 0x00000213fca10e10 DEOPT PACKING pc=0x00000213882a2d64 sp=0x000000ee875fe880
Event: 207.955 Thread 0x00000213fca10e10 DEOPT UNPACKING pc=0x00000213875846a2 sp=0x000000ee875fe838 mode 2
Event: 207.970 Thread 0x00000213fca10780 Uncommon trap: trap_request=0xffffff76 fr.pc=0x000002138840ba34 relative=0x00000000000005d4
Event: 207.970 Thread 0x00000213fca10780 Uncommon trap: reason=predicate action=maybe_recompile pc=0x000002138840ba34 method=java.util.TimSort.binarySort([Ljava/lang/Object;IIILjava/util/Comparator;)V @ 34 c2
Event: 207.970 Thread 0x00000213fca10780 DEOPT PACKING pc=0x000002138840ba34 sp=0x000000ee872f8770
Event: 207.970 Thread 0x00000213fca10780 DEOPT UNPACKING pc=0x00000213875846a2 sp=0x000000ee872f8720 mode 2

Classes loaded (20 events):
Event: 195.590 Loading class sun/nio/cs/ThreadLocalCoders$Cache done
Event: 195.590 Loading class sun/nio/cs/ThreadLocalCoders$1 done
Event: 195.590 Loading class sun/nio/cs/ThreadLocalCoders$2
Event: 195.590 Loading class sun/nio/cs/ThreadLocalCoders$2 done
Event: 200.293 Loading class java/util/concurrent/atomic/AtomicIntegerArray
Event: 200.294 Loading class java/util/concurrent/atomic/AtomicIntegerArray done
Event: 200.301 Loading class java/util/Currency
Event: 200.302 Loading class java/util/Currency done
Event: 200.316 Loading class java/util/concurrent/atomic/AtomicLongArray
Event: 200.316 Loading class java/util/concurrent/atomic/AtomicLongArray done
Event: 200.368 Loading class sun/reflect/generics/repository/FieldRepository
Event: 200.368 Loading class sun/reflect/generics/repository/FieldRepository done
Event: 200.392 Loading class jdk/internal/vm/annotation/ForceInline
Event: 200.393 Loading class jdk/internal/vm/annotation/ForceInline done
Event: 200.569 Loading class java/util/regex/Pattern$Caret
Event: 200.570 Loading class java/util/regex/Pattern$Caret done
Event: 207.761 Loading class java/io/PrintWriter$1
Event: 207.781 Loading class jdk/internal/access/JavaIOPrintWriterAccess
Event: 207.793 Loading class jdk/internal/access/JavaIOPrintWriterAccess done
Event: 207.793 Loading class java/io/PrintWriter$1 done

Classes unloaded (0 events):
No events

Classes redefined (0 events):
No events

Internal exceptions (20 events):
Event: 198.891 Thread 0x00000213fca10780 Exception <a 'sun/nio/fs/WindowsException'{0x000000008ea5abf0}> (0x000000008ea5abf0) 
thrown [s\open\src\hotspot\share\prims\jni.cpp, line 520]
Event: 198.896 Thread 0x00000213fca10780 Exception <a 'sun/nio/fs/WindowsException'{0x000000008ea63f70}> (0x000000008ea63f70) 
thrown [s\open\src\hotspot\share\prims\jni.cpp, line 520]
Event: 198.903 Thread 0x00000213fca10780 Exception <a 'sun/nio/fs/WindowsException'{0x000000008ea6b358}> (0x000000008ea6b358) 
thrown [s\open\src\hotspot\share\prims\jni.cpp, line 520]
Event: 199.012 Thread 0x00000213fca10780 Exception <a 'java/lang/NoSuchMethodError'{0x000000008e848e38}: 'int java.lang.invoke.DirectMethodHandle$Holder.invokeSpecialIFC(java.lang.Object, java.lang.Object, java.lang.Object, java.lang.Object, java.lang.Object)'> (0x000000008e848e38) 
thrown [s\open\src\hotspot\share\interpreter\linkResolver.cpp, line 773]
Event: 200.395 Thread 0x00000213fca10780 Exception <a 'java/lang/NoSuchMethodError'{0x000000008c9c70a8}: 'void java.lang.invoke.Invokers$Holder.invokeExact_MT(java.lang.Object, java.lang.Object, java.lang.Object, java.lang.Object)'> (0x000000008c9c70a8) 
thrown [s\open\src\hotspot\share\interpreter\linkResolver.cpp, line 773]
Event: 205.319 Thread 0x00000213fca10780 Exception <a 'java/lang/ClassNotFoundException'{0x000000008d8c3f68}: com/android/build/gradle/internal/api/ApkVariantOutputImpl_DecoratedBeanInfo> (0x000000008d8c3f68) 
thrown [s\open\src\hotspot\share\classfile\systemDictionary.cpp, line 312]
Event: 205.320 Thread 0x00000213fca10780 Exception <a 'java/lang/ClassNotFoundException'{0x000000008d8d1ea8}: com/android/build/gradle/internal/api/ApkVariantOutputImplBeanInfo> (0x000000008d8d1ea8) 
thrown [s\open\src\hotspot\share\classfile\systemDictionary.cpp, line 312]
Event: 205.321 Thread 0x00000213fca10780 Exception <a 'java/lang/ClassNotFoundException'{0x000000008d8dfe08}: com/android/build/gradle/internal/api/BaseVariantOutputImplBeanInfo> (0x000000008d8dfe08) 
thrown [s\open\src\hotspot\share\classfile\systemDictionary.cpp, line 312]
Event: 205.322 Thread 0x00000213fca10780 Exception <a 'java/lang/ClassNotFoundException'{0x000000008d8edd58}: com/android/build/gradle/internal/api/BaseVariantOutputImplCustomizer> (0x000000008d8edd58) 
thrown [s\open\src\hotspot\share\classfile\systemDictionary.cpp, line 312]
Event: 205.324 Thread 0x00000213fca10780 Exception <a 'java/lang/ClassNotFoundException'{0x000000008d70f410}: com/android/build/gradle/internal/api/ApkVariantOutputImplCustomizer> (0x000000008d70f410) 
thrown [s\open\src\hotspot\share\classfile\systemDictionary.cpp, line 312]
Event: 205.325 Thread 0x00000213fca10780 Exception <a 'java/lang/ClassNotFoundException'{0x000000008d72bbd8}: com/android/build/gradle/internal/api/ApkVariantOutputImpl_DecoratedCustomizer> (0x000000008d72bbd8) 
thrown [s\open\src\hotspot\share\classfile\systemDictionary.cpp, line 312]
Event: 205.552 Thread 0x00000213fca10780 Exception <a 'java/lang/ClassNotFoundException'{0x000000008cf28450}: com/android/build/gradle/internal/api/ReadOnlyBuildTypeBeanInfo> (0x000000008cf28450) 
thrown [s\open\src\hotspot\share\classfile\systemDictionary.cpp, line 312]
Event: 205.553 Thread 0x00000213fca10780 Exception <a 'java/lang/ClassNotFoundException'{0x000000008cf36330}: com/android/build/gradle/internal/api/ReadOnlyBaseConfigBeanInfo> (0x000000008cf36330) 
thrown [s\open\src\hotspot\share\classfile\systemDictionary.cpp, line 312]
Event: 205.554 Thread 0x00000213fca10780 Exception <a 'java/lang/ClassNotFoundException'{0x000000008cf44230}: com/android/build/gradle/internal/api/ReadOnlyBaseConfigCustomizer> (0x000000008cf44230) 
thrown [s\open\src\hotspot\share\classfile\systemDictionary.cpp, line 312]
Event: 205.556 Thread 0x00000213fca10780 Exception <a 'java/lang/ClassNotFoundException'{0x000000008cf63058}: com/android/build/gradle/internal/api/ReadOnlyBuildTypeCustomizer> (0x000000008cf63058) 
thrown [s\open\src\hotspot\share\classfile\systemDictionary.cpp, line 312]
Event: 206.273 Thread 0x00000213fca10780 Exception <a 'java/lang/ClassNotFoundException'{0x000000008bbb6358}: com/android/build/gradle/internal/api/LibraryVariantOutputImpl_DecoratedBeanInfo> (0x000000008bbb6358) 
thrown [s\open\src\hotspot\share\classfile\systemDictionary.cpp, line 312]
Event: 206.274 Thread 0x00000213fca10780 Exception <a 'java/lang/ClassNotFoundException'{0x000000008bbc43a8}: com/android/build/gradle/internal/api/LibraryVariantOutputImplBeanInfo> (0x000000008bbc43a8) 
thrown [s\open\src\hotspot\share\classfile\systemDictionary.cpp, line 312]
Event: 206.274 Thread 0x00000213fca10780 Exception <a 'java/lang/ClassNotFoundException'{0x000000008bbd23d8}: com/android/build/gradle/internal/api/LibraryVariantOutputImplCustomizer> (0x000000008bbd23d8) 
thrown [s\open\src\hotspot\share\classfile\systemDictionary.cpp, line 312]
Event: 206.276 Thread 0x00000213fca10780 Exception <a 'java/lang/ClassNotFoundException'{0x000000008bbe9458}: com/android/build/gradle/internal/api/LibraryVariantOutputImpl_DecoratedCustomizer> (0x000000008bbe9458) 
thrown [s\open\src\hotspot\share\classfile\systemDictionary.cpp, line 312]
Event: 206.914 Thread 0x00000213fca10780 Implicit null exception at 0x0000021387ec5a14 to 0x0000021387ec74dc

ZGC Phase Switch (0 events):
No events

VM Operations (20 events):
Event: 199.260 Executing VM operation: HandshakeAllThreads (Deoptimize)
Event: 199.261 Executing VM operation: HandshakeAllThreads (Deoptimize) done
Event: 199.609 Executing VM operation: HandshakeAllThreads (Deoptimize)
Event: 199.609 Executing VM operation: HandshakeAllThreads (Deoptimize) done
Event: 200.615 Executing VM operation: Cleanup
Event: 200.615 Executing VM operation: Cleanup done
Event: 201.130 Executing VM operation: G1CollectForAllocation (G1 Evacuation Pause)
Event: 201.146 Executing VM operation: G1CollectForAllocation (G1 Evacuation Pause) done
Event: 202.159 Executing VM operation: Cleanup
Event: 202.159 Executing VM operation: Cleanup done
Event: 204.169 Executing VM operation: Cleanup
Event: 204.169 Executing VM operation: Cleanup done
Event: 205.176 Executing VM operation: Cleanup
Event: 205.176 Executing VM operation: Cleanup done
Event: 206.178 Executing VM operation: Cleanup
Event: 206.193 Executing VM operation: Cleanup done
Event: 206.433 Executing VM operation: G1CollectForAllocation (G1 Evacuation Pause)
Event: 206.461 Executing VM operation: G1CollectForAllocation (G1 Evacuation Pause) done
Event: 207.471 Executing VM operation: Cleanup
Event: 207.471 Executing VM operation: Cleanup done

Events (20 events):
Event: 196.331 Thread 0x00000213f7e79cb0 flushing nmethod 0x0000021387eb1490
Event: 196.331 Thread 0x00000213f7e79cb0 flushing nmethod 0x0000021387d7f790
Event: 196.331 Thread 0x00000213f7e79cb0 flushing nmethod 0x0000021387e19d90
Event: 196.331 Thread 0x00000213f7e79cb0 flushing nmethod 0x0000021387e14d90
Event: 196.331 Thread 0x00000213f7e79cb0 flushing nmethod 0x0000021387df7b10
Event: 196.331 Thread 0x00000213f7e79cb0 flushing nmethod 0x0000021387e08990
Event: 196.331 Thread 0x00000213f7e79cb0 flushing nmethod 0x0000021387d27410
Event: 196.331 Thread 0x00000213f7e79cb0 flushing nmethod 0x0000021387d09810
Event: 196.331 Thread 0x00000213f7e79cb0 flushing nmethod 0x0000021387d09110
Event: 196.331 Thread 0x00000213f7e79cb0 flushing nmethod 0x0000021387d08810
Event: 196.331 Thread 0x00000213f7e79cb0 flushing nmethod 0x0000021387bf1e10
Event: 196.331 Thread 0x00000213f7e79cb0 flushing nmethod 0x0000021387c4a710
Event: 196.331 Thread 0x00000213f7e79cb0 flushing nmethod 0x0000021387c2d790
Event: 196.331 Thread 0x00000213f7e79cb0 flushing nmethod 0x0000021387c27b10
Event: 196.331 Thread 0x00000213f7e79cb0 flushing nmethod 0x0000021387c09b90
Event: 196.331 Thread 0x00000213f7e79cb0 flushing nmethod 0x0000021387b76510
Event: 196.331 Thread 0x00000213f7e79cb0 flushing nmethod 0x0000021387b81110
Event: 196.331 Thread 0x00000213f7e79cb0 flushing nmethod 0x0000021387b6ca90
Event: 196.331 Thread 0x00000213f7e79cb0 flushing nmethod 0x0000021387b09190
Event: 196.345 Thread 0x00000213f7e79cb0 flushing nmethod 0x0000021387aefa90


Dynamic libraries:
0x00007ff77d6b0000 - 0x00007ff77d6c0000 	C:\Program Files\Java\jdk-21\bin\java.exe
0x00007ff9f2530000 - 0x00007ff9f2747000 	C:\WINDOWS\SYSTEM32\ntdll.dll
0x00007ff9f0900000 - 0x00007ff9f09c4000 	C:\WINDOWS\System32\KERNEL32.DLL
0x00007ff9efc20000 - 0x00007ff9effd7000 	C:\WINDOWS\System32\KERNELBASE.dll
0x00007ff9f0140000 - 0x00007ff9f0251000 	C:\WINDOWS\System32\ucrtbase.dll
0x00007ff9d0bb0000 - 0x00007ff9d0bc9000 	C:\Program Files\Java\jdk-21\bin\jli.dll
0x00007ff9c2d30000 - 0x00007ff9c2d4b000 	C:\Program Files\Java\jdk-21\bin\VCRUNTIME140.dll
0x00007ff9f1000000 - 0x00007ff9f10b2000 	C:\WINDOWS\System32\ADVAPI32.dll
0x00007ff9f0500000 - 0x00007ff9f05a7000 	C:\WINDOWS\System32\msvcrt.dll
0x00007ff9f14e0000 - 0x00007ff9f1588000 	C:\WINDOWS\System32\sechost.dll
0x00007ff9efa50000 - 0x00007ff9efa78000 	C:\WINDOWS\System32\bcrypt.dll
0x00007ff9f0ec0000 - 0x00007ff9f0fd4000 	C:\WINDOWS\System32\RPCRT4.dll
0x00007ff9f15f0000 - 0x00007ff9f179f000 	C:\WINDOWS\System32\USER32.dll
0x00007ff9f0110000 - 0x00007ff9f0136000 	C:\WINDOWS\System32\win32u.dll
0x00007ff9f18c0000 - 0x00007ff9f18e9000 	C:\WINDOWS\System32\GDI32.dll
0x00007ff9efa80000 - 0x00007ff9efb98000 	C:\WINDOWS\System32\gdi32full.dll
0x00007ff9ef9b0000 - 0x00007ff9efa4a000 	C:\WINDOWS\System32\msvcp_win.dll
0x00007ff9d4da0000 - 0x00007ff9d5033000 	C:\WINDOWS\WinSxS\amd64_microsoft.windows.common-controls_6595b64144ccf1df_6.0.22621.3672_none_2713b9d173822955\COMCTL32.dll
0x00007ff9e6c70000 - 0x00007ff9e6c7a000 	C:\WINDOWS\SYSTEM32\VERSION.dll
0x00007ff9f2370000 - 0x00007ff9f23a1000 	C:\WINDOWS\System32\IMM32.DLL
0x00007ff9db520000 - 0x00007ff9db52c000 	C:\Program Files\Java\jdk-21\bin\vcruntime140_1.dll
0x00007ff9b4100000 - 0x00007ff9b418e000 	C:\Program Files\Java\jdk-21\bin\msvcp140.dll
0x00007ff95c4b0000 - 0x00007ff95d1c3000 	C:\Program Files\Java\jdk-21\bin\server\jvm.dll
0x00007ff9f06b0000 - 0x00007ff9f0721000 	C:\WINDOWS\System32\WS2_32.dll
0x00007ff9ef710000 - 0x00007ff9ef75d000 	C:\WINDOWS\SYSTEM32\POWRPROF.dll
0x00007ff9e4fd0000 - 0x00007ff9e5004000 	C:\WINDOWS\SYSTEM32\WINMM.dll
0x00007ff9ef6f0000 - 0x00007ff9ef703000 	C:\WINDOWS\SYSTEM32\UMPDC.dll
0x00007ff9ee850000 - 0x00007ff9ee868000 	C:\WINDOWS\SYSTEM32\kernel.appcore.dll
0x00007ff9c5730000 - 0x00007ff9c573a000 	C:\Program Files\Java\jdk-21\bin\jimage.dll
0x00007ff9e8580000 - 0x00007ff9e87b2000 	C:\WINDOWS\SYSTEM32\DBGHELP.DLL
0x00007ff9f1150000 - 0x00007ff9f14de000 	C:\WINDOWS\System32\combase.dll
0x00007ff9f23b0000 - 0x00007ff9f2487000 	C:\WINDOWS\System32\OLEAUT32.dll
0x00007ff9dec60000 - 0x00007ff9dec92000 	C:\WINDOWS\SYSTEM32\dbgcore.DLL
0x00007ff9efba0000 - 0x00007ff9efc1b000 	C:\WINDOWS\System32\bcryptPrimitives.dll
0x00007ff9bad80000 - 0x00007ff9bad8f000 	C:\Program Files\Java\jdk-21\bin\instrument.dll
0x00007ff9c12b0000 - 0x00007ff9c12cf000 	C:\Program Files\Java\jdk-21\bin\java.dll
0x00007ff9f19a0000 - 0x00007ff9f2209000 	C:\WINDOWS\System32\SHELL32.dll
0x00007ff9ed760000 - 0x00007ff9ee05f000 	C:\WINDOWS\SYSTEM32\windows.storage.dll
0x00007ff9ed620000 - 0x00007ff9ed75f000 	C:\WINDOWS\SYSTEM32\wintypes.dll
0x00007ff9f05b0000 - 0x00007ff9f06a9000 	C:\WINDOWS\System32\SHCORE.dll
0x00007ff9f0e50000 - 0x00007ff9f0eae000 	C:\WINDOWS\System32\shlwapi.dll
0x00007ff9ef770000 - 0x00007ff9ef797000 	C:\WINDOWS\SYSTEM32\profapi.dll
0x00007ff9ae780000 - 0x00007ff9ae857000 	C:\Program Files\Java\jdk-21\bin\jsvml.dll
0x00007ff9bad90000 - 0x00007ff9bada8000 	C:\Program Files\Java\jdk-21\bin\zip.dll
0x00007ff9c3310000 - 0x00007ff9c3320000 	C:\Program Files\Java\jdk-21\bin\net.dll
0x00007ff9ec1e0000 - 0x00007ff9ec316000 	C:\WINDOWS\SYSTEM32\WINHTTP.dll
0x00007ff9eecb0000 - 0x00007ff9eed19000 	C:\WINDOWS\system32\mswsock.dll
0x00007ff9bafb0000 - 0x00007ff9bafc6000 	C:\Program Files\Java\jdk-21\bin\nio.dll
0x00007ff9c3a10000 - 0x00007ff9c3a20000 	C:\Program Files\Java\jdk-21\bin\verify.dll
0x00007ff9db660000 - 0x00007ff9db687000 	C:\Users\KYTHOURS\.gradle\native\1def1411415f61bf3af743bc5b6707747c0891f09f0c88961ee8f79bc544acac\windows-amd64\native-platform.dll
0x00000000658b0000 - 0x0000000065923000 	C:\Users\KYTHOURS\.gradle\native\0.2.5\x86_64-windows-gnu\gradle-fileevents.dll
0x00007ff9c2e80000 - 0x00007ff9c2e8a000 	C:\Program Files\Java\jdk-21\bin\management.dll
0x00007ff9be7d0000 - 0x00007ff9be7db000 	C:\Program Files\Java\jdk-21\bin\management_ext.dll
0x00007ff9f0eb0000 - 0x00007ff9f0eb8000 	C:\WINDOWS\System32\PSAPI.DLL
0x00007ff9ef000000 - 0x00007ff9ef01b000 	C:\WINDOWS\SYSTEM32\CRYPTSP.dll
0x00007ff9ee7b0000 - 0x00007ff9ee7e5000 	C:\WINDOWS\system32\rsaenh.dll
0x00007ff9eed50000 - 0x00007ff9eed78000 	C:\WINDOWS\SYSTEM32\USERENV.dll
0x00007ff9eefe0000 - 0x00007ff9eefec000 	C:\WINDOWS\SYSTEM32\CRYPTBASE.dll
0x00007ff9ee2c0000 - 0x00007ff9ee2ed000 	C:\WINDOWS\SYSTEM32\IPHLPAPI.DLL
0x00007ff9f0fe0000 - 0x00007ff9f0fe9000 	C:\WINDOWS\System32\NSI.dll
0x00007ff9baf30000 - 0x00007ff9baf37000 	C:\Program Files\Java\jdk-21\bin\extnet.dll
0x00007ff9babd0000 - 0x00007ff9babde000 	C:\Program Files\Java\jdk-21\bin\sunmscapi.dll
0x00007ff9ef840000 - 0x00007ff9ef9a6000 	C:\WINDOWS\System32\CRYPT32.dll
0x00007ff9ef110000 - 0x00007ff9ef13d000 	C:\WINDOWS\SYSTEM32\ncrypt.dll
0x00007ff9ef0d0000 - 0x00007ff9ef107000 	C:\WINDOWS\SYSTEM32\NTASN1.dll
0x00007ff9c57d0000 - 0x00007ff9c57d8000 	C:\WINDOWS\system32\wshunix.dll
0x0000000065830000 - 0x00000000658a3000 	C:\Users\KYTHOURS\AppData\Local\Temp\native-platform3518372806558075440dir\gradle-fileevents.dll

dbghelp: loaded successfully - version: 4.0.5 - missing functions: none
symbol engine: initialized successfully - sym options: 0x614 - pdb path: .;C:\Program Files\Java\jdk-21\bin;C:\WINDOWS\SYSTEM32;C:\WINDOWS\WinSxS\amd64_microsoft.windows.common-controls_6595b64144ccf1df_6.0.22621.3672_none_2713b9d173822955;C:\Program Files\Java\jdk-21\bin\server;C:\Users\KYTHOURS\.gradle\native\1def1411415f61bf3af743bc5b6707747c0891f09f0c88961ee8f79bc544acac\windows-amd64;C:\Users\KYTHOURS\.gradle\native\0.2.5\x86_64-windows-gnu;C:\Users\KYTHOURS\AppData\Local\Temp\native-platform3518372806558075440dir

VM Arguments:
jvm_args: --add-opens=java.base/java.lang=ALL-UNNAMED --add-opens=java.base/java.lang.invoke=ALL-UNNAMED --add-opens=java.base/java.util=ALL-UNNAMED --add-opens=java.prefs/java.util.prefs=ALL-UNNAMED --add-exports=jdk.compiler/com.sun.tools.javac.api=ALL-UNNAMED --add-exports=jdk.compiler/com.sun.tools.javac.util=ALL-UNNAMED --add-opens=java.base/java.util=ALL-UNNAMED --add-opens=java.prefs/java.util.prefs=ALL-UNNAMED --add-opens=java.base/java.nio.charset=ALL-UNNAMED --add-opens=java.base/java.net=ALL-UNNAMED --add-opens=java.base/java.util.concurrent.atomic=ALL-UNNAMED --add-opens=java.xml/javax.xml.namespace=ALL-UNNAMED -Xmx2048m -Dfile.encoding=UTF-8 -Duser.country=BR -Duser.language=pt -Duser.variant -javaagent:C:\Users\KYTHOURS\.gradle\wrapper\dists\gradle-8.12-bin\cetblhg4pflnnks72fxwobvgv\gradle-8.12\lib\agents\gradle-instrumentation-agent-8.12.jar 
java_command: org.gradle.launcher.daemon.bootstrap.GradleDaemon 8.12
java_class_path (initial): C:\Users\KYTHOURS\.gradle\wrapper\dists\gradle-8.12-bin\cetblhg4pflnnks72fxwobvgv\gradle-8.12\lib\gradle-daemon-main-8.12.jar
Launcher Type: SUN_STANDARD

[Global flags]
     intx CICompilerCount                          = 3                                         {product} {ergonomic}
     uint ConcGCThreads                            = 1                                         {product} {ergonomic}
     uint G1ConcRefinementThreads                  = 4                                         {product} {ergonomic}
   size_t G1HeapRegionSize                         = 1048576                                   {product} {ergonomic}
    uintx GCDrainStackTargetSize                   = 64                                        {product} {ergonomic}
   size_t InitialHeapSize                          = 100663296                                 {product} {ergonomic}
   size_t MarkStackSize                            = 4194304                                   {product} {ergonomic}
   size_t MaxHeapSize                              = 2147483648                                {product} {command line}
   size_t MaxNewSize                               = 1287651328                                {product} {ergonomic}
   size_t MinHeapDeltaBytes                        = 1048576                                   {product} {ergonomic}
   size_t MinHeapSize                              = 8388608                                   {product} {ergonomic}
    uintx NonNMethodCodeHeapSize                   = 5832780                                {pd product} {ergonomic}
    uintx NonProfiledCodeHeapSize                  = 122912730                              {pd product} {ergonomic}
    uintx ProfiledCodeHeapSize                     = 122912730                              {pd product} {ergonomic}
    uintx ReservedCodeCacheSize                    = 251658240                              {pd product} {ergonomic}
     bool SegmentedCodeCache                       = true                                      {product} {ergonomic}
   size_t SoftMaxHeapSize                          = 2147483648                             {manageable} {ergonomic}
     bool UseCompressedOops                        = true                           {product lp64_product} {ergonomic}
     bool UseG1GC                                  = true                                      {product} {ergonomic}
     bool UseLargePagesIndividualAllocation        = false                                  {pd product} {ergonomic}

Logging:
Log output configuration:
 #0: stdout all=warning uptime,level,tags foldmultilines=false
 #1: stderr all=off uptime,level,tags foldmultilines=false

Environment Variables:
PATH=C:\Program Files\Common Files\Oracle\Java\javapath;C:\Program Files (x86)\Common Files\Oracle\Java\javapath;C:\WINDOWS\system32;C:\WINDOWS;C:\WINDOWS\System32\Wbem;C:\WINDOWS\System32\WindowsPowerShell\v1.0\;C:\WINDOWS\System32\OpenSSH\;C:\Program Files\dotnet\;C:\Program Files\eSpeak NG\;C:\Program Files\Git\cmd;d:\cursor\resources\app\bin;D:\node\;C:\Users\KYTHOURS\scoop\shims;C:\Users\KYTHOURS\.local\bin;C:\Users\KYTHOURS\AppData\Local\Programs\Python\Python312\Scripts\;C:\Users\KYTHOURS\AppData\Local\Programs\Python\Python312\;C:\Users\KYTHOURS\AppData\Local\Microsoft\WindowsApps;C:\Program Files\JetBrains\PyCharm 2024.1\bin;C:\Users\KYTHOURS\AppData\Local\Programs\Fiddler;D:\cursor\resources\app\bin;C:\Users\KYTHOURS\AppData\Local\Programs\Windsurf\bin;C:\Users\KYTHOURS\AppData\Local\Programs\Microsoft VS Code\bin;C:\Users\KYTHOURS\AppData\Local\Programs\Kiro\bin;D:\npm-global;C:\Users\KYTHOURS\AppData\Local\Programs\Antigravity\bin;C:\Users\KYTHOURS\.bun\bin;C:\Users\KYTHOURS\AppData\Roaming\npm
USERNAME=KYTHOURS
OS=Windows_NT
PROCESSOR_IDENTIFIER=AMD64 Family 23 Model 24 Stepping 1, AuthenticAMD
TMP=C:\Users\KYTHOURS\AppData\Local\Temp
TEMP=C:\Users\KYTHOURS\AppData\Local\Temp




---------------  S Y S T E M  ---------------

OS:
 Windows 11 , 64 bit Build 22621 (10.0.22621.3958)
OS uptime: 0 days 2:39 hours
Hyper-V role detected

CPU: total 4 (initial active 4) (4 cores per cpu, 2 threads per core) family 23 model 24 stepping 1 microcode 0x0, cx8, cmov, fxsr, ht, mmx, 3dnowpref, sse, sse2, sse3, ssse3, sse4a, sse4.1, sse4.2, popcnt, lzcnt, tsc, tscinvbit, avx, avx2, aes, clmul, bmi1, bmi2, adx, sha, fma, vzeroupper, clflush, clflushopt, hv, rdtscp, f16c
Processor Information for all 4 processors :
  Max Mhz: 3500, Current Mhz: 3500, Mhz Limit: 3500

Memory: 4k page, system-wide physical 6095M (127M free)
TotalPageFile size 20176M (AvailPageFile size 4M)
current process WorkingSet (physical memory assigned to process): 574M, peak: 586M
current process commit charge ("private bytes"): 676M, peak: 688M

vm_info: Java HotSpot(TM) 64-Bit Server VM (21+35-LTS-2513) for windows-amd64 JRE (21+35-LTS-2513), built on 2023-08-09T20:25:10Z by "mach5one" with MS VC++ 17.1 (VS2022)

END.
