#
# There is insufficient memory for the Java Runtime Environment to continue.
# Native memory allocation (malloc) failed to allocate 345040 bytes for Chunk::new
# Possible reasons:
#   The system is out of physical RAM or swap space
#   The process is running with CompressedOops enabled, and the Java Heap may be blocking the growth of the native heap
# Possible solutions:
#   Reduce memory load on the system
#   Increase physical memory or swap space
#   Check if swap backing store is full
#   Decrease Java heap size (-Xmx/-Xms)
#   Decrease number of Java threads
#   Decrease Java thread stack sizes (-Xss)
#   Set larger code cache with -XX:ReservedCodeCacheSize=
#   JVM is running with Unscaled Compressed Oops mode in which the Java heap is
#     placed in the first 4GB address space. The Java Heap base address is the
#     maximum limit for the native heap growth. Please use -XX:HeapBaseMinAddress
#     to set the Java Heap base and to place the Java Heap above 4GB virtual address.
# This output file may be truncated or incomplete.
#
#  Out of Memory Error (arena.cpp:166), pid=5096, tid=6912
#
# JRE version: Java(TM) SE Runtime Environment (21.0+35) (build 21+35-LTS-2513)
# Java VM: Java HotSpot(TM) 64-Bit Server VM (21+35-LTS-2513, mixed mode, sharing, tiered, compressed oops, compressed class ptrs, g1 gc, windows-amd64)
# No core dump will be written. Minidumps are not enabled by default on client versions of Windows
#

---------------  S U M M A R Y ------------

Command Line: --add-opens=java.base/java.lang=ALL-UNNAMED --add-opens=java.base/java.lang.invoke=ALL-UNNAMED --add-opens=java.base/java.util=ALL-UNNAMED --add-opens=java.prefs/java.util.prefs=ALL-UNNAMED --add-exports=jdk.compiler/com.sun.tools.javac.api=ALL-UNNAMED --add-exports=jdk.compiler/com.sun.tools.javac.util=ALL-UNNAMED --add-opens=java.base/java.util=ALL-UNNAMED --add-opens=java.prefs/java.util.prefs=ALL-UNNAMED --add-opens=java.base/java.nio.charset=ALL-UNNAMED --add-opens=java.base/java.net=ALL-UNNAMED --add-opens=java.base/java.util.concurrent.atomic=ALL-UNNAMED --add-opens=java.xml/javax.xml.namespace=ALL-UNNAMED -Xmx2048m -Dfile.encoding=UTF-8 -Duser.country=BR -Duser.language=pt -Duser.variant -javaagent:C:\Users\KYTHOURS\.gradle\wrapper\dists\gradle-8.12-bin\cetblhg4pflnnks72fxwobvgv\gradle-8.12\lib\agents\gradle-instrumentation-agent-8.12.jar org.gradle.launcher.daemon.bootstrap.GradleDaemon 8.12

Host: AMD Athlon 3000G with Radeon Vega Graphics     , 4 cores, 5G,  Windows 11 , 64 bit Build 22621 (10.0.22621.3958)
Time: Sun Jan 11 12:12:56 2026 Hora oficial do Brasil elapsed time: 164.219125 seconds (0d 0h 2m 44s)

---------------  T H R E A D  ---------------

Current thread (0x00000243488c4830):  JavaThread "C2 CompilerThread0" daemon [_thread_in_native, id=6912, stack(0x000000c02bc00000,0x000000c02bd00000) (1024K)]


Current CompileTask:
C2: 164219 12169       4       org.jetbrains.kotlin.cli.jvm.index.JvmDependenciesIndexImpl::search (374 bytes)

Stack: [0x000000c02bc00000,0x000000c02bd00000]
Native frames: (J=compiled Java code, j=interpreted, Vv=VM code, C=native code)
V  [jvm.dll+0x6c8d39]
V  [jvm.dll+0x854091]
V  [jvm.dll+0x85630e]
V  [jvm.dll+0x8569e3]
V  [jvm.dll+0x2809a6]
V  [jvm.dll+0xc3e6d]
V  [jvm.dll+0xc4383]
V  [jvm.dll+0x13f7cf]
V  [jvm.dll+0x65a165]
V  [jvm.dll+0x65869d]
V  [jvm.dll+0x249685]
V  [jvm.dll+0x248de1]
V  [jvm.dll+0x1c9b91]
V  [jvm.dll+0x2583e9]
V  [jvm.dll+0x2569ca]
V  [jvm.dll+0x3eef66]
V  [jvm.dll+0x7fd2c8]
V  [jvm.dll+0x6c748d]
C  [ucrtbase.dll+0x29333]
C  [KERNEL32.DLL+0x1257d]
C  [ntdll.dll+0x5af08]


---------------  P R O C E S S  ---------------

Threads class SMR info:
_java_thread_list=0x00000243910fca10, length=46, elements={
0x000002432c79f190, 0x00000243488aae10, 0x00000243488ad880, 0x00000243488ae640,
0x00000243488af0a0, 0x00000243488afb00, 0x00000243488b0560, 0x00000243488c4830,
0x00000243488c52d0, 0x0000024348a80040, 0x0000024348c60490, 0x000002438eabe2e0,
0x000002438ef06120, 0x000002438f416820, 0x000002438e5b8ff0, 0x000002438f3816e0,
0x000002438f3760f0, 0x000002438eee4ce0, 0x000002438eee4650, 0x000002438eee1ef0,
0x000002438eee2580, 0x000002438eee3fc0, 0x000002438eee1860, 0x000002438eee2c10,
0x000002438eee3930, 0x000002439041d310, 0x0000024390422ef0, 0x0000024390420790,
0x00000243904214b0, 0x00000243904221d0, 0x000002439041e030, 0x0000024390423580,
0x000002439041f3e0, 0x000002439041ed50, 0x000002439041fa70, 0x000002439041cc80,
0x0000024390422860, 0x0000024391ea8b00, 0x0000024391ea9190, 0x0000024391ea63a0,
0x0000024391eaa540, 0x0000024391ea7de0, 0x0000024391ea9eb0, 0x0000024391ea6a30,
0x0000024391eaabd0, 0x0000024391eab260
}

Java Threads: ( => current thread )
  0x000002432c79f190 JavaThread "main"                              [_thread_blocked, id=1488, stack(0x000000c02ae00000,0x000000c02af00000) (1024K)]
  0x00000243488aae10 JavaThread "Reference Handler"          daemon [_thread_blocked, id=11864, stack(0x000000c02b600000,0x000000c02b700000) (1024K)]
  0x00000243488ad880 JavaThread "Finalizer"                  daemon [_thread_blocked, id=4488, stack(0x000000c02b700000,0x000000c02b800000) (1024K)]
  0x00000243488ae640 JavaThread "Signal Dispatcher"          daemon [_thread_blocked, id=6844, stack(0x000000c02b800000,0x000000c02b900000) (1024K)]
  0x00000243488af0a0 JavaThread "Attach Listener"            daemon [_thread_blocked, id=13456, stack(0x000000c02b900000,0x000000c02ba00000) (1024K)]
  0x00000243488afb00 JavaThread "Service Thread"             daemon [_thread_blocked, id=52, stack(0x000000c02ba00000,0x000000c02bb00000) (1024K)]
  0x00000243488b0560 JavaThread "Monitor Deflation Thread"   daemon [_thread_blocked, id=696, stack(0x000000c02bb00000,0x000000c02bc00000) (1024K)]
=>0x00000243488c4830 JavaThread "C2 CompilerThread0"         daemon [_thread_in_native, id=6912, stack(0x000000c02bc00000,0x000000c02bd00000) (1024K)]
  0x00000243488c52d0 JavaThread "C1 CompilerThread0"         daemon [_thread_blocked, id=1548, stack(0x000000c02bd00000,0x000000c02be00000) (1024K)]
  0x0000024348a80040 JavaThread "Common-Cleaner"             daemon [_thread_blocked, id=14156, stack(0x000000c02be00000,0x000000c02bf00000) (1024K)]
  0x0000024348c60490 JavaThread "Notification Thread"        daemon [_thread_blocked, id=11660, stack(0x000000c02bf00000,0x000000c02c000000) (1024K)]
  0x000002438eabe2e0 JavaThread "Daemon health stats"               [_thread_blocked, id=13652, stack(0x000000c02c300000,0x000000c02c400000) (1024K)]
  0x000002438ef06120 JavaThread "Incoming local TCP Connector on port 52014"        [_thread_in_native, id=11348, stack(0x000000c02c400000,0x000000c02c500000) (1024K)]
  0x000002438f416820 JavaThread "Daemon periodic checks"            [_thread_blocked, id=8636, stack(0x000000c02c500000,0x000000c02c600000) (1024K)]
  0x000002438e5b8ff0 JavaThread "Daemon"                            [_thread_blocked, id=11424, stack(0x000000c02c600000,0x000000c02c700000) (1024K)]
  0x000002438f3816e0 JavaThread "Handler for socket connection from /127.0.0.1:52014 to /127.0.0.1:52016"        [_thread_in_native, id=11916, stack(0x000000c02c700000,0x000000c02c800000) (1024K)]
  0x000002438f3760f0 JavaThread "Cancel handler"                    [_thread_blocked, id=10988, stack(0x000000c02c800000,0x000000c02c900000) (1024K)]
  0x000002438eee4ce0 JavaThread "Daemon worker"                     [_thread_in_vm, id=8844, stack(0x000000c02c900000,0x000000c02ca00000) (1024K)]
  0x000002438eee4650 JavaThread "Asynchronous log dispatcher for DefaultDaemonConnection: socket connection from /127.0.0.1:52014 to /127.0.0.1:52016"        [_thread_blocked, id=13828, stack(0x000000c02ca00000,0x000000c02cb00000) (1024K)]
  0x000002438eee1ef0 JavaThread "Stdin handler"                     [_thread_blocked, id=13824, stack(0x000000c02cb00000,0x000000c02cc00000) (1024K)]
  0x000002438eee2580 JavaThread "Daemon client event forwarder"        [_thread_blocked, id=6264, stack(0x000000c02cc00000,0x000000c02cd00000) (1024K)]
  0x000002438eee3fc0 JavaThread "Cache worker for journal cache (C:\Users\KYTHOURS\.gradle\caches\journal-1)"        [_thread_blocked, id=14304, stack(0x000000c02cd00000,0x000000c02ce00000) (1024K)]
  0x000002438eee1860 JavaThread "File lock request listener"        [_thread_in_native, id=8392, stack(0x000000c02ce00000,0x000000c02cf00000) (1024K)]
  0x000002438eee2c10 JavaThread "File lock release action executor"        [_thread_blocked, id=13488, stack(0x000000c02cf00000,0x000000c02d000000) (1024K)]
  0x000002438eee3930 JavaThread "Cache worker for file hash cache (C:\Users\KYTHOURS\.gradle\caches\8.12\fileHashes)"        [_thread_blocked, id=10372, stack(0x000000c02d000000,0x000000c02d100000) (1024K)]
  0x000002439041d310 JavaThread "Cache worker for file hash cache (D:\TestPlugins-master\.gradle\8.12\fileHashes)"        [_thread_blocked, id=13112, stack(0x000000c02d100000,0x000000c02d200000) (1024K)]
  0x0000024390422ef0 JavaThread "Cache worker for Build Output Cleanup Cache (D:\TestPlugins-master\.gradle\buildOutputCleanup)"        [_thread_blocked, id=2320, stack(0x000000c02d200000,0x000000c02d300000) (1024K)]
  0x0000024390420790 JavaThread "File watcher server"        daemon [_thread_in_native, id=8708, stack(0x000000c02d300000,0x000000c02d400000) (1024K)]
  0x00000243904214b0 JavaThread "File watcher consumer"      daemon [_thread_blocked, id=3168, stack(0x000000c02d400000,0x000000c02d500000) (1024K)]
  0x00000243904221d0 JavaThread "jar transforms"                    [_thread_blocked, id=10688, stack(0x000000c02d500000,0x000000c02d600000) (1024K)]
  0x000002439041e030 JavaThread "jar transforms Thread 2"           [_thread_blocked, id=12356, stack(0x000000c02d600000,0x000000c02d700000) (1024K)]
  0x0000024390423580 JavaThread "jar transforms Thread 3"           [_thread_blocked, id=3224, stack(0x000000c02d700000,0x000000c02d800000) (1024K)]
  0x000002439041f3e0 JavaThread "jar transforms Thread 4"           [_thread_blocked, id=13788, stack(0x000000c02d800000,0x000000c02d900000) (1024K)]
  0x000002439041ed50 JavaThread "Cache worker for checksums cache (D:\TestPlugins-master\.gradle\8.12\checksums)"        [_thread_blocked, id=6888, stack(0x000000c02ab00000,0x000000c02ac00000) (1024K)]
  0x000002439041fa70 JavaThread "Cache worker for file content cache (C:\Users\KYTHOURS\.gradle\caches\8.12\fileContent)"        [_thread_blocked, id=4520, stack(0x000000c02d900000,0x000000c02da00000) (1024K)]
  0x000002439041cc80 JavaThread "Cache worker for cache directory md-rule (C:\Users\KYTHOURS\.gradle\caches\8.12\md-rule)"        [_thread_blocked, id=3616, stack(0x000000c02da00000,0x000000c02db00000) (1024K)]
  0x0000024390422860 JavaThread "Cache worker for cache directory md-supplier (C:\Users\KYTHOURS\.gradle\caches\8.12\md-supplier)"        [_thread_blocked, id=2868, stack(0x000000c02db00000,0x000000c02dc00000) (1024K)]
  0x0000024391ea8b00 JavaThread "Unconstrained build operations"        [_thread_blocked, id=2276, stack(0x000000c02ac00000,0x000000c02ad00000) (1024K)]
  0x0000024391ea9190 JavaThread "Unconstrained build operations Thread 2"        [_thread_blocked, id=1644, stack(0x000000c02ad00000,0x000000c02ae00000) (1024K)]
  0x0000024391ea63a0 JavaThread "Unconstrained build operations Thread 3"        [_thread_blocked, id=12960, stack(0x000000c02dc00000,0x000000c02dd00000) (1024K)]
  0x0000024391eaa540 JavaThread "Unconstrained build operations Thread 4"        [_thread_blocked, id=6648, stack(0x000000c02dd00000,0x000000c02de00000) (1024K)]
  0x0000024391ea7de0 JavaThread "Unconstrained build operations Thread 5"        [_thread_blocked, id=5928, stack(0x000000c02de00000,0x000000c02df00000) (1024K)]
  0x0000024391ea9eb0 JavaThread "Unconstrained build operations Thread 6"        [_thread_blocked, id=3032, stack(0x000000c02df00000,0x000000c02e000000) (1024K)]
  0x0000024391ea6a30 JavaThread "Unconstrained build operations Thread 7"        [_thread_blocked, id=4036, stack(0x000000c02e000000,0x000000c02e100000) (1024K)]
  0x0000024391eaabd0 JavaThread "Unconstrained build operations Thread 8"        [_thread_blocked, id=1984, stack(0x000000c02e100000,0x000000c02e200000) (1024K)]
  0x0000024391eab260 JavaThread "Unconstrained build operations Thread 9"        [_thread_blocked, id=7160, stack(0x000000c02e200000,0x000000c02e300000) (1024K)]
Total: 46

Other Threads:
  0x0000024348891c00 VMThread "VM Thread"                           [id=4544, stack(0x000000c02b500000,0x000000c02b600000) (1024K)]
  0x0000024348877c70 WatcherThread "VM Periodic Task Thread"        [id=4432, stack(0x000000c02b400000,0x000000c02b500000) (1024K)]
  0x000002432c7f56b0 WorkerThread "GC Thread#0"                     [id=8764, stack(0x000000c02af00000,0x000000c02b000000) (1024K)]
  0x0000024348d01d90 WorkerThread "GC Thread#1"                     [id=1936, stack(0x000000c02c000000,0x000000c02c100000) (1024K)]
  0x0000024348c8c3c0 WorkerThread "GC Thread#2"                     [id=3528, stack(0x000000c02c100000,0x000000c02c200000) (1024K)]
  0x000002438e9a1ed0 WorkerThread "GC Thread#3"                     [id=8540, stack(0x000000c02c200000,0x000000c02c300000) (1024K)]
  0x000002432c8065f0 ConcurrentGCThread "G1 Main Marker"            [id=12060, stack(0x000000c02b000000,0x000000c02b100000) (1024K)]
  0x000002432c806ea0 WorkerThread "G1 Conc#0"                       [id=3704, stack(0x000000c02b100000,0x000000c02b200000) (1024K)]
  0x00000243487520c0 ConcurrentGCThread "G1 Refine#0"               [id=5816, stack(0x000000c02b200000,0x000000c02b300000) (1024K)]
  0x00000243487529e0 ConcurrentGCThread "G1 Service"                [id=12240, stack(0x000000c02b300000,0x000000c02b400000) (1024K)]
Total: 10

Threads with active compile tasks:
C2 CompilerThread0   164303 12169       4       org.jetbrains.kotlin.cli.jvm.index.JvmDependenciesIndexImpl::search (374 bytes)
C1 CompilerThread0   164303 12270       3       org.jetbrains.kotlin.resolve.scopes.BaseHierarchicalScope::getContributedFunctions (19 bytes)
Total: 2

VM state: not at safepoint (normal execution)

VM Mutex/Monitor currently owned by a thread: None

Heap address: 0x0000000080000000, size: 2048 MB, Compressed Oops mode: 32-bit

CDS archive(s) mapped at: [0x0000024349000000-0x0000024349c90000-0x0000024349c90000), size 13172736, SharedBaseAddress: 0x0000024349000000, ArchiveRelocationMode: 1.
Compressed class space mapped at: 0x000002434a000000-0x000002438a000000, reserved size: 1073741824
Narrow klass base: 0x0000024349000000, Narrow klass shift: 0, Narrow klass range: 0x100000000

GC Precious Log:
 CardTable entry size: 512
 Card Set container configuration: InlinePtr #cards 5 size 8 Array Of Cards #cards 12 size 40 Howl #buckets 4 coarsen threshold 1843 Howl Bitmap #cards 512 size 80 coarsen threshold 460 Card regions per heap region 1 cards per card region 2048
 CPUs: 4 total, 4 available
 Memory: 6095M
 Large Page Support: Disabled
 NUMA Support: Disabled
 Compressed Oops: Enabled (32-bit)
 Heap Region Size: 1M
 Heap Min Capacity: 8M
 Heap Initial Capacity: 96M
 Heap Max Capacity: 2G
 Pre-touch: Disabled
 Parallel Workers: 4
 Concurrent Workers: 1
 Concurrent Refinement Workers: 4
 Periodic GC: Disabled

Heap:
 garbage-first heap   total 198656K, used 150555K [0x0000000080000000, 0x0000000100000000)
  region size 1024K, 43 young (44032K), 5 survivors (5120K)
 Metaspace       used 101024K, committed 103424K, reserved 1179648K
  class space    used 13675K, committed 14848K, reserved 1048576K

Heap Regions: E=young(eden), S=young(survivor), O=old, HS=humongous(starts), HC=humongous(continues), CS=collection set, F=free, TAMS=top-at-mark-start, PB=parsable bottom
|   0|0x0000000080000000, 0x0000000080100000, 0x0000000080100000|100%|HS|  |TAMS 0x0000000080000000| PB 0x0000000080000000| Complete 
|   1|0x0000000080100000, 0x0000000080200000, 0x0000000080200000|100%|HC|  |TAMS 0x0000000080100000| PB 0x0000000080100000| Complete 
|   2|0x0000000080200000, 0x0000000080300000, 0x0000000080300000|100%|HC|  |TAMS 0x0000000080200000| PB 0x0000000080200000| Complete 
|   3|0x0000000080300000, 0x0000000080400000, 0x0000000080400000|100%| O|  |TAMS 0x0000000080300000| PB 0x0000000080300000| Untracked 
|   4|0x0000000080400000, 0x0000000080500000, 0x0000000080500000|100%| O|  |TAMS 0x0000000080400000| PB 0x0000000080400000| Untracked 
|   5|0x0000000080500000, 0x0000000080600000, 0x0000000080600000|100%| O|  |TAMS 0x0000000080500000| PB 0x0000000080500000| Untracked 
|   6|0x0000000080600000, 0x0000000080700000, 0x0000000080700000|100%| O|  |TAMS 0x0000000080600000| PB 0x0000000080600000| Untracked 
|   7|0x0000000080700000, 0x0000000080800000, 0x0000000080800000|100%|HS|  |TAMS 0x0000000080700000| PB 0x0000000080700000| Complete 
|   8|0x0000000080800000, 0x0000000080900000, 0x0000000080900000|100%| O|  |TAMS 0x0000000080800000| PB 0x0000000080800000| Untracked 
|   9|0x0000000080900000, 0x0000000080a00000, 0x0000000080a00000|100%| O|  |TAMS 0x0000000080900000| PB 0x0000000080900000| Untracked 
|  10|0x0000000080a00000, 0x0000000080b00000, 0x0000000080b00000|100%| O|  |TAMS 0x0000000080a00000| PB 0x0000000080a00000| Untracked 
|  11|0x0000000080b00000, 0x0000000080c00000, 0x0000000080c00000|100%| O|  |TAMS 0x0000000080b00000| PB 0x0000000080b00000| Untracked 
|  12|0x0000000080c00000, 0x0000000080d00000, 0x0000000080d00000|100%| O|  |TAMS 0x0000000080c00000| PB 0x0000000080c00000| Untracked 
|  13|0x0000000080d00000, 0x0000000080e00000, 0x0000000080e00000|100%| O|  |TAMS 0x0000000080d00000| PB 0x0000000080d00000| Untracked 
|  14|0x0000000080e00000, 0x0000000080f00000, 0x0000000080f00000|100%| O|  |TAMS 0x0000000080e00000| PB 0x0000000080e00000| Untracked 
|  15|0x0000000080f00000, 0x0000000081000000, 0x0000000081000000|100%| O|  |TAMS 0x0000000080f00000| PB 0x0000000080f00000| Untracked 
|  16|0x0000000081000000, 0x0000000081100000, 0x0000000081100000|100%| O|  |TAMS 0x0000000081000000| PB 0x0000000081000000| Untracked 
|  17|0x0000000081100000, 0x0000000081200000, 0x0000000081200000|100%| O|  |TAMS 0x0000000081100000| PB 0x0000000081100000| Untracked 
|  18|0x0000000081200000, 0x0000000081300000, 0x0000000081300000|100%| O|  |TAMS 0x0000000081200000| PB 0x0000000081200000| Untracked 
|  19|0x0000000081300000, 0x0000000081400000, 0x0000000081400000|100%| O|  |TAMS 0x0000000081300000| PB 0x0000000081300000| Untracked 
|  20|0x0000000081400000, 0x0000000081500000, 0x0000000081500000|100%| O|  |TAMS 0x0000000081400000| PB 0x0000000081400000| Untracked 
|  21|0x0000000081500000, 0x0000000081600000, 0x0000000081600000|100%| O|  |TAMS 0x0000000081500000| PB 0x0000000081500000| Untracked 
|  22|0x0000000081600000, 0x0000000081700000, 0x0000000081700000|100%| O|  |TAMS 0x0000000081600000| PB 0x0000000081600000| Untracked 
|  23|0x0000000081700000, 0x0000000081800000, 0x0000000081800000|100%| O|  |TAMS 0x0000000081700000| PB 0x0000000081700000| Untracked 
|  24|0x0000000081800000, 0x0000000081900000, 0x0000000081900000|100%| O|  |TAMS 0x0000000081800000| PB 0x0000000081800000| Untracked 
|  25|0x0000000081900000, 0x0000000081a00000, 0x0000000081a00000|100%| O|  |TAMS 0x0000000081900000| PB 0x0000000081900000| Untracked 
|  26|0x0000000081a00000, 0x0000000081b00000, 0x0000000081b00000|100%| O|  |TAMS 0x0000000081a00000| PB 0x0000000081a00000| Untracked 
|  27|0x0000000081b00000, 0x0000000081c00000, 0x0000000081c00000|100%| O|  |TAMS 0x0000000081b00000| PB 0x0000000081b00000| Untracked 
|  28|0x0000000081c00000, 0x0000000081d00000, 0x0000000081d00000|100%| O|Cm|TAMS 0x0000000081c00000| PB 0x0000000081c00000| Complete 
|  29|0x0000000081d00000, 0x0000000081e00000, 0x0000000081e00000|100%| O|  |TAMS 0x0000000081d00000| PB 0x0000000081d00000| Untracked 
|  30|0x0000000081e00000, 0x0000000081f00000, 0x0000000081f00000|100%| O|  |TAMS 0x0000000081e00000| PB 0x0000000081e00000| Untracked 
|  31|0x0000000081f00000, 0x0000000082000000, 0x0000000082000000|100%| O|  |TAMS 0x0000000081f00000| PB 0x0000000081f00000| Untracked 
|  32|0x0000000082000000, 0x0000000082100000, 0x0000000082100000|100%| O|  |TAMS 0x0000000082000000| PB 0x0000000082000000| Untracked 
|  33|0x0000000082100000, 0x0000000082200000, 0x0000000082200000|100%| O|  |TAMS 0x0000000082100000| PB 0x0000000082100000| Untracked 
|  34|0x0000000082200000, 0x0000000082300000, 0x0000000082300000|100%| O|  |TAMS 0x0000000082200000| PB 0x0000000082200000| Untracked 
|  35|0x0000000082300000, 0x0000000082400000, 0x0000000082400000|100%| O|  |TAMS 0x0000000082300000| PB 0x0000000082300000| Untracked 
|  36|0x0000000082400000, 0x0000000082500000, 0x0000000082500000|100%| O|  |TAMS 0x0000000082400000| PB 0x0000000082400000| Untracked 
|  37|0x0000000082500000, 0x0000000082600000, 0x0000000082600000|100%| O|  |TAMS 0x0000000082500000| PB 0x0000000082500000| Untracked 
|  38|0x0000000082600000, 0x0000000082700000, 0x0000000082700000|100%| O|  |TAMS 0x0000000082600000| PB 0x0000000082600000| Untracked 
|  39|0x0000000082700000, 0x0000000082800000, 0x0000000082800000|100%| O|  |TAMS 0x0000000082700000| PB 0x0000000082700000| Untracked 
|  40|0x0000000082800000, 0x0000000082900000, 0x0000000082900000|100%| O|  |TAMS 0x0000000082800000| PB 0x0000000082800000| Untracked 
|  41|0x0000000082900000, 0x0000000082a00000, 0x0000000082a00000|100%| O|  |TAMS 0x0000000082900000| PB 0x0000000082900000| Untracked 
|  42|0x0000000082a00000, 0x0000000082b00000, 0x0000000082b00000|100%| O|  |TAMS 0x0000000082a00000| PB 0x0000000082a00000| Untracked 
|  43|0x0000000082b00000, 0x0000000082c00000, 0x0000000082c00000|100%| O|  |TAMS 0x0000000082b00000| PB 0x0000000082b00000| Untracked 
|  44|0x0000000082c00000, 0x0000000082d00000, 0x0000000082d00000|100%| O|Cm|TAMS 0x0000000082c00000| PB 0x0000000082c00000| Complete 
|  45|0x0000000082d00000, 0x0000000082e00000, 0x0000000082e00000|100%| O|  |TAMS 0x0000000082d00000| PB 0x0000000082d00000| Untracked 
|  46|0x0000000082e00000, 0x0000000082f00000, 0x0000000082f00000|100%| O|  |TAMS 0x0000000082e00000| PB 0x0000000082e00000| Untracked 
|  47|0x0000000082f00000, 0x0000000083000000, 0x0000000083000000|100%| O|  |TAMS 0x0000000082f00000| PB 0x0000000082f00000| Untracked 
|  48|0x0000000083000000, 0x0000000083100000, 0x0000000083100000|100%| O|  |TAMS 0x0000000083000000| PB 0x0000000083000000| Untracked 
|  49|0x0000000083100000, 0x0000000083200000, 0x0000000083200000|100%|HS|  |TAMS 0x0000000083100000| PB 0x0000000083100000| Complete 
|  50|0x0000000083200000, 0x0000000083300000, 0x0000000083300000|100%| O|  |TAMS 0x0000000083200000| PB 0x0000000083200000| Untracked 
|  51|0x0000000083300000, 0x0000000083400000, 0x0000000083400000|100%| O|  |TAMS 0x0000000083300000| PB 0x0000000083300000| Untracked 
|  52|0x0000000083400000, 0x0000000083500000, 0x0000000083500000|100%|HS|  |TAMS 0x0000000083400000| PB 0x0000000083400000| Complete 
|  53|0x0000000083500000, 0x0000000083600000, 0x0000000083600000|100%|HS|  |TAMS 0x0000000083500000| PB 0x0000000083500000| Complete 
|  54|0x0000000083600000, 0x0000000083700000, 0x0000000083700000|100%| O|  |TAMS 0x0000000083600000| PB 0x0000000083600000| Untracked 
|  55|0x0000000083700000, 0x0000000083800000, 0x0000000083800000|100%| O|  |TAMS 0x0000000083700000| PB 0x0000000083700000| Untracked 
|  56|0x0000000083800000, 0x0000000083900000, 0x0000000083900000|100%| O|  |TAMS 0x0000000083800000| PB 0x0000000083800000| Untracked 
|  57|0x0000000083900000, 0x0000000083a00000, 0x0000000083a00000|100%|HS|  |TAMS 0x0000000083900000| PB 0x0000000083900000| Complete 
|  58|0x0000000083a00000, 0x0000000083b00000, 0x0000000083b00000|100%|HC|  |TAMS 0x0000000083a00000| PB 0x0000000083a00000| Complete 
|  59|0x0000000083b00000, 0x0000000083c00000, 0x0000000083c00000|100%| O|  |TAMS 0x0000000083b00000| PB 0x0000000083b00000| Untracked 
|  60|0x0000000083c00000, 0x0000000083d00000, 0x0000000083d00000|100%| O|  |TAMS 0x0000000083c00000| PB 0x0000000083c00000| Untracked 
|  61|0x0000000083d00000, 0x0000000083e00000, 0x0000000083e00000|100%| O|  |TAMS 0x0000000083d00000| PB 0x0000000083d00000| Untracked 
|  62|0x0000000083e00000, 0x0000000083f00000, 0x0000000083f00000|100%| O|  |TAMS 0x0000000083e00000| PB 0x0000000083e00000| Untracked 
|  63|0x0000000083f00000, 0x0000000084000000, 0x0000000084000000|100%| O|  |TAMS 0x0000000083f00000| PB 0x0000000083f00000| Untracked 
|  64|0x0000000084000000, 0x0000000084100000, 0x0000000084100000|100%| O|  |TAMS 0x0000000084000000| PB 0x0000000084000000| Untracked 
|  65|0x0000000084100000, 0x0000000084200000, 0x0000000084200000|100%| O|  |TAMS 0x0000000084100000| PB 0x0000000084100000| Untracked 
|  66|0x0000000084200000, 0x0000000084300000, 0x0000000084300000|100%| O|  |TAMS 0x0000000084200000| PB 0x0000000084200000| Untracked 
|  67|0x0000000084300000, 0x0000000084400000, 0x0000000084400000|100%| O|  |TAMS 0x0000000084300000| PB 0x0000000084300000| Untracked 
|  68|0x0000000084400000, 0x0000000084500000, 0x0000000084500000|100%| O|  |TAMS 0x0000000084400000| PB 0x0000000084400000| Untracked 
|  69|0x0000000084500000, 0x0000000084600000, 0x0000000084600000|100%|HS|  |TAMS 0x0000000084500000| PB 0x0000000084500000| Complete 
|  70|0x0000000084600000, 0x0000000084700000, 0x0000000084700000|100%|HC|  |TAMS 0x0000000084600000| PB 0x0000000084600000| Complete 
|  71|0x0000000084700000, 0x0000000084800000, 0x0000000084800000|100%|HC|  |TAMS 0x0000000084700000| PB 0x0000000084700000| Complete 
|  72|0x0000000084800000, 0x0000000084900000, 0x0000000084900000|100%|HC|  |TAMS 0x0000000084800000| PB 0x0000000084800000| Complete 
|  73|0x0000000084900000, 0x0000000084a00000, 0x0000000084a00000|100%|HC|  |TAMS 0x0000000084900000| PB 0x0000000084900000| Complete 
|  74|0x0000000084a00000, 0x0000000084b00000, 0x0000000084b00000|100%|HC|  |TAMS 0x0000000084a00000| PB 0x0000000084a00000| Complete 
|  75|0x0000000084b00000, 0x0000000084c00000, 0x0000000084c00000|100%|HS|  |TAMS 0x0000000084b00000| PB 0x0000000084b00000| Complete 
|  76|0x0000000084c00000, 0x0000000084d00000, 0x0000000084d00000|100%| O|  |TAMS 0x0000000084c00000| PB 0x0000000084c00000| Untracked 
|  77|0x0000000084d00000, 0x0000000084e00000, 0x0000000084e00000|100%| O|  |TAMS 0x0000000084d00000| PB 0x0000000084d00000| Untracked 
|  78|0x0000000084e00000, 0x0000000084f00000, 0x0000000084f00000|100%| O|  |TAMS 0x0000000084e00000| PB 0x0000000084e00000| Untracked 
|  79|0x0000000084f00000, 0x0000000085000000, 0x0000000085000000|100%| O|  |TAMS 0x0000000084f00000| PB 0x0000000084f00000| Untracked 
|  80|0x0000000085000000, 0x0000000085100000, 0x0000000085100000|100%| O|  |TAMS 0x0000000085000000| PB 0x0000000085000000| Untracked 
|  81|0x0000000085100000, 0x0000000085200000, 0x0000000085200000|100%| O|  |TAMS 0x0000000085100000| PB 0x0000000085100000| Untracked 
|  82|0x0000000085200000, 0x0000000085300000, 0x0000000085300000|100%| O|  |TAMS 0x0000000085200000| PB 0x0000000085200000| Untracked 
|  83|0x0000000085300000, 0x0000000085400000, 0x0000000085400000|100%| O|  |TAMS 0x0000000085300000| PB 0x0000000085300000| Untracked 
|  84|0x0000000085400000, 0x0000000085500000, 0x0000000085500000|100%| O|  |TAMS 0x0000000085400000| PB 0x0000000085400000| Untracked 
|  85|0x0000000085500000, 0x0000000085600000, 0x0000000085600000|100%| O|  |TAMS 0x0000000085500000| PB 0x0000000085500000| Untracked 
|  86|0x0000000085600000, 0x0000000085700000, 0x0000000085700000|100%| O|  |TAMS 0x0000000085600000| PB 0x0000000085600000| Untracked 
|  87|0x0000000085700000, 0x0000000085800000, 0x0000000085800000|100%| O|  |TAMS 0x0000000085700000| PB 0x0000000085700000| Untracked 
|  88|0x0000000085800000, 0x0000000085900000, 0x0000000085900000|100%| O|  |TAMS 0x0000000085800000| PB 0x0000000085800000| Untracked 
|  89|0x0000000085900000, 0x0000000085a00000, 0x0000000085a00000|100%| O|  |TAMS 0x0000000085900000| PB 0x0000000085900000| Untracked 
|  90|0x0000000085a00000, 0x0000000085b00000, 0x0000000085b00000|100%| O|  |TAMS 0x0000000085a00000| PB 0x0000000085a00000| Untracked 
|  91|0x0000000085b00000, 0x0000000085c00000, 0x0000000085c00000|100%| O|  |TAMS 0x0000000085b00000| PB 0x0000000085b00000| Untracked 
|  92|0x0000000085c00000, 0x0000000085d00000, 0x0000000085d00000|100%| O|  |TAMS 0x0000000085c00000| PB 0x0000000085c00000| Untracked 
|  93|0x0000000085d00000, 0x0000000085e00000, 0x0000000085e00000|100%| O|Cm|TAMS 0x0000000085d00000| PB 0x0000000085d00000| Complete 
|  94|0x0000000085e00000, 0x0000000085f00000, 0x0000000085f00000|100%| O|  |TAMS 0x0000000085e00000| PB 0x0000000085e00000| Untracked 
|  95|0x0000000085f00000, 0x0000000086000000, 0x0000000086000000|100%| O|  |TAMS 0x0000000085f00000| PB 0x0000000085f00000| Untracked 
|  96|0x0000000086000000, 0x0000000086100000, 0x0000000086100000|100%| O|Cm|TAMS 0x0000000086000000| PB 0x0000000086000000| Complete 
|  97|0x0000000086100000, 0x000000008615d540, 0x0000000086200000| 36%| O|  |TAMS 0x0000000086100000| PB 0x0000000086100000| Untracked 
|  98|0x0000000086200000, 0x0000000086200000, 0x0000000086300000|  0%| F|  |TAMS 0x0000000086200000| PB 0x0000000086200000| Untracked 
|  99|0x0000000086300000, 0x0000000086300000, 0x0000000086400000|  0%| F|  |TAMS 0x0000000086300000| PB 0x0000000086300000| Untracked 
| 100|0x0000000086400000, 0x0000000086400000, 0x0000000086500000|  0%| F|  |TAMS 0x0000000086400000| PB 0x0000000086400000| Untracked 
| 101|0x0000000086500000, 0x0000000086500000, 0x0000000086600000|  0%| F|  |TAMS 0x0000000086500000| PB 0x0000000086500000| Untracked 
| 102|0x0000000086600000, 0x0000000086600000, 0x0000000086700000|  0%| F|  |TAMS 0x0000000086600000| PB 0x0000000086600000| Untracked 
| 103|0x0000000086700000, 0x0000000086700000, 0x0000000086800000|  0%| F|  |TAMS 0x0000000086700000| PB 0x0000000086700000| Untracked 
| 104|0x0000000086800000, 0x0000000086800000, 0x0000000086900000|  0%| F|  |TAMS 0x0000000086800000| PB 0x0000000086800000| Untracked 
| 105|0x0000000086900000, 0x0000000086900000, 0x0000000086a00000|  0%| F|  |TAMS 0x0000000086900000| PB 0x0000000086900000| Untracked 
| 106|0x0000000086a00000, 0x0000000086a00000, 0x0000000086b00000|  0%| F|  |TAMS 0x0000000086a00000| PB 0x0000000086a00000| Untracked 
| 107|0x0000000086b00000, 0x0000000086b00000, 0x0000000086c00000|  0%| F|  |TAMS 0x0000000086b00000| PB 0x0000000086b00000| Untracked 
| 108|0x0000000086c00000, 0x0000000086c00000, 0x0000000086d00000|  0%| F|  |TAMS 0x0000000086c00000| PB 0x0000000086c00000| Untracked 
| 109|0x0000000086d00000, 0x0000000086d00000, 0x0000000086e00000|  0%| F|  |TAMS 0x0000000086d00000| PB 0x0000000086d00000| Untracked 
| 110|0x0000000086e00000, 0x0000000086e00000, 0x0000000086f00000|  0%| F|  |TAMS 0x0000000086e00000| PB 0x0000000086e00000| Untracked 
| 111|0x0000000086f00000, 0x0000000086f00000, 0x0000000087000000|  0%| F|  |TAMS 0x0000000086f00000| PB 0x0000000086f00000| Untracked 
| 112|0x0000000087000000, 0x0000000087000000, 0x0000000087100000|  0%| F|  |TAMS 0x0000000087000000| PB 0x0000000087000000| Untracked 
| 113|0x0000000087100000, 0x0000000087100000, 0x0000000087200000|  0%| F|  |TAMS 0x0000000087100000| PB 0x0000000087100000| Untracked 
| 114|0x0000000087200000, 0x00000000872a9760, 0x0000000087300000| 66%| S|CS|TAMS 0x0000000087200000| PB 0x0000000087200000| Complete 
| 115|0x0000000087300000, 0x0000000087400000, 0x0000000087400000|100%| S|CS|TAMS 0x0000000087300000| PB 0x0000000087300000| Complete 
| 116|0x0000000087400000, 0x0000000087500000, 0x0000000087500000|100%| S|CS|TAMS 0x0000000087400000| PB 0x0000000087400000| Complete 
| 117|0x0000000087500000, 0x0000000087600000, 0x0000000087600000|100%| S|CS|TAMS 0x0000000087500000| PB 0x0000000087500000| Complete 
| 118|0x0000000087600000, 0x0000000087700000, 0x0000000087700000|100%| S|CS|TAMS 0x0000000087600000| PB 0x0000000087600000| Complete 
| 119|0x0000000087700000, 0x0000000087700000, 0x0000000087800000|  0%| F|  |TAMS 0x0000000087700000| PB 0x0000000087700000| Untracked 
| 120|0x0000000087800000, 0x0000000087800000, 0x0000000087900000|  0%| F|  |TAMS 0x0000000087800000| PB 0x0000000087800000| Untracked 
| 121|0x0000000087900000, 0x0000000087900000, 0x0000000087a00000|  0%| F|  |TAMS 0x0000000087900000| PB 0x0000000087900000| Untracked 
| 122|0x0000000087a00000, 0x0000000087a00000, 0x0000000087b00000|  0%| F|  |TAMS 0x0000000087a00000| PB 0x0000000087a00000| Untracked 
| 123|0x0000000087b00000, 0x0000000087b00000, 0x0000000087c00000|  0%| F|  |TAMS 0x0000000087b00000| PB 0x0000000087b00000| Untracked 
| 124|0x0000000087c00000, 0x0000000087c00000, 0x0000000087d00000|  0%| F|  |TAMS 0x0000000087c00000| PB 0x0000000087c00000| Untracked 
| 125|0x0000000087d00000, 0x0000000087d00000, 0x0000000087e00000|  0%| F|  |TAMS 0x0000000087d00000| PB 0x0000000087d00000| Untracked 
| 126|0x0000000087e00000, 0x0000000087e00000, 0x0000000087f00000|  0%| F|  |TAMS 0x0000000087e00000| PB 0x0000000087e00000| Untracked 
| 127|0x0000000087f00000, 0x0000000087f00000, 0x0000000088000000|  0%| F|  |TAMS 0x0000000087f00000| PB 0x0000000087f00000| Untracked 
| 128|0x0000000088000000, 0x0000000088000000, 0x0000000088100000|  0%| F|  |TAMS 0x0000000088000000| PB 0x0000000088000000| Untracked 
| 129|0x0000000088100000, 0x0000000088100000, 0x0000000088200000|  0%| F|  |TAMS 0x0000000088100000| PB 0x0000000088100000| Untracked 
| 130|0x0000000088200000, 0x0000000088200000, 0x0000000088300000|  0%| F|  |TAMS 0x0000000088200000| PB 0x0000000088200000| Untracked 
| 131|0x0000000088300000, 0x0000000088300000, 0x0000000088400000|  0%| F|  |TAMS 0x0000000088300000| PB 0x0000000088300000| Untracked 
| 132|0x0000000088400000, 0x0000000088400000, 0x0000000088500000|  0%| F|  |TAMS 0x0000000088400000| PB 0x0000000088400000| Untracked 
| 133|0x0000000088500000, 0x0000000088500000, 0x0000000088600000|  0%| F|  |TAMS 0x0000000088500000| PB 0x0000000088500000| Untracked 
| 134|0x0000000088600000, 0x0000000088600000, 0x0000000088700000|  0%| F|  |TAMS 0x0000000088600000| PB 0x0000000088600000| Untracked 
| 135|0x0000000088700000, 0x0000000088700000, 0x0000000088800000|  0%| F|  |TAMS 0x0000000088700000| PB 0x0000000088700000| Untracked 
| 136|0x0000000088800000, 0x0000000088800000, 0x0000000088900000|  0%| F|  |TAMS 0x0000000088800000| PB 0x0000000088800000| Untracked 
| 137|0x0000000088900000, 0x0000000088900000, 0x0000000088a00000|  0%| F|  |TAMS 0x0000000088900000| PB 0x0000000088900000| Untracked 
| 138|0x0000000088a00000, 0x0000000088a00000, 0x0000000088b00000|  0%| F|  |TAMS 0x0000000088a00000| PB 0x0000000088a00000| Untracked 
| 139|0x0000000088b00000, 0x0000000088b00000, 0x0000000088c00000|  0%| F|  |TAMS 0x0000000088b00000| PB 0x0000000088b00000| Untracked 
| 140|0x0000000088c00000, 0x0000000088c00000, 0x0000000088d00000|  0%| F|  |TAMS 0x0000000088c00000| PB 0x0000000088c00000| Untracked 
| 141|0x0000000088d00000, 0x0000000088d00000, 0x0000000088e00000|  0%| F|  |TAMS 0x0000000088d00000| PB 0x0000000088d00000| Untracked 
| 142|0x0000000088e00000, 0x0000000088e00000, 0x0000000088f00000|  0%| F|  |TAMS 0x0000000088e00000| PB 0x0000000088e00000| Untracked 
| 143|0x0000000088f00000, 0x0000000088f00000, 0x0000000089000000|  0%| F|  |TAMS 0x0000000088f00000| PB 0x0000000088f00000| Untracked 
| 144|0x0000000089000000, 0x0000000089000000, 0x0000000089100000|  0%| F|  |TAMS 0x0000000089000000| PB 0x0000000089000000| Untracked 
| 145|0x0000000089100000, 0x0000000089100000, 0x0000000089200000|  0%| F|  |TAMS 0x0000000089100000| PB 0x0000000089100000| Untracked 
| 146|0x0000000089200000, 0x0000000089200000, 0x0000000089300000|  0%| F|  |TAMS 0x0000000089200000| PB 0x0000000089200000| Untracked 
| 147|0x0000000089300000, 0x0000000089300000, 0x0000000089400000|  0%| F|  |TAMS 0x0000000089300000| PB 0x0000000089300000| Untracked 
| 148|0x0000000089400000, 0x0000000089480800, 0x0000000089500000| 50%| E|  |TAMS 0x0000000089400000| PB 0x0000000089400000| Complete 
| 149|0x0000000089500000, 0x0000000089600000, 0x0000000089600000|100%| E|CS|TAMS 0x0000000089500000| PB 0x0000000089500000| Complete 
| 150|0x0000000089600000, 0x0000000089700000, 0x0000000089700000|100%| E|CS|TAMS 0x0000000089600000| PB 0x0000000089600000| Complete 
| 151|0x0000000089700000, 0x0000000089800000, 0x0000000089800000|100%| E|CS|TAMS 0x0000000089700000| PB 0x0000000089700000| Complete 
| 152|0x0000000089800000, 0x0000000089900000, 0x0000000089900000|100%| E|CS|TAMS 0x0000000089800000| PB 0x0000000089800000| Complete 
| 153|0x0000000089900000, 0x0000000089a00000, 0x0000000089a00000|100%| E|CS|TAMS 0x0000000089900000| PB 0x0000000089900000| Complete 
| 154|0x0000000089a00000, 0x0000000089b00000, 0x0000000089b00000|100%| E|CS|TAMS 0x0000000089a00000| PB 0x0000000089a00000| Complete 
| 155|0x0000000089b00000, 0x0000000089c00000, 0x0000000089c00000|100%| E|CS|TAMS 0x0000000089b00000| PB 0x0000000089b00000| Complete 
| 156|0x0000000089c00000, 0x0000000089d00000, 0x0000000089d00000|100%| E|CS|TAMS 0x0000000089c00000| PB 0x0000000089c00000| Complete 
| 157|0x0000000089d00000, 0x0000000089e00000, 0x0000000089e00000|100%| E|CS|TAMS 0x0000000089d00000| PB 0x0000000089d00000| Complete 
| 158|0x0000000089e00000, 0x0000000089f00000, 0x0000000089f00000|100%| E|CS|TAMS 0x0000000089e00000| PB 0x0000000089e00000| Complete 
| 159|0x0000000089f00000, 0x000000008a000000, 0x000000008a000000|100%| E|CS|TAMS 0x0000000089f00000| PB 0x0000000089f00000| Complete 
| 160|0x000000008a000000, 0x000000008a100000, 0x000000008a100000|100%| E|CS|TAMS 0x000000008a000000| PB 0x000000008a000000| Complete 
| 161|0x000000008a100000, 0x000000008a200000, 0x000000008a200000|100%| E|CS|TAMS 0x000000008a100000| PB 0x000000008a100000| Complete 
| 162|0x000000008a200000, 0x000000008a300000, 0x000000008a300000|100%| E|CS|TAMS 0x000000008a200000| PB 0x000000008a200000| Complete 
| 163|0x000000008a300000, 0x000000008a400000, 0x000000008a400000|100%| E|CS|TAMS 0x000000008a300000| PB 0x000000008a300000| Complete 
| 164|0x000000008a400000, 0x000000008a500000, 0x000000008a500000|100%| E|CS|TAMS 0x000000008a400000| PB 0x000000008a400000| Complete 
| 165|0x000000008a500000, 0x000000008a600000, 0x000000008a600000|100%| E|CS|TAMS 0x000000008a500000| PB 0x000000008a500000| Complete 
| 166|0x000000008a600000, 0x000000008a700000, 0x000000008a700000|100%| E|CS|TAMS 0x000000008a600000| PB 0x000000008a600000| Complete 
| 167|0x000000008a700000, 0x000000008a800000, 0x000000008a800000|100%| E|CS|TAMS 0x000000008a700000| PB 0x000000008a700000| Complete 
| 168|0x000000008a800000, 0x000000008a900000, 0x000000008a900000|100%| E|CS|TAMS 0x000000008a800000| PB 0x000000008a800000| Complete 
| 169|0x000000008a900000, 0x000000008aa00000, 0x000000008aa00000|100%| E|CS|TAMS 0x000000008a900000| PB 0x000000008a900000| Complete 
| 170|0x000000008aa00000, 0x000000008ab00000, 0x000000008ab00000|100%| E|CS|TAMS 0x000000008aa00000| PB 0x000000008aa00000| Complete 
| 171|0x000000008ab00000, 0x000000008ac00000, 0x000000008ac00000|100%| E|CS|TAMS 0x000000008ab00000| PB 0x000000008ab00000| Complete 
| 172|0x000000008ac00000, 0x000000008ad00000, 0x000000008ad00000|100%| E|CS|TAMS 0x000000008ac00000| PB 0x000000008ac00000| Complete 
| 173|0x000000008ad00000, 0x000000008ae00000, 0x000000008ae00000|100%| E|CS|TAMS 0x000000008ad00000| PB 0x000000008ad00000| Complete 
| 174|0x000000008ae00000, 0x000000008af00000, 0x000000008af00000|100%| E|CS|TAMS 0x000000008ae00000| PB 0x000000008ae00000| Complete 
| 175|0x000000008af00000, 0x000000008b000000, 0x000000008b000000|100%| E|CS|TAMS 0x000000008af00000| PB 0x000000008af00000| Complete 
| 176|0x000000008b000000, 0x000000008b100000, 0x000000008b100000|100%| E|CS|TAMS 0x000000008b000000| PB 0x000000008b000000| Complete 
| 177|0x000000008b100000, 0x000000008b200000, 0x000000008b200000|100%| E|CS|TAMS 0x000000008b100000| PB 0x000000008b100000| Complete 
| 178|0x000000008b200000, 0x000000008b300000, 0x000000008b300000|100%| E|CS|TAMS 0x000000008b200000| PB 0x000000008b200000| Complete 
| 179|0x000000008b300000, 0x000000008b400000, 0x000000008b400000|100%| E|CS|TAMS 0x000000008b300000| PB 0x000000008b300000| Complete 
| 180|0x000000008b400000, 0x000000008b500000, 0x000000008b500000|100%| E|CS|TAMS 0x000000008b400000| PB 0x000000008b400000| Complete 
| 181|0x000000008b500000, 0x000000008b600000, 0x000000008b600000|100%| E|CS|TAMS 0x000000008b500000| PB 0x000000008b500000| Complete 
| 182|0x000000008b600000, 0x000000008b700000, 0x000000008b700000|100%| E|CS|TAMS 0x000000008b600000| PB 0x000000008b600000| Complete 
|2037|0x00000000ff500000, 0x00000000ff600000, 0x00000000ff600000|100%| O|  |TAMS 0x00000000ff500000| PB 0x00000000ff500000| Untracked 
|2038|0x00000000ff600000, 0x00000000ff700000, 0x00000000ff700000|100%| E|CS|TAMS 0x00000000ff600000| PB 0x00000000ff600000| Complete 
|2039|0x00000000ff700000, 0x00000000ff800000, 0x00000000ff800000|100%| E|CS|TAMS 0x00000000ff700000| PB 0x00000000ff700000| Complete 
|2040|0x00000000ff800000, 0x00000000ff900000, 0x00000000ff900000|100%| E|CS|TAMS 0x00000000ff800000| PB 0x00000000ff800000| Complete 
|2041|0x00000000ff900000, 0x00000000ffa00000, 0x00000000ffa00000|100%| O|  |TAMS 0x00000000ff900000| PB 0x00000000ff900000| Untracked 
|2042|0x00000000ffa00000, 0x00000000ffb00000, 0x00000000ffb00000|100%| O|  |TAMS 0x00000000ffa00000| PB 0x00000000ffa00000| Untracked 
|2043|0x00000000ffb00000, 0x00000000ffc00000, 0x00000000ffc00000|100%| O|  |TAMS 0x00000000ffb00000| PB 0x00000000ffb00000| Untracked 
|2044|0x00000000ffc00000, 0x00000000ffd00000, 0x00000000ffd00000|100%| O|  |TAMS 0x00000000ffc00000| PB 0x00000000ffc00000| Untracked 
|2045|0x00000000ffd00000, 0x00000000ffe00000, 0x00000000ffe00000|100%| O|  |TAMS 0x00000000ffd00000| PB 0x00000000ffd00000| Untracked 
|2046|0x00000000ffe00000, 0x00000000fff00000, 0x00000000fff00000|100%| O|  |TAMS 0x00000000ffe00000| PB 0x00000000ffe00000| Untracked 
|2047|0x00000000fff00000, 0x0000000100000000, 0x0000000100000000|100%| O|  |TAMS 0x00000000fff00000| PB 0x00000000fff00000| Untracked 

Card table byte_map: [0x0000024343ff0000,0x00000243443f0000] _byte_map_base: 0x0000024343bf0000

Marking Bits: (CMBitMap*) 0x000002432c7f5b60
 Bits: [0x00000243443f0000, 0x00000243463f0000)

Polling page: 0x000002432a690000

Metaspace:

Usage:
  Non-class:     85.30 MB used.
      Class:     13.36 MB used.
       Both:     98.66 MB used.

Virtual space:
  Non-class space:      128.00 MB reserved,      86.50 MB ( 68%) committed,  2 nodes.
      Class space:        1.00 GB reserved,      14.50 MB (  1%) committed,  1 nodes.
             Both:        1.12 GB reserved,     101.00 MB (  9%) committed. 

Chunk freelists:
   Non-Class:  9.09 MB
       Class:  1.33 MB
        Both:  10.42 MB

MaxMetaspaceSize: unlimited
CompressedClassSpaceSize: 1.00 GB
Initial GC threshold: 21.00 MB
Current GC threshold: 162.81 MB
CDS: on
 - commit_granule_bytes: 65536.
 - commit_granule_words: 8192.
 - virtual_space_node_default_size: 8388608.
 - enlarge_chunks_in_place: 1.
 - use_allocation_guard: 0.


Internal statistics:

num_allocs_failed_limit: 9.
num_arena_births: 4178.
num_arena_deaths: 0.
num_vsnodes_births: 3.
num_vsnodes_deaths: 0.
num_space_committed: 1614.
num_space_uncommitted: 0.
num_chunks_returned_to_freelist: 9.
num_chunks_taken_from_freelist: 8573.
num_chunk_merges: 9.
num_chunk_splits: 5906.
num_chunks_enlarged: 3944.
num_inconsistent_stats: 0.

CodeHeap 'non-profiled nmethods': size=120000Kb used=5916Kb max_used=5916Kb free=114083Kb
 bounds [0x000002433c6c0000, 0x000002433cc90000, 0x0000024343bf0000]
CodeHeap 'profiled nmethods': size=120000Kb used=20761Kb max_used=20761Kb free=99238Kb
 bounds [0x0000024334bf0000, 0x0000024336040000, 0x000002433c120000]
CodeHeap 'non-nmethods': size=5760Kb used=2924Kb max_used=2958Kb free=2835Kb
 bounds [0x000002433c120000, 0x000002433c410000, 0x000002433c6c0000]
 total_blobs=11424 nmethods=10410 adapters=918
 compilation: enabled
              stopped_count=0, restarted_count=0
 full_count=0

Compilation events (20 events):
Event: 164.078 Thread 0x00000243488c52d0 12209       3       org.jetbrains.kotlin.builtins.functions.FunctionClassDescriptor$FunctionTypeConstructor::getParameters (8 bytes)
Event: 164.078 Thread 0x00000243488c52d0 nmethod 12209 0x0000024336003190 code [0x0000024336003320, 0x0000024336003448]
Event: 164.078 Thread 0x00000243488c52d0 12208       1       org.jetbrains.kotlin.types.TypeSubstitution::approximateCapturedTypes (2 bytes)
Event: 164.078 Thread 0x00000243488c52d0 nmethod 12208 0x000002433cc83890 code [0x000002433cc83a20, 0x000002433cc83ae8]
Event: 164.079 Thread 0x00000243488c52d0 12210       1       org.jetbrains.kotlin.resolve.scopes.LexicalChainedScope::getKind (5 bytes)
Event: 164.079 Thread 0x00000243488c52d0 nmethod 12210 0x000002433cc83b90 code [0x000002433cc83d20, 0x000002433cc83de8]
Event: 164.082 Thread 0x00000243488c52d0 12211       3       org.jetbrains.kotlin.types.TypeSubstitutor::createChainedSubstitutor (25 bytes)
Event: 164.083 Thread 0x00000243488c52d0 nmethod 12211 0x0000024336003510 code [0x0000024336003720, 0x0000024336003c58]
Event: 164.083 Thread 0x00000243488c52d0 12213       3       org.jetbrains.kotlin.descriptors.DescriptorVisibilities::findInvisibleMember (117 bytes)
Event: 164.084 Thread 0x00000243488c52d0 nmethod 12213 0x0000024336003e10 code [0x00000243360040a0, 0x0000024336004dd0]
Event: 164.084 Thread 0x00000243488c52d0 12214       1       org.jetbrains.kotlin.descriptors.impl.PropertyDescriptorImpl::getExtensionReceiverParameter (5 bytes)
Event: 164.084 Thread 0x00000243488c52d0 nmethod 12214 0x000002433cc83e90 code [0x000002433cc84020, 0x000002433cc840e8]
Event: 164.084 Thread 0x00000243488c52d0 12212       3       org.jetbrains.kotlin.types.DisjointKeysUnionTypeSubstitution::create (9 bytes)
Event: 164.084 Thread 0x00000243488c52d0 nmethod 12212 0x0000024336005090 code [0x0000024336005240, 0x0000024336005370]
Event: 164.084 Thread 0x00000243488c52d0 12216       3       org.jetbrains.kotlin.types.TypeCheckerState::<init> (59 bytes)
Event: 164.085 Thread 0x00000243488c52d0 nmethod 12216 0x0000024336005410 code [0x0000024336005720, 0x00000243360067d0]
Event: 164.085 Thread 0x00000243488c52d0 12215       3       org.jetbrains.kotlin.types.AbstractTypeConstructor::getSupertypes (8 bytes)
Event: 164.085 Thread 0x00000243488c52d0 nmethod 12215 0x0000024336006d90 code [0x0000024336006f60, 0x0000024336007438]
Event: 164.085 Thread 0x00000243488c52d0 12217       1       org.jetbrains.kotlin.descriptors.impl.PropertyDescriptorImpl::getGetter (5 bytes)
Event: 164.085 Thread 0x00000243488c52d0 nmethod 12217 0x000002433cc84190 code [0x000002433cc84320, 0x000002433cc843e8]

GC Heap History (20 events):
Event: 117.916 GC heap before
{Heap before GC invocations=27 (full 0):
 garbage-first heap   total 106496K, used 92460K [0x0000000080000000, 0x0000000100000000)
  region size 1024K, 42 young (43008K), 3 survivors (3072K)
 Metaspace       used 69928K, committed 71808K, reserved 1114112K
  class space    used 9644K, committed 10560K, reserved 1048576K
}
Event: 117.923 GC heap after
{Heap after GC invocations=28 (full 0):
 garbage-first heap   total 106496K, used 54480K [0x0000000080000000, 0x0000000100000000)
  region size 1024K, 4 young (4096K), 4 survivors (4096K)
 Metaspace       used 69928K, committed 71808K, reserved 1114112K
  class space    used 9644K, committed 10560K, reserved 1048576K
}
Event: 120.987 GC heap before
{Heap before GC invocations=29 (full 0):
 garbage-first heap   total 112640K, used 111824K [0x0000000080000000, 0x0000000100000000)
  region size 1024K, 40 young (40960K), 4 survivors (4096K)
 Metaspace       used 75114K, committed 77056K, reserved 1114112K
  class space    used 10729K, committed 11648K, reserved 1048576K
}
Event: 120.997 GC heap after
{Heap after GC invocations=30 (full 0):
 garbage-first heap   total 118784K, used 63416K [0x0000000080000000, 0x0000000100000000)
  region size 1024K, 5 young (5120K), 5 survivors (5120K)
 Metaspace       used 75114K, committed 77056K, reserved 1114112K
  class space    used 10729K, committed 11648K, reserved 1048576K
}
Event: 121.772 GC heap before
{Heap before GC invocations=30 (full 0):
 garbage-first heap   total 118784K, used 109496K [0x0000000080000000, 0x0000000100000000)
  region size 1024K, 46 young (47104K), 5 survivors (5120K)
 Metaspace       used 75234K, committed 77184K, reserved 1179648K
  class space    used 10734K, committed 11648K, reserved 1048576K
}
Event: 121.807 GC heap after
{Heap after GC invocations=31 (full 0):
 garbage-first heap   total 130048K, used 73327K [0x0000000080000000, 0x0000000100000000)
  region size 1024K, 6 young (6144K), 6 survivors (6144K)
 Metaspace       used 75234K, committed 77184K, reserved 1179648K
  class space    used 10734K, committed 11648K, reserved 1048576K
}
Event: 121.991 GC heap before
{Heap before GC invocations=31 (full 0):
 garbage-first heap   total 130048K, used 79471K [0x0000000080000000, 0x0000000100000000)
  region size 1024K, 13 young (13312K), 6 survivors (6144K)
 Metaspace       used 75235K, committed 77184K, reserved 1179648K
  class space    used 10734K, committed 11648K, reserved 1048576K
}
Event: 122.004 GC heap after
{Heap after GC invocations=32 (full 0):
 garbage-first heap   total 130048K, used 77447K [0x0000000080000000, 0x0000000100000000)
  region size 1024K, 3 young (3072K), 3 survivors (3072K)
 Metaspace       used 75235K, committed 77184K, reserved 1179648K
  class space    used 10734K, committed 11648K, reserved 1048576K
}
Event: 122.311 GC heap before
{Heap before GC invocations=33 (full 0):
 garbage-first heap   total 163840K, used 111239K [0x0000000080000000, 0x0000000100000000)
  region size 1024K, 35 young (35840K), 3 survivors (3072K)
 Metaspace       used 75240K, committed 77184K, reserved 1179648K
  class space    used 10734K, committed 11648K, reserved 1048576K
}
Event: 122.327 GC heap after
{Heap after GC invocations=34 (full 0):
 garbage-first heap   total 163840K, used 81888K [0x0000000080000000, 0x0000000100000000)
  region size 1024K, 5 young (5120K), 5 survivors (5120K)
 Metaspace       used 75240K, committed 77184K, reserved 1179648K
  class space    used 10734K, committed 11648K, reserved 1048576K
}
Event: 132.504 GC heap before
{Heap before GC invocations=34 (full 0):
 garbage-first heap   total 163840K, used 146400K [0x0000000080000000, 0x0000000100000000)
  region size 1024K, 56 young (57344K), 5 survivors (5120K)
 Metaspace       used 79967K, committed 81984K, reserved 1179648K
  class space    used 11266K, committed 12224K, reserved 1048576K
}
Event: 132.516 GC heap after
{Heap after GC invocations=35 (full 0):
 garbage-first heap   total 163840K, used 98883K [0x0000000080000000, 0x0000000100000000)
  region size 1024K, 7 young (7168K), 7 survivors (7168K)
 Metaspace       used 79967K, committed 81984K, reserved 1179648K
  class space    used 11266K, committed 12224K, reserved 1048576K
}
Event: 134.832 GC heap before
{Heap before GC invocations=35 (full 0):
 garbage-first heap   total 163840K, used 140867K [0x0000000080000000, 0x0000000100000000)
  region size 1024K, 48 young (49152K), 7 survivors (7168K)
 Metaspace       used 85011K, committed 86912K, reserved 1179648K
  class space    used 11691K, committed 12608K, reserved 1048576K
}
Event: 134.846 GC heap after
{Heap after GC invocations=36 (full 0):
 garbage-first heap   total 163840K, used 103681K [0x0000000080000000, 0x0000000100000000)
  region size 1024K, 4 young (4096K), 4 survivors (4096K)
 Metaspace       used 85011K, committed 86912K, reserved 1179648K
  class space    used 11691K, committed 12608K, reserved 1048576K
}
Event: 137.688 GC heap before
{Heap before GC invocations=37 (full 0):
 garbage-first heap   total 181248K, used 143617K [0x0000000080000000, 0x0000000100000000)
  region size 1024K, 43 young (44032K), 4 survivors (4096K)
 Metaspace       used 89713K, committed 92032K, reserved 1179648K
  class space    used 12349K, committed 13440K, reserved 1048576K
}
Event: 137.696 GC heap after
{Heap after GC invocations=38 (full 0):
 garbage-first heap   total 181248K, used 105393K [0x0000000080000000, 0x0000000100000000)
  region size 1024K, 6 young (6144K), 6 survivors (6144K)
 Metaspace       used 89713K, committed 92032K, reserved 1179648K
  class space    used 12349K, committed 13440K, reserved 1048576K
}
Event: 147.947 GC heap before
{Heap before GC invocations=38 (full 0):
 garbage-first heap   total 181248K, used 160689K [0x0000000080000000, 0x0000000100000000)
  region size 1024K, 59 young (60416K), 6 survivors (6144K)
 Metaspace       used 95533K, committed 97920K, reserved 1179648K
  class space    used 13085K, committed 14272K, reserved 1048576K
}
Event: 147.964 GC heap after
{Heap after GC invocations=39 (full 0):
 garbage-first heap   total 181248K, used 110012K [0x0000000080000000, 0x0000000100000000)
  region size 1024K, 8 young (8192K), 8 survivors (8192K)
 Metaspace       used 95533K, committed 97920K, reserved 1179648K
  class space    used 13085K, committed 14272K, reserved 1048576K
}
Event: 152.713 GC heap before
{Heap before GC invocations=39 (full 0):
 garbage-first heap   total 181248K, used 161212K [0x0000000080000000, 0x0000000100000000)
  region size 1024K, 58 young (59392K), 8 survivors (8192K)
 Metaspace       used 97655K, committed 99968K, reserved 1179648K
  class space    used 13298K, committed 14464K, reserved 1048576K
}
Event: 152.727 GC heap after
{Heap after GC invocations=40 (full 0):
 garbage-first heap   total 181248K, used 112667K [0x0000000080000000, 0x0000000100000000)
  region size 1024K, 5 young (5120K), 5 survivors (5120K)
 Metaspace       used 97655K, committed 99968K, reserved 1179648K
  class space    used 13298K, committed 14464K, reserved 1048576K
}

Dll operation events (16 events):
Event: 0.299 Loaded shared library C:\Program Files\Java\jdk-21\bin\java.dll
Event: 3.278 Loaded shared library C:\Program Files\Java\jdk-21\bin\jsvml.dll
Event: 4.366 Loaded shared library C:\Program Files\Java\jdk-21\bin\zip.dll
Event: 4.379 Loaded shared library C:\Program Files\Java\jdk-21\bin\instrument.dll
Event: 4.393 Loaded shared library C:\Program Files\Java\jdk-21\bin\net.dll
Event: 4.405 Loaded shared library C:\Program Files\Java\jdk-21\bin\nio.dll
Event: 4.411 Loaded shared library C:\Program Files\Java\jdk-21\bin\zip.dll
Event: 7.072 Loaded shared library C:\Program Files\Java\jdk-21\bin\jimage.dll
Event: 10.328 Loaded shared library C:\Program Files\Java\jdk-21\bin\verify.dll
Event: 12.196 Loaded shared library C:\Users\KYTHOURS\.gradle\native\1def1411415f61bf3af743bc5b6707747c0891f09f0c88961ee8f79bc544acac\windows-amd64\native-platform.dll
Event: 12.274 Loaded shared library C:\Users\KYTHOURS\.gradle\native\0.2.5\x86_64-windows-gnu\gradle-fileevents.dll
Event: 26.450 Loaded shared library C:\Program Files\Java\jdk-21\bin\management.dll
Event: 26.720 Loaded shared library C:\Program Files\Java\jdk-21\bin\management_ext.dll
Event: 28.925 Loaded shared library C:\Program Files\Java\jdk-21\bin\extnet.dll
Event: 30.925 Loaded shared library C:\Program Files\Java\jdk-21\bin\sunmscapi.dll
Event: 35.933 Loaded shared library C:\Users\KYTHOURS\AppData\Local\Temp\native-platform8380616029231547733dir\gradle-fileevents.dll

Deoptimization events (20 events):
Event: 159.052 Thread 0x000002438eee4ce0 Uncommon trap: trap_request=0xffffffde fr.pc=0x000002433cb92514 relative=0x0000000000000074
Event: 159.052 Thread 0x000002438eee4ce0 Uncommon trap: reason=class_check action=maybe_recompile pc=0x000002433cb92514 method=java.util.Collections$UnmodifiableCollection.size()I @ 4 c2
Event: 159.052 Thread 0x000002438eee4ce0 DEOPT PACKING pc=0x000002433cb92514 sp=0x000000c02c9ee9b0
Event: 159.052 Thread 0x000002438eee4ce0 DEOPT UNPACKING pc=0x000002433c1746a2 sp=0x000000c02c9ee938 mode 2
Event: 160.655 Thread 0x000002438eee4ce0 DEOPT PACKING pc=0x000002433cbf53f0 sp=0x000000c02c9f1030
Event: 160.655 Thread 0x000002438eee4ce0 DEOPT UNPACKING pc=0x000002433c174e42 sp=0x000000c02c9f0550 mode 0
Event: 163.433 Thread 0x000002438eee4ce0 Uncommon trap: trap_request=0xffffff45 fr.pc=0x000002433cc79f8c relative=0x0000000000000a0c
Event: 163.433 Thread 0x000002438eee4ce0 Uncommon trap: reason=unstable_if action=reinterpret pc=0x000002433cc79f8c method=org.jetbrains.kotlin.serialization.deserialization.descriptors.DeserializedMemberScope$OptimizedImplementation.getContributedVariables(Lorg/jetbrains/kotlin/name/Name;Lorg/j
Event: 163.433 Thread 0x000002438eee4ce0 DEOPT PACKING pc=0x000002433cc79f8c sp=0x000000c02c9ef5b0
Event: 163.433 Thread 0x000002438eee4ce0 DEOPT UNPACKING pc=0x000002433c1746a2 sp=0x000000c02c9ef530 mode 2
Event: 163.634 Thread 0x000002438eee4ce0 Uncommon trap: trap_request=0xffffff45 fr.pc=0x000002433cbe5340 relative=0x0000000000000100
Event: 163.634 Thread 0x000002438eee4ce0 Uncommon trap: reason=unstable_if action=reinterpret pc=0x000002433cbe5340 method=org.jetbrains.kotlin.name.Name.hashCode()I @ 16 c2
Event: 163.634 Thread 0x000002438eee4ce0 DEOPT PACKING pc=0x000002433cbe5340 sp=0x000000c02c9f0fb0
Event: 163.634 Thread 0x000002438eee4ce0 DEOPT UNPACKING pc=0x000002433c1746a2 sp=0x000000c02c9f0f38 mode 2
Event: 163.724 Thread 0x000002438eee4ce0 Uncommon trap: trap_request=0xffffff45 fr.pc=0x000002433cc7bd78 relative=0x0000000000000a78
Event: 163.724 Thread 0x000002438eee4ce0 Uncommon trap: reason=unstable_if action=reinterpret pc=0x000002433cc7bd78 method=org.jetbrains.kotlin.serialization.deserialization.descriptors.DeserializedMemberScope$OptimizedImplementation.getContributedVariables(Lorg/jetbrains/kotlin/name/Name;Lorg/j
Event: 163.724 Thread 0x000002438eee4ce0 DEOPT PACKING pc=0x000002433cc7bd78 sp=0x000000c02c9ef430
Event: 163.724 Thread 0x000002438eee4ce0 DEOPT UNPACKING pc=0x000002433c1746a2 sp=0x000000c02c9ef420 mode 2
Event: 163.992 Thread 0x000002438eee4ce0 DEOPT PACKING pc=0x0000024335c11330 sp=0x000000c02c9ee220
Event: 163.992 Thread 0x000002438eee4ce0 DEOPT UNPACKING pc=0x000002433c174e42 sp=0x000000c02c9ed7a0 mode 0

Classes loaded (20 events):
Event: 137.650 Loading class java/text/CharacterIterator done
Event: 137.650 Loading class java/text/StringCharacterIterator done
Event: 139.005 Loading class java/util/AbstractList$SubList
Event: 139.007 Loading class java/util/AbstractList$SubList done
Event: 139.007 Loading class java/util/AbstractList$SubList$1
Event: 139.007 Loading class java/util/AbstractList$SubList$1 done
Event: 139.007 Loading class java/util/AbstractList$ListItr
Event: 139.007 Loading class java/util/AbstractList$ListItr done
Event: 144.425 Loading class java/util/EnumMap$EntrySet
Event: 144.433 Loading class java/util/EnumMap$EntrySet done
Event: 144.433 Loading class java/util/EnumMap$EntryIterator
Event: 144.433 Loading class java/util/EnumMap$EnumMapIterator
Event: 144.434 Loading class java/util/EnumMap$EnumMapIterator done
Event: 144.434 Loading class java/util/EnumMap$EntryIterator done
Event: 144.434 Loading class java/util/EnumMap$EntryIterator$Entry
Event: 144.435 Loading class java/util/EnumMap$EntryIterator$Entry done
Event: 146.099 Loading class java/io/NotSerializableException
Event: 146.107 Loading class java/io/NotSerializableException done
Event: 154.050 Loading class java/util/AbstractList$RandomAccessSubList
Event: 154.050 Loading class java/util/AbstractList$RandomAccessSubList done

Classes unloaded (0 events):
No events

Classes redefined (0 events):
No events

Internal exceptions (20 events):
Event: 121.618 Thread 0x000002438eee4ce0 Implicit null exception at 0x000002433cb3a1e9 to 0x000002433cb3c358
Event: 121.618 Thread 0x000002438eee4ce0 Implicit null exception at 0x000002433cb3f328 to 0x000002433cb3f984
Event: 135.244 Thread 0x000002438eee4ce0 Exception <a 'java/lang/NoSuchMethodError'{0x000000008a3892e0}: 'java.lang.Object java.lang.invoke.DirectMethodHandle$Holder.newInvokeSpecial(java.lang.Object, java.lang.Object, java.lang.Object, java.lang.Object, java.lang.Object, java.lang.Object, java.lang.Object, java.lang.Object, java.lang.Object, java.lang.Object, java.lang.Object, java.lang.Object, java.lang.Object, java.lang.Object)'> (0x000000008a3892e0) 
thrown [s\open\src\hotspot\share\interpreter\linkResolver.cpp, line 773]
Event: 135.293 Thread 0x000002438eee4ce0 Exception <a 'java/lang/NoSuchMethodError'{0x000000008a2b2108}: 'java.lang.Object java.lang.invoke.DirectMethodHandle$Holder.newInvokeSpecial(java.lang.Object, java.lang.Object, java.lang.Object, java.lang.Object, java.lang.Object, java.lang.Object, java.lang.Object, java.lang.Object, java.lang.Object, java.lang.Object, java.lang.Object, java.lang.Object, java.lang.Object, java.lang.Object, java.lang.Object, java.lang.Object, java.lang.Object, java.lang.Object, java.lang.Object, java.lang.Object, java.lang
Event: 135.335 Thread 0x000002438eee4ce0 Exception <a 'java/lang/NoSuchMethodError'{0x000000008a0a8790}: 'java.lang.Object java.lang.invoke.DirectMethodHandle$Holder.newInvokeSpecial(java.lang.Object, java.lang.Object, java.lang.Object, java.lang.Object, java.lang.Object, java.lang.Object, java.lang.Object, java.lang.Object, java.lang.Object, java.lang.Object, java.lang.Object, java.lang.Object, java.lang.Object, java.lang.Object, java.lang.Object, java.lang.Object, java.lang.Object, java.lang.Object, java.lang.Object, java.lang.Object)'> (0x0000
Event: 135.336 Thread 0x000002438eee4ce0 Exception <a 'java/lang/NoSuchMethodError'{0x000000008a0afe50}: 'java.lang.Object java.lang.invoke.DirectMethodHandle$Holder.invokeSpecial(java.lang.Object, java.lang.Object, java.lang.Object, java.lang.Object, java.lang.Object, java.lang.Object, java.lang.Object, java.lang.Object, java.lang.Object, java.lang.Object, java.lang.Object, java.lang.Object, java.lang.Object, java.lang.Object, java.lang.Object, java.lang.Object, java.lang.Object, java.lang.Object, java.lang.Object, java.lang.Object, java.lang.Ob
Event: 135.337 Thread 0x000002438eee4ce0 Exception <a 'java/lang/NoSuchMethodError'{0x000000008a0b6350}: 'java.lang.Object java.lang.invoke.DelegatingMethodHandle$Holder.reinvoke_L(java.lang.Object, java.lang.Object, java.lang.Object, java.lang.Object, java.lang.Object, java.lang.Object, java.lang.Object, java.lang.Object, java.lang.Object, java.lang.Object, java.lang.Object, java.lang.Object, java.lang.Object, java.lang.Object, java.lang.Object, java.lang.Object, java.lang.Object, java.lang.Object, java.lang.Object, java.lang.Object)'> (0x000000
Event: 136.145 Thread 0x000002438eee4ce0 Exception <a 'java/lang/NoSuchMethodError'{0x0000000089841af8}: 'java.lang.Object java.lang.invoke.DirectMethodHandle$Holder.newInvokeSpecial(java.lang.Object, java.lang.Object, java.lang.Object, java.lang.Object, java.lang.Object, java.lang.Object, java.lang.Object, java.lang.Object, java.lang.Object, java.lang.Object, java.lang.Object, java.lang.Object, java.lang.Object, java.lang.Object, java.lang.Object, java.lang.Object)'> (0x0000000089841af8) 
thrown [s\open\src\hotspot\share\interpreter\linkResolver
Event: 136.146 Thread 0x000002438eee4ce0 Exception <a 'java/lang/NoSuchMethodError'{0x0000000089848740}: 'java.lang.Object java.lang.invoke.DirectMethodHandle$Holder.invokeSpecial(java.lang.Object, java.lang.Object, java.lang.Object, java.lang.Object, java.lang.Object, java.lang.Object, java.lang.Object, java.lang.Object, java.lang.Object, java.lang.Object, java.lang.Object, java.lang.Object, java.lang.Object, java.lang.Object, java.lang.Object, java.lang.Object, java.lang.Object)'> (0x0000000089848740) 
thrown [s\open\src\hotspot\share\interpret
Event: 136.146 Thread 0x000002438eee4ce0 Exception <a 'java/lang/NoSuchMethodError'{0x000000008984e5c0}: 'java.lang.Object java.lang.invoke.DelegatingMethodHandle$Holder.reinvoke_L(java.lang.Object, java.lang.Object, java.lang.Object, java.lang.Object, java.lang.Object, java.lang.Object, java.lang.Object, java.lang.Object, java.lang.Object, java.lang.Object, java.lang.Object, java.lang.Object, java.lang.Object, java.lang.Object, java.lang.Object, java.lang.Object)'> (0x000000008984e5c0) 
thrown [s\open\src\hotspot\share\interpreter\linkResolver.c
Event: 136.359 Thread 0x000002438eee4ce0 Exception <a 'java/lang/NoSuchMethodError'{0x00000000897911d0}: 'java.lang.Object java.lang.invoke.DirectMethodHandle$Holder.newInvokeSpecial(java.lang.Object, java.lang.Object, java.lang.Object, java.lang.Object, java.lang.Object, java.lang.Object, java.lang.Object, java.lang.Object, java.lang.Object, java.lang.Object, java.lang.Object, java.lang.Object, java.lang.Object, java.lang.Object, java.lang.Object, java.lang.Object, java.lang.Object, java.lang.Object, java.lang.Object, java.lang.Object, java.lang
Event: 147.795 Thread 0x000002438eee4ce0 Exception <a 'java/lang/NoSuchMethodError'{0x0000000087a7d088}: 'java.lang.Object java.lang.invoke.DirectMethodHandle$Holder.invokeStatic(java.lang.Object, java.lang.Object, java.lang.Object, java.lang.Object, java.lang.Object, int, java.lang.Object)'> (0x0000000087a7d088) 
thrown [s\open\src\hotspot\share\interpreter\linkResolver.cpp, line 773]
Event: 147.796 Thread 0x000002438eee4ce0 Exception <a 'java/lang/NoSuchMethodError'{0x0000000087a873c8}: 'java.lang.Object java.lang.invoke.DirectMethodHandle$Holder.newInvokeSpecial(java.lang.Object, java.lang.Object, java.lang.Object, java.lang.Object, java.lang.Object, int, java.lang.Object)'> (0x0000000087a873c8) 
thrown [s\open\src\hotspot\share\interpreter\linkResolver.cpp, line 773]
Event: 147.798 Thread 0x000002438eee4ce0 Exception <a 'java/lang/NoSuchMethodError'{0x0000000087a905f8}: 'java.lang.Object java.lang.invoke.Invokers$Holder.linkToTargetMethod(java.lang.Object, java.lang.Object, java.lang.Object, java.lang.Object, int, java.lang.Object, java.lang.Object)'> (0x0000000087a905f8) 
thrown [s\open\src\hotspot\share\interpreter\linkResolver.cpp, line 773]
Event: 148.458 Thread 0x000002438eee4ce0 Exception <a 'java/lang/NoSuchMethodError'{0x0000000089dab238}: 'java.lang.Object java.lang.invoke.DirectMethodHandle$Holder.invokeStatic(java.lang.Object, java.lang.Object, java.lang.Object, java.lang.Object, int, java.lang.Object, java.lang.Object)'> (0x0000000089dab238) 
thrown [s\open\src\hotspot\share\interpreter\linkResolver.cpp, line 773]
Event: 156.186 Thread 0x000002438eee4ce0 Exception <a 'java/lang/NoSuchMethodError'{0x000000008b390208}: 'java.lang.Object java.lang.invoke.DirectMethodHandle$Holder.invokeStatic(java.lang.Object, int, java.lang.Object, java.lang.Object, java.lang.Object, java.lang.Object, java.lang.Object, java.lang.Object)'> (0x000000008b390208) 
thrown [s\open\src\hotspot\share\interpreter\linkResolver.cpp, line 773]
Event: 156.186 Thread 0x000002438eee4ce0 Exception <a 'java/lang/NoSuchMethodError'{0x000000008b39b210}: 'java.lang.Object java.lang.invoke.DirectMethodHandle$Holder.newInvokeSpecial(java.lang.Object, int, java.lang.Object, java.lang.Object, java.lang.Object, java.lang.Object, java.lang.Object)'> (0x000000008b39b210) 
thrown [s\open\src\hotspot\share\interpreter\linkResolver.cpp, line 773]
Event: 156.186 Thread 0x000002438eee4ce0 Exception <a 'java/lang/NoSuchMethodError'{0x000000008b3a0af8}: 'java.lang.Object java.lang.invoke.DirectMethodHandle$Holder.invokeSpecial(java.lang.Object, java.lang.Object, int, java.lang.Object, java.lang.Object, java.lang.Object, java.lang.Object, java.lang.Object)'> (0x000000008b3a0af8) 
thrown [s\open\src\hotspot\share\interpreter\linkResolver.cpp, line 773]
Event: 157.858 Thread 0x000002438eee4ce0 Exception <a 'java/lang/NoSuchMethodError'{0x000000008adee1f8}: 'java.lang.Object java.lang.invoke.DirectMethodHandle$Holder.invokeStatic(java.lang.Object, int, java.lang.Object)'> (0x000000008adee1f8) 
thrown [s\open\src\hotspot\share\interpreter\linkResolver.cpp, line 773]
Event: 163.115 Thread 0x000002438eee4ce0 Exception <a 'java/lang/IncompatibleClassChangeError'{0x0000000089a3c418}: Found class java.lang.Object, but interface was expected> (0x0000000089a3c418) 
thrown [s\open\src\hotspot\share\interpreter\linkResolver.cpp, line 840]

ZGC Phase Switch (0 events):
No events

VM Operations (20 events):
Event: 156.212 Executing VM operation: Cleanup
Event: 156.212 Executing VM operation: Cleanup done
Event: 156.806 Executing VM operation: HandshakeAllThreads (Deoptimize)
Event: 156.806 Executing VM operation: HandshakeAllThreads (Deoptimize) done
Event: 157.816 Executing VM operation: Cleanup
Event: 157.817 Executing VM operation: Cleanup done
Event: 158.826 Executing VM operation: Cleanup
Event: 158.826 Executing VM operation: Cleanup done
Event: 159.836 Executing VM operation: Cleanup
Event: 159.836 Executing VM operation: Cleanup done
Event: 160.655 Executing VM operation: HandshakeAllThreads (Deoptimize)
Event: 160.655 Executing VM operation: HandshakeAllThreads (Deoptimize) done
Event: 161.661 Executing VM operation: Cleanup
Event: 161.661 Executing VM operation: Cleanup done
Event: 162.148 Executing VM operation: HandshakeAllThreads (Deoptimize)
Event: 162.148 Executing VM operation: HandshakeAllThreads (Deoptimize) done
Event: 162.908 Executing VM operation: HandshakeAllThreads (Deoptimize)
Event: 162.908 Executing VM operation: HandshakeAllThreads (Deoptimize) done
Event: 162.908 Executing VM operation: Cleanup
Event: 162.908 Executing VM operation: Cleanup done

Events (20 events):
Event: 153.064 Thread 0x0000024348891c00 flushing nmethod 0x000002433ca16410
Event: 153.064 Thread 0x0000024348891c00 flushing nmethod 0x000002433c9d6d90
Event: 153.064 Thread 0x0000024348891c00 flushing nmethod 0x000002433c922490
Event: 153.064 Thread 0x0000024348891c00 flushing nmethod 0x000002433c97cb10
Event: 153.064 Thread 0x0000024348891c00 flushing nmethod 0x000002433c94de10
Event: 153.064 Thread 0x0000024348891c00 flushing nmethod 0x000002433c940d10
Event: 153.064 Thread 0x0000024348891c00 flushing nmethod 0x000002433c8bb490
Event: 153.064 Thread 0x0000024348891c00 flushing nmethod 0x000002433c896190
Event: 153.064 Thread 0x0000024348891c00 flushing nmethod 0x000002433c7dad90
Event: 153.064 Thread 0x0000024348891c00 flushing nmethod 0x000002433c7da690
Event: 153.064 Thread 0x0000024348891c00 flushing nmethod 0x000002433c7d8110
Event: 153.064 Thread 0x0000024348891c00 flushing nmethod 0x000002433c7d2e90
Event: 153.064 Thread 0x0000024348891c00 flushing nmethod 0x000002433c792290
Event: 153.064 Thread 0x0000024348891c00 flushing nmethod 0x000002433c788390
Event: 153.064 Thread 0x0000024348891c00 flushing nmethod 0x000002433c786990
Event: 153.064 Thread 0x0000024348891c00 flushing nmethod 0x000002433c75cd90
Event: 153.064 Thread 0x0000024348891c00 flushing nmethod 0x000002433c736210
Event: 153.064 Thread 0x0000024348891c00 flushing nmethod 0x000002433c71e490
Event: 153.064 Thread 0x0000024348891c00 flushing nmethod 0x000002433c710b10
Event: 153.064 Thread 0x0000024348891c00 flushing nmethod 0x000002433c6f5790


Dynamic libraries:
0x00007ff77d6b0000 - 0x00007ff77d6c0000 	C:\Program Files\Java\jdk-21\bin\java.exe
0x00007ff9f2530000 - 0x00007ff9f2747000 	C:\WINDOWS\SYSTEM32\ntdll.dll
0x00007ff9f0900000 - 0x00007ff9f09c4000 	C:\WINDOWS\System32\KERNEL32.DLL
0x00007ff9efc20000 - 0x00007ff9effd7000 	C:\WINDOWS\System32\KERNELBASE.dll
0x00007ff9f0140000 - 0x00007ff9f0251000 	C:\WINDOWS\System32\ucrtbase.dll
0x00007ff9c2d30000 - 0x00007ff9c2d4b000 	C:\Program Files\Java\jdk-21\bin\VCRUNTIME140.dll
0x00007ff9d0bb0000 - 0x00007ff9d0bc9000 	C:\Program Files\Java\jdk-21\bin\jli.dll
0x00007ff9f1000000 - 0x00007ff9f10b2000 	C:\WINDOWS\System32\ADVAPI32.dll
0x00007ff9f0500000 - 0x00007ff9f05a7000 	C:\WINDOWS\System32\msvcrt.dll
0x00007ff9f14e0000 - 0x00007ff9f1588000 	C:\WINDOWS\System32\sechost.dll
0x00007ff9efa50000 - 0x00007ff9efa78000 	C:\WINDOWS\System32\bcrypt.dll
0x00007ff9f0ec0000 - 0x00007ff9f0fd4000 	C:\WINDOWS\System32\RPCRT4.dll
0x00007ff9f15f0000 - 0x00007ff9f179f000 	C:\WINDOWS\System32\USER32.dll
0x00007ff9f0110000 - 0x00007ff9f0136000 	C:\WINDOWS\System32\win32u.dll
0x00007ff9f18c0000 - 0x00007ff9f18e9000 	C:\WINDOWS\System32\GDI32.dll
0x00007ff9efa80000 - 0x00007ff9efb98000 	C:\WINDOWS\System32\gdi32full.dll
0x00007ff9ef9b0000 - 0x00007ff9efa4a000 	C:\WINDOWS\System32\msvcp_win.dll
0x00007ff9d4da0000 - 0x00007ff9d5033000 	C:\WINDOWS\WinSxS\amd64_microsoft.windows.common-controls_6595b64144ccf1df_6.0.22621.3672_none_2713b9d173822955\COMCTL32.dll
0x00007ff9e6c70000 - 0x00007ff9e6c7a000 	C:\WINDOWS\SYSTEM32\VERSION.dll
0x00007ff9f2370000 - 0x00007ff9f23a1000 	C:\WINDOWS\System32\IMM32.DLL
0x00007ff9db520000 - 0x00007ff9db52c000 	C:\Program Files\Java\jdk-21\bin\vcruntime140_1.dll
0x00007ff9b4100000 - 0x00007ff9b418e000 	C:\Program Files\Java\jdk-21\bin\msvcp140.dll
0x00007ff95c4b0000 - 0x00007ff95d1c3000 	C:\Program Files\Java\jdk-21\bin\server\jvm.dll
0x00007ff9f06b0000 - 0x00007ff9f0721000 	C:\WINDOWS\System32\WS2_32.dll
0x00007ff9ef710000 - 0x00007ff9ef75d000 	C:\WINDOWS\SYSTEM32\POWRPROF.dll
0x00007ff9e4fd0000 - 0x00007ff9e5004000 	C:\WINDOWS\SYSTEM32\WINMM.dll
0x00007ff9ef6f0000 - 0x00007ff9ef703000 	C:\WINDOWS\SYSTEM32\UMPDC.dll
0x00007ff9ee850000 - 0x00007ff9ee868000 	C:\WINDOWS\SYSTEM32\kernel.appcore.dll
0x00007ff9c5730000 - 0x00007ff9c573a000 	C:\Program Files\Java\jdk-21\bin\jimage.dll
0x00007ff9e8580000 - 0x00007ff9e87b2000 	C:\WINDOWS\SYSTEM32\DBGHELP.DLL
0x00007ff9f1150000 - 0x00007ff9f14de000 	C:\WINDOWS\System32\combase.dll
0x00007ff9f23b0000 - 0x00007ff9f2487000 	C:\WINDOWS\System32\OLEAUT32.dll
0x00007ff9dec60000 - 0x00007ff9dec92000 	C:\WINDOWS\SYSTEM32\dbgcore.DLL
0x00007ff9efba0000 - 0x00007ff9efc1b000 	C:\WINDOWS\System32\bcryptPrimitives.dll
0x00007ff9bad80000 - 0x00007ff9bad8f000 	C:\Program Files\Java\jdk-21\bin\instrument.dll
0x00007ff9c12b0000 - 0x00007ff9c12cf000 	C:\Program Files\Java\jdk-21\bin\java.dll
0x00007ff9f19a0000 - 0x00007ff9f2209000 	C:\WINDOWS\System32\SHELL32.dll
0x00007ff9ed760000 - 0x00007ff9ee05f000 	C:\WINDOWS\SYSTEM32\windows.storage.dll
0x00007ff9ed620000 - 0x00007ff9ed75f000 	C:\WINDOWS\SYSTEM32\wintypes.dll
0x00007ff9f05b0000 - 0x00007ff9f06a9000 	C:\WINDOWS\System32\SHCORE.dll
0x00007ff9f0e50000 - 0x00007ff9f0eae000 	C:\WINDOWS\System32\shlwapi.dll
0x00007ff9ef770000 - 0x00007ff9ef797000 	C:\WINDOWS\SYSTEM32\profapi.dll
0x00007ff9ae780000 - 0x00007ff9ae857000 	C:\Program Files\Java\jdk-21\bin\jsvml.dll
0x00007ff9bad90000 - 0x00007ff9bada8000 	C:\Program Files\Java\jdk-21\bin\zip.dll
0x00007ff9c3310000 - 0x00007ff9c3320000 	C:\Program Files\Java\jdk-21\bin\net.dll
0x00007ff9ec1e0000 - 0x00007ff9ec316000 	C:\WINDOWS\SYSTEM32\WINHTTP.dll
0x00007ff9eecb0000 - 0x00007ff9eed19000 	C:\WINDOWS\system32\mswsock.dll
0x00007ff9bafb0000 - 0x00007ff9bafc6000 	C:\Program Files\Java\jdk-21\bin\nio.dll
0x00007ff9c3a10000 - 0x00007ff9c3a20000 	C:\Program Files\Java\jdk-21\bin\verify.dll
0x00007ff9db660000 - 0x00007ff9db687000 	C:\Users\KYTHOURS\.gradle\native\1def1411415f61bf3af743bc5b6707747c0891f09f0c88961ee8f79bc544acac\windows-amd64\native-platform.dll
0x00000000658b0000 - 0x0000000065923000 	C:\Users\KYTHOURS\.gradle\native\0.2.5\x86_64-windows-gnu\gradle-fileevents.dll
0x00007ff9c2e80000 - 0x00007ff9c2e8a000 	C:\Program Files\Java\jdk-21\bin\management.dll
0x00007ff9be7d0000 - 0x00007ff9be7db000 	C:\Program Files\Java\jdk-21\bin\management_ext.dll
0x00007ff9f0eb0000 - 0x00007ff9f0eb8000 	C:\WINDOWS\System32\PSAPI.DLL
0x00007ff9ef000000 - 0x00007ff9ef01b000 	C:\WINDOWS\SYSTEM32\CRYPTSP.dll
0x00007ff9ee7b0000 - 0x00007ff9ee7e5000 	C:\WINDOWS\system32\rsaenh.dll
0x00007ff9eed50000 - 0x00007ff9eed78000 	C:\WINDOWS\SYSTEM32\USERENV.dll
0x00007ff9eefe0000 - 0x00007ff9eefec000 	C:\WINDOWS\SYSTEM32\CRYPTBASE.dll
0x00007ff9ee2c0000 - 0x00007ff9ee2ed000 	C:\WINDOWS\SYSTEM32\IPHLPAPI.DLL
0x00007ff9f0fe0000 - 0x00007ff9f0fe9000 	C:\WINDOWS\System32\NSI.dll
0x00007ff9baf30000 - 0x00007ff9baf37000 	C:\Program Files\Java\jdk-21\bin\extnet.dll
0x00007ff9babd0000 - 0x00007ff9babde000 	C:\Program Files\Java\jdk-21\bin\sunmscapi.dll
0x00007ff9ef840000 - 0x00007ff9ef9a6000 	C:\WINDOWS\System32\CRYPT32.dll
0x00007ff9ef110000 - 0x00007ff9ef13d000 	C:\WINDOWS\SYSTEM32\ncrypt.dll
0x00007ff9ef0d0000 - 0x00007ff9ef107000 	C:\WINDOWS\SYSTEM32\NTASN1.dll
0x00007ff9c57d0000 - 0x00007ff9c57d8000 	C:\WINDOWS\system32\wshunix.dll
0x0000000065830000 - 0x00000000658a3000 	C:\Users\KYTHOURS\AppData\Local\Temp\native-platform8380616029231547733dir\gradle-fileevents.dll

dbghelp: loaded successfully - version: 4.0.5 - missing functions: none
symbol engine: initialized successfully - sym options: 0x614 - pdb path: .;C:\Program Files\Java\jdk-21\bin;C:\WINDOWS\SYSTEM32;C:\WINDOWS\WinSxS\amd64_microsoft.windows.common-controls_6595b64144ccf1df_6.0.22621.3672_none_2713b9d173822955;C:\Program Files\Java\jdk-21\bin\server;C:\Users\KYTHOURS\.gradle\native\1def1411415f61bf3af743bc5b6707747c0891f09f0c88961ee8f79bc544acac\windows-amd64;C:\Users\KYTHOURS\.gradle\native\0.2.5\x86_64-windows-gnu;C:\Users\KYTHOURS\AppData\Local\Temp\native-platform8380616029231547733dir

VM Arguments:
jvm_args: --add-opens=java.base/java.lang=ALL-UNNAMED --add-opens=java.base/java.lang.invoke=ALL-UNNAMED --add-opens=java.base/java.util=ALL-UNNAMED --add-opens=java.prefs/java.util.prefs=ALL-UNNAMED --add-exports=jdk.compiler/com.sun.tools.javac.api=ALL-UNNAMED --add-exports=jdk.compiler/com.sun.tools.javac.util=ALL-UNNAMED --add-opens=java.base/java.util=ALL-UNNAMED --add-opens=java.prefs/java.util.prefs=ALL-UNNAMED --add-opens=java.base/java.nio.charset=ALL-UNNAMED --add-opens=java.base/java.net=ALL-UNNAMED --add-opens=java.base/java.util.concurrent.atomic=ALL-UNNAMED --add-opens=java.xml/javax.xml.namespace=ALL-UNNAMED -Xmx2048m -Dfile.encoding=UTF-8 -Duser.country=BR -Duser.language=pt -Duser.variant -javaagent:C:\Users\KYTHOURS\.gradle\wrapper\dists\gradle-8.12-bin\cetblhg4pflnnks72fxwobvgv\gradle-8.12\lib\agents\gradle-instrumentation-agent-8.12.jar 
java_command: org.gradle.launcher.daemon.bootstrap.GradleDaemon 8.12
java_class_path (initial): C:\Users\KYTHOURS\.gradle\wrapper\dists\gradle-8.12-bin\cetblhg4pflnnks72fxwobvgv\gradle-8.12\lib\gradle-daemon-main-8.12.jar
Launcher Type: SUN_STANDARD

[Global flags]
     intx CICompilerCount                          = 3                                         {product} {ergonomic}
     uint ConcGCThreads                            = 1                                         {product} {ergonomic}
     uint G1ConcRefinementThreads                  = 4                                         {product} {ergonomic}
   size_t G1HeapRegionSize                         = 1048576                                   {product} {ergonomic}
    uintx GCDrainStackTargetSize                   = 64                                        {product} {ergonomic}
   size_t InitialHeapSize                          = 100663296                                 {product} {ergonomic}
   size_t MarkStackSize                            = 4194304                                   {product} {ergonomic}
   size_t MaxHeapSize                              = 2147483648                                {product} {command line}
   size_t MaxNewSize                               = 1287651328                                {product} {ergonomic}
   size_t MinHeapDeltaBytes                        = 1048576                                   {product} {ergonomic}
   size_t MinHeapSize                              = 8388608                                   {product} {ergonomic}
    uintx NonNMethodCodeHeapSize                   = 5832780                                {pd product} {ergonomic}
    uintx NonProfiledCodeHeapSize                  = 122912730                              {pd product} {ergonomic}
    uintx ProfiledCodeHeapSize                     = 122912730                              {pd product} {ergonomic}
    uintx ReservedCodeCacheSize                    = 251658240                              {pd product} {ergonomic}
     bool SegmentedCodeCache                       = true                                      {product} {ergonomic}
   size_t SoftMaxHeapSize                          = 2147483648                             {manageable} {ergonomic}
     bool UseCompressedOops                        = true                           {product lp64_product} {ergonomic}
     bool UseG1GC                                  = true                                      {product} {ergonomic}
     bool UseLargePagesIndividualAllocation        = false                                  {pd product} {ergonomic}

Logging:
Log output configuration:
 #0: stdout all=warning uptime,level,tags foldmultilines=false
 #1: stderr all=off uptime,level,tags foldmultilines=false

Environment Variables:
PATH=C:\Program Files\Common Files\Oracle\Java\javapath;C:\Program Files (x86)\Common Files\Oracle\Java\javapath;C:\WINDOWS\system32;C:\WINDOWS;C:\WINDOWS\System32\Wbem;C:\WINDOWS\System32\WindowsPowerShell\v1.0\;C:\WINDOWS\System32\OpenSSH\;C:\Program Files\dotnet\;C:\Program Files\eSpeak NG\;C:\Program Files\Git\cmd;d:\cursor\resources\app\bin;D:\node\;C:\Users\KYTHOURS\scoop\shims;C:\Users\KYTHOURS\.local\bin;C:\Users\KYTHOURS\AppData\Local\Programs\Python\Python312\Scripts\;C:\Users\KYTHOURS\AppData\Local\Programs\Python\Python312\;C:\Users\KYTHOURS\AppData\Local\Microsoft\WindowsApps;C:\Program Files\JetBrains\PyCharm 2024.1\bin;C:\Users\KYTHOURS\AppData\Local\Programs\Fiddler;D:\cursor\resources\app\bin;C:\Users\KYTHOURS\AppData\Local\Programs\Windsurf\bin;C:\Users\KYTHOURS\AppData\Local\Programs\Microsoft VS Code\bin;C:\Users\KYTHOURS\AppData\Local\Programs\Kiro\bin;D:\npm-global;C:\Users\KYTHOURS\AppData\Local\Programs\Antigravity\bin;C:\Users\KYTHOURS\.bun\bin;C:\Users\KYTHOURS\AppData\Roaming\npm
USERNAME=KYTHOURS
OS=Windows_NT
PROCESSOR_IDENTIFIER=AMD64 Family 23 Model 24 Stepping 1, AuthenticAMD
TMP=C:\Users\KYTHOURS\AppData\Local\Temp
TEMP=C:\Users\KYTHOURS\AppData\Local\Temp




---------------  S Y S T E M  ---------------

OS:
 Windows 11 , 64 bit Build 22621 (10.0.22621.3958)
OS uptime: 0 days 2:08 hours
Hyper-V role detected

CPU: total 4 (initial active 4) (4 cores per cpu, 2 threads per core) family 23 model 24 stepping 1 microcode 0x0, cx8, cmov, fxsr, ht, mmx, 3dnowpref, sse, sse2, sse3, ssse3, sse4a, sse4.1, sse4.2, popcnt, lzcnt, tsc, tscinvbit, avx, avx2, aes, clmul, bmi1, bmi2, adx, sha, fma, vzeroupper, clflush, clflushopt, hv, rdtscp, f16c
Processor Information for all 4 processors :
  Max Mhz: 3500, Current Mhz: 3500, Mhz Limit: 3500

Memory: 4k page, system-wide physical 6095M (227M free)
TotalPageFile size 20176M (AvailPageFile size 5M)
current process WorkingSet (physical memory assigned to process): 427M, peak: 430M
current process commit charge ("private bytes"): 484M, peak: 491M

vm_info: Java HotSpot(TM) 64-Bit Server VM (21+35-LTS-2513) for windows-amd64 JRE (21+35-LTS-2513), built on 2023-08-09T20:25:10Z by "mach5one" with MS VC++ 17.1 (VS2022)

END.
